-------------------------------------------
|   Optimized geometry for dihedral 180.00  |
-------------------------------------------
[[-3.3665238823150165, -2.5303721013306766, -1.7477011282183958], [-5.309478631397212, -0.598095234230694, 0.2018880465892659], [-3.2053000620841234, -2.8204251418839075, 1.595795628407481], [-3.4171544270192924, -1.4518844497712553, 0.036512708144174524], [-1.4766039250292764, 1.6441302766308528, 1.8865624294172623], [-1.6356738874229488, 1.9311872825736263, -1.4320166303804878], [-1.333985639878463, 0.552392583807025, 0.10977709098542118], [1.4779792917384345, -1.6395496893298673, -1.8928716523565958], [1.6336460422972692, -1.9346183388490834, 1.425155663145934], [1.3338015232565092, -0.5520510725274296, -0.11360972420069655], [3.2083226133693565, 2.8230432387957705, -1.590026412201579], [5.309735930031261, 0.5976564128517832, -0.19675895658211448], [3.3640607061466152, 2.526768064712315, 1.7531780740269913], [3.417324753627234, 1.4515660538036537, -0.03294925339219127]]
 1.0 H    H              1.0000    -3.366524    -2.530372    -1.747701       1.007825
 1.0 H    H              1.0000    -5.309479    -0.598095     0.201888       1.007825
 1.0 H    H              1.0000    -3.205300    -2.820425     1.595796       1.007825
 6.0 C    C              6.0000    -3.417154    -1.451884     0.036513      12.000000
 1.0 H    H              1.0000    -1.476604     1.644130     1.886562       1.007825
 1.0 H    H              1.0000    -1.635674     1.931187    -1.432017       1.007825
 6.0 C    C              6.0000    -1.333986     0.552393     0.109777      12.000000
 1.0 H    H              1.0000     1.477979    -1.639550    -1.892872       1.007825
 1.0 H    H              1.0000     1.633646    -1.934618     1.425156       1.007825
 6.0 C    C              6.0000     1.333802    -0.552051    -0.113610      12.000000
 1.0 H    H              1.0000     3.208323     2.823043    -1.590026       1.007825
 1.0 H    H              1.0000     5.309736     0.597656    -0.196759       1.007825
 1.0 H    H              1.0000     3.364061     2.526768     1.753178       1.007825
 6.0 C    C              6.0000     3.417325     1.451566    -0.032949      12.000000
-------------------------------------------
|   Optimized geometry for dihedral 170.00  |
-------------------------------------------
[[-3.3665238823150156, -2.5303721013306766, -1.7477011282183958], [-5.30947863139721, -0.598095234230694, 0.20188804658926585], [-3.2053000620841225, -2.8204251418839075, 1.595795628407481], [-3.4171544270192915, -1.4518844497712553, 0.03651270814417451], [-1.476603925029275, 1.6441302766308528, 1.8865624294172623], [-1.6356738874229475, 1.9311872825736263, -1.4320166303804878], [-1.333985639878461, 0.552392583807025, 0.10977709098542116], [1.4779792917384358, -1.6395496893298673, -1.8928716523565958], [1.6336460422972705, -1.9346183388490834, 1.425155663145934], [1.3338015232565092, -0.5520510725274296, -0.11360972420069657], [3.2083226133693565, 2.8230432387957705, -1.590026412201579], [5.3097359300312625, 0.5976564128517832, -0.19675895658211448], [3.364060706146616, 2.526768064712315, 1.7531780740269913], [3.417324753627233, 1.4515660538036537, -0.03294925339219127]]
 1.0 H    H              1.0000    -3.366524    -2.530372    -1.747701       1.007825
 1.0 H    H              1.0000    -5.309479    -0.598095     0.201888       1.007825
 1.0 H    H              1.0000    -3.205300    -2.820425     1.595796       1.007825
 6.0 C    C              6.0000    -3.417154    -1.451884     0.036513      12.000000
 1.0 H    H              1.0000    -1.476604     1.644130     1.886562       1.007825
 1.0 H    H              1.0000    -1.635674     1.931187    -1.432017       1.007825
 6.0 C    C              6.0000    -1.333986     0.552393     0.109777      12.000000
 1.0 H    H              1.0000     1.477979    -1.639550    -1.892872       1.007825
 1.0 H    H              1.0000     1.633646    -1.934618     1.425156       1.007825
 6.0 C    C              6.0000     1.333802    -0.552051    -0.113610      12.000000
 1.0 H    H              1.0000     3.208323     2.823043    -1.590026       1.007825
 1.0 H    H              1.0000     5.309736     0.597656    -0.196759       1.007825
 1.0 H    H              1.0000     3.364061     2.526768     1.753178       1.007825
 6.0 C    C              6.0000     3.417325     1.451566    -0.032949      12.000000
-------------------------------------------
|   Optimized geometry for dihedral 160.00  |
-------------------------------------------
[[-3.3665238823150156, -2.5303721013306766, -1.7477011282183958], [-5.30947863139721, -0.598095234230694, 0.20188804658926585], [-3.2053000620841225, -2.8204251418839075, 1.595795628407481], [-3.4171544270192915, -1.4518844497712553, 0.0365127081441745], [-1.4766039250292737, 1.6441302766308528, 1.8865624294172623], [-1.635673887422947, 1.9311872825736263, -1.4320166303804878], [-1.3339856398784606, 0.552392583807025, 0.10977709098542113], [1.4779792917384362, -1.6395496893298673, -1.8928716523565958], [1.633646042297271, -1.9346183388490834, 1.425155663145934], [1.3338015232565092, -0.5520510725274296, -0.11360972420069657], [3.2083226133693565, 2.8230432387957705, -1.590026412201579], [5.3097359300312625, 0.5976564128517832, -0.19675895658211448], [3.364060706146616, 2.526768064712315, 1.7531780740269913], [3.417324753627233, 1.4515660538036537, -0.03294925339219127]]
 1.0 H    H              1.0000    -3.366524    -2.530372    -1.747701       1.007825
 1.0 H    H              1.0000    -5.309479    -0.598095     0.201888       1.007825
 1.0 H    H              1.0000    -3.205300    -2.820425     1.595796       1.007825
 6.0 C    C              6.0000    -3.417154    -1.451884     0.036513      12.000000
 1.0 H    H              1.0000    -1.476604     1.644130     1.886562       1.007825
 1.0 H    H              1.0000    -1.635674     1.931187    -1.432017       1.007825
 6.0 C    C              6.0000    -1.333986     0.552393     0.109777      12.000000
 1.0 H    H              1.0000     1.477979    -1.639550    -1.892872       1.007825
 1.0 H    H              1.0000     1.633646    -1.934618     1.425156       1.007825
 6.0 C    C              6.0000     1.333802    -0.552051    -0.113610      12.000000
 1.0 H    H              1.0000     3.208323     2.823043    -1.590026       1.007825
 1.0 H    H              1.0000     5.309736     0.597656    -0.196759       1.007825
 1.0 H    H              1.0000     3.364061     2.526768     1.753178       1.007825
 6.0 C    C              6.0000     3.417325     1.451566    -0.032949      12.000000
-------------------------------------------
|   Optimized geometry for dihedral 150.00  |
-------------------------------------------
[[-3.3665238823150156, -2.5303721013306766, -1.7477011282183958], [-5.30947863139721, -0.598095234230694, 0.20188804658926585], [-3.2053000620841225, -2.8204251418839075, 1.595795628407481], [-3.4171544270192915, -1.4518844497712553, 0.03651270814417449], [-1.4766039250292735, 1.6441302766308528, 1.8865624294172623], [-1.635673887422947, 1.9311872825736263, -1.4320166303804878], [-1.3339856398784606, 0.552392583807025, 0.10977709098542111], [1.4779792917384362, -1.6395496893298673, -1.8928716523565958], [1.633646042297271, -1.9346183388490834, 1.425155663145934], [1.3338015232565092, -0.5520510725274296, -0.11360972420069657], [3.2083226133693565, 2.8230432387957705, -1.590026412201579], [5.3097359300312625, 0.5976564128517832, -0.19675895658211448], [3.364060706146616, 2.526768064712315, 1.7531780740269913], [3.417324753627233, 1.4515660538036537, -0.03294925339219127]]
 1.0 H    H              1.0000    -3.366524    -2.530372    -1.747701       1.007825
 1.0 H    H              1.0000    -5.309479    -0.598095     0.201888       1.007825
 1.0 H    H              1.0000    -3.205300    -2.820425     1.595796       1.007825
 6.0 C    C              6.0000    -3.417154    -1.451884     0.036513      12.000000
 1.0 H    H              1.0000    -1.476604     1.644130     1.886562       1.007825
 1.0 H    H              1.0000    -1.635674     1.931187    -1.432017       1.007825
 6.0 C    C              6.0000    -1.333986     0.552393     0.109777      12.000000
 1.0 H    H              1.0000     1.477979    -1.639550    -1.892872       1.007825
 1.0 H    H              1.0000     1.633646    -1.934618     1.425156       1.007825
 6.0 C    C              6.0000     1.333802    -0.552051    -0.113610      12.000000
 1.0 H    H              1.0000     3.208323     2.823043    -1.590026       1.007825
 1.0 H    H              1.0000     5.309736     0.597656    -0.196759       1.007825
 1.0 H    H              1.0000     3.364061     2.526768     1.753178       1.007825
 6.0 C    C              6.0000     3.417325     1.451566    -0.032949      12.000000
-------------------------------------------
|   Optimized geometry for dihedral 140.00  |
-------------------------------------------
[[-3.3665238823150156, -2.5303721013306766, -1.7477011282183958], [-5.30947863139721, -0.598095234230694, 0.20188804658926585], [-3.2053000620841225, -2.8204251418839075, 1.595795628407481], [-3.4171544270192915, -1.4518844497712553, 0.03651270814417449], [-1.4766039250292735, 1.6441302766308528, 1.8865624294172623], [-1.635673887422947, 1.9311872825736263, -1.4320166303804878], [-1.3339856398784606, 0.552392583807025, 0.10977709098542111], [1.4779792917384362, -1.6395496893298673, -1.8928716523565958], [1.633646042297271, -1.9346183388490834, 1.425155663145934], [1.3338015232565092, -0.5520510725274296, -0.11360972420069657], [3.2083226133693565, 2.8230432387957705, -1.590026412201579], [5.3097359300312625, 0.5976564128517832, -0.19675895658211448], [3.364060706146616, 2.526768064712315, 1.7531780740269913], [3.417324753627233, 1.4515660538036537, -0.03294925339219127]]
 1.0 H    H              1.0000    -3.366524    -2.530372    -1.747701       1.007825
 1.0 H    H              1.0000    -5.309479    -0.598095     0.201888       1.007825
 1.0 H    H              1.0000    -3.205300    -2.820425     1.595796       1.007825
 6.0 C    C              6.0000    -3.417154    -1.451884     0.036513      12.000000
 1.0 H    H              1.0000    -1.476604     1.644130     1.886562       1.007825
 1.0 H    H              1.0000    -1.635674     1.931187    -1.432017       1.007825
 6.0 C    C              6.0000    -1.333986     0.552393     0.109777      12.000000
 1.0 H    H              1.0000     1.477979    -1.639550    -1.892872       1.007825
 1.0 H    H              1.0000     1.633646    -1.934618     1.425156       1.007825
 6.0 C    C              6.0000     1.333802    -0.552051    -0.113610      12.000000
 1.0 H    H              1.0000     3.208323     2.823043    -1.590026       1.007825
 1.0 H    H              1.0000     5.309736     0.597656    -0.196759       1.007825
 1.0 H    H              1.0000     3.364061     2.526768     1.753178       1.007825
 6.0 C    C              6.0000     3.417325     1.451566    -0.032949      12.000000
-------------------------------------------
|   Optimized geometry for dihedral 130.00  |
-------------------------------------------
[[-3.3665238823150156, -2.5303721013306766, -1.7477011282183958], [-5.30947863139721, -0.598095234230694, 0.20188804658926585], [-3.2053000620841225, -2.8204251418839075, 1.595795628407481], [-3.4171544270192915, -1.4518844497712553, 0.03651270814417449], [-1.4766039250292735, 1.6441302766308528, 1.8865624294172623], [-1.635673887422947, 1.9311872825736263, -1.4320166303804878], [-1.3339856398784606, 0.552392583807025, 0.10977709098542111], [1.4779792917384362, -1.6395496893298673, -1.8928716523565958], [1.633646042297271, -1.9346183388490834, 1.425155663145934], [1.3338015232565092, -0.5520510725274296, -0.11360972420069657], [3.2083226133693565, 2.8230432387957705, -1.590026412201579], [5.3097359300312625, 0.5976564128517832, -0.19675895658211448], [3.364060706146616, 2.526768064712315, 1.7531780740269913], [3.417324753627233, 1.4515660538036537, -0.03294925339219127]]
 1.0 H    H              1.0000    -3.366524    -2.530372    -1.747701       1.007825
 1.0 H    H              1.0000    -5.309479    -0.598095     0.201888       1.007825
 1.0 H    H              1.0000    -3.205300    -2.820425     1.595796       1.007825
 6.0 C    C              6.0000    -3.417154    -1.451884     0.036513      12.000000
 1.0 H    H              1.0000    -1.476604     1.644130     1.886562       1.007825
 1.0 H    H              1.0000    -1.635674     1.931187    -1.432017       1.007825
 6.0 C    C              6.0000    -1.333986     0.552393     0.109777      12.000000
 1.0 H    H              1.0000     1.477979    -1.639550    -1.892872       1.007825
 1.0 H    H              1.0000     1.633646    -1.934618     1.425156       1.007825
 6.0 C    C              6.0000     1.333802    -0.552051    -0.113610      12.000000
 1.0 H    H              1.0000     3.208323     2.823043    -1.590026       1.007825
 1.0 H    H              1.0000     5.309736     0.597656    -0.196759       1.007825
 1.0 H    H              1.0000     3.364061     2.526768     1.753178       1.007825
 6.0 C    C              6.0000     3.417325     1.451566    -0.032949      12.000000
-------------------------------------------
|   Optimized geometry for dihedral 119.99  |
-------------------------------------------
[[-3.3665238823150156, -2.5303721013306766, -1.7477011282183958], [-5.30947863139721, -0.598095234230694, 0.20188804658926585], [-3.2053000620841225, -2.8204251418839075, 1.595795628407481], [-3.4171544270192915, -1.4518844497712553, 0.03651270814417449], [-1.4766039250292735, 1.6441302766308528, 1.8865624294172623], [-1.635673887422947, 1.9311872825736263, -1.4320166303804878], [-1.3339856398784606, 0.552392583807025, 0.10977709098542111], [1.4779792917384362, -1.6395496893298673, -1.8928716523565958], [1.633646042297271, -1.9346183388490834, 1.425155663145934], [1.3338015232565092, -0.5520510725274296, -0.11360972420069657], [3.2083226133693565, 2.8230432387957705, -1.590026412201579], [5.3097359300312625, 0.5976564128517832, -0.19675895658211448], [3.364060706146616, 2.526768064712315, 1.7531780740269913], [3.417324753627233, 1.4515660538036537, -0.03294925339219127]]
 1.0 H    H              1.0000    -3.366524    -2.530372    -1.747701       1.007825
 1.0 H    H              1.0000    -5.309479    -0.598095     0.201888       1.007825
 1.0 H    H              1.0000    -3.205300    -2.820425     1.595796       1.007825
 6.0 C    C              6.0000    -3.417154    -1.451884     0.036513      12.000000
 1.0 H    H              1.0000    -1.476604     1.644130     1.886562       1.007825
 1.0 H    H              1.0000    -1.635674     1.931187    -1.432017       1.007825
 6.0 C    C              6.0000    -1.333986     0.552393     0.109777      12.000000
 1.0 H    H              1.0000     1.477979    -1.639550    -1.892872       1.007825
 1.0 H    H              1.0000     1.633646    -1.934618     1.425156       1.007825
 6.0 C    C              6.0000     1.333802    -0.552051    -0.113610      12.000000
 1.0 H    H              1.0000     3.208323     2.823043    -1.590026       1.007825
 1.0 H    H              1.0000     5.309736     0.597656    -0.196759       1.007825
 1.0 H    H              1.0000     3.364061     2.526768     1.753178       1.007825
 6.0 C    C              6.0000     3.417325     1.451566    -0.032949      12.000000
-------------------------------------------
|   Optimized geometry for dihedral 109.99  |
-------------------------------------------
[[-3.3665238823150156, -2.5303721013306766, -1.7477011282183958], [-5.30947863139721, -0.598095234230694, 0.20188804658926585], [-3.2053000620841225, -2.8204251418839075, 1.595795628407481], [-3.4171544270192915, -1.4518844497712553, 0.03651270814417449], [-1.4766039250292735, 1.6441302766308528, 1.8865624294172623], [-1.635673887422947, 1.9311872825736263, -1.4320166303804878], [-1.3339856398784606, 0.552392583807025, 0.10977709098542111], [1.4779792917384362, -1.6395496893298673, -1.8928716523565958], [1.633646042297271, -1.9346183388490834, 1.425155663145934], [1.3338015232565092, -0.5520510725274296, -0.11360972420069657], [3.2083226133693565, 2.8230432387957705, -1.590026412201579], [5.3097359300312625, 0.5976564128517832, -0.19675895658211448], [3.364060706146616, 2.526768064712315, 1.7531780740269913], [3.417324753627233, 1.4515660538036537, -0.03294925339219127]]
 1.0 H    H              1.0000    -3.366524    -2.530372    -1.747701       1.007825
 1.0 H    H              1.0000    -5.309479    -0.598095     0.201888       1.007825
 1.0 H    H              1.0000    -3.205300    -2.820425     1.595796       1.007825
 6.0 C    C              6.0000    -3.417154    -1.451884     0.036513      12.000000
 1.0 H    H              1.0000    -1.476604     1.644130     1.886562       1.007825
 1.0 H    H              1.0000    -1.635674     1.931187    -1.432017       1.007825
 6.0 C    C              6.0000    -1.333986     0.552393     0.109777      12.000000
 1.0 H    H              1.0000     1.477979    -1.639550    -1.892872       1.007825
 1.0 H    H              1.0000     1.633646    -1.934618     1.425156       1.007825
 6.0 C    C              6.0000     1.333802    -0.552051    -0.113610      12.000000
 1.0 H    H              1.0000     3.208323     2.823043    -1.590026       1.007825
 1.0 H    H              1.0000     5.309736     0.597656    -0.196759       1.007825
 1.0 H    H              1.0000     3.364061     2.526768     1.753178       1.007825
 6.0 C    C              6.0000     3.417325     1.451566    -0.032949      12.000000
-------------------------------------------
|   Optimized geometry for dihedral 99.99  |
-------------------------------------------
[[-3.3665238823150156, -2.5303721013306766, -1.7477011282183958], [-5.30947863139721, -0.598095234230694, 0.20188804658926585], [-3.2053000620841225, -2.8204251418839075, 1.595795628407481], [-3.4171544270192915, -1.4518844497712553, 0.03651270814417449], [-1.4766039250292735, 1.6441302766308528, 1.8865624294172623], [-1.635673887422947, 1.9311872825736263, -1.4320166303804878], [-1.3339856398784606, 0.552392583807025, 0.10977709098542111], [1.4779792917384362, -1.6395496893298673, -1.8928716523565958], [1.633646042297271, -1.9346183388490834, 1.425155663145934], [1.3338015232565092, -0.5520510725274296, -0.11360972420069657], [3.2083226133693565, 2.8230432387957705, -1.590026412201579], [5.3097359300312625, 0.5976564128517832, -0.19675895658211448], [3.364060706146616, 2.526768064712315, 1.7531780740269913], [3.417324753627233, 1.4515660538036537, -0.03294925339219127]]
 1.0 H    H              1.0000    -3.366524    -2.530372    -1.747701       1.007825
 1.0 H    H              1.0000    -5.309479    -0.598095     0.201888       1.007825
 1.0 H    H              1.0000    -3.205300    -2.820425     1.595796       1.007825
 6.0 C    C              6.0000    -3.417154    -1.451884     0.036513      12.000000
 1.0 H    H              1.0000    -1.476604     1.644130     1.886562       1.007825
 1.0 H    H              1.0000    -1.635674     1.931187    -1.432017       1.007825
 6.0 C    C              6.0000    -1.333986     0.552393     0.109777      12.000000
 1.0 H    H              1.0000     1.477979    -1.639550    -1.892872       1.007825
 1.0 H    H              1.0000     1.633646    -1.934618     1.425156       1.007825
 6.0 C    C              6.0000     1.333802    -0.552051    -0.113610      12.000000
 1.0 H    H              1.0000     3.208323     2.823043    -1.590026       1.007825
 1.0 H    H              1.0000     5.309736     0.597656    -0.196759       1.007825
 1.0 H    H              1.0000     3.364061     2.526768     1.753178       1.007825
 6.0 C    C              6.0000     3.417325     1.451566    -0.032949      12.000000
-------------------------------------------
|   Optimized geometry for dihedral 89.99  |
-------------------------------------------
[[-3.3665238823150156, -2.5303721013306766, -1.7477011282183958], [-5.30947863139721, -0.598095234230694, 0.20188804658926585], [-3.2053000620841225, -2.8204251418839075, 1.595795628407481], [-3.4171544270192915, -1.4518844497712553, 0.03651270814417449], [-1.4766039250292735, 1.6441302766308528, 1.8865624294172623], [-1.635673887422947, 1.9311872825736263, -1.4320166303804878], [-1.3339856398784606, 0.552392583807025, 0.10977709098542111], [1.4779792917384362, -1.6395496893298673, -1.8928716523565958], [1.633646042297271, -1.9346183388490834, 1.425155663145934], [1.3338015232565092, -0.5520510725274296, -0.11360972420069657], [3.2083226133693565, 2.8230432387957705, -1.590026412201579], [5.3097359300312625, 0.5976564128517832, -0.19675895658211448], [3.364060706146616, 2.526768064712315, 1.7531780740269913], [3.417324753627233, 1.4515660538036537, -0.03294925339219127]]
 1.0 H    H              1.0000    -3.366524    -2.530372    -1.747701       1.007825
 1.0 H    H              1.0000    -5.309479    -0.598095     0.201888       1.007825
 1.0 H    H              1.0000    -3.205300    -2.820425     1.595796       1.007825
 6.0 C    C              6.0000    -3.417154    -1.451884     0.036513      12.000000
 1.0 H    H              1.0000    -1.476604     1.644130     1.886562       1.007825
 1.0 H    H              1.0000    -1.635674     1.931187    -1.432017       1.007825
 6.0 C    C              6.0000    -1.333986     0.552393     0.109777      12.000000
 1.0 H    H              1.0000     1.477979    -1.639550    -1.892872       1.007825
 1.0 H    H              1.0000     1.633646    -1.934618     1.425156       1.007825
 6.0 C    C              6.0000     1.333802    -0.552051    -0.113610      12.000000
 1.0 H    H              1.0000     3.208323     2.823043    -1.590026       1.007825
 1.0 H    H              1.0000     5.309736     0.597656    -0.196759       1.007825
 1.0 H    H              1.0000     3.364061     2.526768     1.753178       1.007825
 6.0 C    C              6.0000     3.417325     1.451566    -0.032949      12.000000
-------------------------------------------
|   Optimized geometry for dihedral 79.99  |
-------------------------------------------
[[-3.3665238823150156, -2.5303721013306766, -1.7477011282183958], [-5.30947863139721, -0.598095234230694, 0.20188804658926585], [-3.2053000620841225, -2.8204251418839075, 1.595795628407481], [-3.4171544270192915, -1.4518844497712553, 0.03651270814417449], [-1.4766039250292735, 1.6441302766308528, 1.8865624294172623], [-1.635673887422947, 1.9311872825736263, -1.4320166303804878], [-1.3339856398784606, 0.552392583807025, 0.10977709098542111], [1.4779792917384362, -1.6395496893298673, -1.8928716523565958], [1.633646042297271, -1.9346183388490834, 1.425155663145934], [1.3338015232565092, -0.5520510725274296, -0.11360972420069657], [3.2083226133693565, 2.8230432387957705, -1.590026412201579], [5.3097359300312625, 0.5976564128517832, -0.19675895658211448], [3.364060706146616, 2.526768064712315, 1.7531780740269913], [3.417324753627233, 1.4515660538036537, -0.03294925339219127]]
 1.0 H    H              1.0000    -3.366524    -2.530372    -1.747701       1.007825
 1.0 H    H              1.0000    -5.309479    -0.598095     0.201888       1.007825
 1.0 H    H              1.0000    -3.205300    -2.820425     1.595796       1.007825
 6.0 C    C              6.0000    -3.417154    -1.451884     0.036513      12.000000
 1.0 H    H              1.0000    -1.476604     1.644130     1.886562       1.007825
 1.0 H    H              1.0000    -1.635674     1.931187    -1.432017       1.007825
 6.0 C    C              6.0000    -1.333986     0.552393     0.109777      12.000000
 1.0 H    H              1.0000     1.477979    -1.639550    -1.892872       1.007825
 1.0 H    H              1.0000     1.633646    -1.934618     1.425156       1.007825
 6.0 C    C              6.0000     1.333802    -0.552051    -0.113610      12.000000
 1.0 H    H              1.0000     3.208323     2.823043    -1.590026       1.007825
 1.0 H    H              1.0000     5.309736     0.597656    -0.196759       1.007825
 1.0 H    H              1.0000     3.364061     2.526768     1.753178       1.007825
 6.0 C    C              6.0000     3.417325     1.451566    -0.032949      12.000000
-------------------------------------------
|   Optimized geometry for dihedral 69.99  |
-------------------------------------------
[[-3.3665238823150156, -2.5303721013306766, -1.7477011282183958], [-5.30947863139721, -0.598095234230694, 0.20188804658926585], [-3.2053000620841225, -2.8204251418839075, 1.595795628407481], [-3.4171544270192915, -1.4518844497712553, 0.03651270814417449], [-1.4766039250292735, 1.6441302766308528, 1.8865624294172623], [-1.635673887422947, 1.9311872825736263, -1.4320166303804878], [-1.3339856398784606, 0.552392583807025, 0.10977709098542111], [1.4779792917384362, -1.6395496893298673, -1.8928716523565958], [1.633646042297271, -1.9346183388490834, 1.425155663145934], [1.3338015232565092, -0.5520510725274296, -0.11360972420069657], [3.2083226133693565, 2.8230432387957705, -1.590026412201579], [5.3097359300312625, 0.5976564128517832, -0.19675895658211448], [3.364060706146616, 2.526768064712315, 1.7531780740269913], [3.417324753627233, 1.4515660538036537, -0.03294925339219127]]
 1.0 H    H              1.0000    -3.366524    -2.530372    -1.747701       1.007825
 1.0 H    H              1.0000    -5.309479    -0.598095     0.201888       1.007825
 1.0 H    H              1.0000    -3.205300    -2.820425     1.595796       1.007825
 6.0 C    C              6.0000    -3.417154    -1.451884     0.036513      12.000000
 1.0 H    H              1.0000    -1.476604     1.644130     1.886562       1.007825
 1.0 H    H              1.0000    -1.635674     1.931187    -1.432017       1.007825
 6.0 C    C              6.0000    -1.333986     0.552393     0.109777      12.000000
 1.0 H    H              1.0000     1.477979    -1.639550    -1.892872       1.007825
 1.0 H    H              1.0000     1.633646    -1.934618     1.425156       1.007825
 6.0 C    C              6.0000     1.333802    -0.552051    -0.113610      12.000000
 1.0 H    H              1.0000     3.208323     2.823043    -1.590026       1.007825
 1.0 H    H              1.0000     5.309736     0.597656    -0.196759       1.007825
 1.0 H    H              1.0000     3.364061     2.526768     1.753178       1.007825
 6.0 C    C              6.0000     3.417325     1.451566    -0.032949      12.000000
-------------------------------------------
|   Optimized geometry for dihedral 59.99  |
-------------------------------------------
[[-3.3665238823150156, -2.5303721013306766, -1.7477011282183958], [-5.30947863139721, -0.598095234230694, 0.20188804658926585], [-3.2053000620841225, -2.8204251418839075, 1.595795628407481], [-3.4171544270192915, -1.4518844497712553, 0.03651270814417449], [-1.4766039250292735, 1.6441302766308528, 1.8865624294172623], [-1.635673887422947, 1.9311872825736263, -1.4320166303804878], [-1.3339856398784606, 0.552392583807025, 0.10977709098542111], [1.4779792917384362, -1.6395496893298673, -1.8928716523565958], [1.633646042297271, -1.9346183388490834, 1.425155663145934], [1.3338015232565092, -0.5520510725274296, -0.11360972420069657], [3.2083226133693565, 2.8230432387957705, -1.590026412201579], [5.3097359300312625, 0.5976564128517832, -0.19675895658211448], [3.364060706146616, 2.526768064712315, 1.7531780740269913], [3.417324753627233, 1.4515660538036537, -0.03294925339219127]]
 1.0 H    H              1.0000    -3.366524    -2.530372    -1.747701       1.007825
 1.0 H    H              1.0000    -5.309479    -0.598095     0.201888       1.007825
 1.0 H    H              1.0000    -3.205300    -2.820425     1.595796       1.007825
 6.0 C    C              6.0000    -3.417154    -1.451884     0.036513      12.000000
 1.0 H    H              1.0000    -1.476604     1.644130     1.886562       1.007825
 1.0 H    H              1.0000    -1.635674     1.931187    -1.432017       1.007825
 6.0 C    C              6.0000    -1.333986     0.552393     0.109777      12.000000
 1.0 H    H              1.0000     1.477979    -1.639550    -1.892872       1.007825
 1.0 H    H              1.0000     1.633646    -1.934618     1.425156       1.007825
 6.0 C    C              6.0000     1.333802    -0.552051    -0.113610      12.000000
 1.0 H    H              1.0000     3.208323     2.823043    -1.590026       1.007825
 1.0 H    H              1.0000     5.309736     0.597656    -0.196759       1.007825
 1.0 H    H              1.0000     3.364061     2.526768     1.753178       1.007825
 6.0 C    C              6.0000     3.417325     1.451566    -0.032949      12.000000
-------------------------------------------
|   Optimized geometry for dihedral 49.99  |
-------------------------------------------
[[-3.3665238823150156, -2.5303721013306766, -1.7477011282183958], [-5.30947863139721, -0.598095234230694, 0.20188804658926585], [-3.2053000620841225, -2.8204251418839075, 1.595795628407481], [-3.4171544270192915, -1.4518844497712553, 0.03651270814417449], [-1.4766039250292735, 1.6441302766308528, 1.8865624294172623], [-1.635673887422947, 1.9311872825736263, -1.4320166303804878], [-1.3339856398784606, 0.552392583807025, 0.10977709098542111], [1.4779792917384362, -1.6395496893298673, -1.8928716523565958], [1.633646042297271, -1.9346183388490834, 1.425155663145934], [1.3338015232565092, -0.5520510725274296, -0.11360972420069657], [3.2083226133693565, 2.8230432387957705, -1.590026412201579], [5.3097359300312625, 0.5976564128517832, -0.19675895658211448], [3.364060706146616, 2.526768064712315, 1.7531780740269913], [3.417324753627233, 1.4515660538036537, -0.03294925339219127]]
 1.0 H    H              1.0000    -3.366524    -2.530372    -1.747701       1.007825
 1.0 H    H              1.0000    -5.309479    -0.598095     0.201888       1.007825
 1.0 H    H              1.0000    -3.205300    -2.820425     1.595796       1.007825
 6.0 C    C              6.0000    -3.417154    -1.451884     0.036513      12.000000
 1.0 H    H              1.0000    -1.476604     1.644130     1.886562       1.007825
 1.0 H    H              1.0000    -1.635674     1.931187    -1.432017       1.007825
 6.0 C    C              6.0000    -1.333986     0.552393     0.109777      12.000000
 1.0 H    H              1.0000     1.477979    -1.639550    -1.892872       1.007825
 1.0 H    H              1.0000     1.633646    -1.934618     1.425156       1.007825
 6.0 C    C              6.0000     1.333802    -0.552051    -0.113610      12.000000
 1.0 H    H              1.0000     3.208323     2.823043    -1.590026       1.007825
 1.0 H    H              1.0000     5.309736     0.597656    -0.196759       1.007825
 1.0 H    H              1.0000     3.364061     2.526768     1.753178       1.007825
 6.0 C    C              6.0000     3.417325     1.451566    -0.032949      12.000000
-------------------------------------------
|   Optimized geometry for dihedral 39.99  |
-------------------------------------------
[[-3.3665238823150156, -2.5303721013306766, -1.7477011282183958], [-5.30947863139721, -0.598095234230694, 0.20188804658926585], [-3.2053000620841225, -2.8204251418839075, 1.595795628407481], [-3.4171544270192915, -1.4518844497712553, 0.03651270814417449], [-1.4766039250292735, 1.6441302766308528, 1.8865624294172623], [-1.635673887422947, 1.9311872825736263, -1.4320166303804878], [-1.3339856398784606, 0.552392583807025, 0.10977709098542111], [1.4779792917384362, -1.6395496893298673, -1.8928716523565958], [1.633646042297271, -1.9346183388490834, 1.425155663145934], [1.3338015232565092, -0.5520510725274296, -0.11360972420069657], [3.2083226133693565, 2.8230432387957705, -1.590026412201579], [5.3097359300312625, 0.5976564128517832, -0.19675895658211448], [3.364060706146616, 2.526768064712315, 1.7531780740269913], [3.417324753627233, 1.4515660538036537, -0.03294925339219127]]
 1.0 H    H              1.0000    -3.366524    -2.530372    -1.747701       1.007825
 1.0 H    H              1.0000    -5.309479    -0.598095     0.201888       1.007825
 1.0 H    H              1.0000    -3.205300    -2.820425     1.595796       1.007825
 6.0 C    C              6.0000    -3.417154    -1.451884     0.036513      12.000000
 1.0 H    H              1.0000    -1.476604     1.644130     1.886562       1.007825
 1.0 H    H              1.0000    -1.635674     1.931187    -1.432017       1.007825
 6.0 C    C              6.0000    -1.333986     0.552393     0.109777      12.000000
 1.0 H    H              1.0000     1.477979    -1.639550    -1.892872       1.007825
 1.0 H    H              1.0000     1.633646    -1.934618     1.425156       1.007825
 6.0 C    C              6.0000     1.333802    -0.552051    -0.113610      12.000000
 1.0 H    H              1.0000     3.208323     2.823043    -1.590026       1.007825
 1.0 H    H              1.0000     5.309736     0.597656    -0.196759       1.007825
 1.0 H    H              1.0000     3.364061     2.526768     1.753178       1.007825
 6.0 C    C              6.0000     3.417325     1.451566    -0.032949      12.000000
-------------------------------------------
|   Optimized geometry for dihedral 29.99  |
-------------------------------------------
[[-3.3665238823150156, -2.5303721013306766, -1.7477011282183958], [-5.30947863139721, -0.598095234230694, 0.20188804658926585], [-3.2053000620841225, -2.8204251418839075, 1.595795628407481], [-3.4171544270192915, -1.4518844497712553, 0.03651270814417449], [-1.4766039250292735, 1.6441302766308528, 1.8865624294172623], [-1.635673887422947, 1.9311872825736263, -1.4320166303804878], [-1.3339856398784606, 0.552392583807025, 0.10977709098542111], [1.4779792917384362, -1.6395496893298673, -1.8928716523565958], [1.633646042297271, -1.9346183388490834, 1.425155663145934], [1.3338015232565092, -0.5520510725274296, -0.11360972420069657], [3.2083226133693565, 2.8230432387957705, -1.590026412201579], [5.3097359300312625, 0.5976564128517832, -0.19675895658211448], [3.364060706146616, 2.526768064712315, 1.7531780740269913], [3.417324753627233, 1.4515660538036537, -0.03294925339219127]]
 1.0 H    H              1.0000    -3.366524    -2.530372    -1.747701       1.007825
 1.0 H    H              1.0000    -5.309479    -0.598095     0.201888       1.007825
 1.0 H    H              1.0000    -3.205300    -2.820425     1.595796       1.007825
 6.0 C    C              6.0000    -3.417154    -1.451884     0.036513      12.000000
 1.0 H    H              1.0000    -1.476604     1.644130     1.886562       1.007825
 1.0 H    H              1.0000    -1.635674     1.931187    -1.432017       1.007825
 6.0 C    C              6.0000    -1.333986     0.552393     0.109777      12.000000
 1.0 H    H              1.0000     1.477979    -1.639550    -1.892872       1.007825
 1.0 H    H              1.0000     1.633646    -1.934618     1.425156       1.007825
 6.0 C    C              6.0000     1.333802    -0.552051    -0.113610      12.000000
 1.0 H    H              1.0000     3.208323     2.823043    -1.590026       1.007825
 1.0 H    H              1.0000     5.309736     0.597656    -0.196759       1.007825
 1.0 H    H              1.0000     3.364061     2.526768     1.753178       1.007825
 6.0 C    C              6.0000     3.417325     1.451566    -0.032949      12.000000
-------------------------------------------
|   Optimized geometry for dihedral 19.98  |
-------------------------------------------
[[-3.3665238823150156, -2.5303721013306766, -1.7477011282183958], [-5.30947863139721, -0.598095234230694, 0.20188804658926585], [-3.2053000620841225, -2.8204251418839075, 1.595795628407481], [-3.4171544270192915, -1.4518844497712553, 0.03651270814417449], [-1.4766039250292735, 1.6441302766308528, 1.8865624294172623], [-1.635673887422947, 1.9311872825736263, -1.4320166303804878], [-1.3339856398784606, 0.552392583807025, 0.10977709098542111], [1.4779792917384362, -1.6395496893298673, -1.8928716523565958], [1.633646042297271, -1.9346183388490834, 1.425155663145934], [1.3338015232565092, -0.5520510725274296, -0.11360972420069657], [3.2083226133693565, 2.8230432387957705, -1.590026412201579], [5.3097359300312625, 0.5976564128517832, -0.19675895658211448], [3.364060706146616, 2.526768064712315, 1.7531780740269913], [3.417324753627233, 1.4515660538036537, -0.03294925339219127]]
 1.0 H    H              1.0000    -3.366524    -2.530372    -1.747701       1.007825
 1.0 H    H              1.0000    -5.309479    -0.598095     0.201888       1.007825
 1.0 H    H              1.0000    -3.205300    -2.820425     1.595796       1.007825
 6.0 C    C              6.0000    -3.417154    -1.451884     0.036513      12.000000
 1.0 H    H              1.0000    -1.476604     1.644130     1.886562       1.007825
 1.0 H    H              1.0000    -1.635674     1.931187    -1.432017       1.007825
 6.0 C    C              6.0000    -1.333986     0.552393     0.109777      12.000000
 1.0 H    H              1.0000     1.477979    -1.639550    -1.892872       1.007825
 1.0 H    H              1.0000     1.633646    -1.934618     1.425156       1.007825
 6.0 C    C              6.0000     1.333802    -0.552051    -0.113610      12.000000
 1.0 H    H              1.0000     3.208323     2.823043    -1.590026       1.007825
 1.0 H    H              1.0000     5.309736     0.597656    -0.196759       1.007825
 1.0 H    H              1.0000     3.364061     2.526768     1.753178       1.007825
 6.0 C    C              6.0000     3.417325     1.451566    -0.032949      12.000000
-------------------------------------------
|   Optimized geometry for dihedral 9.98  |
-------------------------------------------
[[-3.3665238823150156, -2.5303721013306766, -1.7477011282183958], [-5.30947863139721, -0.598095234230694, 0.20188804658926585], [-3.2053000620841225, -2.8204251418839075, 1.595795628407481], [-3.4171544270192915, -1.4518844497712553, 0.03651270814417449], [-1.4766039250292735, 1.6441302766308528, 1.8865624294172623], [-1.635673887422947, 1.9311872825736263, -1.4320166303804878], [-1.3339856398784606, 0.552392583807025, 0.10977709098542111], [1.4779792917384362, -1.6395496893298673, -1.8928716523565958], [1.633646042297271, -1.9346183388490834, 1.425155663145934], [1.3338015232565092, -0.5520510725274296, -0.11360972420069657], [3.2083226133693565, 2.8230432387957705, -1.590026412201579], [5.3097359300312625, 0.5976564128517832, -0.19675895658211448], [3.364060706146616, 2.526768064712315, 1.7531780740269913], [3.417324753627233, 1.4515660538036537, -0.03294925339219127]]
 1.0 H    H              1.0000    -3.366524    -2.530372    -1.747701       1.007825
 1.0 H    H              1.0000    -5.309479    -0.598095     0.201888       1.007825
 1.0 H    H              1.0000    -3.205300    -2.820425     1.595796       1.007825
 6.0 C    C              6.0000    -3.417154    -1.451884     0.036513      12.000000
 1.0 H    H              1.0000    -1.476604     1.644130     1.886562       1.007825
 1.0 H    H              1.0000    -1.635674     1.931187    -1.432017       1.007825
 6.0 C    C              6.0000    -1.333986     0.552393     0.109777      12.000000
 1.0 H    H              1.0000     1.477979    -1.639550    -1.892872       1.007825
 1.0 H    H              1.0000     1.633646    -1.934618     1.425156       1.007825
 6.0 C    C              6.0000     1.333802    -0.552051    -0.113610      12.000000
 1.0 H    H              1.0000     3.208323     2.823043    -1.590026       1.007825
 1.0 H    H              1.0000     5.309736     0.597656    -0.196759       1.007825
 1.0 H    H              1.0000     3.364061     2.526768     1.753178       1.007825
 6.0 C    C              6.0000     3.417325     1.451566    -0.032949      12.000000
-------------------------------------------
|   Optimized geometry for dihedral -0.02  |
-------------------------------------------
[[-3.3665238823150156, -2.5303721013306766, -1.7477011282183958], [-5.30947863139721, -0.598095234230694, 0.20188804658926585], [-3.2053000620841225, -2.8204251418839075, 1.595795628407481], [-3.4171544270192915, -1.4518844497712553, 0.03651270814417449], [-1.4766039250292735, 1.6441302766308528, 1.8865624294172623], [-1.635673887422947, 1.9311872825736263, -1.4320166303804878], [-1.3339856398784606, 0.552392583807025, 0.10977709098542111], [1.4779792917384362, -1.6395496893298673, -1.8928716523565958], [1.633646042297271, -1.9346183388490834, 1.425155663145934], [1.3338015232565092, -0.5520510725274296, -0.11360972420069657], [3.2083226133693565, 2.8230432387957705, -1.590026412201579], [5.3097359300312625, 0.5976564128517832, -0.19675895658211448], [3.364060706146616, 2.526768064712315, 1.7531780740269913], [3.417324753627233, 1.4515660538036537, -0.03294925339219127]]
 1.0 H    H              1.0000    -3.366524    -2.530372    -1.747701       1.007825
 1.0 H    H              1.0000    -5.309479    -0.598095     0.201888       1.007825
 1.0 H    H              1.0000    -3.205300    -2.820425     1.595796       1.007825
 6.0 C    C              6.0000    -3.417154    -1.451884     0.036513      12.000000
 1.0 H    H              1.0000    -1.476604     1.644130     1.886562       1.007825
 1.0 H    H              1.0000    -1.635674     1.931187    -1.432017       1.007825
 6.0 C    C              6.0000    -1.333986     0.552393     0.109777      12.000000
 1.0 H    H              1.0000     1.477979    -1.639550    -1.892872       1.007825
 1.0 H    H              1.0000     1.633646    -1.934618     1.425156       1.007825
 6.0 C    C              6.0000     1.333802    -0.552051    -0.113610      12.000000
 1.0 H    H              1.0000     3.208323     2.823043    -1.590026       1.007825
 1.0 H    H              1.0000     5.309736     0.597656    -0.196759       1.007825
 1.0 H    H              1.0000     3.364061     2.526768     1.753178       1.007825
 6.0 C    C              6.0000     3.417325     1.451566    -0.032949      12.000000
-------------------------------------------
|   Optimized geometry for dihedral -10.02  |
-------------------------------------------
[[-3.3665238823150156, -2.5303721013306766, -1.7477011282183958], [-5.30947863139721, -0.598095234230694, 0.20188804658926585], [-3.2053000620841225, -2.8204251418839075, 1.595795628407481], [-3.4171544270192915, -1.4518844497712553, 0.03651270814417449], [-1.4766039250292735, 1.6441302766308528, 1.8865624294172623], [-1.635673887422947, 1.9311872825736263, -1.4320166303804878], [-1.3339856398784606, 0.552392583807025, 0.10977709098542111], [1.4779792917384362, -1.6395496893298673, -1.8928716523565958], [1.633646042297271, -1.9346183388490834, 1.425155663145934], [1.3338015232565092, -0.5520510725274296, -0.11360972420069657], [3.2083226133693565, 2.8230432387957705, -1.590026412201579], [5.3097359300312625, 0.5976564128517832, -0.19675895658211448], [3.364060706146616, 2.526768064712315, 1.7531780740269913], [3.417324753627233, 1.4515660538036537, -0.03294925339219127]]
 1.0 H    H              1.0000    -3.366524    -2.530372    -1.747701       1.007825
 1.0 H    H              1.0000    -5.309479    -0.598095     0.201888       1.007825
 1.0 H    H              1.0000    -3.205300    -2.820425     1.595796       1.007825
 6.0 C    C              6.0000    -3.417154    -1.451884     0.036513      12.000000
 1.0 H    H              1.0000    -1.476604     1.644130     1.886562       1.007825
 1.0 H    H              1.0000    -1.635674     1.931187    -1.432017       1.007825
 6.0 C    C              6.0000    -1.333986     0.552393     0.109777      12.000000
 1.0 H    H              1.0000     1.477979    -1.639550    -1.892872       1.007825
 1.0 H    H              1.0000     1.633646    -1.934618     1.425156       1.007825
 6.0 C    C              6.0000     1.333802    -0.552051    -0.113610      12.000000
 1.0 H    H              1.0000     3.208323     2.823043    -1.590026       1.007825
 1.0 H    H              1.0000     5.309736     0.597656    -0.196759       1.007825
 1.0 H    H              1.0000     3.364061     2.526768     1.753178       1.007825
 6.0 C    C              6.0000     3.417325     1.451566    -0.032949      12.000000
-------------------------------------------
|   Optimized geometry for dihedral -20.02  |
-------------------------------------------
[[-3.3665238823150156, -2.5303721013306766, -1.7477011282183958], [-5.30947863139721, -0.598095234230694, 0.20188804658926585], [-3.2053000620841225, -2.8204251418839075, 1.595795628407481], [-3.4171544270192915, -1.4518844497712553, 0.03651270814417449], [-1.4766039250292735, 1.6441302766308528, 1.8865624294172623], [-1.635673887422947, 1.9311872825736263, -1.4320166303804878], [-1.3339856398784606, 0.552392583807025, 0.10977709098542111], [1.4779792917384362, -1.6395496893298673, -1.8928716523565958], [1.633646042297271, -1.9346183388490834, 1.425155663145934], [1.3338015232565092, -0.5520510725274296, -0.11360972420069657], [3.2083226133693565, 2.8230432387957705, -1.590026412201579], [5.3097359300312625, 0.5976564128517832, -0.19675895658211448], [3.364060706146616, 2.526768064712315, 1.7531780740269913], [3.417324753627233, 1.4515660538036537, -0.03294925339219127]]
 1.0 H    H              1.0000    -3.366524    -2.530372    -1.747701       1.007825
 1.0 H    H              1.0000    -5.309479    -0.598095     0.201888       1.007825
 1.0 H    H              1.0000    -3.205300    -2.820425     1.595796       1.007825
 6.0 C    C              6.0000    -3.417154    -1.451884     0.036513      12.000000
 1.0 H    H              1.0000    -1.476604     1.644130     1.886562       1.007825
 1.0 H    H              1.0000    -1.635674     1.931187    -1.432017       1.007825
 6.0 C    C              6.0000    -1.333986     0.552393     0.109777      12.000000
 1.0 H    H              1.0000     1.477979    -1.639550    -1.892872       1.007825
 1.0 H    H              1.0000     1.633646    -1.934618     1.425156       1.007825
 6.0 C    C              6.0000     1.333802    -0.552051    -0.113610      12.000000
 1.0 H    H              1.0000     3.208323     2.823043    -1.590026       1.007825
 1.0 H    H              1.0000     5.309736     0.597656    -0.196759       1.007825
 1.0 H    H              1.0000     3.364061     2.526768     1.753178       1.007825
 6.0 C    C              6.0000     3.417325     1.451566    -0.032949      12.000000
-------------------------------------------
|   Optimized geometry for dihedral -30.02  |
-------------------------------------------
[[-3.3665238823150156, -2.5303721013306766, -1.7477011282183958], [-5.30947863139721, -0.598095234230694, 0.20188804658926585], [-3.2053000620841225, -2.8204251418839075, 1.595795628407481], [-3.4171544270192915, -1.4518844497712553, 0.03651270814417449], [-1.4766039250292735, 1.6441302766308528, 1.8865624294172623], [-1.635673887422947, 1.9311872825736263, -1.4320166303804878], [-1.3339856398784606, 0.552392583807025, 0.10977709098542111], [1.4779792917384362, -1.6395496893298673, -1.8928716523565958], [1.633646042297271, -1.9346183388490834, 1.425155663145934], [1.3338015232565092, -0.5520510725274296, -0.11360972420069657], [3.2083226133693565, 2.8230432387957705, -1.590026412201579], [5.3097359300312625, 0.5976564128517832, -0.19675895658211448], [3.364060706146616, 2.526768064712315, 1.7531780740269913], [3.417324753627233, 1.4515660538036537, -0.03294925339219127]]
 1.0 H    H              1.0000    -3.366524    -2.530372    -1.747701       1.007825
 1.0 H    H              1.0000    -5.309479    -0.598095     0.201888       1.007825
 1.0 H    H              1.0000    -3.205300    -2.820425     1.595796       1.007825
 6.0 C    C              6.0000    -3.417154    -1.451884     0.036513      12.000000
 1.0 H    H              1.0000    -1.476604     1.644130     1.886562       1.007825
 1.0 H    H              1.0000    -1.635674     1.931187    -1.432017       1.007825
 6.0 C    C              6.0000    -1.333986     0.552393     0.109777      12.000000
 1.0 H    H              1.0000     1.477979    -1.639550    -1.892872       1.007825
 1.0 H    H              1.0000     1.633646    -1.934618     1.425156       1.007825
 6.0 C    C              6.0000     1.333802    -0.552051    -0.113610      12.000000
 1.0 H    H              1.0000     3.208323     2.823043    -1.590026       1.007825
 1.0 H    H              1.0000     5.309736     0.597656    -0.196759       1.007825
 1.0 H    H              1.0000     3.364061     2.526768     1.753178       1.007825
 6.0 C    C              6.0000     3.417325     1.451566    -0.032949      12.000000
-------------------------------------------
|   Optimized geometry for dihedral -40.02  |
-------------------------------------------
[[-3.3665238823150156, -2.5303721013306766, -1.7477011282183958], [-5.30947863139721, -0.598095234230694, 0.20188804658926585], [-3.2053000620841225, -2.8204251418839075, 1.595795628407481], [-3.4171544270192915, -1.4518844497712553, 0.03651270814417449], [-1.4766039250292735, 1.6441302766308528, 1.8865624294172623], [-1.635673887422947, 1.9311872825736263, -1.4320166303804878], [-1.3339856398784606, 0.552392583807025, 0.10977709098542111], [1.4779792917384362, -1.6395496893298673, -1.8928716523565958], [1.633646042297271, -1.9346183388490834, 1.425155663145934], [1.3338015232565092, -0.5520510725274296, -0.11360972420069657], [3.2083226133693565, 2.8230432387957705, -1.590026412201579], [5.3097359300312625, 0.5976564128517832, -0.19675895658211448], [3.364060706146616, 2.526768064712315, 1.7531780740269913], [3.417324753627233, 1.4515660538036537, -0.03294925339219127]]
 1.0 H    H              1.0000    -3.366524    -2.530372    -1.747701       1.007825
 1.0 H    H              1.0000    -5.309479    -0.598095     0.201888       1.007825
 1.0 H    H              1.0000    -3.205300    -2.820425     1.595796       1.007825
 6.0 C    C              6.0000    -3.417154    -1.451884     0.036513      12.000000
 1.0 H    H              1.0000    -1.476604     1.644130     1.886562       1.007825
 1.0 H    H              1.0000    -1.635674     1.931187    -1.432017       1.007825
 6.0 C    C              6.0000    -1.333986     0.552393     0.109777      12.000000
 1.0 H    H              1.0000     1.477979    -1.639550    -1.892872       1.007825
 1.0 H    H              1.0000     1.633646    -1.934618     1.425156       1.007825
 6.0 C    C              6.0000     1.333802    -0.552051    -0.113610      12.000000
 1.0 H    H              1.0000     3.208323     2.823043    -1.590026       1.007825
 1.0 H    H              1.0000     5.309736     0.597656    -0.196759       1.007825
 1.0 H    H              1.0000     3.364061     2.526768     1.753178       1.007825
 6.0 C    C              6.0000     3.417325     1.451566    -0.032949      12.000000
-------------------------------------------
|   Optimized geometry for dihedral -50.02  |
-------------------------------------------
[[-3.3665238823150156, -2.5303721013306766, -1.7477011282183958], [-5.30947863139721, -0.598095234230694, 0.20188804658926585], [-3.2053000620841225, -2.8204251418839075, 1.595795628407481], [-3.4171544270192915, -1.4518844497712553, 0.03651270814417449], [-1.4766039250292735, 1.6441302766308528, 1.8865624294172623], [-1.635673887422947, 1.9311872825736263, -1.4320166303804878], [-1.3339856398784606, 0.552392583807025, 0.10977709098542111], [1.4779792917384362, -1.6395496893298673, -1.8928716523565958], [1.633646042297271, -1.9346183388490834, 1.425155663145934], [1.3338015232565092, -0.5520510725274296, -0.11360972420069657], [3.2083226133693565, 2.8230432387957705, -1.590026412201579], [5.3097359300312625, 0.5976564128517832, -0.19675895658211448], [3.364060706146616, 2.526768064712315, 1.7531780740269913], [3.417324753627233, 1.4515660538036537, -0.03294925339219127]]
 1.0 H    H              1.0000    -3.366524    -2.530372    -1.747701       1.007825
 1.0 H    H              1.0000    -5.309479    -0.598095     0.201888       1.007825
 1.0 H    H              1.0000    -3.205300    -2.820425     1.595796       1.007825
 6.0 C    C              6.0000    -3.417154    -1.451884     0.036513      12.000000
 1.0 H    H              1.0000    -1.476604     1.644130     1.886562       1.007825
 1.0 H    H              1.0000    -1.635674     1.931187    -1.432017       1.007825
 6.0 C    C              6.0000    -1.333986     0.552393     0.109777      12.000000
 1.0 H    H              1.0000     1.477979    -1.639550    -1.892872       1.007825
 1.0 H    H              1.0000     1.633646    -1.934618     1.425156       1.007825
 6.0 C    C              6.0000     1.333802    -0.552051    -0.113610      12.000000
 1.0 H    H              1.0000     3.208323     2.823043    -1.590026       1.007825
 1.0 H    H              1.0000     5.309736     0.597656    -0.196759       1.007825
 1.0 H    H              1.0000     3.364061     2.526768     1.753178       1.007825
 6.0 C    C              6.0000     3.417325     1.451566    -0.032949      12.000000
-------------------------------------------
|   Optimized geometry for dihedral -60.02  |
-------------------------------------------
[[-3.3665238823150156, -2.5303721013306766, -1.7477011282183958], [-5.30947863139721, -0.598095234230694, 0.20188804658926585], [-3.2053000620841225, -2.8204251418839075, 1.595795628407481], [-3.4171544270192915, -1.4518844497712553, 0.03651270814417449], [-1.4766039250292735, 1.6441302766308528, 1.8865624294172623], [-1.635673887422947, 1.9311872825736263, -1.4320166303804878], [-1.3339856398784606, 0.552392583807025, 0.10977709098542111], [1.4779792917384362, -1.6395496893298673, -1.8928716523565958], [1.633646042297271, -1.9346183388490834, 1.425155663145934], [1.3338015232565092, -0.5520510725274296, -0.11360972420069657], [3.2083226133693565, 2.8230432387957705, -1.590026412201579], [5.3097359300312625, 0.5976564128517832, -0.19675895658211448], [3.364060706146616, 2.526768064712315, 1.7531780740269913], [3.417324753627233, 1.4515660538036537, -0.03294925339219127]]
 1.0 H    H              1.0000    -3.366524    -2.530372    -1.747701       1.007825
 1.0 H    H              1.0000    -5.309479    -0.598095     0.201888       1.007825
 1.0 H    H              1.0000    -3.205300    -2.820425     1.595796       1.007825
 6.0 C    C              6.0000    -3.417154    -1.451884     0.036513      12.000000
 1.0 H    H              1.0000    -1.476604     1.644130     1.886562       1.007825
 1.0 H    H              1.0000    -1.635674     1.931187    -1.432017       1.007825
 6.0 C    C              6.0000    -1.333986     0.552393     0.109777      12.000000
 1.0 H    H              1.0000     1.477979    -1.639550    -1.892872       1.007825
 1.0 H    H              1.0000     1.633646    -1.934618     1.425156       1.007825
 6.0 C    C              6.0000     1.333802    -0.552051    -0.113610      12.000000
 1.0 H    H              1.0000     3.208323     2.823043    -1.590026       1.007825
 1.0 H    H              1.0000     5.309736     0.597656    -0.196759       1.007825
 1.0 H    H              1.0000     3.364061     2.526768     1.753178       1.007825
 6.0 C    C              6.0000     3.417325     1.451566    -0.032949      12.000000
-------------------------------------------
|   Optimized geometry for dihedral -70.02  |
-------------------------------------------
[[-3.3665238823150156, -2.5303721013306766, -1.7477011282183958], [-5.30947863139721, -0.598095234230694, 0.20188804658926585], [-3.2053000620841225, -2.8204251418839075, 1.595795628407481], [-3.4171544270192915, -1.4518844497712553, 0.03651270814417449], [-1.4766039250292735, 1.6441302766308528, 1.8865624294172623], [-1.635673887422947, 1.9311872825736263, -1.4320166303804878], [-1.3339856398784606, 0.552392583807025, 0.10977709098542111], [1.4779792917384362, -1.6395496893298673, -1.8928716523565958], [1.633646042297271, -1.9346183388490834, 1.425155663145934], [1.3338015232565092, -0.5520510725274296, -0.11360972420069657], [3.2083226133693565, 2.8230432387957705, -1.590026412201579], [5.3097359300312625, 0.5976564128517832, -0.19675895658211448], [3.364060706146616, 2.526768064712315, 1.7531780740269913], [3.417324753627233, 1.4515660538036537, -0.03294925339219127]]
 1.0 H    H              1.0000    -3.366524    -2.530372    -1.747701       1.007825
 1.0 H    H              1.0000    -5.309479    -0.598095     0.201888       1.007825
 1.0 H    H              1.0000    -3.205300    -2.820425     1.595796       1.007825
 6.0 C    C              6.0000    -3.417154    -1.451884     0.036513      12.000000
 1.0 H    H              1.0000    -1.476604     1.644130     1.886562       1.007825
 1.0 H    H              1.0000    -1.635674     1.931187    -1.432017       1.007825
 6.0 C    C              6.0000    -1.333986     0.552393     0.109777      12.000000
 1.0 H    H              1.0000     1.477979    -1.639550    -1.892872       1.007825
 1.0 H    H              1.0000     1.633646    -1.934618     1.425156       1.007825
 6.0 C    C              6.0000     1.333802    -0.552051    -0.113610      12.000000
 1.0 H    H              1.0000     3.208323     2.823043    -1.590026       1.007825
 1.0 H    H              1.0000     5.309736     0.597656    -0.196759       1.007825
 1.0 H    H              1.0000     3.364061     2.526768     1.753178       1.007825
 6.0 C    C              6.0000     3.417325     1.451566    -0.032949      12.000000
-------------------------------------------
|   Optimized geometry for dihedral -80.03  |
-------------------------------------------
[[-3.3665238823150156, -2.5303721013306766, -1.7477011282183958], [-5.30947863139721, -0.598095234230694, 0.20188804658926585], [-3.2053000620841225, -2.8204251418839075, 1.595795628407481], [-3.4171544270192915, -1.4518844497712553, 0.03651270814417449], [-1.4766039250292735, 1.6441302766308528, 1.8865624294172623], [-1.635673887422947, 1.9311872825736263, -1.4320166303804878], [-1.3339856398784606, 0.552392583807025, 0.10977709098542111], [1.4779792917384362, -1.6395496893298673, -1.8928716523565958], [1.633646042297271, -1.9346183388490834, 1.425155663145934], [1.3338015232565092, -0.5520510725274296, -0.11360972420069657], [3.2083226133693565, 2.8230432387957705, -1.590026412201579], [5.3097359300312625, 0.5976564128517832, -0.19675895658211448], [3.364060706146616, 2.526768064712315, 1.7531780740269913], [3.417324753627233, 1.4515660538036537, -0.03294925339219127]]
 1.0 H    H              1.0000    -3.366524    -2.530372    -1.747701       1.007825
 1.0 H    H              1.0000    -5.309479    -0.598095     0.201888       1.007825
 1.0 H    H              1.0000    -3.205300    -2.820425     1.595796       1.007825
 6.0 C    C              6.0000    -3.417154    -1.451884     0.036513      12.000000
 1.0 H    H              1.0000    -1.476604     1.644130     1.886562       1.007825
 1.0 H    H              1.0000    -1.635674     1.931187    -1.432017       1.007825
 6.0 C    C              6.0000    -1.333986     0.552393     0.109777      12.000000
 1.0 H    H              1.0000     1.477979    -1.639550    -1.892872       1.007825
 1.0 H    H              1.0000     1.633646    -1.934618     1.425156       1.007825
 6.0 C    C              6.0000     1.333802    -0.552051    -0.113610      12.000000
 1.0 H    H              1.0000     3.208323     2.823043    -1.590026       1.007825
 1.0 H    H              1.0000     5.309736     0.597656    -0.196759       1.007825
 1.0 H    H              1.0000     3.364061     2.526768     1.753178       1.007825
 6.0 C    C              6.0000     3.417325     1.451566    -0.032949      12.000000
-------------------------------------------
|   Optimized geometry for dihedral -90.03  |
-------------------------------------------
[[-3.3665238823150156, -2.5303721013306766, -1.7477011282183958], [-5.30947863139721, -0.598095234230694, 0.20188804658926585], [-3.2053000620841225, -2.8204251418839075, 1.595795628407481], [-3.4171544270192915, -1.4518844497712553, 0.03651270814417449], [-1.4766039250292735, 1.6441302766308528, 1.8865624294172623], [-1.635673887422947, 1.9311872825736263, -1.4320166303804878], [-1.3339856398784606, 0.552392583807025, 0.10977709098542111], [1.4779792917384362, -1.6395496893298673, -1.8928716523565958], [1.633646042297271, -1.9346183388490834, 1.425155663145934], [1.3338015232565092, -0.5520510725274296, -0.11360972420069657], [3.2083226133693565, 2.8230432387957705, -1.590026412201579], [5.3097359300312625, 0.5976564128517832, -0.19675895658211448], [3.364060706146616, 2.526768064712315, 1.7531780740269913], [3.417324753627233, 1.4515660538036537, -0.03294925339219127]]
 1.0 H    H              1.0000    -3.366524    -2.530372    -1.747701       1.007825
 1.0 H    H              1.0000    -5.309479    -0.598095     0.201888       1.007825
 1.0 H    H              1.0000    -3.205300    -2.820425     1.595796       1.007825
 6.0 C    C              6.0000    -3.417154    -1.451884     0.036513      12.000000
 1.0 H    H              1.0000    -1.476604     1.644130     1.886562       1.007825
 1.0 H    H              1.0000    -1.635674     1.931187    -1.432017       1.007825
 6.0 C    C              6.0000    -1.333986     0.552393     0.109777      12.000000
 1.0 H    H              1.0000     1.477979    -1.639550    -1.892872       1.007825
 1.0 H    H              1.0000     1.633646    -1.934618     1.425156       1.007825
 6.0 C    C              6.0000     1.333802    -0.552051    -0.113610      12.000000
 1.0 H    H              1.0000     3.208323     2.823043    -1.590026       1.007825
 1.0 H    H              1.0000     5.309736     0.597656    -0.196759       1.007825
 1.0 H    H              1.0000     3.364061     2.526768     1.753178       1.007825
 6.0 C    C              6.0000     3.417325     1.451566    -0.032949      12.000000
-------------------------------------------
|   Optimized geometry for dihedral -100.03  |
-------------------------------------------
[[-3.3665238823150156, -2.5303721013306766, -1.7477011282183958], [-5.30947863139721, -0.598095234230694, 0.20188804658926585], [-3.2053000620841225, -2.8204251418839075, 1.595795628407481], [-3.4171544270192915, -1.4518844497712553, 0.03651270814417449], [-1.4766039250292735, 1.6441302766308528, 1.8865624294172623], [-1.635673887422947, 1.9311872825736263, -1.4320166303804878], [-1.3339856398784606, 0.552392583807025, 0.10977709098542111], [1.4779792917384362, -1.6395496893298673, -1.8928716523565958], [1.633646042297271, -1.9346183388490834, 1.425155663145934], [1.3338015232565092, -0.5520510725274296, -0.11360972420069657], [3.2083226133693565, 2.8230432387957705, -1.590026412201579], [5.3097359300312625, 0.5976564128517832, -0.19675895658211448], [3.364060706146616, 2.526768064712315, 1.7531780740269913], [3.417324753627233, 1.4515660538036537, -0.03294925339219127]]
 1.0 H    H              1.0000    -3.366524    -2.530372    -1.747701       1.007825
 1.0 H    H              1.0000    -5.309479    -0.598095     0.201888       1.007825
 1.0 H    H              1.0000    -3.205300    -2.820425     1.595796       1.007825
 6.0 C    C              6.0000    -3.417154    -1.451884     0.036513      12.000000
 1.0 H    H              1.0000    -1.476604     1.644130     1.886562       1.007825
 1.0 H    H              1.0000    -1.635674     1.931187    -1.432017       1.007825
 6.0 C    C              6.0000    -1.333986     0.552393     0.109777      12.000000
 1.0 H    H              1.0000     1.477979    -1.639550    -1.892872       1.007825
 1.0 H    H              1.0000     1.633646    -1.934618     1.425156       1.007825
 6.0 C    C              6.0000     1.333802    -0.552051    -0.113610      12.000000
 1.0 H    H              1.0000     3.208323     2.823043    -1.590026       1.007825
 1.0 H    H              1.0000     5.309736     0.597656    -0.196759       1.007825
 1.0 H    H              1.0000     3.364061     2.526768     1.753178       1.007825
 6.0 C    C              6.0000     3.417325     1.451566    -0.032949      12.000000
-------------------------------------------
|   Optimized geometry for dihedral -110.03  |
-------------------------------------------
[[-3.3665238823150156, -2.5303721013306766, -1.7477011282183958], [-5.30947863139721, -0.598095234230694, 0.20188804658926585], [-3.2053000620841225, -2.8204251418839075, 1.595795628407481], [-3.4171544270192915, -1.4518844497712553, 0.03651270814417449], [-1.4766039250292735, 1.6441302766308528, 1.8865624294172623], [-1.635673887422947, 1.9311872825736263, -1.4320166303804878], [-1.3339856398784606, 0.552392583807025, 0.10977709098542111], [1.4779792917384362, -1.6395496893298673, -1.8928716523565958], [1.633646042297271, -1.9346183388490834, 1.425155663145934], [1.3338015232565092, -0.5520510725274296, -0.11360972420069657], [3.2083226133693565, 2.8230432387957705, -1.590026412201579], [5.3097359300312625, 0.5976564128517832, -0.19675895658211448], [3.364060706146616, 2.526768064712315, 1.7531780740269913], [3.417324753627233, 1.4515660538036537, -0.03294925339219127]]
 1.0 H    H              1.0000    -3.366524    -2.530372    -1.747701       1.007825
 1.0 H    H              1.0000    -5.309479    -0.598095     0.201888       1.007825
 1.0 H    H              1.0000    -3.205300    -2.820425     1.595796       1.007825
 6.0 C    C              6.0000    -3.417154    -1.451884     0.036513      12.000000
 1.0 H    H              1.0000    -1.476604     1.644130     1.886562       1.007825
 1.0 H    H              1.0000    -1.635674     1.931187    -1.432017       1.007825
 6.0 C    C              6.0000    -1.333986     0.552393     0.109777      12.000000
 1.0 H    H              1.0000     1.477979    -1.639550    -1.892872       1.007825
 1.0 H    H              1.0000     1.633646    -1.934618     1.425156       1.007825
 6.0 C    C              6.0000     1.333802    -0.552051    -0.113610      12.000000
 1.0 H    H              1.0000     3.208323     2.823043    -1.590026       1.007825
 1.0 H    H              1.0000     5.309736     0.597656    -0.196759       1.007825
 1.0 H    H              1.0000     3.364061     2.526768     1.753178       1.007825
 6.0 C    C              6.0000     3.417325     1.451566    -0.032949      12.000000
Optimizer: Optimization complete!
-------------------------------------------
|   Optimized geometry for dihedral -120.03  |
-------------------------------------------
[[-3.4170702908125263, -2.9588511115025313, -0.3760725461643378], [-5.119377129637922, -0.3811049705193407, 0.8305709508212155], [-2.633933247866755, -1.6991642689800763, 2.587864835997573], [-3.2484404098798954, -1.2123014433508132, 0.6898583852650371], [-1.3388467055011903, 2.353010517660835, 0.5013889643475188], [-2.09509176282434, 1.101838337249877, -2.430578730897506], [-1.384901863946956, 0.6011990217701064, -0.5707343689463545], [1.848433347516511, -0.6456291835139925, -2.770852903939285], [1.3605888005533795, -2.393223524962437, -0.04290587835510206], [1.3201856876276097, -0.4815027680169191, -0.7939747325764351], [3.39089323677867, 3.0072465454083623, -0.17562550411922], [5.177718927458238, 0.2732149150143405, 0.3996415049515138], [2.8792336049943787, 1.2454709515387128, 2.5846978693391174], [3.3087432548198796, 1.1007678830559873, 0.5817840742980296]]
 1.0 H    H              1.0000    -3.417070    -2.958851    -0.376073       1.007825
 1.0 H    H              1.0000    -5.119377    -0.381105     0.830571       1.007825
 1.0 H    H              1.0000    -2.633933    -1.699164     2.587865       1.007825
 6.0 C    C              6.0000    -3.248440    -1.212301     0.689858      12.000000
 1.0 H    H              1.0000    -1.338847     2.353011     0.501389       1.007825
 1.0 H    H              1.0000    -2.095092     1.101838    -2.430579       1.007825
 6.0 C    C              6.0000    -1.384902     0.601199    -0.570734      12.000000
 1.0 H    H              1.0000     1.848433    -0.645629    -2.770853       1.007825
 1.0 H    H              1.0000     1.360589    -2.393224    -0.042906       1.007825
 6.0 C    C              6.0000     1.320186    -0.481503    -0.793975      12.000000
 1.0 H    H              1.0000     3.390893     3.007247    -0.175626       1.007825
 1.0 H    H              1.0000     5.177719     0.273215     0.399642       1.007825
 1.0 H    H              1.0000     2.879234     1.245471     2.584698       1.007825
 6.0 C    C              6.0000     3.308743     1.100768     0.581784      12.000000
Optimizer: Optimization complete!
-------------------------------------------
|   Optimized geometry for dihedral -130.03  |
-------------------------------------------
[[-3.5353176452903936, -2.8288897454278015, -0.5984949597493288], [-5.180693040768494, -0.2726876073370611, 0.7253475442581014], [-2.820976017764191, -1.8143360587229518, 2.4746130497687076], [-3.339892101961835, -1.1699718658870424, 0.5957861598324155], [-1.2585322085327024, 2.2874722517754846, 0.7838536595682208], [-1.976768237360479, 1.3611578481341415, -2.2761299638500363], [-1.3557715994413582, 0.6496193711329068, -0.4532799051214118], [1.731074203687562, -0.8946485803304489, -2.6728710898251884], [1.3082034123759345, -2.3817651340727966, 0.21624981613468267], [1.2986570187564919, -0.5411666129257564, -0.6973275913337479], [3.4854181631086303, 2.9234663809359582, -0.40487312787904406], [5.229153400145204, 0.18061190105035027, 0.25119014991185395], [3.0669609151603914, 1.3472520737730431, 2.480303672764055], [3.392931462783339, 1.0692765612114563, 0.47258375874924585]]
 1.0 H    H              1.0000    -3.535318    -2.828890    -0.598495       1.007825
 1.0 H    H              1.0000    -5.180693    -0.272688     0.725348       1.007825
 1.0 H    H              1.0000    -2.820976    -1.814336     2.474613       1.007825
 6.0 C    C              6.0000    -3.339892    -1.169972     0.595786      12.000000
 1.0 H    H              1.0000    -1.258532     2.287472     0.783854       1.007825
 1.0 H    H              1.0000    -1.976768     1.361158    -2.276130       1.007825
 6.0 C    C              6.0000    -1.355772     0.649619    -0.453280      12.000000
 1.0 H    H              1.0000     1.731074    -0.894649    -2.672871       1.007825
 1.0 H    H              1.0000     1.308203    -2.381765     0.216250       1.007825
 6.0 C    C              6.0000     1.298657    -0.541167    -0.697328      12.000000
 1.0 H    H              1.0000     3.485418     2.923466    -0.404873       1.007825
 1.0 H    H              1.0000     5.229153     0.180612     0.251190       1.007825
 1.0 H    H              1.0000     3.066961     1.347252     2.480304       1.007825
 6.0 C    C              6.0000     3.392931     1.069277     0.472584      12.000000
Optimizer: Optimization complete!
-------------------------------------------
|   Optimized geometry for dihedral -140.03  |
-------------------------------------------
[[-3.605835100741461, -2.7130062573477844, -0.8165784646788848], [-5.229494408179856, -0.1891420246953399, 0.592450027732527], [-3.0016441221392993, -1.9150334017832076, 2.343047943380863], [-3.4133251378552476, -1.1385001992798836, 0.4881075693739177], [-1.2191706679587335, 2.2066965969990893, 1.0162232610643467], [-1.8386933714387637, 1.5500850799264334, -2.136181072885047], [-1.3267910120736595, 0.6751134267488269, -0.35037418269806103], [1.628687763678099, -1.1426085456950896, -2.527680675287154], [1.287833057032101, -2.339749534888904, 0.5059895871131479], [1.284974755483536, -0.5939501931832566, -0.5789470091052917], [3.539587629127541, 2.8414111088275136, -0.6532217870095203], [5.2627956388571775, 0.12456015271505054, 0.14733435615209478], [3.213422259975908, 1.5040364892394458, 2.3617854271968017], [3.451992892085205, 1.063446933249363, 0.3712396079447985]]
 1.0 H    H              1.0000    -3.605835    -2.713006    -0.816578       1.007825
 1.0 H    H              1.0000    -5.229494    -0.189142     0.592450       1.007825
 1.0 H    H              1.0000    -3.001644    -1.915033     2.343048       1.007825
 6.0 C    C              6.0000    -3.413325    -1.138500     0.488108      12.000000
 1.0 H    H              1.0000    -1.219171     2.206697     1.016223       1.007825
 1.0 H    H              1.0000    -1.838693     1.550085    -2.136181       1.007825
 6.0 C    C              6.0000    -1.326791     0.675113    -0.350374      12.000000
 1.0 H    H              1.0000     1.628688    -1.142609    -2.527681       1.007825
 1.0 H    H              1.0000     1.287833    -2.339750     0.505990       1.007825
 6.0 C    C              6.0000     1.284975    -0.593950    -0.578947      12.000000
 1.0 H    H              1.0000     3.539588     2.841411    -0.653222       1.007825
 1.0 H    H              1.0000     5.262796     0.124560     0.147334       1.007825
 1.0 H    H              1.0000     3.213422     1.504036     2.361785       1.007825
 6.0 C    C              6.0000     3.451993     1.063447     0.371240      12.000000
Optimizer: Optimization complete!
-------------------------------------------
|   Optimized geometry for dihedral -150.03  |
-------------------------------------------
[[-3.624137772852996, -2.6162002764004213, -1.0106673839810285], [-5.262475438487532, -0.1540427997950063, 0.48627592226978583], [-3.1473220647517315, -2.0334575760527374, 2.2168230823127], [-3.4610300355302943, -1.132267891071634, 0.3999168069573982], [-1.2044369877764267, 2.1029233805074035, 1.259877314004064], [-1.7321879794532684, 1.7124839616986, -1.9568111253929659], [-1.3072023087418179, 0.687204170982736, -0.2277916821026507], [1.51494459441743, -1.3356974805302793, -2.3839083417410545], [1.3052344543161867, -2.277728187855967, 0.7540322009085342], [1.2722367078571297, -0.6265506406540192, -0.4709196993228254], [3.5283457878823135, 2.7820345850101615, -0.9001056282569085], [5.285932375490954, 0.11350275589819721, -0.01847358353889454], [3.3688405850083605, 1.649080350058805, 2.2103743270214475], [3.4932461592315143, 1.076410036315156, 0.24358115021634882]]
 1.0 H    H              1.0000    -3.624138    -2.616200    -1.010667       1.007825
 1.0 H    H              1.0000    -5.262475    -0.154043     0.486276       1.007825
 1.0 H    H              1.0000    -3.147322    -2.033458     2.216823       1.007825
 6.0 C    C              6.0000    -3.461030    -1.132268     0.399917      12.000000
 1.0 H    H              1.0000    -1.204437     2.102923     1.259877       1.007825
 1.0 H    H              1.0000    -1.732188     1.712484    -1.956811       1.007825
 6.0 C    C              6.0000    -1.307202     0.687204    -0.227792      12.000000
 1.0 H    H              1.0000     1.514945    -1.335697    -2.383908       1.007825
 1.0 H    H              1.0000     1.305234    -2.277728     0.754032       1.007825
 6.0 C    C              6.0000     1.272237    -0.626551    -0.470920      12.000000
 1.0 H    H              1.0000     3.528346     2.782035    -0.900106       1.007825
 1.0 H    H              1.0000     5.285932     0.113503    -0.018474       1.007825
 1.0 H    H              1.0000     3.368841     1.649080     2.210374       1.007825
 6.0 C    C              6.0000     3.493246     1.076410     0.243581      12.000000
Optimizer: Optimization complete!
-------------------------------------------
|   Optimized geometry for dihedral -160.03  |
-------------------------------------------
[[-3.632521258774682, -2.487371554632406, -1.2517984620095015], [-5.282490357026717, -0.12303591361926258, 0.38432615044936075], [-3.2661363962820036, -2.181211868733593, 2.0284674965195157], [-3.495926097493832, -1.1279892658111785, 0.2825507909660742], [-1.2209135267522964, 1.9972756080275664, 1.4666887976214802], [-1.6203233309694949, 1.8419677881023924, -1.7912051962221693], [-1.2894901657716578, 0.6914750163265293, -0.12061462824230061], [1.4373185321659403, -1.49647538942623, -2.218607336653154], [1.3329161315896059, -2.2087649582811024, 0.9875337310285185], [1.267759256507323, -0.6507259951901505, -0.3531259563323063], [3.526282161563247, 2.6901686433878824, -1.1364346612303156], [5.296365822976889, 0.09577137212076023, -0.07596878359349836], [3.4511797381573137, 1.832870171570178, 2.0645601955024544], [3.51583641143227, 1.090499391380836, 0.15276126292519893]]
 1.0 H    H              1.0000    -3.632521    -2.487372    -1.251798       1.007825
 1.0 H    H              1.0000    -5.282490    -0.123036     0.384326       1.007825
 1.0 H    H              1.0000    -3.266136    -2.181212     2.028467       1.007825
 6.0 C    C              6.0000    -3.495926    -1.127989     0.282551      12.000000
 1.0 H    H              1.0000    -1.220914     1.997276     1.466689       1.007825
 1.0 H    H              1.0000    -1.620323     1.841968    -1.791205       1.007825
 6.0 C    C              6.0000    -1.289490     0.691475    -0.120615      12.000000
 1.0 H    H              1.0000     1.437319    -1.496475    -2.218607       1.007825
 1.0 H    H              1.0000     1.332916    -2.208765     0.987534       1.007825
 6.0 C    C              6.0000     1.267759    -0.650726    -0.353126      12.000000
 1.0 H    H              1.0000     3.526282     2.690169    -1.136435       1.007825
 1.0 H    H              1.0000     5.296366     0.095771    -0.075969       1.007825
 1.0 H    H              1.0000     3.451180     1.832870     2.064560       1.007825
 6.0 C    C              6.0000     3.515836     1.090499     0.152761      12.000000
Optimizer: Optimization complete!
-------------------------------------------
|   Optimized geometry for dihedral -170.03  |
-------------------------------------------
[[-3.626798264226976, -2.337159692738374, -1.4810109664608828], [-5.292508200872171, -0.10420234963252673, 0.31518460282343663], [-3.357134642417679, -2.334845515629609, 1.8226750339453819], [-3.517977166879426, -1.1242899729043356, 0.17264860567211704], [-1.252894521554762, 1.881646055240877, 1.673283509328292], [-1.526196285612603, 1.9536527213116255, -1.6031602482211806], [-1.2770321185744529, 0.6889706686036251, -0.0018617120149448962], [1.3602342572312063, -1.6416934763178157, -2.042230442936573], [1.3841646412985171, -2.128398844062776, 1.2100823286050595], [1.2663017670418604, -0.6688010494650457, -0.23382690416486207], [3.495754959398881, 2.583000353336223, -1.383604524469955], [5.299973284115834, 0.09030530006764735, -0.15153516635719086], [3.5264089237689418, 2.016982103690363, 1.8821973840324242], [3.527783330164961, 1.1058599727091882, 0.04272549043569304]]
 1.0 H    H              1.0000    -3.626798    -2.337160    -1.481011       1.007825
 1.0 H    H              1.0000    -5.292508    -0.104202     0.315185       1.007825
 1.0 H    H              1.0000    -3.357135    -2.334846     1.822675       1.007825
 6.0 C    C              6.0000    -3.517977    -1.124290     0.172649      12.000000
 1.0 H    H              1.0000    -1.252895     1.881646     1.673284       1.007825
 1.0 H    H              1.0000    -1.526196     1.953653    -1.603160       1.007825
 6.0 C    C              6.0000    -1.277032     0.688971    -0.001862      12.000000
 1.0 H    H              1.0000     1.360234    -1.641693    -2.042230       1.007825
 1.0 H    H              1.0000     1.384165    -2.128399     1.210082       1.007825
 6.0 C    C              6.0000     1.266302    -0.668801    -0.233827      12.000000
 1.0 H    H              1.0000     3.495755     2.583000    -1.383605       1.007825
 1.0 H    H              1.0000     5.299973     0.090305    -0.151535       1.007825
 1.0 H    H              1.0000     3.526409     2.016982     1.882197       1.007825
 6.0 C    C              6.0000     3.527783     1.105860     0.042725      12.000000
------------------------
    Table of Energies   
------------------------
         D          E(SCF)
     180.0 -157.2964048711
   169.999 -157.2964048715
   159.998 -157.2964048715
   149.997 -157.2964048715
   139.996 -157.2964048715
   129.995 -157.2964048715
   119.994 -157.2964048715
   109.993 -157.2964048715
    99.992 -157.2964048715
    89.991 -157.2964048715
     79.99 -157.2964048715
    69.989 -157.2964048715
    59.988 -157.2964048715
    49.987 -157.2964048715
    39.986 -157.2964048715
    29.985 -157.2964048715
    19.984 -157.2964048715
     9.983 -157.2964048715
    -0.018 -157.2964048715
   -10.019 -157.2964048715
    -20.02 -157.2964048715
   -30.021 -157.2964048715
   -40.022 -157.2964048715
   -50.023 -157.2964048715
   -60.024 -157.2964048715
   -70.025 -157.2964048715
   -80.026 -157.2964048715
   -90.027 -157.2964048715
  -100.028 -157.2964048715
  -110.029 -157.2964048715
   -120.03 -157.2925797092
  -130.031 -157.2930515973
  -140.032 -157.2942004888
  -150.033 -157.2956887879
  -160.034 -157.2970475371
  -170.035 -157.2980478647

Relative table (Kcal/mol)
         D          E(SCF)
     180.0    1.0309940917
   169.999    1.0309938896
   159.998    1.0309938875
   149.997    1.0309938875
   139.996    1.0309938875
   129.995    1.0309938875
   119.994    1.0309938875
   109.993    1.0309938875
    99.992    1.0309938875
    89.991    1.0309938875
     79.99    1.0309938875
    69.989    1.0309938875
    59.988    1.0309938875
    49.987    1.0309938875
    39.986    1.0309938875
    29.985    1.0309938875
    19.984    1.0309938875
     9.983    1.0309938875
    -0.018    1.0309938875
   -10.019    1.0309938875
    -20.02    1.0309938875
   -30.021    1.0309938875
   -40.022    1.0309938875
   -50.023    1.0309938875
   -60.024    1.0309938875
   -70.025    1.0309938875
   -80.026    1.0309938875
   -90.027    1.0309938875
  -100.028    1.0309938875
  -110.029    1.0309938875
   -120.03    3.4313195531
  -130.031    3.1352052974
  -140.032    2.4142649491
  -150.033    1.4803431183
  -160.034    0.6277151282
  -170.035    0.0000000000

