-------------------------------------------
|   Optimized geometry for dihedral -180.00  |
-------------------------------------------
[[-3.3665238823150165, -2.5303721013306766, -1.7477011282183958], [-5.309478631397212, -0.598095234230694, 0.2018880465892659], [-3.2053000620841234, -2.8204251418839075, 1.595795628407481], [-3.4171544270192924, -1.4518844497712553, 0.036512708144174524], [-1.4766039250292764, 1.6441302766308528, 1.8865624294172623], [-1.6356738874229488, 1.9311872825736263, -1.4320166303804878], [-1.333985639878463, 0.552392583807025, 0.10977709098542118], [1.4779792917384345, -1.6395496893298673, -1.8928716523565958], [1.6336460422972692, -1.9346183388490834, 1.425155663145934], [1.3338015232565092, -0.5520510725274296, -0.11360972420069655], [3.2083226133693565, 2.8230432387957705, -1.590026412201579], [5.309735930031261, 0.5976564128517832, -0.19675895658211448], [3.3640607061466152, 2.526768064712315, 1.7531780740269913], [3.417324753627234, 1.4515660538036537, -0.03294925339219127]]
 1.0 H    H              1.0000    -3.366524    -2.530372    -1.747701       1.007825
 1.0 H    H              1.0000    -5.309479    -0.598095     0.201888       1.007825
 1.0 H    H              1.0000    -3.205300    -2.820425     1.595796       1.007825
 6.0 C    C              6.0000    -3.417154    -1.451884     0.036513      12.000000
 1.0 H    H              1.0000    -1.476604     1.644130     1.886562       1.007825
 1.0 H    H              1.0000    -1.635674     1.931187    -1.432017       1.007825
 6.0 C    C              6.0000    -1.333986     0.552393     0.109777      12.000000
 1.0 H    H              1.0000     1.477979    -1.639550    -1.892872       1.007825
 1.0 H    H              1.0000     1.633646    -1.934618     1.425156       1.007825
 6.0 C    C              6.0000     1.333802    -0.552051    -0.113610      12.000000
 1.0 H    H              1.0000     3.208323     2.823043    -1.590026       1.007825
 1.0 H    H              1.0000     5.309736     0.597656    -0.196759       1.007825
 1.0 H    H              1.0000     3.364061     2.526768     1.753178       1.007825
 6.0 C    C              6.0000     3.417325     1.451566    -0.032949      12.000000
-------------------------------------------
|   Optimized geometry for dihedral -190.00  |
-------------------------------------------
[[-3.3665238823150156, -2.5303721013306766, -1.7477011282183958], [-5.30947863139721, -0.598095234230694, 0.20188804658926585], [-3.2053000620841225, -2.8204251418839075, 1.595795628407481], [-3.4171544270192915, -1.4518844497712553, 0.03651270814417451], [-1.476603925029275, 1.6441302766308528, 1.8865624294172623], [-1.6356738874229475, 1.9311872825736263, -1.4320166303804878], [-1.333985639878461, 0.552392583807025, 0.10977709098542116], [1.4779792917384358, -1.6395496893298673, -1.8928716523565958], [1.6336460422972705, -1.9346183388490834, 1.425155663145934], [1.3338015232565092, -0.5520510725274296, -0.11360972420069657], [3.2083226133693565, 2.8230432387957705, -1.590026412201579], [5.3097359300312625, 0.5976564128517832, -0.19675895658211448], [3.364060706146616, 2.526768064712315, 1.7531780740269913], [3.417324753627233, 1.4515660538036537, -0.03294925339219127]]
 1.0 H    H              1.0000    -3.366524    -2.530372    -1.747701       1.007825
 1.0 H    H              1.0000    -5.309479    -0.598095     0.201888       1.007825
 1.0 H    H              1.0000    -3.205300    -2.820425     1.595796       1.007825
 6.0 C    C              6.0000    -3.417154    -1.451884     0.036513      12.000000
 1.0 H    H              1.0000    -1.476604     1.644130     1.886562       1.007825
 1.0 H    H              1.0000    -1.635674     1.931187    -1.432017       1.007825
 6.0 C    C              6.0000    -1.333986     0.552393     0.109777      12.000000
 1.0 H    H              1.0000     1.477979    -1.639550    -1.892872       1.007825
 1.0 H    H              1.0000     1.633646    -1.934618     1.425156       1.007825
 6.0 C    C              6.0000     1.333802    -0.552051    -0.113610      12.000000
 1.0 H    H              1.0000     3.208323     2.823043    -1.590026       1.007825
 1.0 H    H              1.0000     5.309736     0.597656    -0.196759       1.007825
 1.0 H    H              1.0000     3.364061     2.526768     1.753178       1.007825
 6.0 C    C              6.0000     3.417325     1.451566    -0.032949      12.000000
-------------------------------------------
|   Optimized geometry for dihedral -200.00  |
-------------------------------------------
[[-3.3665238823150156, -2.5303721013306766, -1.7477011282183958], [-5.30947863139721, -0.598095234230694, 0.20188804658926585], [-3.2053000620841225, -2.8204251418839075, 1.595795628407481], [-3.4171544270192915, -1.4518844497712553, 0.0365127081441745], [-1.4766039250292737, 1.6441302766308528, 1.8865624294172623], [-1.635673887422947, 1.9311872825736263, -1.4320166303804878], [-1.3339856398784606, 0.552392583807025, 0.10977709098542113], [1.4779792917384362, -1.6395496893298673, -1.8928716523565958], [1.633646042297271, -1.9346183388490834, 1.425155663145934], [1.3338015232565092, -0.5520510725274296, -0.11360972420069657], [3.2083226133693565, 2.8230432387957705, -1.590026412201579], [5.3097359300312625, 0.5976564128517832, -0.19675895658211448], [3.364060706146616, 2.526768064712315, 1.7531780740269913], [3.417324753627233, 1.4515660538036537, -0.03294925339219127]]
 1.0 H    H              1.0000    -3.366524    -2.530372    -1.747701       1.007825
 1.0 H    H              1.0000    -5.309479    -0.598095     0.201888       1.007825
 1.0 H    H              1.0000    -3.205300    -2.820425     1.595796       1.007825
 6.0 C    C              6.0000    -3.417154    -1.451884     0.036513      12.000000
 1.0 H    H              1.0000    -1.476604     1.644130     1.886562       1.007825
 1.0 H    H              1.0000    -1.635674     1.931187    -1.432017       1.007825
 6.0 C    C              6.0000    -1.333986     0.552393     0.109777      12.000000
 1.0 H    H              1.0000     1.477979    -1.639550    -1.892872       1.007825
 1.0 H    H              1.0000     1.633646    -1.934618     1.425156       1.007825
 6.0 C    C              6.0000     1.333802    -0.552051    -0.113610      12.000000
 1.0 H    H              1.0000     3.208323     2.823043    -1.590026       1.007825
 1.0 H    H              1.0000     5.309736     0.597656    -0.196759       1.007825
 1.0 H    H              1.0000     3.364061     2.526768     1.753178       1.007825
 6.0 C    C              6.0000     3.417325     1.451566    -0.032949      12.000000
-------------------------------------------
|   Optimized geometry for dihedral -210.00  |
-------------------------------------------
[[-3.3665238823150156, -2.5303721013306766, -1.7477011282183958], [-5.30947863139721, -0.598095234230694, 0.20188804658926585], [-3.2053000620841225, -2.8204251418839075, 1.595795628407481], [-3.4171544270192915, -1.4518844497712553, 0.03651270814417449], [-1.4766039250292735, 1.6441302766308528, 1.8865624294172623], [-1.635673887422947, 1.9311872825736263, -1.4320166303804878], [-1.3339856398784606, 0.552392583807025, 0.10977709098542111], [1.4779792917384362, -1.6395496893298673, -1.8928716523565958], [1.633646042297271, -1.9346183388490834, 1.425155663145934], [1.3338015232565092, -0.5520510725274296, -0.11360972420069657], [3.2083226133693565, 2.8230432387957705, -1.590026412201579], [5.3097359300312625, 0.5976564128517832, -0.19675895658211448], [3.364060706146616, 2.526768064712315, 1.7531780740269913], [3.417324753627233, 1.4515660538036537, -0.03294925339219127]]
 1.0 H    H              1.0000    -3.366524    -2.530372    -1.747701       1.007825
 1.0 H    H              1.0000    -5.309479    -0.598095     0.201888       1.007825
 1.0 H    H              1.0000    -3.205300    -2.820425     1.595796       1.007825
 6.0 C    C              6.0000    -3.417154    -1.451884     0.036513      12.000000
 1.0 H    H              1.0000    -1.476604     1.644130     1.886562       1.007825
 1.0 H    H              1.0000    -1.635674     1.931187    -1.432017       1.007825
 6.0 C    C              6.0000    -1.333986     0.552393     0.109777      12.000000
 1.0 H    H              1.0000     1.477979    -1.639550    -1.892872       1.007825
 1.0 H    H              1.0000     1.633646    -1.934618     1.425156       1.007825
 6.0 C    C              6.0000     1.333802    -0.552051    -0.113610      12.000000
 1.0 H    H              1.0000     3.208323     2.823043    -1.590026       1.007825
 1.0 H    H              1.0000     5.309736     0.597656    -0.196759       1.007825
 1.0 H    H              1.0000     3.364061     2.526768     1.753178       1.007825
 6.0 C    C              6.0000     3.417325     1.451566    -0.032949      12.000000
-------------------------------------------
|   Optimized geometry for dihedral -220.00  |
-------------------------------------------
[[-3.3665238823150156, -2.5303721013306766, -1.7477011282183958], [-5.30947863139721, -0.598095234230694, 0.20188804658926585], [-3.2053000620841225, -2.8204251418839075, 1.595795628407481], [-3.4171544270192915, -1.4518844497712553, 0.03651270814417449], [-1.4766039250292735, 1.6441302766308528, 1.8865624294172623], [-1.635673887422947, 1.9311872825736263, -1.4320166303804878], [-1.3339856398784606, 0.552392583807025, 0.10977709098542111], [1.4779792917384362, -1.6395496893298673, -1.8928716523565958], [1.633646042297271, -1.9346183388490834, 1.425155663145934], [1.3338015232565092, -0.5520510725274296, -0.11360972420069657], [3.2083226133693565, 2.8230432387957705, -1.590026412201579], [5.3097359300312625, 0.5976564128517832, -0.19675895658211448], [3.364060706146616, 2.526768064712315, 1.7531780740269913], [3.417324753627233, 1.4515660538036537, -0.03294925339219127]]
 1.0 H    H              1.0000    -3.366524    -2.530372    -1.747701       1.007825
 1.0 H    H              1.0000    -5.309479    -0.598095     0.201888       1.007825
 1.0 H    H              1.0000    -3.205300    -2.820425     1.595796       1.007825
 6.0 C    C              6.0000    -3.417154    -1.451884     0.036513      12.000000
 1.0 H    H              1.0000    -1.476604     1.644130     1.886562       1.007825
 1.0 H    H              1.0000    -1.635674     1.931187    -1.432017       1.007825
 6.0 C    C              6.0000    -1.333986     0.552393     0.109777      12.000000
 1.0 H    H              1.0000     1.477979    -1.639550    -1.892872       1.007825
 1.0 H    H              1.0000     1.633646    -1.934618     1.425156       1.007825
 6.0 C    C              6.0000     1.333802    -0.552051    -0.113610      12.000000
 1.0 H    H              1.0000     3.208323     2.823043    -1.590026       1.007825
 1.0 H    H              1.0000     5.309736     0.597656    -0.196759       1.007825
 1.0 H    H              1.0000     3.364061     2.526768     1.753178       1.007825
 6.0 C    C              6.0000     3.417325     1.451566    -0.032949      12.000000
-------------------------------------------
|   Optimized geometry for dihedral -230.00  |
-------------------------------------------
[[-3.3665238823150156, -2.5303721013306766, -1.7477011282183958], [-5.30947863139721, -0.598095234230694, 0.20188804658926585], [-3.2053000620841225, -2.8204251418839075, 1.595795628407481], [-3.4171544270192915, -1.4518844497712553, 0.03651270814417449], [-1.4766039250292735, 1.6441302766308528, 1.8865624294172623], [-1.635673887422947, 1.9311872825736263, -1.4320166303804878], [-1.3339856398784606, 0.552392583807025, 0.10977709098542111], [1.4779792917384362, -1.6395496893298673, -1.8928716523565958], [1.633646042297271, -1.9346183388490834, 1.425155663145934], [1.3338015232565092, -0.5520510725274296, -0.11360972420069657], [3.2083226133693565, 2.8230432387957705, -1.590026412201579], [5.3097359300312625, 0.5976564128517832, -0.19675895658211448], [3.364060706146616, 2.526768064712315, 1.7531780740269913], [3.417324753627233, 1.4515660538036537, -0.03294925339219127]]
 1.0 H    H              1.0000    -3.366524    -2.530372    -1.747701       1.007825
 1.0 H    H              1.0000    -5.309479    -0.598095     0.201888       1.007825
 1.0 H    H              1.0000    -3.205300    -2.820425     1.595796       1.007825
 6.0 C    C              6.0000    -3.417154    -1.451884     0.036513      12.000000
 1.0 H    H              1.0000    -1.476604     1.644130     1.886562       1.007825
 1.0 H    H              1.0000    -1.635674     1.931187    -1.432017       1.007825
 6.0 C    C              6.0000    -1.333986     0.552393     0.109777      12.000000
 1.0 H    H              1.0000     1.477979    -1.639550    -1.892872       1.007825
 1.0 H    H              1.0000     1.633646    -1.934618     1.425156       1.007825
 6.0 C    C              6.0000     1.333802    -0.552051    -0.113610      12.000000
 1.0 H    H              1.0000     3.208323     2.823043    -1.590026       1.007825
 1.0 H    H              1.0000     5.309736     0.597656    -0.196759       1.007825
 1.0 H    H              1.0000     3.364061     2.526768     1.753178       1.007825
 6.0 C    C              6.0000     3.417325     1.451566    -0.032949      12.000000
-------------------------------------------
|   Optimized geometry for dihedral -240.01  |
-------------------------------------------
[[-3.3665238823150156, -2.5303721013306766, -1.7477011282183958], [-5.30947863139721, -0.598095234230694, 0.20188804658926585], [-3.2053000620841225, -2.8204251418839075, 1.595795628407481], [-3.4171544270192915, -1.4518844497712553, 0.03651270814417449], [-1.4766039250292735, 1.6441302766308528, 1.8865624294172623], [-1.635673887422947, 1.9311872825736263, -1.4320166303804878], [-1.3339856398784606, 0.552392583807025, 0.10977709098542111], [1.4779792917384362, -1.6395496893298673, -1.8928716523565958], [1.633646042297271, -1.9346183388490834, 1.425155663145934], [1.3338015232565092, -0.5520510725274296, -0.11360972420069657], [3.2083226133693565, 2.8230432387957705, -1.590026412201579], [5.3097359300312625, 0.5976564128517832, -0.19675895658211448], [3.364060706146616, 2.526768064712315, 1.7531780740269913], [3.417324753627233, 1.4515660538036537, -0.03294925339219127]]
 1.0 H    H              1.0000    -3.366524    -2.530372    -1.747701       1.007825
 1.0 H    H              1.0000    -5.309479    -0.598095     0.201888       1.007825
 1.0 H    H              1.0000    -3.205300    -2.820425     1.595796       1.007825
 6.0 C    C              6.0000    -3.417154    -1.451884     0.036513      12.000000
 1.0 H    H              1.0000    -1.476604     1.644130     1.886562       1.007825
 1.0 H    H              1.0000    -1.635674     1.931187    -1.432017       1.007825
 6.0 C    C              6.0000    -1.333986     0.552393     0.109777      12.000000
 1.0 H    H              1.0000     1.477979    -1.639550    -1.892872       1.007825
 1.0 H    H              1.0000     1.633646    -1.934618     1.425156       1.007825
 6.0 C    C              6.0000     1.333802    -0.552051    -0.113610      12.000000
 1.0 H    H              1.0000     3.208323     2.823043    -1.590026       1.007825
 1.0 H    H              1.0000     5.309736     0.597656    -0.196759       1.007825
 1.0 H    H              1.0000     3.364061     2.526768     1.753178       1.007825
 6.0 C    C              6.0000     3.417325     1.451566    -0.032949      12.000000
-------------------------------------------
|   Optimized geometry for dihedral -250.01  |
-------------------------------------------
[[-3.3665238823150156, -2.5303721013306766, -1.7477011282183958], [-5.30947863139721, -0.598095234230694, 0.20188804658926585], [-3.2053000620841225, -2.8204251418839075, 1.595795628407481], [-3.4171544270192915, -1.4518844497712553, 0.03651270814417449], [-1.4766039250292735, 1.6441302766308528, 1.8865624294172623], [-1.635673887422947, 1.9311872825736263, -1.4320166303804878], [-1.3339856398784606, 0.552392583807025, 0.10977709098542111], [1.4779792917384362, -1.6395496893298673, -1.8928716523565958], [1.633646042297271, -1.9346183388490834, 1.425155663145934], [1.3338015232565092, -0.5520510725274296, -0.11360972420069657], [3.2083226133693565, 2.8230432387957705, -1.590026412201579], [5.3097359300312625, 0.5976564128517832, -0.19675895658211448], [3.364060706146616, 2.526768064712315, 1.7531780740269913], [3.417324753627233, 1.4515660538036537, -0.03294925339219127]]
 1.0 H    H              1.0000    -3.366524    -2.530372    -1.747701       1.007825
 1.0 H    H              1.0000    -5.309479    -0.598095     0.201888       1.007825
 1.0 H    H              1.0000    -3.205300    -2.820425     1.595796       1.007825
 6.0 C    C              6.0000    -3.417154    -1.451884     0.036513      12.000000
 1.0 H    H              1.0000    -1.476604     1.644130     1.886562       1.007825
 1.0 H    H              1.0000    -1.635674     1.931187    -1.432017       1.007825
 6.0 C    C              6.0000    -1.333986     0.552393     0.109777      12.000000
 1.0 H    H              1.0000     1.477979    -1.639550    -1.892872       1.007825
 1.0 H    H              1.0000     1.633646    -1.934618     1.425156       1.007825
 6.0 C    C              6.0000     1.333802    -0.552051    -0.113610      12.000000
 1.0 H    H              1.0000     3.208323     2.823043    -1.590026       1.007825
 1.0 H    H              1.0000     5.309736     0.597656    -0.196759       1.007825
 1.0 H    H              1.0000     3.364061     2.526768     1.753178       1.007825
 6.0 C    C              6.0000     3.417325     1.451566    -0.032949      12.000000
-------------------------------------------
|   Optimized geometry for dihedral -260.01  |
-------------------------------------------
[[-3.3665238823150156, -2.5303721013306766, -1.7477011282183958], [-5.30947863139721, -0.598095234230694, 0.20188804658926585], [-3.2053000620841225, -2.8204251418839075, 1.595795628407481], [-3.4171544270192915, -1.4518844497712553, 0.03651270814417449], [-1.4766039250292735, 1.6441302766308528, 1.8865624294172623], [-1.635673887422947, 1.9311872825736263, -1.4320166303804878], [-1.3339856398784606, 0.552392583807025, 0.10977709098542111], [1.4779792917384362, -1.6395496893298673, -1.8928716523565958], [1.633646042297271, -1.9346183388490834, 1.425155663145934], [1.3338015232565092, -0.5520510725274296, -0.11360972420069657], [3.2083226133693565, 2.8230432387957705, -1.590026412201579], [5.3097359300312625, 0.5976564128517832, -0.19675895658211448], [3.364060706146616, 2.526768064712315, 1.7531780740269913], [3.417324753627233, 1.4515660538036537, -0.03294925339219127]]
 1.0 H    H              1.0000    -3.366524    -2.530372    -1.747701       1.007825
 1.0 H    H              1.0000    -5.309479    -0.598095     0.201888       1.007825
 1.0 H    H              1.0000    -3.205300    -2.820425     1.595796       1.007825
 6.0 C    C              6.0000    -3.417154    -1.451884     0.036513      12.000000
 1.0 H    H              1.0000    -1.476604     1.644130     1.886562       1.007825
 1.0 H    H              1.0000    -1.635674     1.931187    -1.432017       1.007825
 6.0 C    C              6.0000    -1.333986     0.552393     0.109777      12.000000
 1.0 H    H              1.0000     1.477979    -1.639550    -1.892872       1.007825
 1.0 H    H              1.0000     1.633646    -1.934618     1.425156       1.007825
 6.0 C    C              6.0000     1.333802    -0.552051    -0.113610      12.000000
 1.0 H    H              1.0000     3.208323     2.823043    -1.590026       1.007825
 1.0 H    H              1.0000     5.309736     0.597656    -0.196759       1.007825
 1.0 H    H              1.0000     3.364061     2.526768     1.753178       1.007825
 6.0 C    C              6.0000     3.417325     1.451566    -0.032949      12.000000
-------------------------------------------
|   Optimized geometry for dihedral -270.01  |
-------------------------------------------
[[-3.3665238823150156, -2.5303721013306766, -1.7477011282183958], [-5.30947863139721, -0.598095234230694, 0.20188804658926585], [-3.2053000620841225, -2.8204251418839075, 1.595795628407481], [-3.4171544270192915, -1.4518844497712553, 0.03651270814417449], [-1.4766039250292735, 1.6441302766308528, 1.8865624294172623], [-1.635673887422947, 1.9311872825736263, -1.4320166303804878], [-1.3339856398784606, 0.552392583807025, 0.10977709098542111], [1.4779792917384362, -1.6395496893298673, -1.8928716523565958], [1.633646042297271, -1.9346183388490834, 1.425155663145934], [1.3338015232565092, -0.5520510725274296, -0.11360972420069657], [3.2083226133693565, 2.8230432387957705, -1.590026412201579], [5.3097359300312625, 0.5976564128517832, -0.19675895658211448], [3.364060706146616, 2.526768064712315, 1.7531780740269913], [3.417324753627233, 1.4515660538036537, -0.03294925339219127]]
 1.0 H    H              1.0000    -3.366524    -2.530372    -1.747701       1.007825
 1.0 H    H              1.0000    -5.309479    -0.598095     0.201888       1.007825
 1.0 H    H              1.0000    -3.205300    -2.820425     1.595796       1.007825
 6.0 C    C              6.0000    -3.417154    -1.451884     0.036513      12.000000
 1.0 H    H              1.0000    -1.476604     1.644130     1.886562       1.007825
 1.0 H    H              1.0000    -1.635674     1.931187    -1.432017       1.007825
 6.0 C    C              6.0000    -1.333986     0.552393     0.109777      12.000000
 1.0 H    H              1.0000     1.477979    -1.639550    -1.892872       1.007825
 1.0 H    H              1.0000     1.633646    -1.934618     1.425156       1.007825
 6.0 C    C              6.0000     1.333802    -0.552051    -0.113610      12.000000
 1.0 H    H              1.0000     3.208323     2.823043    -1.590026       1.007825
 1.0 H    H              1.0000     5.309736     0.597656    -0.196759       1.007825
 1.0 H    H              1.0000     3.364061     2.526768     1.753178       1.007825
 6.0 C    C              6.0000     3.417325     1.451566    -0.032949      12.000000
-------------------------------------------
|   Optimized geometry for dihedral -280.01  |
-------------------------------------------
[[-3.3665238823150156, -2.5303721013306766, -1.7477011282183958], [-5.30947863139721, -0.598095234230694, 0.20188804658926585], [-3.2053000620841225, -2.8204251418839075, 1.595795628407481], [-3.4171544270192915, -1.4518844497712553, 0.03651270814417449], [-1.4766039250292735, 1.6441302766308528, 1.8865624294172623], [-1.635673887422947, 1.9311872825736263, -1.4320166303804878], [-1.3339856398784606, 0.552392583807025, 0.10977709098542111], [1.4779792917384362, -1.6395496893298673, -1.8928716523565958], [1.633646042297271, -1.9346183388490834, 1.425155663145934], [1.3338015232565092, -0.5520510725274296, -0.11360972420069657], [3.2083226133693565, 2.8230432387957705, -1.590026412201579], [5.3097359300312625, 0.5976564128517832, -0.19675895658211448], [3.364060706146616, 2.526768064712315, 1.7531780740269913], [3.417324753627233, 1.4515660538036537, -0.03294925339219127]]
 1.0 H    H              1.0000    -3.366524    -2.530372    -1.747701       1.007825
 1.0 H    H              1.0000    -5.309479    -0.598095     0.201888       1.007825
 1.0 H    H              1.0000    -3.205300    -2.820425     1.595796       1.007825
 6.0 C    C              6.0000    -3.417154    -1.451884     0.036513      12.000000
 1.0 H    H              1.0000    -1.476604     1.644130     1.886562       1.007825
 1.0 H    H              1.0000    -1.635674     1.931187    -1.432017       1.007825
 6.0 C    C              6.0000    -1.333986     0.552393     0.109777      12.000000
 1.0 H    H              1.0000     1.477979    -1.639550    -1.892872       1.007825
 1.0 H    H              1.0000     1.633646    -1.934618     1.425156       1.007825
 6.0 C    C              6.0000     1.333802    -0.552051    -0.113610      12.000000
 1.0 H    H              1.0000     3.208323     2.823043    -1.590026       1.007825
 1.0 H    H              1.0000     5.309736     0.597656    -0.196759       1.007825
 1.0 H    H              1.0000     3.364061     2.526768     1.753178       1.007825
 6.0 C    C              6.0000     3.417325     1.451566    -0.032949      12.000000
-------------------------------------------
|   Optimized geometry for dihedral -290.01  |
-------------------------------------------
[[-3.3665238823150156, -2.5303721013306766, -1.7477011282183958], [-5.30947863139721, -0.598095234230694, 0.20188804658926585], [-3.2053000620841225, -2.8204251418839075, 1.595795628407481], [-3.4171544270192915, -1.4518844497712553, 0.03651270814417449], [-1.4766039250292735, 1.6441302766308528, 1.8865624294172623], [-1.635673887422947, 1.9311872825736263, -1.4320166303804878], [-1.3339856398784606, 0.552392583807025, 0.10977709098542111], [1.4779792917384362, -1.6395496893298673, -1.8928716523565958], [1.633646042297271, -1.9346183388490834, 1.425155663145934], [1.3338015232565092, -0.5520510725274296, -0.11360972420069657], [3.2083226133693565, 2.8230432387957705, -1.590026412201579], [5.3097359300312625, 0.5976564128517832, -0.19675895658211448], [3.364060706146616, 2.526768064712315, 1.7531780740269913], [3.417324753627233, 1.4515660538036537, -0.03294925339219127]]
 1.0 H    H              1.0000    -3.366524    -2.530372    -1.747701       1.007825
 1.0 H    H              1.0000    -5.309479    -0.598095     0.201888       1.007825
 1.0 H    H              1.0000    -3.205300    -2.820425     1.595796       1.007825
 6.0 C    C              6.0000    -3.417154    -1.451884     0.036513      12.000000
 1.0 H    H              1.0000    -1.476604     1.644130     1.886562       1.007825
 1.0 H    H              1.0000    -1.635674     1.931187    -1.432017       1.007825
 6.0 C    C              6.0000    -1.333986     0.552393     0.109777      12.000000
 1.0 H    H              1.0000     1.477979    -1.639550    -1.892872       1.007825
 1.0 H    H              1.0000     1.633646    -1.934618     1.425156       1.007825
 6.0 C    C              6.0000     1.333802    -0.552051    -0.113610      12.000000
 1.0 H    H              1.0000     3.208323     2.823043    -1.590026       1.007825
 1.0 H    H              1.0000     5.309736     0.597656    -0.196759       1.007825
 1.0 H    H              1.0000     3.364061     2.526768     1.753178       1.007825
 6.0 C    C              6.0000     3.417325     1.451566    -0.032949      12.000000
-------------------------------------------
|   Optimized geometry for dihedral -300.01  |
-------------------------------------------
[[-3.3665238823150156, -2.5303721013306766, -1.7477011282183958], [-5.30947863139721, -0.598095234230694, 0.20188804658926585], [-3.2053000620841225, -2.8204251418839075, 1.595795628407481], [-3.4171544270192915, -1.4518844497712553, 0.03651270814417449], [-1.4766039250292735, 1.6441302766308528, 1.8865624294172623], [-1.635673887422947, 1.9311872825736263, -1.4320166303804878], [-1.3339856398784606, 0.552392583807025, 0.10977709098542111], [1.4779792917384362, -1.6395496893298673, -1.8928716523565958], [1.633646042297271, -1.9346183388490834, 1.425155663145934], [1.3338015232565092, -0.5520510725274296, -0.11360972420069657], [3.2083226133693565, 2.8230432387957705, -1.590026412201579], [5.3097359300312625, 0.5976564128517832, -0.19675895658211448], [3.364060706146616, 2.526768064712315, 1.7531780740269913], [3.417324753627233, 1.4515660538036537, -0.03294925339219127]]
 1.0 H    H              1.0000    -3.366524    -2.530372    -1.747701       1.007825
 1.0 H    H              1.0000    -5.309479    -0.598095     0.201888       1.007825
 1.0 H    H              1.0000    -3.205300    -2.820425     1.595796       1.007825
 6.0 C    C              6.0000    -3.417154    -1.451884     0.036513      12.000000
 1.0 H    H              1.0000    -1.476604     1.644130     1.886562       1.007825
 1.0 H    H              1.0000    -1.635674     1.931187    -1.432017       1.007825
 6.0 C    C              6.0000    -1.333986     0.552393     0.109777      12.000000
 1.0 H    H              1.0000     1.477979    -1.639550    -1.892872       1.007825
 1.0 H    H              1.0000     1.633646    -1.934618     1.425156       1.007825
 6.0 C    C              6.0000     1.333802    -0.552051    -0.113610      12.000000
 1.0 H    H              1.0000     3.208323     2.823043    -1.590026       1.007825
 1.0 H    H              1.0000     5.309736     0.597656    -0.196759       1.007825
 1.0 H    H              1.0000     3.364061     2.526768     1.753178       1.007825
 6.0 C    C              6.0000     3.417325     1.451566    -0.032949      12.000000
-------------------------------------------
|   Optimized geometry for dihedral -310.01  |
-------------------------------------------
[[-3.3665238823150156, -2.5303721013306766, -1.7477011282183958], [-5.30947863139721, -0.598095234230694, 0.20188804658926585], [-3.2053000620841225, -2.8204251418839075, 1.595795628407481], [-3.4171544270192915, -1.4518844497712553, 0.03651270814417449], [-1.4766039250292735, 1.6441302766308528, 1.8865624294172623], [-1.635673887422947, 1.9311872825736263, -1.4320166303804878], [-1.3339856398784606, 0.552392583807025, 0.10977709098542111], [1.4779792917384362, -1.6395496893298673, -1.8928716523565958], [1.633646042297271, -1.9346183388490834, 1.425155663145934], [1.3338015232565092, -0.5520510725274296, -0.11360972420069657], [3.2083226133693565, 2.8230432387957705, -1.590026412201579], [5.3097359300312625, 0.5976564128517832, -0.19675895658211448], [3.364060706146616, 2.526768064712315, 1.7531780740269913], [3.417324753627233, 1.4515660538036537, -0.03294925339219127]]
 1.0 H    H              1.0000    -3.366524    -2.530372    -1.747701       1.007825
 1.0 H    H              1.0000    -5.309479    -0.598095     0.201888       1.007825
 1.0 H    H              1.0000    -3.205300    -2.820425     1.595796       1.007825
 6.0 C    C              6.0000    -3.417154    -1.451884     0.036513      12.000000
 1.0 H    H              1.0000    -1.476604     1.644130     1.886562       1.007825
 1.0 H    H              1.0000    -1.635674     1.931187    -1.432017       1.007825
 6.0 C    C              6.0000    -1.333986     0.552393     0.109777      12.000000
 1.0 H    H              1.0000     1.477979    -1.639550    -1.892872       1.007825
 1.0 H    H              1.0000     1.633646    -1.934618     1.425156       1.007825
 6.0 C    C              6.0000     1.333802    -0.552051    -0.113610      12.000000
 1.0 H    H              1.0000     3.208323     2.823043    -1.590026       1.007825
 1.0 H    H              1.0000     5.309736     0.597656    -0.196759       1.007825
 1.0 H    H              1.0000     3.364061     2.526768     1.753178       1.007825
 6.0 C    C              6.0000     3.417325     1.451566    -0.032949      12.000000
-------------------------------------------
|   Optimized geometry for dihedral -320.01  |
-------------------------------------------
[[-3.3665238823150156, -2.5303721013306766, -1.7477011282183958], [-5.30947863139721, -0.598095234230694, 0.20188804658926585], [-3.2053000620841225, -2.8204251418839075, 1.595795628407481], [-3.4171544270192915, -1.4518844497712553, 0.03651270814417449], [-1.4766039250292735, 1.6441302766308528, 1.8865624294172623], [-1.635673887422947, 1.9311872825736263, -1.4320166303804878], [-1.3339856398784606, 0.552392583807025, 0.10977709098542111], [1.4779792917384362, -1.6395496893298673, -1.8928716523565958], [1.633646042297271, -1.9346183388490834, 1.425155663145934], [1.3338015232565092, -0.5520510725274296, -0.11360972420069657], [3.2083226133693565, 2.8230432387957705, -1.590026412201579], [5.3097359300312625, 0.5976564128517832, -0.19675895658211448], [3.364060706146616, 2.526768064712315, 1.7531780740269913], [3.417324753627233, 1.4515660538036537, -0.03294925339219127]]
 1.0 H    H              1.0000    -3.366524    -2.530372    -1.747701       1.007825
 1.0 H    H              1.0000    -5.309479    -0.598095     0.201888       1.007825
 1.0 H    H              1.0000    -3.205300    -2.820425     1.595796       1.007825
 6.0 C    C              6.0000    -3.417154    -1.451884     0.036513      12.000000
 1.0 H    H              1.0000    -1.476604     1.644130     1.886562       1.007825
 1.0 H    H              1.0000    -1.635674     1.931187    -1.432017       1.007825
 6.0 C    C              6.0000    -1.333986     0.552393     0.109777      12.000000
 1.0 H    H              1.0000     1.477979    -1.639550    -1.892872       1.007825
 1.0 H    H              1.0000     1.633646    -1.934618     1.425156       1.007825
 6.0 C    C              6.0000     1.333802    -0.552051    -0.113610      12.000000
 1.0 H    H              1.0000     3.208323     2.823043    -1.590026       1.007825
 1.0 H    H              1.0000     5.309736     0.597656    -0.196759       1.007825
 1.0 H    H              1.0000     3.364061     2.526768     1.753178       1.007825
 6.0 C    C              6.0000     3.417325     1.451566    -0.032949      12.000000
-------------------------------------------
|   Optimized geometry for dihedral -330.01  |
-------------------------------------------
[[-3.3665238823150156, -2.5303721013306766, -1.7477011282183958], [-5.30947863139721, -0.598095234230694, 0.20188804658926585], [-3.2053000620841225, -2.8204251418839075, 1.595795628407481], [-3.4171544270192915, -1.4518844497712553, 0.03651270814417449], [-1.4766039250292735, 1.6441302766308528, 1.8865624294172623], [-1.635673887422947, 1.9311872825736263, -1.4320166303804878], [-1.3339856398784606, 0.552392583807025, 0.10977709098542111], [1.4779792917384362, -1.6395496893298673, -1.8928716523565958], [1.633646042297271, -1.9346183388490834, 1.425155663145934], [1.3338015232565092, -0.5520510725274296, -0.11360972420069657], [3.2083226133693565, 2.8230432387957705, -1.590026412201579], [5.3097359300312625, 0.5976564128517832, -0.19675895658211448], [3.364060706146616, 2.526768064712315, 1.7531780740269913], [3.417324753627233, 1.4515660538036537, -0.03294925339219127]]
 1.0 H    H              1.0000    -3.366524    -2.530372    -1.747701       1.007825
 1.0 H    H              1.0000    -5.309479    -0.598095     0.201888       1.007825
 1.0 H    H              1.0000    -3.205300    -2.820425     1.595796       1.007825
 6.0 C    C              6.0000    -3.417154    -1.451884     0.036513      12.000000
 1.0 H    H              1.0000    -1.476604     1.644130     1.886562       1.007825
 1.0 H    H              1.0000    -1.635674     1.931187    -1.432017       1.007825
 6.0 C    C              6.0000    -1.333986     0.552393     0.109777      12.000000
 1.0 H    H              1.0000     1.477979    -1.639550    -1.892872       1.007825
 1.0 H    H              1.0000     1.633646    -1.934618     1.425156       1.007825
 6.0 C    C              6.0000     1.333802    -0.552051    -0.113610      12.000000
 1.0 H    H              1.0000     3.208323     2.823043    -1.590026       1.007825
 1.0 H    H              1.0000     5.309736     0.597656    -0.196759       1.007825
 1.0 H    H              1.0000     3.364061     2.526768     1.753178       1.007825
 6.0 C    C              6.0000     3.417325     1.451566    -0.032949      12.000000
-------------------------------------------
|   Optimized geometry for dihedral -340.02  |
-------------------------------------------
[[-3.3665238823150156, -2.5303721013306766, -1.7477011282183958], [-5.30947863139721, -0.598095234230694, 0.20188804658926585], [-3.2053000620841225, -2.8204251418839075, 1.595795628407481], [-3.4171544270192915, -1.4518844497712553, 0.03651270814417449], [-1.4766039250292735, 1.6441302766308528, 1.8865624294172623], [-1.635673887422947, 1.9311872825736263, -1.4320166303804878], [-1.3339856398784606, 0.552392583807025, 0.10977709098542111], [1.4779792917384362, -1.6395496893298673, -1.8928716523565958], [1.633646042297271, -1.9346183388490834, 1.425155663145934], [1.3338015232565092, -0.5520510725274296, -0.11360972420069657], [3.2083226133693565, 2.8230432387957705, -1.590026412201579], [5.3097359300312625, 0.5976564128517832, -0.19675895658211448], [3.364060706146616, 2.526768064712315, 1.7531780740269913], [3.417324753627233, 1.4515660538036537, -0.03294925339219127]]
 1.0 H    H              1.0000    -3.366524    -2.530372    -1.747701       1.007825
 1.0 H    H              1.0000    -5.309479    -0.598095     0.201888       1.007825
 1.0 H    H              1.0000    -3.205300    -2.820425     1.595796       1.007825
 6.0 C    C              6.0000    -3.417154    -1.451884     0.036513      12.000000
 1.0 H    H              1.0000    -1.476604     1.644130     1.886562       1.007825
 1.0 H    H              1.0000    -1.635674     1.931187    -1.432017       1.007825
 6.0 C    C              6.0000    -1.333986     0.552393     0.109777      12.000000
 1.0 H    H              1.0000     1.477979    -1.639550    -1.892872       1.007825
 1.0 H    H              1.0000     1.633646    -1.934618     1.425156       1.007825
 6.0 C    C              6.0000     1.333802    -0.552051    -0.113610      12.000000
 1.0 H    H              1.0000     3.208323     2.823043    -1.590026       1.007825
 1.0 H    H              1.0000     5.309736     0.597656    -0.196759       1.007825
 1.0 H    H              1.0000     3.364061     2.526768     1.753178       1.007825
 6.0 C    C              6.0000     3.417325     1.451566    -0.032949      12.000000
-------------------------------------------
|   Optimized geometry for dihedral -350.02  |
-------------------------------------------
[[-3.3665238823150156, -2.5303721013306766, -1.7477011282183958], [-5.30947863139721, -0.598095234230694, 0.20188804658926585], [-3.2053000620841225, -2.8204251418839075, 1.595795628407481], [-3.4171544270192915, -1.4518844497712553, 0.03651270814417449], [-1.4766039250292735, 1.6441302766308528, 1.8865624294172623], [-1.635673887422947, 1.9311872825736263, -1.4320166303804878], [-1.3339856398784606, 0.552392583807025, 0.10977709098542111], [1.4779792917384362, -1.6395496893298673, -1.8928716523565958], [1.633646042297271, -1.9346183388490834, 1.425155663145934], [1.3338015232565092, -0.5520510725274296, -0.11360972420069657], [3.2083226133693565, 2.8230432387957705, -1.590026412201579], [5.3097359300312625, 0.5976564128517832, -0.19675895658211448], [3.364060706146616, 2.526768064712315, 1.7531780740269913], [3.417324753627233, 1.4515660538036537, -0.03294925339219127]]
 1.0 H    H              1.0000    -3.366524    -2.530372    -1.747701       1.007825
 1.0 H    H              1.0000    -5.309479    -0.598095     0.201888       1.007825
 1.0 H    H              1.0000    -3.205300    -2.820425     1.595796       1.007825
 6.0 C    C              6.0000    -3.417154    -1.451884     0.036513      12.000000
 1.0 H    H              1.0000    -1.476604     1.644130     1.886562       1.007825
 1.0 H    H              1.0000    -1.635674     1.931187    -1.432017       1.007825
 6.0 C    C              6.0000    -1.333986     0.552393     0.109777      12.000000
 1.0 H    H              1.0000     1.477979    -1.639550    -1.892872       1.007825
 1.0 H    H              1.0000     1.633646    -1.934618     1.425156       1.007825
 6.0 C    C              6.0000     1.333802    -0.552051    -0.113610      12.000000
 1.0 H    H              1.0000     3.208323     2.823043    -1.590026       1.007825
 1.0 H    H              1.0000     5.309736     0.597656    -0.196759       1.007825
 1.0 H    H              1.0000     3.364061     2.526768     1.753178       1.007825
 6.0 C    C              6.0000     3.417325     1.451566    -0.032949      12.000000
-------------------------------------------
|   Optimized geometry for dihedral -360.02  |
-------------------------------------------
[[-3.3665238823150156, -2.5303721013306766, -1.7477011282183958], [-5.30947863139721, -0.598095234230694, 0.20188804658926585], [-3.2053000620841225, -2.8204251418839075, 1.595795628407481], [-3.4171544270192915, -1.4518844497712553, 0.03651270814417449], [-1.4766039250292735, 1.6441302766308528, 1.8865624294172623], [-1.635673887422947, 1.9311872825736263, -1.4320166303804878], [-1.3339856398784606, 0.552392583807025, 0.10977709098542111], [1.4779792917384362, -1.6395496893298673, -1.8928716523565958], [1.633646042297271, -1.9346183388490834, 1.425155663145934], [1.3338015232565092, -0.5520510725274296, -0.11360972420069657], [3.2083226133693565, 2.8230432387957705, -1.590026412201579], [5.3097359300312625, 0.5976564128517832, -0.19675895658211448], [3.364060706146616, 2.526768064712315, 1.7531780740269913], [3.417324753627233, 1.4515660538036537, -0.03294925339219127]]
 1.0 H    H              1.0000    -3.366524    -2.530372    -1.747701       1.007825
 1.0 H    H              1.0000    -5.309479    -0.598095     0.201888       1.007825
 1.0 H    H              1.0000    -3.205300    -2.820425     1.595796       1.007825
 6.0 C    C              6.0000    -3.417154    -1.451884     0.036513      12.000000
 1.0 H    H              1.0000    -1.476604     1.644130     1.886562       1.007825
 1.0 H    H              1.0000    -1.635674     1.931187    -1.432017       1.007825
 6.0 C    C              6.0000    -1.333986     0.552393     0.109777      12.000000
 1.0 H    H              1.0000     1.477979    -1.639550    -1.892872       1.007825
 1.0 H    H              1.0000     1.633646    -1.934618     1.425156       1.007825
 6.0 C    C              6.0000     1.333802    -0.552051    -0.113610      12.000000
 1.0 H    H              1.0000     3.208323     2.823043    -1.590026       1.007825
 1.0 H    H              1.0000     5.309736     0.597656    -0.196759       1.007825
 1.0 H    H              1.0000     3.364061     2.526768     1.753178       1.007825
 6.0 C    C              6.0000     3.417325     1.451566    -0.032949      12.000000
-------------------------------------------
|   Optimized geometry for dihedral -370.02  |
-------------------------------------------
[[-3.3665238823150156, -2.5303721013306766, -1.7477011282183958], [-5.30947863139721, -0.598095234230694, 0.20188804658926585], [-3.2053000620841225, -2.8204251418839075, 1.595795628407481], [-3.4171544270192915, -1.4518844497712553, 0.03651270814417449], [-1.4766039250292735, 1.6441302766308528, 1.8865624294172623], [-1.635673887422947, 1.9311872825736263, -1.4320166303804878], [-1.3339856398784606, 0.552392583807025, 0.10977709098542111], [1.4779792917384362, -1.6395496893298673, -1.8928716523565958], [1.633646042297271, -1.9346183388490834, 1.425155663145934], [1.3338015232565092, -0.5520510725274296, -0.11360972420069657], [3.2083226133693565, 2.8230432387957705, -1.590026412201579], [5.3097359300312625, 0.5976564128517832, -0.19675895658211448], [3.364060706146616, 2.526768064712315, 1.7531780740269913], [3.417324753627233, 1.4515660538036537, -0.03294925339219127]]
 1.0 H    H              1.0000    -3.366524    -2.530372    -1.747701       1.007825
 1.0 H    H              1.0000    -5.309479    -0.598095     0.201888       1.007825
 1.0 H    H              1.0000    -3.205300    -2.820425     1.595796       1.007825
 6.0 C    C              6.0000    -3.417154    -1.451884     0.036513      12.000000
 1.0 H    H              1.0000    -1.476604     1.644130     1.886562       1.007825
 1.0 H    H              1.0000    -1.635674     1.931187    -1.432017       1.007825
 6.0 C    C              6.0000    -1.333986     0.552393     0.109777      12.000000
 1.0 H    H              1.0000     1.477979    -1.639550    -1.892872       1.007825
 1.0 H    H              1.0000     1.633646    -1.934618     1.425156       1.007825
 6.0 C    C              6.0000     1.333802    -0.552051    -0.113610      12.000000
 1.0 H    H              1.0000     3.208323     2.823043    -1.590026       1.007825
 1.0 H    H              1.0000     5.309736     0.597656    -0.196759       1.007825
 1.0 H    H              1.0000     3.364061     2.526768     1.753178       1.007825
 6.0 C    C              6.0000     3.417325     1.451566    -0.032949      12.000000
-------------------------------------------
|   Optimized geometry for dihedral -380.02  |
-------------------------------------------
[[-3.3665238823150156, -2.5303721013306766, -1.7477011282183958], [-5.30947863139721, -0.598095234230694, 0.20188804658926585], [-3.2053000620841225, -2.8204251418839075, 1.595795628407481], [-3.4171544270192915, -1.4518844497712553, 0.03651270814417449], [-1.4766039250292735, 1.6441302766308528, 1.8865624294172623], [-1.635673887422947, 1.9311872825736263, -1.4320166303804878], [-1.3339856398784606, 0.552392583807025, 0.10977709098542111], [1.4779792917384362, -1.6395496893298673, -1.8928716523565958], [1.633646042297271, -1.9346183388490834, 1.425155663145934], [1.3338015232565092, -0.5520510725274296, -0.11360972420069657], [3.2083226133693565, 2.8230432387957705, -1.590026412201579], [5.3097359300312625, 0.5976564128517832, -0.19675895658211448], [3.364060706146616, 2.526768064712315, 1.7531780740269913], [3.417324753627233, 1.4515660538036537, -0.03294925339219127]]
 1.0 H    H              1.0000    -3.366524    -2.530372    -1.747701       1.007825
 1.0 H    H              1.0000    -5.309479    -0.598095     0.201888       1.007825
 1.0 H    H              1.0000    -3.205300    -2.820425     1.595796       1.007825
 6.0 C    C              6.0000    -3.417154    -1.451884     0.036513      12.000000
 1.0 H    H              1.0000    -1.476604     1.644130     1.886562       1.007825
 1.0 H    H              1.0000    -1.635674     1.931187    -1.432017       1.007825
 6.0 C    C              6.0000    -1.333986     0.552393     0.109777      12.000000
 1.0 H    H              1.0000     1.477979    -1.639550    -1.892872       1.007825
 1.0 H    H              1.0000     1.633646    -1.934618     1.425156       1.007825
 6.0 C    C              6.0000     1.333802    -0.552051    -0.113610      12.000000
 1.0 H    H              1.0000     3.208323     2.823043    -1.590026       1.007825
 1.0 H    H              1.0000     5.309736     0.597656    -0.196759       1.007825
 1.0 H    H              1.0000     3.364061     2.526768     1.753178       1.007825
 6.0 C    C              6.0000     3.417325     1.451566    -0.032949      12.000000
-------------------------------------------
|   Optimized geometry for dihedral -390.02  |
-------------------------------------------
[[-3.3665238823150156, -2.5303721013306766, -1.7477011282183958], [-5.30947863139721, -0.598095234230694, 0.20188804658926585], [-3.2053000620841225, -2.8204251418839075, 1.595795628407481], [-3.4171544270192915, -1.4518844497712553, 0.03651270814417449], [-1.4766039250292735, 1.6441302766308528, 1.8865624294172623], [-1.635673887422947, 1.9311872825736263, -1.4320166303804878], [-1.3339856398784606, 0.552392583807025, 0.10977709098542111], [1.4779792917384362, -1.6395496893298673, -1.8928716523565958], [1.633646042297271, -1.9346183388490834, 1.425155663145934], [1.3338015232565092, -0.5520510725274296, -0.11360972420069657], [3.2083226133693565, 2.8230432387957705, -1.590026412201579], [5.3097359300312625, 0.5976564128517832, -0.19675895658211448], [3.364060706146616, 2.526768064712315, 1.7531780740269913], [3.417324753627233, 1.4515660538036537, -0.03294925339219127]]
 1.0 H    H              1.0000    -3.366524    -2.530372    -1.747701       1.007825
 1.0 H    H              1.0000    -5.309479    -0.598095     0.201888       1.007825
 1.0 H    H              1.0000    -3.205300    -2.820425     1.595796       1.007825
 6.0 C    C              6.0000    -3.417154    -1.451884     0.036513      12.000000
 1.0 H    H              1.0000    -1.476604     1.644130     1.886562       1.007825
 1.0 H    H              1.0000    -1.635674     1.931187    -1.432017       1.007825
 6.0 C    C              6.0000    -1.333986     0.552393     0.109777      12.000000
 1.0 H    H              1.0000     1.477979    -1.639550    -1.892872       1.007825
 1.0 H    H              1.0000     1.633646    -1.934618     1.425156       1.007825
 6.0 C    C              6.0000     1.333802    -0.552051    -0.113610      12.000000
 1.0 H    H              1.0000     3.208323     2.823043    -1.590026       1.007825
 1.0 H    H              1.0000     5.309736     0.597656    -0.196759       1.007825
 1.0 H    H              1.0000     3.364061     2.526768     1.753178       1.007825
 6.0 C    C              6.0000     3.417325     1.451566    -0.032949      12.000000
-------------------------------------------
|   Optimized geometry for dihedral -400.02  |
-------------------------------------------
[[-3.3665238823150156, -2.5303721013306766, -1.7477011282183958], [-5.30947863139721, -0.598095234230694, 0.20188804658926585], [-3.2053000620841225, -2.8204251418839075, 1.595795628407481], [-3.4171544270192915, -1.4518844497712553, 0.03651270814417449], [-1.4766039250292735, 1.6441302766308528, 1.8865624294172623], [-1.635673887422947, 1.9311872825736263, -1.4320166303804878], [-1.3339856398784606, 0.552392583807025, 0.10977709098542111], [1.4779792917384362, -1.6395496893298673, -1.8928716523565958], [1.633646042297271, -1.9346183388490834, 1.425155663145934], [1.3338015232565092, -0.5520510725274296, -0.11360972420069657], [3.2083226133693565, 2.8230432387957705, -1.590026412201579], [5.3097359300312625, 0.5976564128517832, -0.19675895658211448], [3.364060706146616, 2.526768064712315, 1.7531780740269913], [3.417324753627233, 1.4515660538036537, -0.03294925339219127]]
 1.0 H    H              1.0000    -3.366524    -2.530372    -1.747701       1.007825
 1.0 H    H              1.0000    -5.309479    -0.598095     0.201888       1.007825
 1.0 H    H              1.0000    -3.205300    -2.820425     1.595796       1.007825
 6.0 C    C              6.0000    -3.417154    -1.451884     0.036513      12.000000
 1.0 H    H              1.0000    -1.476604     1.644130     1.886562       1.007825
 1.0 H    H              1.0000    -1.635674     1.931187    -1.432017       1.007825
 6.0 C    C              6.0000    -1.333986     0.552393     0.109777      12.000000
 1.0 H    H              1.0000     1.477979    -1.639550    -1.892872       1.007825
 1.0 H    H              1.0000     1.633646    -1.934618     1.425156       1.007825
 6.0 C    C              6.0000     1.333802    -0.552051    -0.113610      12.000000
 1.0 H    H              1.0000     3.208323     2.823043    -1.590026       1.007825
 1.0 H    H              1.0000     5.309736     0.597656    -0.196759       1.007825
 1.0 H    H              1.0000     3.364061     2.526768     1.753178       1.007825
 6.0 C    C              6.0000     3.417325     1.451566    -0.032949      12.000000
-------------------------------------------
|   Optimized geometry for dihedral -410.02  |
-------------------------------------------
[[-3.3665238823150156, -2.5303721013306766, -1.7477011282183958], [-5.30947863139721, -0.598095234230694, 0.20188804658926585], [-3.2053000620841225, -2.8204251418839075, 1.595795628407481], [-3.4171544270192915, -1.4518844497712553, 0.03651270814417449], [-1.4766039250292735, 1.6441302766308528, 1.8865624294172623], [-1.635673887422947, 1.9311872825736263, -1.4320166303804878], [-1.3339856398784606, 0.552392583807025, 0.10977709098542111], [1.4779792917384362, -1.6395496893298673, -1.8928716523565958], [1.633646042297271, -1.9346183388490834, 1.425155663145934], [1.3338015232565092, -0.5520510725274296, -0.11360972420069657], [3.2083226133693565, 2.8230432387957705, -1.590026412201579], [5.3097359300312625, 0.5976564128517832, -0.19675895658211448], [3.364060706146616, 2.526768064712315, 1.7531780740269913], [3.417324753627233, 1.4515660538036537, -0.03294925339219127]]
 1.0 H    H              1.0000    -3.366524    -2.530372    -1.747701       1.007825
 1.0 H    H              1.0000    -5.309479    -0.598095     0.201888       1.007825
 1.0 H    H              1.0000    -3.205300    -2.820425     1.595796       1.007825
 6.0 C    C              6.0000    -3.417154    -1.451884     0.036513      12.000000
 1.0 H    H              1.0000    -1.476604     1.644130     1.886562       1.007825
 1.0 H    H              1.0000    -1.635674     1.931187    -1.432017       1.007825
 6.0 C    C              6.0000    -1.333986     0.552393     0.109777      12.000000
 1.0 H    H              1.0000     1.477979    -1.639550    -1.892872       1.007825
 1.0 H    H              1.0000     1.633646    -1.934618     1.425156       1.007825
 6.0 C    C              6.0000     1.333802    -0.552051    -0.113610      12.000000
 1.0 H    H              1.0000     3.208323     2.823043    -1.590026       1.007825
 1.0 H    H              1.0000     5.309736     0.597656    -0.196759       1.007825
 1.0 H    H              1.0000     3.364061     2.526768     1.753178       1.007825
 6.0 C    C              6.0000     3.417325     1.451566    -0.032949      12.000000
-------------------------------------------
|   Optimized geometry for dihedral -420.02  |
-------------------------------------------
[[-3.3665238823150156, -2.5303721013306766, -1.7477011282183958], [-5.30947863139721, -0.598095234230694, 0.20188804658926585], [-3.2053000620841225, -2.8204251418839075, 1.595795628407481], [-3.4171544270192915, -1.4518844497712553, 0.03651270814417449], [-1.4766039250292735, 1.6441302766308528, 1.8865624294172623], [-1.635673887422947, 1.9311872825736263, -1.4320166303804878], [-1.3339856398784606, 0.552392583807025, 0.10977709098542111], [1.4779792917384362, -1.6395496893298673, -1.8928716523565958], [1.633646042297271, -1.9346183388490834, 1.425155663145934], [1.3338015232565092, -0.5520510725274296, -0.11360972420069657], [3.2083226133693565, 2.8230432387957705, -1.590026412201579], [5.3097359300312625, 0.5976564128517832, -0.19675895658211448], [3.364060706146616, 2.526768064712315, 1.7531780740269913], [3.417324753627233, 1.4515660538036537, -0.03294925339219127]]
 1.0 H    H              1.0000    -3.366524    -2.530372    -1.747701       1.007825
 1.0 H    H              1.0000    -5.309479    -0.598095     0.201888       1.007825
 1.0 H    H              1.0000    -3.205300    -2.820425     1.595796       1.007825
 6.0 C    C              6.0000    -3.417154    -1.451884     0.036513      12.000000
 1.0 H    H              1.0000    -1.476604     1.644130     1.886562       1.007825
 1.0 H    H              1.0000    -1.635674     1.931187    -1.432017       1.007825
 6.0 C    C              6.0000    -1.333986     0.552393     0.109777      12.000000
 1.0 H    H              1.0000     1.477979    -1.639550    -1.892872       1.007825
 1.0 H    H              1.0000     1.633646    -1.934618     1.425156       1.007825
 6.0 C    C              6.0000     1.333802    -0.552051    -0.113610      12.000000
 1.0 H    H              1.0000     3.208323     2.823043    -1.590026       1.007825
 1.0 H    H              1.0000     5.309736     0.597656    -0.196759       1.007825
 1.0 H    H              1.0000     3.364061     2.526768     1.753178       1.007825
 6.0 C    C              6.0000     3.417325     1.451566    -0.032949      12.000000
-------------------------------------------
|   Optimized geometry for dihedral -430.02  |
-------------------------------------------
[[-3.3665238823150156, -2.5303721013306766, -1.7477011282183958], [-5.30947863139721, -0.598095234230694, 0.20188804658926585], [-3.2053000620841225, -2.8204251418839075, 1.595795628407481], [-3.4171544270192915, -1.4518844497712553, 0.03651270814417449], [-1.4766039250292735, 1.6441302766308528, 1.8865624294172623], [-1.635673887422947, 1.9311872825736263, -1.4320166303804878], [-1.3339856398784606, 0.552392583807025, 0.10977709098542111], [1.4779792917384362, -1.6395496893298673, -1.8928716523565958], [1.633646042297271, -1.9346183388490834, 1.425155663145934], [1.3338015232565092, -0.5520510725274296, -0.11360972420069657], [3.2083226133693565, 2.8230432387957705, -1.590026412201579], [5.3097359300312625, 0.5976564128517832, -0.19675895658211448], [3.364060706146616, 2.526768064712315, 1.7531780740269913], [3.417324753627233, 1.4515660538036537, -0.03294925339219127]]
 1.0 H    H              1.0000    -3.366524    -2.530372    -1.747701       1.007825
 1.0 H    H              1.0000    -5.309479    -0.598095     0.201888       1.007825
 1.0 H    H              1.0000    -3.205300    -2.820425     1.595796       1.007825
 6.0 C    C              6.0000    -3.417154    -1.451884     0.036513      12.000000
 1.0 H    H              1.0000    -1.476604     1.644130     1.886562       1.007825
 1.0 H    H              1.0000    -1.635674     1.931187    -1.432017       1.007825
 6.0 C    C              6.0000    -1.333986     0.552393     0.109777      12.000000
 1.0 H    H              1.0000     1.477979    -1.639550    -1.892872       1.007825
 1.0 H    H              1.0000     1.633646    -1.934618     1.425156       1.007825
 6.0 C    C              6.0000     1.333802    -0.552051    -0.113610      12.000000
 1.0 H    H              1.0000     3.208323     2.823043    -1.590026       1.007825
 1.0 H    H              1.0000     5.309736     0.597656    -0.196759       1.007825
 1.0 H    H              1.0000     3.364061     2.526768     1.753178       1.007825
 6.0 C    C              6.0000     3.417325     1.451566    -0.032949      12.000000
-------------------------------------------
|   Optimized geometry for dihedral -440.03  |
-------------------------------------------
[[-3.3665238823150156, -2.5303721013306766, -1.7477011282183958], [-5.30947863139721, -0.598095234230694, 0.20188804658926585], [-3.2053000620841225, -2.8204251418839075, 1.595795628407481], [-3.4171544270192915, -1.4518844497712553, 0.03651270814417449], [-1.4766039250292735, 1.6441302766308528, 1.8865624294172623], [-1.635673887422947, 1.9311872825736263, -1.4320166303804878], [-1.3339856398784606, 0.552392583807025, 0.10977709098542111], [1.4779792917384362, -1.6395496893298673, -1.8928716523565958], [1.633646042297271, -1.9346183388490834, 1.425155663145934], [1.3338015232565092, -0.5520510725274296, -0.11360972420069657], [3.2083226133693565, 2.8230432387957705, -1.590026412201579], [5.3097359300312625, 0.5976564128517832, -0.19675895658211448], [3.364060706146616, 2.526768064712315, 1.7531780740269913], [3.417324753627233, 1.4515660538036537, -0.03294925339219127]]
 1.0 H    H              1.0000    -3.366524    -2.530372    -1.747701       1.007825
 1.0 H    H              1.0000    -5.309479    -0.598095     0.201888       1.007825
 1.0 H    H              1.0000    -3.205300    -2.820425     1.595796       1.007825
 6.0 C    C              6.0000    -3.417154    -1.451884     0.036513      12.000000
 1.0 H    H              1.0000    -1.476604     1.644130     1.886562       1.007825
 1.0 H    H              1.0000    -1.635674     1.931187    -1.432017       1.007825
 6.0 C    C              6.0000    -1.333986     0.552393     0.109777      12.000000
 1.0 H    H              1.0000     1.477979    -1.639550    -1.892872       1.007825
 1.0 H    H              1.0000     1.633646    -1.934618     1.425156       1.007825
 6.0 C    C              6.0000     1.333802    -0.552051    -0.113610      12.000000
 1.0 H    H              1.0000     3.208323     2.823043    -1.590026       1.007825
 1.0 H    H              1.0000     5.309736     0.597656    -0.196759       1.007825
 1.0 H    H              1.0000     3.364061     2.526768     1.753178       1.007825
 6.0 C    C              6.0000     3.417325     1.451566    -0.032949      12.000000
-------------------------------------------
|   Optimized geometry for dihedral -450.03  |
-------------------------------------------
[[-3.3665238823150156, -2.5303721013306766, -1.7477011282183958], [-5.30947863139721, -0.598095234230694, 0.20188804658926585], [-3.2053000620841225, -2.8204251418839075, 1.595795628407481], [-3.4171544270192915, -1.4518844497712553, 0.03651270814417449], [-1.4766039250292735, 1.6441302766308528, 1.8865624294172623], [-1.635673887422947, 1.9311872825736263, -1.4320166303804878], [-1.3339856398784606, 0.552392583807025, 0.10977709098542111], [1.4779792917384362, -1.6395496893298673, -1.8928716523565958], [1.633646042297271, -1.9346183388490834, 1.425155663145934], [1.3338015232565092, -0.5520510725274296, -0.11360972420069657], [3.2083226133693565, 2.8230432387957705, -1.590026412201579], [5.3097359300312625, 0.5976564128517832, -0.19675895658211448], [3.364060706146616, 2.526768064712315, 1.7531780740269913], [3.417324753627233, 1.4515660538036537, -0.03294925339219127]]
 1.0 H    H              1.0000    -3.366524    -2.530372    -1.747701       1.007825
 1.0 H    H              1.0000    -5.309479    -0.598095     0.201888       1.007825
 1.0 H    H              1.0000    -3.205300    -2.820425     1.595796       1.007825
 6.0 C    C              6.0000    -3.417154    -1.451884     0.036513      12.000000
 1.0 H    H              1.0000    -1.476604     1.644130     1.886562       1.007825
 1.0 H    H              1.0000    -1.635674     1.931187    -1.432017       1.007825
 6.0 C    C              6.0000    -1.333986     0.552393     0.109777      12.000000
 1.0 H    H              1.0000     1.477979    -1.639550    -1.892872       1.007825
 1.0 H    H              1.0000     1.633646    -1.934618     1.425156       1.007825
 6.0 C    C              6.0000     1.333802    -0.552051    -0.113610      12.000000
 1.0 H    H              1.0000     3.208323     2.823043    -1.590026       1.007825
 1.0 H    H              1.0000     5.309736     0.597656    -0.196759       1.007825
 1.0 H    H              1.0000     3.364061     2.526768     1.753178       1.007825
 6.0 C    C              6.0000     3.417325     1.451566    -0.032949      12.000000
-------------------------------------------
|   Optimized geometry for dihedral -460.03  |
-------------------------------------------
[[-3.3665238823150156, -2.5303721013306766, -1.7477011282183958], [-5.30947863139721, -0.598095234230694, 0.20188804658926585], [-3.2053000620841225, -2.8204251418839075, 1.595795628407481], [-3.4171544270192915, -1.4518844497712553, 0.03651270814417449], [-1.4766039250292735, 1.6441302766308528, 1.8865624294172623], [-1.635673887422947, 1.9311872825736263, -1.4320166303804878], [-1.3339856398784606, 0.552392583807025, 0.10977709098542111], [1.4779792917384362, -1.6395496893298673, -1.8928716523565958], [1.633646042297271, -1.9346183388490834, 1.425155663145934], [1.3338015232565092, -0.5520510725274296, -0.11360972420069657], [3.2083226133693565, 2.8230432387957705, -1.590026412201579], [5.3097359300312625, 0.5976564128517832, -0.19675895658211448], [3.364060706146616, 2.526768064712315, 1.7531780740269913], [3.417324753627233, 1.4515660538036537, -0.03294925339219127]]
 1.0 H    H              1.0000    -3.366524    -2.530372    -1.747701       1.007825
 1.0 H    H              1.0000    -5.309479    -0.598095     0.201888       1.007825
 1.0 H    H              1.0000    -3.205300    -2.820425     1.595796       1.007825
 6.0 C    C              6.0000    -3.417154    -1.451884     0.036513      12.000000
 1.0 H    H              1.0000    -1.476604     1.644130     1.886562       1.007825
 1.0 H    H              1.0000    -1.635674     1.931187    -1.432017       1.007825
 6.0 C    C              6.0000    -1.333986     0.552393     0.109777      12.000000
 1.0 H    H              1.0000     1.477979    -1.639550    -1.892872       1.007825
 1.0 H    H              1.0000     1.633646    -1.934618     1.425156       1.007825
 6.0 C    C              6.0000     1.333802    -0.552051    -0.113610      12.000000
 1.0 H    H              1.0000     3.208323     2.823043    -1.590026       1.007825
 1.0 H    H              1.0000     5.309736     0.597656    -0.196759       1.007825
 1.0 H    H              1.0000     3.364061     2.526768     1.753178       1.007825
 6.0 C    C              6.0000     3.417325     1.451566    -0.032949      12.000000
-------------------------------------------
|   Optimized geometry for dihedral -470.03  |
-------------------------------------------
[[-3.3665238823150156, -2.5303721013306766, -1.7477011282183958], [-5.30947863139721, -0.598095234230694, 0.20188804658926585], [-3.2053000620841225, -2.8204251418839075, 1.595795628407481], [-3.4171544270192915, -1.4518844497712553, 0.03651270814417449], [-1.4766039250292735, 1.6441302766308528, 1.8865624294172623], [-1.635673887422947, 1.9311872825736263, -1.4320166303804878], [-1.3339856398784606, 0.552392583807025, 0.10977709098542111], [1.4779792917384362, -1.6395496893298673, -1.8928716523565958], [1.633646042297271, -1.9346183388490834, 1.425155663145934], [1.3338015232565092, -0.5520510725274296, -0.11360972420069657], [3.2083226133693565, 2.8230432387957705, -1.590026412201579], [5.3097359300312625, 0.5976564128517832, -0.19675895658211448], [3.364060706146616, 2.526768064712315, 1.7531780740269913], [3.417324753627233, 1.4515660538036537, -0.03294925339219127]]
 1.0 H    H              1.0000    -3.366524    -2.530372    -1.747701       1.007825
 1.0 H    H              1.0000    -5.309479    -0.598095     0.201888       1.007825
 1.0 H    H              1.0000    -3.205300    -2.820425     1.595796       1.007825
 6.0 C    C              6.0000    -3.417154    -1.451884     0.036513      12.000000
 1.0 H    H              1.0000    -1.476604     1.644130     1.886562       1.007825
 1.0 H    H              1.0000    -1.635674     1.931187    -1.432017       1.007825
 6.0 C    C              6.0000    -1.333986     0.552393     0.109777      12.000000
 1.0 H    H              1.0000     1.477979    -1.639550    -1.892872       1.007825
 1.0 H    H              1.0000     1.633646    -1.934618     1.425156       1.007825
 6.0 C    C              6.0000     1.333802    -0.552051    -0.113610      12.000000
 1.0 H    H              1.0000     3.208323     2.823043    -1.590026       1.007825
 1.0 H    H              1.0000     5.309736     0.597656    -0.196759       1.007825
 1.0 H    H              1.0000     3.364061     2.526768     1.753178       1.007825
 6.0 C    C              6.0000     3.417325     1.451566    -0.032949      12.000000
Optimizer: Optimization complete!
-------------------------------------------
|   Optimized geometry for dihedral -480.03  |
-------------------------------------------
[[-3.4170702908125263, -2.9588511115025313, -0.3760725461643378], [-5.119377129637922, -0.3811049705193407, 0.8305709508212155], [-2.633933247866755, -1.6991642689800763, 2.587864835997573], [-3.2484404098798954, -1.2123014433508132, 0.6898583852650371], [-1.3388467055011903, 2.353010517660835, 0.5013889643475188], [-2.09509176282434, 1.101838337249877, -2.430578730897506], [-1.384901863946956, 0.6011990217701064, -0.5707343689463545], [1.848433347516511, -0.6456291835139925, -2.770852903939285], [1.3605888005533795, -2.393223524962437, -0.04290587835510206], [1.3201856876276097, -0.4815027680169191, -0.7939747325764351], [3.39089323677867, 3.0072465454083623, -0.17562550411922], [5.177718927458238, 0.2732149150143405, 0.3996415049515138], [2.8792336049943787, 1.2454709515387128, 2.5846978693391174], [3.3087432548198796, 1.1007678830559873, 0.5817840742980296]]
 1.0 H    H              1.0000    -3.417070    -2.958851    -0.376073       1.007825
 1.0 H    H              1.0000    -5.119377    -0.381105     0.830571       1.007825
 1.0 H    H              1.0000    -2.633933    -1.699164     2.587865       1.007825
 6.0 C    C              6.0000    -3.248440    -1.212301     0.689858      12.000000
 1.0 H    H              1.0000    -1.338847     2.353011     0.501389       1.007825
 1.0 H    H              1.0000    -2.095092     1.101838    -2.430579       1.007825
 6.0 C    C              6.0000    -1.384902     0.601199    -0.570734      12.000000
 1.0 H    H              1.0000     1.848433    -0.645629    -2.770853       1.007825
 1.0 H    H              1.0000     1.360589    -2.393224    -0.042906       1.007825
 6.0 C    C              6.0000     1.320186    -0.481503    -0.793975      12.000000
 1.0 H    H              1.0000     3.390893     3.007247    -0.175626       1.007825
 1.0 H    H              1.0000     5.177719     0.273215     0.399642       1.007825
 1.0 H    H              1.0000     2.879234     1.245471     2.584698       1.007825
 6.0 C    C              6.0000     3.308743     1.100768     0.581784      12.000000
Optimizer: Optimization complete!
-------------------------------------------
|   Optimized geometry for dihedral -490.03  |
-------------------------------------------
[[-3.5353175934058236, -2.8288897718323036, -0.5984950914432426], [-5.180693036909355, -0.2726877323231484, 0.725347516574278], [-2.820976001726003, -1.8143362137277166, 2.4746129562596058], [-3.339892087116877, -1.1699719508512854, 0.5957861005572581], [-1.2585322451762084, 2.287472155274333, 0.7838538289306072], [-1.9767682506110935, 1.3611580000496133, -2.27612985415624], [-1.355771611946272, 0.6496193765417361, -0.45327986344440374], [1.7310742101746412, -0.8946484430042164, -2.6728711376350085], [1.3082034679391081, -2.381765106003482, 0.21624970295870283], [1.298657027105651, -0.5411665550735557, -0.6973276296864087], [3.4854181345352866, 2.923466455961438, -0.404872971773509], [5.229153399853034, 0.1806119693156289, 0.25119015126771393], [3.0669609081335802, 1.3472519882341583, 2.4803037332921596], [3.392931448058998, 1.0692765852522867, 0.4725838077147332]]
 1.0 H    H              1.0000    -3.535318    -2.828890    -0.598495       1.007825
 1.0 H    H              1.0000    -5.180693    -0.272688     0.725348       1.007825
 1.0 H    H              1.0000    -2.820976    -1.814336     2.474613       1.007825
 6.0 C    C              6.0000    -3.339892    -1.169972     0.595786      12.000000
 1.0 H    H              1.0000    -1.258532     2.287472     0.783854       1.007825
 1.0 H    H              1.0000    -1.976768     1.361158    -2.276130       1.007825
 6.0 C    C              6.0000    -1.355772     0.649619    -0.453280      12.000000
 1.0 H    H              1.0000     1.731074    -0.894648    -2.672871       1.007825
 1.0 H    H              1.0000     1.308203    -2.381765     0.216250       1.007825
 6.0 C    C              6.0000     1.298657    -0.541167    -0.697328      12.000000
 1.0 H    H              1.0000     3.485418     2.923466    -0.404873       1.007825
 1.0 H    H              1.0000     5.229153     0.180612     0.251190       1.007825
 1.0 H    H              1.0000     3.066961     1.347252     2.480304       1.007825
 6.0 C    C              6.0000     3.392931     1.069277     0.472584      12.000000
Optimizer: Optimization complete!
-------------------------------------------
|   Optimized geometry for dihedral -500.03  |
-------------------------------------------
[[-3.604256547671599, -2.7176285410359906, -0.804009092717368], [-5.228223731020163, -0.19361534837177768, 0.6038237064900744], [-2.99502845052228, -1.913658320292297, 2.3528691923652683], [-3.4110873815378535, -1.1406849134437442, 0.4975321674113558], [-1.2181867304289684, 2.2057889497467036, 1.0194055488167444], [-1.8455032552716852, 1.5494235646714702, -2.1315042407781775], [-1.3282791191884964, 0.6743151955874479, -0.34725160231511204], [1.6224852754566712, -1.140439957362588, -2.5331938994153274], [1.2909213139790747, -2.3391179358069536, 0.5008983948309652], [1.2838059923279264, -0.5927448134542014, -0.5832664968711371], [3.534982024088593, 2.8453254865464848, -0.6583541192533615], [5.263219744323077, 0.12879027027291604, 0.13146424531187445], [3.219509041473282, 1.5018024951040676, 2.354790957492815], [3.4522079209491174, 1.065273126388662, 0.36275810576372736]]
 1.0 H    H              1.0000    -3.604257    -2.717629    -0.804009       1.007825
 1.0 H    H              1.0000    -5.228224    -0.193615     0.603824       1.007825
 1.0 H    H              1.0000    -2.995028    -1.913658     2.352869       1.007825
 6.0 C    C              6.0000    -3.411087    -1.140685     0.497532      12.000000
 1.0 H    H              1.0000    -1.218187     2.205789     1.019406       1.007825
 1.0 H    H              1.0000    -1.845503     1.549424    -2.131504       1.007825
 6.0 C    C              6.0000    -1.328279     0.674315    -0.347252      12.000000
 1.0 H    H              1.0000     1.622485    -1.140440    -2.533194       1.007825
 1.0 H    H              1.0000     1.290921    -2.339118     0.500898       1.007825
 6.0 C    C              6.0000     1.283806    -0.592745    -0.583266      12.000000
 1.0 H    H              1.0000     3.534982     2.845325    -0.658354       1.007825
 1.0 H    H              1.0000     5.263220     0.128790     0.131464       1.007825
 1.0 H    H              1.0000     3.219509     1.501802     2.354791       1.007825
 6.0 C    C              6.0000     3.452208     1.065273     0.362758      12.000000
Optimizer: Optimization complete!
-------------------------------------------
|   Optimized geometry for dihedral -510.03  |
-------------------------------------------
[[-3.629407903418306, -2.6128296818059025, -1.0098585348683184], [-5.260642913502777, -0.15445019633823656, 0.5009395120795587], [-3.139740595618983, -2.0402900464812057, 2.217557611721427], [-3.460023649550971, -1.1333191512324792, 0.4046449593341251], [-1.2031121734958807, 2.101941520637578, 1.2625190930628385], [-1.7353230525530297, 1.7130352895583993, -1.9534677452334568], [-1.3076587618672493, 0.6869852066885966, -0.2256943798635736], [1.5115440149603854, -1.3345922493573847, -2.386583247221201], [1.3069168629206245, -2.2775228527641755, 0.7512725626208125], [1.2716191990406593, -0.6260362551500107, -0.47313816079467436], [3.5297564778354213, 2.780639329086143, -0.9080098807177339], [5.2855298483486175, 0.11286161311622142, -0.020640337145227925], [3.368334353416817, 1.6537372746498042, 2.204562362521026], [3.493219892817648, 1.077196841718015, 0.2389007023148526]]
 1.0 H    H              1.0000    -3.629408    -2.612830    -1.009859       1.007825
 1.0 H    H              1.0000    -5.260643    -0.154450     0.500940       1.007825
 1.0 H    H              1.0000    -3.139741    -2.040290     2.217558       1.007825
 6.0 C    C              6.0000    -3.460024    -1.133319     0.404645      12.000000
 1.0 H    H              1.0000    -1.203112     2.101942     1.262519       1.007825
 1.0 H    H              1.0000    -1.735323     1.713035    -1.953468       1.007825
 6.0 C    C              6.0000    -1.307659     0.686985    -0.225694      12.000000
 1.0 H    H              1.0000     1.511544    -1.334592    -2.386583       1.007825
 1.0 H    H              1.0000     1.306917    -2.277523     0.751273       1.007825
 6.0 C    C              6.0000     1.271619    -0.626036    -0.473138      12.000000
 1.0 H    H              1.0000     3.529756     2.780639    -0.908010       1.007825
 1.0 H    H              1.0000     5.285530     0.112862    -0.020640       1.007825
 1.0 H    H              1.0000     3.368334     1.653737     2.204562       1.007825
 6.0 C    C              6.0000     3.493220     1.077197     0.238901      12.000000
Optimizer: Optimization complete!
-------------------------------------------
|   Optimized geometry for dihedral -520.03  |
-------------------------------------------
[[-3.6414343747572557, -2.488474655350797, -1.2324978547316412], [-5.279210411030362, -0.12530146450231577, 0.41655729441345973], [-3.2525957924533153, -2.184406367898515, 2.0449854321876946], [-3.4939287434750455, -1.1298758197123655, 0.30079408661976115], [-1.2141056481644215, 1.9985146753225054, 1.471763605381412], [-1.6305534571151803, 1.8381374726967799, -1.7838060822308646], [-1.2902935883631335, 0.6905925579945718, -0.11334653048014845], [1.4260412528921396, -1.4980753371305522, -2.222987461829778], [1.3395001549844203, -2.20699461148099, 0.9844726406275699], [1.2662593391678212, -0.650625133682351, -0.35768196348955106], [3.51921285939127, 2.6915539047854495, -1.1582243948129982], [5.295158196813133, 0.098870458777731, -0.10446756528459225], [3.4614197387029417, 1.8371848522658856, 2.0437061895236157], [3.5159950027138502, 1.0931830769757862, 0.13164295571739804]]
 1.0 H    H              1.0000    -3.641434    -2.488475    -1.232498       1.007825
 1.0 H    H              1.0000    -5.279210    -0.125301     0.416557       1.007825
 1.0 H    H              1.0000    -3.252596    -2.184406     2.044985       1.007825
 6.0 C    C              6.0000    -3.493929    -1.129876     0.300794      12.000000
 1.0 H    H              1.0000    -1.214106     1.998515     1.471764       1.007825
 1.0 H    H              1.0000    -1.630553     1.838137    -1.783806       1.007825
 6.0 C    C              6.0000    -1.290294     0.690593    -0.113347      12.000000
 1.0 H    H              1.0000     1.426041    -1.498075    -2.222987       1.007825
 1.0 H    H              1.0000     1.339500    -2.206995     0.984473       1.007825
 6.0 C    C              6.0000     1.266259    -0.650625    -0.357682      12.000000
 1.0 H    H              1.0000     3.519213     2.691554    -1.158224       1.007825
 1.0 H    H              1.0000     5.295158     0.098870    -0.104468       1.007825
 1.0 H    H              1.0000     3.461420     1.837185     2.043706       1.007825
 6.0 C    C              6.0000     3.515995     1.093183     0.131643      12.000000
Optimizer: Optimization complete!
-------------------------------------------
|   Optimized geometry for dihedral -530.03  |
-------------------------------------------
[[-3.6298731781457376, -2.3427788623300994, -1.4574214026123447], [-5.290621561941257, -0.10772876321871541, 0.3381757990910634], [-3.349590169530332, -2.332838037447438, 1.8440584971560274], [-3.5164080100726176, -1.126454522520923, 0.1923955009746824], [-1.2480004944322012, 1.8846570176779558, 1.6775836807194002], [-1.5345720204163522, 1.9484619705476591, -1.5980256425999124], [-1.2774185651767527, 0.6880765192688221, 0.005376277490562188], [1.348317243607651, -1.638748546270759, -2.049794442176226], [1.3950220571898488, -2.129129954806705, 1.2018456480083264], [1.2654576081959066, -0.6681874413818844, -0.23961548763542193], [3.4838990122561513, 2.585529596226522, -1.402249150236908], [5.298423059418815, 0.09473967271510401, -0.18524270116383068], [3.5387759909789596, 2.018248829136364, 1.8617268112782541], [3.5273796239379736, 1.1082104735741372, 0.022471876116120924]]
 1.0 H    H              1.0000    -3.629873    -2.342779    -1.457421       1.007825
 1.0 H    H              1.0000    -5.290622    -0.107729     0.338176       1.007825
 1.0 H    H              1.0000    -3.349590    -2.332838     1.844058       1.007825
 6.0 C    C              6.0000    -3.516408    -1.126455     0.192396      12.000000
 1.0 H    H              1.0000    -1.248000     1.884657     1.677584       1.007825
 1.0 H    H              1.0000    -1.534572     1.948462    -1.598026       1.007825
 6.0 C    C              6.0000    -1.277419     0.688077     0.005376      12.000000
 1.0 H    H              1.0000     1.348317    -1.638749    -2.049794       1.007825
 1.0 H    H              1.0000     1.395022    -2.129130     1.201846       1.007825
 6.0 C    C              6.0000     1.265458    -0.668187    -0.239615      12.000000
 1.0 H    H              1.0000     3.483899     2.585530    -1.402249       1.007825
 1.0 H    H              1.0000     5.298423     0.094740    -0.185243       1.007825
 1.0 H    H              1.0000     3.538776     2.018249     1.861727       1.007825
 6.0 C    C              6.0000     3.527380     1.108210     0.022472      12.000000
------------------------
    Table of Energies   
------------------------
         D          E(SCF)
    -180.0 -157.2964048711
  -190.001 -157.2964048715
  -200.002 -157.2964048715
  -210.003 -157.2964048715
  -220.004 -157.2964048715
  -230.005 -157.2964048715
  -240.006 -157.2964048715
  -250.007 -157.2964048715
  -260.008 -157.2964048715
  -270.009 -157.2964048715
   -280.01 -157.2964048715
  -290.011 -157.2964048715
  -300.012 -157.2964048715
  -310.013 -157.2964048715
  -320.014 -157.2964048715
  -330.015 -157.2964048715
  -340.016 -157.2964048715
  -350.017 -157.2964048715
  -360.018 -157.2964048715
  -370.019 -157.2964048715
   -380.02 -157.2964048715
  -390.021 -157.2964048715
  -400.022 -157.2964048715
  -410.023 -157.2964048715
  -420.024 -157.2964048715
  -430.025 -157.2964048715
  -440.026 -157.2964048715
  -450.027 -157.2964048715
  -460.028 -157.2964048715
  -470.029 -157.2964048715
   -480.03 -157.2925797092
  -490.031 -157.2930515974
  -500.032 -157.2941927477
  -510.033 -157.2956896415
  -520.034 -157.2970635265
  -530.035 -157.2980500807

Relative table (Kcal/mol)
         D          E(SCF)
    -180.0    1.0323846079
  -190.001    1.0323844057
  -200.002    1.0323844037
  -210.003    1.0323844037
  -220.004    1.0323844037
  -230.005    1.0323844037
  -240.006    1.0323844037
  -250.007    1.0323844037
  -260.008    1.0323844037
  -270.009    1.0323844037
   -280.01    1.0323844037
  -290.011    1.0323844037
  -300.012    1.0323844037
  -310.013    1.0323844037
  -320.014    1.0323844037
  -330.015    1.0323844037
  -340.016    1.0323844037
  -350.017    1.0323844037
  -360.018    1.0323844037
  -370.019    1.0323844037
   -380.02    1.0323844037
  -390.021    1.0323844037
  -400.022    1.0323844037
  -410.023    1.0323844037
  -420.024    1.0323844037
  -430.025    1.0323844037
  -440.026    1.0323844037
  -450.027    1.0323844037
  -460.028    1.0323844037
  -470.029    1.0323844037
   -480.03    3.4327100692
  -490.031    3.1365957549
  -500.032    2.4205130637
  -510.033    1.4811979871
  -520.034    0.6190721139
  -530.035    0.0000000000

