-------------------------------------------
|   Optimized geometry for dihedral 0.00  |
-------------------------------------------
[[-3.3665238823150165, -2.5303721013306766, -1.7477011282183958], [-5.309478631397212, -0.598095234230694, 0.2018880465892659], [-3.2053000620841234, -2.8204251418839075, 1.595795628407481], [-3.4171544270192924, -1.4518844497712553, 0.036512708144174524], [-1.4766039250292764, 1.6441302766308528, 1.8865624294172623], [-1.6356738874229488, 1.9311872825736263, -1.4320166303804878], [-1.333985639878463, 0.552392583807025, 0.10977709098542118], [1.4779792917384345, -1.6395496893298673, -1.8928716523565958], [1.6336460422972692, -1.9346183388490834, 1.425155663145934], [1.3338015232565092, -0.5520510725274296, -0.11360972420069655], [3.2083226133693565, 2.8230432387957705, -1.590026412201579], [5.309735930031261, 0.5976564128517832, -0.19675895658211448], [3.3640607061466152, 2.526768064712315, 1.7531780740269913], [3.417324753627234, 1.4515660538036537, -0.03294925339219127]]
 1.0 H    H              1.0000    -3.366524    -2.530372    -1.747701       1.007825
 1.0 H    H              1.0000    -5.309479    -0.598095     0.201888       1.007825
 1.0 H    H              1.0000    -3.205300    -2.820425     1.595796       1.007825
 6.0 C    C              6.0000    -3.417154    -1.451884     0.036513      12.000000
 1.0 H    H              1.0000    -1.476604     1.644130     1.886562       1.007825
 1.0 H    H              1.0000    -1.635674     1.931187    -1.432017       1.007825
 6.0 C    C              6.0000    -1.333986     0.552393     0.109777      12.000000
 1.0 H    H              1.0000     1.477979    -1.639550    -1.892872       1.007825
 1.0 H    H              1.0000     1.633646    -1.934618     1.425156       1.007825
 6.0 C    C              6.0000     1.333802    -0.552051    -0.113610      12.000000
 1.0 H    H              1.0000     3.208323     2.823043    -1.590026       1.007825
 1.0 H    H              1.0000     5.309736     0.597656    -0.196759       1.007825
 1.0 H    H              1.0000     3.364061     2.526768     1.753178       1.007825
 6.0 C    C              6.0000     3.417325     1.451566    -0.032949      12.000000
-------------------------------------------
|   Optimized geometry for dihedral -10.00  |
-------------------------------------------
[[-3.3665238823150156, -2.5303721013306766, -1.7477011282183958], [-5.30947863139721, -0.598095234230694, 0.20188804658926585], [-3.2053000620841225, -2.8204251418839075, 1.595795628407481], [-3.4171544270192915, -1.4518844497712553, 0.03651270814417451], [-1.476603925029275, 1.6441302766308528, 1.8865624294172623], [-1.6356738874229475, 1.9311872825736263, -1.4320166303804878], [-1.333985639878461, 0.552392583807025, 0.10977709098542116], [1.4779792917384358, -1.6395496893298673, -1.8928716523565958], [1.6336460422972705, -1.9346183388490834, 1.425155663145934], [1.3338015232565092, -0.5520510725274296, -0.11360972420069657], [3.2083226133693565, 2.8230432387957705, -1.590026412201579], [5.3097359300312625, 0.5976564128517832, -0.19675895658211448], [3.364060706146616, 2.526768064712315, 1.7531780740269913], [3.417324753627233, 1.4515660538036537, -0.03294925339219127]]
 1.0 H    H              1.0000    -3.366524    -2.530372    -1.747701       1.007825
 1.0 H    H              1.0000    -5.309479    -0.598095     0.201888       1.007825
 1.0 H    H              1.0000    -3.205300    -2.820425     1.595796       1.007825
 6.0 C    C              6.0000    -3.417154    -1.451884     0.036513      12.000000
 1.0 H    H              1.0000    -1.476604     1.644130     1.886562       1.007825
 1.0 H    H              1.0000    -1.635674     1.931187    -1.432017       1.007825
 6.0 C    C              6.0000    -1.333986     0.552393     0.109777      12.000000
 1.0 H    H              1.0000     1.477979    -1.639550    -1.892872       1.007825
 1.0 H    H              1.0000     1.633646    -1.934618     1.425156       1.007825
 6.0 C    C              6.0000     1.333802    -0.552051    -0.113610      12.000000
 1.0 H    H              1.0000     3.208323     2.823043    -1.590026       1.007825
 1.0 H    H              1.0000     5.309736     0.597656    -0.196759       1.007825
 1.0 H    H              1.0000     3.364061     2.526768     1.753178       1.007825
 6.0 C    C              6.0000     3.417325     1.451566    -0.032949      12.000000
-------------------------------------------
|   Optimized geometry for dihedral -20.00  |
-------------------------------------------
[[-3.3665238823150156, -2.5303721013306766, -1.7477011282183958], [-5.30947863139721, -0.598095234230694, 0.20188804658926585], [-3.2053000620841225, -2.8204251418839075, 1.595795628407481], [-3.4171544270192915, -1.4518844497712553, 0.0365127081441745], [-1.4766039250292737, 1.6441302766308528, 1.8865624294172623], [-1.635673887422947, 1.9311872825736263, -1.4320166303804878], [-1.3339856398784606, 0.552392583807025, 0.10977709098542113], [1.4779792917384362, -1.6395496893298673, -1.8928716523565958], [1.633646042297271, -1.9346183388490834, 1.425155663145934], [1.3338015232565092, -0.5520510725274296, -0.11360972420069657], [3.2083226133693565, 2.8230432387957705, -1.590026412201579], [5.3097359300312625, 0.5976564128517832, -0.19675895658211448], [3.364060706146616, 2.526768064712315, 1.7531780740269913], [3.417324753627233, 1.4515660538036537, -0.03294925339219127]]
 1.0 H    H              1.0000    -3.366524    -2.530372    -1.747701       1.007825
 1.0 H    H              1.0000    -5.309479    -0.598095     0.201888       1.007825
 1.0 H    H              1.0000    -3.205300    -2.820425     1.595796       1.007825
 6.0 C    C              6.0000    -3.417154    -1.451884     0.036513      12.000000
 1.0 H    H              1.0000    -1.476604     1.644130     1.886562       1.007825
 1.0 H    H              1.0000    -1.635674     1.931187    -1.432017       1.007825
 6.0 C    C              6.0000    -1.333986     0.552393     0.109777      12.000000
 1.0 H    H              1.0000     1.477979    -1.639550    -1.892872       1.007825
 1.0 H    H              1.0000     1.633646    -1.934618     1.425156       1.007825
 6.0 C    C              6.0000     1.333802    -0.552051    -0.113610      12.000000
 1.0 H    H              1.0000     3.208323     2.823043    -1.590026       1.007825
 1.0 H    H              1.0000     5.309736     0.597656    -0.196759       1.007825
 1.0 H    H              1.0000     3.364061     2.526768     1.753178       1.007825
 6.0 C    C              6.0000     3.417325     1.451566    -0.032949      12.000000
-------------------------------------------
|   Optimized geometry for dihedral -30.00  |
-------------------------------------------
[[-3.3665238823150156, -2.5303721013306766, -1.7477011282183958], [-5.30947863139721, -0.598095234230694, 0.20188804658926585], [-3.2053000620841225, -2.8204251418839075, 1.595795628407481], [-3.4171544270192915, -1.4518844497712553, 0.03651270814417449], [-1.4766039250292735, 1.6441302766308528, 1.8865624294172623], [-1.635673887422947, 1.9311872825736263, -1.4320166303804878], [-1.3339856398784606, 0.552392583807025, 0.10977709098542111], [1.4779792917384362, -1.6395496893298673, -1.8928716523565958], [1.633646042297271, -1.9346183388490834, 1.425155663145934], [1.3338015232565092, -0.5520510725274296, -0.11360972420069657], [3.2083226133693565, 2.8230432387957705, -1.590026412201579], [5.3097359300312625, 0.5976564128517832, -0.19675895658211448], [3.364060706146616, 2.526768064712315, 1.7531780740269913], [3.417324753627233, 1.4515660538036537, -0.03294925339219127]]
 1.0 H    H              1.0000    -3.366524    -2.530372    -1.747701       1.007825
 1.0 H    H              1.0000    -5.309479    -0.598095     0.201888       1.007825
 1.0 H    H              1.0000    -3.205300    -2.820425     1.595796       1.007825
 6.0 C    C              6.0000    -3.417154    -1.451884     0.036513      12.000000
 1.0 H    H              1.0000    -1.476604     1.644130     1.886562       1.007825
 1.0 H    H              1.0000    -1.635674     1.931187    -1.432017       1.007825
 6.0 C    C              6.0000    -1.333986     0.552393     0.109777      12.000000
 1.0 H    H              1.0000     1.477979    -1.639550    -1.892872       1.007825
 1.0 H    H              1.0000     1.633646    -1.934618     1.425156       1.007825
 6.0 C    C              6.0000     1.333802    -0.552051    -0.113610      12.000000
 1.0 H    H              1.0000     3.208323     2.823043    -1.590026       1.007825
 1.0 H    H              1.0000     5.309736     0.597656    -0.196759       1.007825
 1.0 H    H              1.0000     3.364061     2.526768     1.753178       1.007825
 6.0 C    C              6.0000     3.417325     1.451566    -0.032949      12.000000
-------------------------------------------
|   Optimized geometry for dihedral -40.00  |
-------------------------------------------
[[-3.3665238823150156, -2.5303721013306766, -1.7477011282183958], [-5.30947863139721, -0.598095234230694, 0.20188804658926585], [-3.2053000620841225, -2.8204251418839075, 1.595795628407481], [-3.4171544270192915, -1.4518844497712553, 0.03651270814417449], [-1.4766039250292735, 1.6441302766308528, 1.8865624294172623], [-1.635673887422947, 1.9311872825736263, -1.4320166303804878], [-1.3339856398784606, 0.552392583807025, 0.10977709098542111], [1.4779792917384362, -1.6395496893298673, -1.8928716523565958], [1.633646042297271, -1.9346183388490834, 1.425155663145934], [1.3338015232565092, -0.5520510725274296, -0.11360972420069657], [3.2083226133693565, 2.8230432387957705, -1.590026412201579], [5.3097359300312625, 0.5976564128517832, -0.19675895658211448], [3.364060706146616, 2.526768064712315, 1.7531780740269913], [3.417324753627233, 1.4515660538036537, -0.03294925339219127]]
 1.0 H    H              1.0000    -3.366524    -2.530372    -1.747701       1.007825
 1.0 H    H              1.0000    -5.309479    -0.598095     0.201888       1.007825
 1.0 H    H              1.0000    -3.205300    -2.820425     1.595796       1.007825
 6.0 C    C              6.0000    -3.417154    -1.451884     0.036513      12.000000
 1.0 H    H              1.0000    -1.476604     1.644130     1.886562       1.007825
 1.0 H    H              1.0000    -1.635674     1.931187    -1.432017       1.007825
 6.0 C    C              6.0000    -1.333986     0.552393     0.109777      12.000000
 1.0 H    H              1.0000     1.477979    -1.639550    -1.892872       1.007825
 1.0 H    H              1.0000     1.633646    -1.934618     1.425156       1.007825
 6.0 C    C              6.0000     1.333802    -0.552051    -0.113610      12.000000
 1.0 H    H              1.0000     3.208323     2.823043    -1.590026       1.007825
 1.0 H    H              1.0000     5.309736     0.597656    -0.196759       1.007825
 1.0 H    H              1.0000     3.364061     2.526768     1.753178       1.007825
 6.0 C    C              6.0000     3.417325     1.451566    -0.032949      12.000000
-------------------------------------------
|   Optimized geometry for dihedral -50.00  |
-------------------------------------------
[[-3.3665238823150156, -2.5303721013306766, -1.7477011282183958], [-5.30947863139721, -0.598095234230694, 0.20188804658926585], [-3.2053000620841225, -2.8204251418839075, 1.595795628407481], [-3.4171544270192915, -1.4518844497712553, 0.03651270814417449], [-1.4766039250292735, 1.6441302766308528, 1.8865624294172623], [-1.635673887422947, 1.9311872825736263, -1.4320166303804878], [-1.3339856398784606, 0.552392583807025, 0.10977709098542111], [1.4779792917384362, -1.6395496893298673, -1.8928716523565958], [1.633646042297271, -1.9346183388490834, 1.425155663145934], [1.3338015232565092, -0.5520510725274296, -0.11360972420069657], [3.2083226133693565, 2.8230432387957705, -1.590026412201579], [5.3097359300312625, 0.5976564128517832, -0.19675895658211448], [3.364060706146616, 2.526768064712315, 1.7531780740269913], [3.417324753627233, 1.4515660538036537, -0.03294925339219127]]
 1.0 H    H              1.0000    -3.366524    -2.530372    -1.747701       1.007825
 1.0 H    H              1.0000    -5.309479    -0.598095     0.201888       1.007825
 1.0 H    H              1.0000    -3.205300    -2.820425     1.595796       1.007825
 6.0 C    C              6.0000    -3.417154    -1.451884     0.036513      12.000000
 1.0 H    H              1.0000    -1.476604     1.644130     1.886562       1.007825
 1.0 H    H              1.0000    -1.635674     1.931187    -1.432017       1.007825
 6.0 C    C              6.0000    -1.333986     0.552393     0.109777      12.000000
 1.0 H    H              1.0000     1.477979    -1.639550    -1.892872       1.007825
 1.0 H    H              1.0000     1.633646    -1.934618     1.425156       1.007825
 6.0 C    C              6.0000     1.333802    -0.552051    -0.113610      12.000000
 1.0 H    H              1.0000     3.208323     2.823043    -1.590026       1.007825
 1.0 H    H              1.0000     5.309736     0.597656    -0.196759       1.007825
 1.0 H    H              1.0000     3.364061     2.526768     1.753178       1.007825
 6.0 C    C              6.0000     3.417325     1.451566    -0.032949      12.000000
-------------------------------------------
|   Optimized geometry for dihedral -60.00  |
-------------------------------------------
[[-3.3665238823150156, -2.5303721013306766, -1.7477011282183958], [-5.30947863139721, -0.598095234230694, 0.20188804658926585], [-3.2053000620841225, -2.8204251418839075, 1.595795628407481], [-3.4171544270192915, -1.4518844497712553, 0.03651270814417449], [-1.4766039250292735, 1.6441302766308528, 1.8865624294172623], [-1.635673887422947, 1.9311872825736263, -1.4320166303804878], [-1.3339856398784606, 0.552392583807025, 0.10977709098542111], [1.4779792917384362, -1.6395496893298673, -1.8928716523565958], [1.633646042297271, -1.9346183388490834, 1.425155663145934], [1.3338015232565092, -0.5520510725274296, -0.11360972420069657], [3.2083226133693565, 2.8230432387957705, -1.590026412201579], [5.3097359300312625, 0.5976564128517832, -0.19675895658211448], [3.364060706146616, 2.526768064712315, 1.7531780740269913], [3.417324753627233, 1.4515660538036537, -0.03294925339219127]]
 1.0 H    H              1.0000    -3.366524    -2.530372    -1.747701       1.007825
 1.0 H    H              1.0000    -5.309479    -0.598095     0.201888       1.007825
 1.0 H    H              1.0000    -3.205300    -2.820425     1.595796       1.007825
 6.0 C    C              6.0000    -3.417154    -1.451884     0.036513      12.000000
 1.0 H    H              1.0000    -1.476604     1.644130     1.886562       1.007825
 1.0 H    H              1.0000    -1.635674     1.931187    -1.432017       1.007825
 6.0 C    C              6.0000    -1.333986     0.552393     0.109777      12.000000
 1.0 H    H              1.0000     1.477979    -1.639550    -1.892872       1.007825
 1.0 H    H              1.0000     1.633646    -1.934618     1.425156       1.007825
 6.0 C    C              6.0000     1.333802    -0.552051    -0.113610      12.000000
 1.0 H    H              1.0000     3.208323     2.823043    -1.590026       1.007825
 1.0 H    H              1.0000     5.309736     0.597656    -0.196759       1.007825
 1.0 H    H              1.0000     3.364061     2.526768     1.753178       1.007825
 6.0 C    C              6.0000     3.417325     1.451566    -0.032949      12.000000
-------------------------------------------
|   Optimized geometry for dihedral -70.00  |
-------------------------------------------
[[-3.3665238823150156, -2.5303721013306766, -1.7477011282183958], [-5.30947863139721, -0.598095234230694, 0.20188804658926585], [-3.2053000620841225, -2.8204251418839075, 1.595795628407481], [-3.4171544270192915, -1.4518844497712553, 0.03651270814417449], [-1.4766039250292735, 1.6441302766308528, 1.8865624294172623], [-1.635673887422947, 1.9311872825736263, -1.4320166303804878], [-1.3339856398784606, 0.552392583807025, 0.10977709098542111], [1.4779792917384362, -1.6395496893298673, -1.8928716523565958], [1.633646042297271, -1.9346183388490834, 1.425155663145934], [1.3338015232565092, -0.5520510725274296, -0.11360972420069657], [3.2083226133693565, 2.8230432387957705, -1.590026412201579], [5.3097359300312625, 0.5976564128517832, -0.19675895658211448], [3.364060706146616, 2.526768064712315, 1.7531780740269913], [3.417324753627233, 1.4515660538036537, -0.03294925339219127]]
 1.0 H    H              1.0000    -3.366524    -2.530372    -1.747701       1.007825
 1.0 H    H              1.0000    -5.309479    -0.598095     0.201888       1.007825
 1.0 H    H              1.0000    -3.205300    -2.820425     1.595796       1.007825
 6.0 C    C              6.0000    -3.417154    -1.451884     0.036513      12.000000
 1.0 H    H              1.0000    -1.476604     1.644130     1.886562       1.007825
 1.0 H    H              1.0000    -1.635674     1.931187    -1.432017       1.007825
 6.0 C    C              6.0000    -1.333986     0.552393     0.109777      12.000000
 1.0 H    H              1.0000     1.477979    -1.639550    -1.892872       1.007825
 1.0 H    H              1.0000     1.633646    -1.934618     1.425156       1.007825
 6.0 C    C              6.0000     1.333802    -0.552051    -0.113610      12.000000
 1.0 H    H              1.0000     3.208323     2.823043    -1.590026       1.007825
 1.0 H    H              1.0000     5.309736     0.597656    -0.196759       1.007825
 1.0 H    H              1.0000     3.364061     2.526768     1.753178       1.007825
 6.0 C    C              6.0000     3.417325     1.451566    -0.032949      12.000000
-------------------------------------------
|   Optimized geometry for dihedral -80.00  |
-------------------------------------------
[[-3.3665238823150156, -2.5303721013306766, -1.7477011282183958], [-5.30947863139721, -0.598095234230694, 0.20188804658926585], [-3.2053000620841225, -2.8204251418839075, 1.595795628407481], [-3.4171544270192915, -1.4518844497712553, 0.03651270814417449], [-1.4766039250292735, 1.6441302766308528, 1.8865624294172623], [-1.635673887422947, 1.9311872825736263, -1.4320166303804878], [-1.3339856398784606, 0.552392583807025, 0.10977709098542111], [1.4779792917384362, -1.6395496893298673, -1.8928716523565958], [1.633646042297271, -1.9346183388490834, 1.425155663145934], [1.3338015232565092, -0.5520510725274296, -0.11360972420069657], [3.2083226133693565, 2.8230432387957705, -1.590026412201579], [5.3097359300312625, 0.5976564128517832, -0.19675895658211448], [3.364060706146616, 2.526768064712315, 1.7531780740269913], [3.417324753627233, 1.4515660538036537, -0.03294925339219127]]
 1.0 H    H              1.0000    -3.366524    -2.530372    -1.747701       1.007825
 1.0 H    H              1.0000    -5.309479    -0.598095     0.201888       1.007825
 1.0 H    H              1.0000    -3.205300    -2.820425     1.595796       1.007825
 6.0 C    C              6.0000    -3.417154    -1.451884     0.036513      12.000000
 1.0 H    H              1.0000    -1.476604     1.644130     1.886562       1.007825
 1.0 H    H              1.0000    -1.635674     1.931187    -1.432017       1.007825
 6.0 C    C              6.0000    -1.333986     0.552393     0.109777      12.000000
 1.0 H    H              1.0000     1.477979    -1.639550    -1.892872       1.007825
 1.0 H    H              1.0000     1.633646    -1.934618     1.425156       1.007825
 6.0 C    C              6.0000     1.333802    -0.552051    -0.113610      12.000000
 1.0 H    H              1.0000     3.208323     2.823043    -1.590026       1.007825
 1.0 H    H              1.0000     5.309736     0.597656    -0.196759       1.007825
 1.0 H    H              1.0000     3.364061     2.526768     1.753178       1.007825
 6.0 C    C              6.0000     3.417325     1.451566    -0.032949      12.000000
-------------------------------------------
|   Optimized geometry for dihedral -90.00  |
-------------------------------------------
[[-3.3665238823150156, -2.5303721013306766, -1.7477011282183958], [-5.30947863139721, -0.598095234230694, 0.20188804658926585], [-3.2053000620841225, -2.8204251418839075, 1.595795628407481], [-3.4171544270192915, -1.4518844497712553, 0.03651270814417449], [-1.4766039250292735, 1.6441302766308528, 1.8865624294172623], [-1.635673887422947, 1.9311872825736263, -1.4320166303804878], [-1.3339856398784606, 0.552392583807025, 0.10977709098542111], [1.4779792917384362, -1.6395496893298673, -1.8928716523565958], [1.633646042297271, -1.9346183388490834, 1.425155663145934], [1.3338015232565092, -0.5520510725274296, -0.11360972420069657], [3.2083226133693565, 2.8230432387957705, -1.590026412201579], [5.3097359300312625, 0.5976564128517832, -0.19675895658211448], [3.364060706146616, 2.526768064712315, 1.7531780740269913], [3.417324753627233, 1.4515660538036537, -0.03294925339219127]]
 1.0 H    H              1.0000    -3.366524    -2.530372    -1.747701       1.007825
 1.0 H    H              1.0000    -5.309479    -0.598095     0.201888       1.007825
 1.0 H    H              1.0000    -3.205300    -2.820425     1.595796       1.007825
 6.0 C    C              6.0000    -3.417154    -1.451884     0.036513      12.000000
 1.0 H    H              1.0000    -1.476604     1.644130     1.886562       1.007825
 1.0 H    H              1.0000    -1.635674     1.931187    -1.432017       1.007825
 6.0 C    C              6.0000    -1.333986     0.552393     0.109777      12.000000
 1.0 H    H              1.0000     1.477979    -1.639550    -1.892872       1.007825
 1.0 H    H              1.0000     1.633646    -1.934618     1.425156       1.007825
 6.0 C    C              6.0000     1.333802    -0.552051    -0.113610      12.000000
 1.0 H    H              1.0000     3.208323     2.823043    -1.590026       1.007825
 1.0 H    H              1.0000     5.309736     0.597656    -0.196759       1.007825
 1.0 H    H              1.0000     3.364061     2.526768     1.753178       1.007825
 6.0 C    C              6.0000     3.417325     1.451566    -0.032949      12.000000
-------------------------------------------
|   Optimized geometry for dihedral -100.00  |
-------------------------------------------
[[-3.3665238823150156, -2.5303721013306766, -1.7477011282183958], [-5.30947863139721, -0.598095234230694, 0.20188804658926585], [-3.2053000620841225, -2.8204251418839075, 1.595795628407481], [-3.4171544270192915, -1.4518844497712553, 0.03651270814417449], [-1.4766039250292735, 1.6441302766308528, 1.8865624294172623], [-1.635673887422947, 1.9311872825736263, -1.4320166303804878], [-1.3339856398784606, 0.552392583807025, 0.10977709098542111], [1.4779792917384362, -1.6395496893298673, -1.8928716523565958], [1.633646042297271, -1.9346183388490834, 1.425155663145934], [1.3338015232565092, -0.5520510725274296, -0.11360972420069657], [3.2083226133693565, 2.8230432387957705, -1.590026412201579], [5.3097359300312625, 0.5976564128517832, -0.19675895658211448], [3.364060706146616, 2.526768064712315, 1.7531780740269913], [3.417324753627233, 1.4515660538036537, -0.03294925339219127]]
 1.0 H    H              1.0000    -3.366524    -2.530372    -1.747701       1.007825
 1.0 H    H              1.0000    -5.309479    -0.598095     0.201888       1.007825
 1.0 H    H              1.0000    -3.205300    -2.820425     1.595796       1.007825
 6.0 C    C              6.0000    -3.417154    -1.451884     0.036513      12.000000
 1.0 H    H              1.0000    -1.476604     1.644130     1.886562       1.007825
 1.0 H    H              1.0000    -1.635674     1.931187    -1.432017       1.007825
 6.0 C    C              6.0000    -1.333986     0.552393     0.109777      12.000000
 1.0 H    H              1.0000     1.477979    -1.639550    -1.892872       1.007825
 1.0 H    H              1.0000     1.633646    -1.934618     1.425156       1.007825
 6.0 C    C              6.0000     1.333802    -0.552051    -0.113610      12.000000
 1.0 H    H              1.0000     3.208323     2.823043    -1.590026       1.007825
 1.0 H    H              1.0000     5.309736     0.597656    -0.196759       1.007825
 1.0 H    H              1.0000     3.364061     2.526768     1.753178       1.007825
 6.0 C    C              6.0000     3.417325     1.451566    -0.032949      12.000000
-------------------------------------------
|   Optimized geometry for dihedral -110.00  |
-------------------------------------------
[[-3.3665238823150156, -2.5303721013306766, -1.7477011282183958], [-5.30947863139721, -0.598095234230694, 0.20188804658926585], [-3.2053000620841225, -2.8204251418839075, 1.595795628407481], [-3.4171544270192915, -1.4518844497712553, 0.03651270814417449], [-1.4766039250292735, 1.6441302766308528, 1.8865624294172623], [-1.635673887422947, 1.9311872825736263, -1.4320166303804878], [-1.3339856398784606, 0.552392583807025, 0.10977709098542111], [1.4779792917384362, -1.6395496893298673, -1.8928716523565958], [1.633646042297271, -1.9346183388490834, 1.425155663145934], [1.3338015232565092, -0.5520510725274296, -0.11360972420069657], [3.2083226133693565, 2.8230432387957705, -1.590026412201579], [5.3097359300312625, 0.5976564128517832, -0.19675895658211448], [3.364060706146616, 2.526768064712315, 1.7531780740269913], [3.417324753627233, 1.4515660538036537, -0.03294925339219127]]
 1.0 H    H              1.0000    -3.366524    -2.530372    -1.747701       1.007825
 1.0 H    H              1.0000    -5.309479    -0.598095     0.201888       1.007825
 1.0 H    H              1.0000    -3.205300    -2.820425     1.595796       1.007825
 6.0 C    C              6.0000    -3.417154    -1.451884     0.036513      12.000000
 1.0 H    H              1.0000    -1.476604     1.644130     1.886562       1.007825
 1.0 H    H              1.0000    -1.635674     1.931187    -1.432017       1.007825
 6.0 C    C              6.0000    -1.333986     0.552393     0.109777      12.000000
 1.0 H    H              1.0000     1.477979    -1.639550    -1.892872       1.007825
 1.0 H    H              1.0000     1.633646    -1.934618     1.425156       1.007825
 6.0 C    C              6.0000     1.333802    -0.552051    -0.113610      12.000000
 1.0 H    H              1.0000     3.208323     2.823043    -1.590026       1.007825
 1.0 H    H              1.0000     5.309736     0.597656    -0.196759       1.007825
 1.0 H    H              1.0000     3.364061     2.526768     1.753178       1.007825
 6.0 C    C              6.0000     3.417325     1.451566    -0.032949      12.000000
Optimizer: Optimization complete!
-------------------------------------------
|   Optimized geometry for dihedral -120.00  |
-------------------------------------------
[[-3.4167758513995055, -2.958628795920345, -0.3747635664979152], [-5.1195167190028945, -0.38032771718136077, 0.8301202233242811], [-2.6343406719068754, -1.6972622379033955, 2.588658862835231], [-3.248486500660301, -1.2114772738532416, 0.6902470981167752], [-1.3384887509546881, 2.3536222589588833, 0.5004320620980786], [-2.0951403600393594, 1.1014559511874986, -2.431011387204842], [-1.3848316759893353, 0.6014317239092334, -0.5710441723793689], [1.848465368643339, -0.6452410990582479, -2.7711862238883826], [1.3601389778080195, -2.393663136225457, -0.04385036411163306], [1.3200909635288536, -0.4816966925324478, -0.7942910841268707], [3.390720269632815, 3.0067955877212076, -0.17439726417694562], [5.177806177702821, 0.2725413979719492, 0.3990829144653238], [2.8796789430149117, 1.2435240652522488, 2.585100267924343], [3.3088139990824783, 1.0999042583900698, 0.5820167323862682]]
 1.0 H    H              1.0000    -3.416776    -2.958629    -0.374764       1.007825
 1.0 H    H              1.0000    -5.119517    -0.380328     0.830120       1.007825
 1.0 H    H              1.0000    -2.634341    -1.697262     2.588659       1.007825
 6.0 C    C              6.0000    -3.248487    -1.211477     0.690247      12.000000
 1.0 H    H              1.0000    -1.338489     2.353622     0.500432       1.007825
 1.0 H    H              1.0000    -2.095140     1.101456    -2.431011       1.007825
 6.0 C    C              6.0000    -1.384832     0.601432    -0.571044      12.000000
 1.0 H    H              1.0000     1.848465    -0.645241    -2.771186       1.007825
 1.0 H    H              1.0000     1.360139    -2.393663    -0.043850       1.007825
 6.0 C    C              6.0000     1.320091    -0.481697    -0.794291      12.000000
 1.0 H    H              1.0000     3.390720     3.006796    -0.174397       1.007825
 1.0 H    H              1.0000     5.177806     0.272541     0.399083       1.007825
 1.0 H    H              1.0000     2.879679     1.243524     2.585100       1.007825
 6.0 C    C              6.0000     3.308814     1.099904     0.582017      12.000000
Optimizer: Optimization complete!
-------------------------------------------
|   Optimized geometry for dihedral -130.00  |
-------------------------------------------
[[-3.537658566969155, -2.8251542122219866, -0.6011537264589237], [-5.18044003143853, -0.26982003023428897, 0.7275274675324122], [-2.8208924125076775, -1.8158625398807593, 2.4731046188516514], [-3.340373270732419, -1.1682324331650482, 0.5955691574026193], [-1.256308103195256, 2.287228510191015, 0.7880742175623127], [-1.9770092843202334, 1.3666300812030865, -2.273048056347294], [-1.3555063194623633, 0.6515412215334629, -0.451766020361185], [1.7292548763140487, -0.890741165554381, -2.6757005843275112], [1.3063284800041102, -2.383285274586854, 0.21060366516590956], [1.297887941878069, -0.540858413895031, -0.699291980638855], [3.4874289256359012, 2.9214475591392066, -0.4003321436204382], [5.22930612436159, 0.17585543901959375, 0.2491421539860457], [3.0689370777325258, 1.3393897651978384, 2.4816284664194668], [3.393880806805712, 1.0654704472863732, 0.4731960597846191]]
 1.0 H    H              1.0000    -3.537659    -2.825154    -0.601154       1.007825
 1.0 H    H              1.0000    -5.180440    -0.269820     0.727527       1.007825
 1.0 H    H              1.0000    -2.820892    -1.815863     2.473105       1.007825
 6.0 C    C              6.0000    -3.340373    -1.168232     0.595569      12.000000
 1.0 H    H              1.0000    -1.256308     2.287229     0.788074       1.007825
 1.0 H    H              1.0000    -1.977009     1.366630    -2.273048       1.007825
 6.0 C    C              6.0000    -1.355506     0.651541    -0.451766      12.000000
 1.0 H    H              1.0000     1.729255    -0.890741    -2.675701       1.007825
 1.0 H    H              1.0000     1.306328    -2.383285     0.210604       1.007825
 6.0 C    C              6.0000     1.297888    -0.540858    -0.699292      12.000000
 1.0 H    H              1.0000     3.487429     2.921448    -0.400332       1.007825
 1.0 H    H              1.0000     5.229306     0.175855     0.249142       1.007825
 1.0 H    H              1.0000     3.068937     1.339390     2.481628       1.007825
 6.0 C    C              6.0000     3.393881     1.065470     0.473196      12.000000
Optimizer: Optimization complete!
-------------------------------------------
|   Optimized geometry for dihedral -140.00  |
-------------------------------------------
[[-3.6072244317014444, -2.7125336221469243, -0.8086034256033345], [-5.227750829677116, -0.19015392371019255, 0.6058799426424132], [-2.9954574624431993, -1.9165445645766008, 2.349663962743686], [-3.4117442705607597, -1.1388784205306575, 0.4964469789705108], [-1.2143815949338237, 2.202908578150777, 1.0266247275151017], [-1.8457267360020608, 1.5579737058204446, -2.125844732199413], [-1.3277724227183183, 0.6761874601026735, -0.34511658570383397], [1.6208488055302688, -1.1386602831437378, -2.535628911166428], [1.2878687238942803, -2.3400054532766137, 0.4972710471560708], [1.2828853717530768, -0.5925123403515327, -0.5851616829066061], [3.536272398785867, 2.844330924413914, -0.6529004103068471], [5.263222826250765, 0.12441944508526687, 0.12745401409456278], [3.2228585822290094, 1.492640025634012, 2.3566101519434204], [3.4532273688019606, 1.061554712205566, 0.3632393302569896]]
 1.0 H    H              1.0000    -3.607224    -2.712534    -0.808603       1.007825
 1.0 H    H              1.0000    -5.227751    -0.190154     0.605880       1.007825
 1.0 H    H              1.0000    -2.995457    -1.916545     2.349664       1.007825
 6.0 C    C              6.0000    -3.411744    -1.138878     0.496447      12.000000
 1.0 H    H              1.0000    -1.214382     2.202909     1.026625       1.007825
 1.0 H    H              1.0000    -1.845727     1.557974    -2.125845       1.007825
 6.0 C    C              6.0000    -1.327772     0.676187    -0.345117      12.000000
 1.0 H    H              1.0000     1.620849    -1.138660    -2.535629       1.007825
 1.0 H    H              1.0000     1.287869    -2.340005     0.497271       1.007825
 6.0 C    C              6.0000     1.282885    -0.592512    -0.585162      12.000000
 1.0 H    H              1.0000     3.536272     2.844331    -0.652900       1.007825
 1.0 H    H              1.0000     5.263223     0.124419     0.127454       1.007825
 1.0 H    H              1.0000     3.222859     1.492640     2.356610       1.007825
 6.0 C    C              6.0000     3.453227     1.061555     0.363239      12.000000
Optimizer: Optimization complete!
-------------------------------------------
|   Optimized geometry for dihedral -150.00  |
-------------------------------------------
[[-3.6357696800195662, -2.5973559706139735, -1.0395460139963666], [-5.261260447970914, -0.1448414583577166, 0.4857226953649037], [-3.148839673021049, -2.0483616696378704, 2.192100294471555], [-3.4633406352483815, -1.1278800773394249, 0.3851188626241431], [-1.2013242824187815, 2.0961587743369074, 1.2682534704458588], [-1.7250078494135384, 1.730498305007025, -1.9497925524010955], [-1.3051217295686621, 0.6907228753361818, -0.22899894574424953], [1.5211824731378811, -1.324609925764653, -2.3898983504401063], [1.2971178245648707, -2.28421042026642, 0.7402896099920124], [1.27228335851297, -0.6252901312866904, -0.47427461872508203], [3.5413995978602784, 2.7785684914554922, -0.8736388060394606], [5.285379286125887, 0.10088372993109074, 0.006232180906573102], [3.357417017618946, 1.6309945824722212, 2.230750187484982], [3.49363472963152, 1.0676775724318774, 0.26184476965419146]]
 1.0 H    H              1.0000    -3.635770    -2.597356    -1.039546       1.007825
 1.0 H    H              1.0000    -5.261260    -0.144841     0.485723       1.007825
 1.0 H    H              1.0000    -3.148840    -2.048362     2.192100       1.007825
 6.0 C    C              6.0000    -3.463341    -1.127880     0.385119      12.000000
 1.0 H    H              1.0000    -1.201324     2.096159     1.268253       1.007825
 1.0 H    H              1.0000    -1.725008     1.730498    -1.949793       1.007825
 6.0 C    C              6.0000    -1.305122     0.690723    -0.228999      12.000000
 1.0 H    H              1.0000     1.521182    -1.324610    -2.389898       1.007825
 1.0 H    H              1.0000     1.297118    -2.284210     0.740290       1.007825
 6.0 C    C              6.0000     1.272283    -0.625290    -0.474275      12.000000
 1.0 H    H              1.0000     3.541400     2.778568    -0.873639       1.007825
 1.0 H    H              1.0000     5.285379     0.100884     0.006232       1.007825
 1.0 H    H              1.0000     3.357417     1.630995     2.230750       1.007825
 6.0 C    C              6.0000     3.493635     1.067678     0.261845      12.000000
Optimizer: Optimization complete!
-------------------------------------------
|   Optimized geometry for dihedral -160.00  |
-------------------------------------------
[[-3.647605073701615, -2.4677893896939116, -1.259473426890072], [-5.281015870300497, -0.10872150315467334, 0.3992909497628602], [-3.2662274316118225, -2.1845370829845727, 2.020575874139242], [-3.4990772791677465, -1.1188942186152868, 0.2822155855254545], [-1.2106733095336972, 1.9884071486223183, 1.485401797117651], [-1.6184733464601322, 1.861197106570136, -1.7725736503333194], [-1.287483683414047, 0.6962309487177022, -0.11258455153946335], [1.4269757633497229, -1.4887435897375167, -2.2300044287826712], [1.3283386949514016, -2.217184625599528, 0.97257639709974], [1.2648776210949577, -0.6522756272955574, -0.36017089520140405], [3.532693542726687, 2.690313703493885, -1.1222567063706035], [5.29590958475367, 0.08037551306044774, -0.09073315916354421], [3.4627234608560484, 1.802777223665888, 2.070203937244614], [3.5197814064181983, 1.0786263186656317, 0.1508141209373568]]
 1.0 H    H              1.0000    -3.647605    -2.467789    -1.259473       1.007825
 1.0 H    H              1.0000    -5.281016    -0.108722     0.399291       1.007825
 1.0 H    H              1.0000    -3.266227    -2.184537     2.020576       1.007825
 6.0 C    C              6.0000    -3.499077    -1.118894     0.282216      12.000000
 1.0 H    H              1.0000    -1.210673     1.988407     1.485402       1.007825
 1.0 H    H              1.0000    -1.618473     1.861197    -1.772574       1.007825
 6.0 C    C              6.0000    -1.287484     0.696231    -0.112585      12.000000
 1.0 H    H              1.0000     1.426976    -1.488744    -2.230004       1.007825
 1.0 H    H              1.0000     1.328339    -2.217185     0.972576       1.007825
 6.0 C    C              6.0000     1.264878    -0.652276    -0.360171      12.000000
 1.0 H    H              1.0000     3.532694     2.690314    -1.122257       1.007825
 1.0 H    H              1.0000     5.295910     0.080376    -0.090733       1.007825
 1.0 H    H              1.0000     3.462723     1.802777     2.070204       1.007825
 6.0 C    C              6.0000     3.519781     1.078626     0.150814      12.000000
Optimizer: Optimization complete!
-------------------------------------------
|   Optimized geometry for dihedral -170.00  |
-------------------------------------------
[[-3.637685389355944, -2.315500986132406, -1.4880121411863378], [-5.291921908132244, -0.0904308736068645, 0.32836709321705093], [-3.359457701062955, -2.3375762299579077, 1.8148363013528486], [-3.520901105371348, -1.1148109466946894, 0.17393319281072087], [-1.242573895756527, 1.873881676801142, 1.6896177767521168], [-1.5247148339632728, 1.9693517849036586, -1.5854697777743163], [-1.2749317524044947, 0.6928826150903014, 0.006361211482212162], [1.3500626246857417, -1.6296191661755253, -2.0587661816743865], [1.380558494019553, -2.1422846138111935, 1.1894874363341814], [1.2636178137571799, -0.6708741526189439, -0.24244410192918311], [3.500756505074125, 2.5820388531603, -1.3737768967624375], [5.299819468876814, 0.0750173699418901, -0.16342149122780486], [3.536693983395758, 1.9926870034413442, 1.8878415934383186], [3.531246075027209, 1.0946867123441477, 0.041934095408027276]]
 1.0 H    H              1.0000    -3.637685    -2.315501    -1.488012       1.007825
 1.0 H    H              1.0000    -5.291922    -0.090431     0.328367       1.007825
 1.0 H    H              1.0000    -3.359458    -2.337576     1.814836       1.007825
 6.0 C    C              6.0000    -3.520901    -1.114811     0.173933      12.000000
 1.0 H    H              1.0000    -1.242574     1.873882     1.689618       1.007825
 1.0 H    H              1.0000    -1.524715     1.969352    -1.585470       1.007825
 6.0 C    C              6.0000    -1.274932     0.692883     0.006361      12.000000
 1.0 H    H              1.0000     1.350063    -1.629619    -2.058766       1.007825
 1.0 H    H              1.0000     1.380558    -2.142285     1.189487       1.007825
 6.0 C    C              6.0000     1.263618    -0.670874    -0.242444      12.000000
 1.0 H    H              1.0000     3.500757     2.582039    -1.373777       1.007825
 1.0 H    H              1.0000     5.299819     0.075017    -0.163421       1.007825
 1.0 H    H              1.0000     3.536694     1.992687     1.887842       1.007825
 6.0 C    C              6.0000     3.531246     1.094687     0.041934      12.000000
Optimizer: Optimization complete!
-------------------------------------------
|   Optimized geometry for dihedral -180.00  |
-------------------------------------------
[[-3.5950353299327555, -2.1643390695966236, -1.690427819951506], [-5.299006583054046, -0.07480236788340518, 0.2380701326018698], [-3.445929792819925, -2.4578977777047433, 1.607788116707941], [-3.5324318509019026, -1.10406906313502, 0.0666520487313951], [-1.287033363577486, 1.7573226764479772, 1.8787095646217091], [-1.4450321090530758, 2.0617356788118917, -1.3928382573930371], [-1.2664970871522352, 0.6853235776267359, 0.12418125651687913], [1.288230633390547, -1.7567430780528688, -1.879679944287901], [1.4437434891192578, -2.062136720967452, 1.3918951484261273], [1.2664616442120202, -0.6852544232039284, -0.12492313300799372], [3.4376536548594356, 2.470505680994262, -1.5954902518553065], [5.2981709539815585, 0.07642565234290669, -0.2554819096414271], [3.6043283508992747, 2.1497527906534586, 1.6993473433056587], [3.532459743232701, 1.1040147350744025, -0.06606908294475039]]
 1.0 H    H              1.0000    -3.595035    -2.164339    -1.690428       1.007825
 1.0 H    H              1.0000    -5.299007    -0.074802     0.238070       1.007825
 1.0 H    H              1.0000    -3.445930    -2.457898     1.607788       1.007825
 6.0 C    C              6.0000    -3.532432    -1.104069     0.066652      12.000000
 1.0 H    H              1.0000    -1.287033     1.757323     1.878710       1.007825
 1.0 H    H              1.0000    -1.445032     2.061736    -1.392838       1.007825
 6.0 C    C              6.0000    -1.266497     0.685324     0.124181      12.000000
 1.0 H    H              1.0000     1.288231    -1.756743    -1.879680       1.007825
 1.0 H    H              1.0000     1.443743    -2.062137     1.391895       1.007825
 6.0 C    C              6.0000     1.266462    -0.685254    -0.124923      12.000000
 1.0 H    H              1.0000     3.437654     2.470506    -1.595490       1.007825
 1.0 H    H              1.0000     5.298171     0.076426    -0.255482       1.007825
 1.0 H    H              1.0000     3.604328     2.149753     1.699347       1.007825
 6.0 C    C              6.0000     3.532460     1.104015    -0.066069      12.000000
-------------------------------------------
|   Optimized geometry for dihedral -190.00  |
-------------------------------------------
[[-3.5950353299327555, -2.1643390695966236, -1.690427819951506], [-5.299006583054046, -0.0748023678834051, 0.2380701326018698], [-3.445929792819925, -2.4578977777047433, 1.607788116707941], [-3.5324318509019026, -1.10406906313502, 0.0666520487313951], [-1.2870333635774858, 1.7573226764479772, 1.8787095646217091], [-1.4450321090530756, 2.0617356788118917, -1.3928382573930371], [-1.266497087152235, 0.6853235776267359, 0.12418125651687913], [1.2882306333905473, -1.7567430780528688, -1.879679944287901], [1.443743489119258, -2.062136720967452, 1.3918951484261273], [1.2664616442120205, -0.6852544232039284, -0.12492313300799372], [3.4376536548594356, 2.470505680994262, -1.5954902518553065], [5.2981709539815585, 0.07642565234290677, -0.2554819096414271], [3.6043283508992747, 2.1497527906534586, 1.6993473433056587], [3.532459743232701, 1.1040147350744025, -0.06606908294475039]]
 1.0 H    H              1.0000    -3.595035    -2.164339    -1.690428       1.007825
 1.0 H    H              1.0000    -5.299007    -0.074802     0.238070       1.007825
 1.0 H    H              1.0000    -3.445930    -2.457898     1.607788       1.007825
 6.0 C    C              6.0000    -3.532432    -1.104069     0.066652      12.000000
 1.0 H    H              1.0000    -1.287033     1.757323     1.878710       1.007825
 1.0 H    H              1.0000    -1.445032     2.061736    -1.392838       1.007825
 6.0 C    C              6.0000    -1.266497     0.685324     0.124181      12.000000
 1.0 H    H              1.0000     1.288231    -1.756743    -1.879680       1.007825
 1.0 H    H              1.0000     1.443743    -2.062137     1.391895       1.007825
 6.0 C    C              6.0000     1.266462    -0.685254    -0.124923      12.000000
 1.0 H    H              1.0000     3.437654     2.470506    -1.595490       1.007825
 1.0 H    H              1.0000     5.298171     0.076426    -0.255482       1.007825
 1.0 H    H              1.0000     3.604328     2.149753     1.699347       1.007825
 6.0 C    C              6.0000     3.532460     1.104015    -0.066069      12.000000
-------------------------------------------
|   Optimized geometry for dihedral -200.00  |
-------------------------------------------
[[-3.5950353299327555, -2.1643390695966236, -1.690427819951506], [-5.299006583054046, -0.074802367883405, 0.2380701326018698], [-3.445929792819925, -2.4578977777047433, 1.607788116707941], [-3.5324318509019026, -1.10406906313502, 0.0666520487313951], [-1.2870333635774858, 1.7573226764479772, 1.8787095646217091], [-1.4450321090530756, 2.0617356788118917, -1.3928382573930371], [-1.266497087152235, 0.6853235776267359, 0.12418125651687913], [1.2882306333905473, -1.7567430780528688, -1.879679944287901], [1.443743489119258, -2.062136720967452, 1.3918951484261273], [1.2664616442120205, -0.6852544232039284, -0.12492313300799372], [3.4376536548594356, 2.470505680994262, -1.5954902518553065], [5.2981709539815585, 0.07642565234290677, -0.2554819096414271], [3.6043283508992747, 2.1497527906534586, 1.6993473433056587], [3.532459743232701, 1.1040147350744025, -0.06606908294475039]]
 1.0 H    H              1.0000    -3.595035    -2.164339    -1.690428       1.007825
 1.0 H    H              1.0000    -5.299007    -0.074802     0.238070       1.007825
 1.0 H    H              1.0000    -3.445930    -2.457898     1.607788       1.007825
 6.0 C    C              6.0000    -3.532432    -1.104069     0.066652      12.000000
 1.0 H    H              1.0000    -1.287033     1.757323     1.878710       1.007825
 1.0 H    H              1.0000    -1.445032     2.061736    -1.392838       1.007825
 6.0 C    C              6.0000    -1.266497     0.685324     0.124181      12.000000
 1.0 H    H              1.0000     1.288231    -1.756743    -1.879680       1.007825
 1.0 H    H              1.0000     1.443743    -2.062137     1.391895       1.007825
 6.0 C    C              6.0000     1.266462    -0.685254    -0.124923      12.000000
 1.0 H    H              1.0000     3.437654     2.470506    -1.595490       1.007825
 1.0 H    H              1.0000     5.298171     0.076426    -0.255482       1.007825
 1.0 H    H              1.0000     3.604328     2.149753     1.699347       1.007825
 6.0 C    C              6.0000     3.532460     1.104015    -0.066069      12.000000
-------------------------------------------
|   Optimized geometry for dihedral -210.00  |
-------------------------------------------
[[-3.5950353299327555, -2.1643390695966236, -1.690427819951506], [-5.299006583054046, -0.07480236788340494, 0.2380701326018698], [-3.445929792819925, -2.4578977777047433, 1.607788116707941], [-3.5324318509019026, -1.10406906313502, 0.0666520487313951], [-1.2870333635774858, 1.7573226764479772, 1.8787095646217091], [-1.4450321090530756, 2.0617356788118917, -1.3928382573930371], [-1.266497087152235, 0.6853235776267359, 0.12418125651687913], [1.2882306333905473, -1.7567430780528688, -1.879679944287901], [1.443743489119258, -2.062136720967452, 1.3918951484261273], [1.2664616442120205, -0.6852544232039284, -0.12492313300799372], [3.4376536548594356, 2.470505680994262, -1.5954902518553065], [5.2981709539815585, 0.07642565234290677, -0.2554819096414271], [3.6043283508992747, 2.1497527906534586, 1.6993473433056587], [3.532459743232701, 1.1040147350744025, -0.06606908294475039]]
 1.0 H    H              1.0000    -3.595035    -2.164339    -1.690428       1.007825
 1.0 H    H              1.0000    -5.299007    -0.074802     0.238070       1.007825
 1.0 H    H              1.0000    -3.445930    -2.457898     1.607788       1.007825
 6.0 C    C              6.0000    -3.532432    -1.104069     0.066652      12.000000
 1.0 H    H              1.0000    -1.287033     1.757323     1.878710       1.007825
 1.0 H    H              1.0000    -1.445032     2.061736    -1.392838       1.007825
 6.0 C    C              6.0000    -1.266497     0.685324     0.124181      12.000000
 1.0 H    H              1.0000     1.288231    -1.756743    -1.879680       1.007825
 1.0 H    H              1.0000     1.443743    -2.062137     1.391895       1.007825
 6.0 C    C              6.0000     1.266462    -0.685254    -0.124923      12.000000
 1.0 H    H              1.0000     3.437654     2.470506    -1.595490       1.007825
 1.0 H    H              1.0000     5.298171     0.076426    -0.255482       1.007825
 1.0 H    H              1.0000     3.604328     2.149753     1.699347       1.007825
 6.0 C    C              6.0000     3.532460     1.104015    -0.066069      12.000000
-------------------------------------------
|   Optimized geometry for dihedral -220.00  |
-------------------------------------------
[[-3.5950353299327555, -2.1643390695966236, -1.690427819951506], [-5.299006583054046, -0.07480236788340489, 0.2380701326018698], [-3.445929792819925, -2.4578977777047433, 1.607788116707941], [-3.5324318509019026, -1.10406906313502, 0.0666520487313951], [-1.2870333635774858, 1.7573226764479772, 1.8787095646217091], [-1.4450321090530756, 2.0617356788118917, -1.3928382573930371], [-1.266497087152235, 0.6853235776267359, 0.12418125651687913], [1.2882306333905473, -1.7567430780528688, -1.879679944287901], [1.443743489119258, -2.062136720967452, 1.3918951484261273], [1.2664616442120205, -0.6852544232039284, -0.12492313300799372], [3.4376536548594356, 2.470505680994262, -1.5954902518553065], [5.2981709539815585, 0.07642565234290677, -0.2554819096414271], [3.6043283508992747, 2.1497527906534586, 1.6993473433056587], [3.532459743232701, 1.1040147350744025, -0.06606908294475039]]
 1.0 H    H              1.0000    -3.595035    -2.164339    -1.690428       1.007825
 1.0 H    H              1.0000    -5.299007    -0.074802     0.238070       1.007825
 1.0 H    H              1.0000    -3.445930    -2.457898     1.607788       1.007825
 6.0 C    C              6.0000    -3.532432    -1.104069     0.066652      12.000000
 1.0 H    H              1.0000    -1.287033     1.757323     1.878710       1.007825
 1.0 H    H              1.0000    -1.445032     2.061736    -1.392838       1.007825
 6.0 C    C              6.0000    -1.266497     0.685324     0.124181      12.000000
 1.0 H    H              1.0000     1.288231    -1.756743    -1.879680       1.007825
 1.0 H    H              1.0000     1.443743    -2.062137     1.391895       1.007825
 6.0 C    C              6.0000     1.266462    -0.685254    -0.124923      12.000000
 1.0 H    H              1.0000     3.437654     2.470506    -1.595490       1.007825
 1.0 H    H              1.0000     5.298171     0.076426    -0.255482       1.007825
 1.0 H    H              1.0000     3.604328     2.149753     1.699347       1.007825
 6.0 C    C              6.0000     3.532460     1.104015    -0.066069      12.000000
-------------------------------------------
|   Optimized geometry for dihedral -230.00  |
-------------------------------------------
[[-3.5950353299327555, -2.1643390695966236, -1.690427819951506], [-5.299006583054046, -0.07480236788340483, 0.2380701326018698], [-3.445929792819925, -2.4578977777047433, 1.607788116707941], [-3.5324318509019026, -1.10406906313502, 0.0666520487313951], [-1.2870333635774858, 1.7573226764479772, 1.8787095646217091], [-1.4450321090530756, 2.0617356788118917, -1.3928382573930371], [-1.266497087152235, 0.6853235776267359, 0.12418125651687913], [1.2882306333905473, -1.7567430780528688, -1.879679944287901], [1.443743489119258, -2.062136720967452, 1.3918951484261273], [1.2664616442120205, -0.6852544232039284, -0.12492313300799372], [3.4376536548594356, 2.470505680994262, -1.5954902518553065], [5.2981709539815585, 0.07642565234290677, -0.2554819096414271], [3.6043283508992747, 2.1497527906534586, 1.6993473433056587], [3.532459743232701, 1.1040147350744025, -0.06606908294475039]]
 1.0 H    H              1.0000    -3.595035    -2.164339    -1.690428       1.007825
 1.0 H    H              1.0000    -5.299007    -0.074802     0.238070       1.007825
 1.0 H    H              1.0000    -3.445930    -2.457898     1.607788       1.007825
 6.0 C    C              6.0000    -3.532432    -1.104069     0.066652      12.000000
 1.0 H    H              1.0000    -1.287033     1.757323     1.878710       1.007825
 1.0 H    H              1.0000    -1.445032     2.061736    -1.392838       1.007825
 6.0 C    C              6.0000    -1.266497     0.685324     0.124181      12.000000
 1.0 H    H              1.0000     1.288231    -1.756743    -1.879680       1.007825
 1.0 H    H              1.0000     1.443743    -2.062137     1.391895       1.007825
 6.0 C    C              6.0000     1.266462    -0.685254    -0.124923      12.000000
 1.0 H    H              1.0000     3.437654     2.470506    -1.595490       1.007825
 1.0 H    H              1.0000     5.298171     0.076426    -0.255482       1.007825
 1.0 H    H              1.0000     3.604328     2.149753     1.699347       1.007825
 6.0 C    C              6.0000     3.532460     1.104015    -0.066069      12.000000
-------------------------------------------
|   Optimized geometry for dihedral -240.00  |
-------------------------------------------
[[-3.5950353299327555, -2.1643390695966236, -1.690427819951506], [-5.299006583054046, -0.07480236788340473, 0.2380701326018698], [-3.445929792819925, -2.4578977777047433, 1.607788116707941], [-3.5324318509019026, -1.10406906313502, 0.0666520487313951], [-1.2870333635774858, 1.7573226764479772, 1.8787095646217091], [-1.4450321090530756, 2.0617356788118917, -1.3928382573930371], [-1.266497087152235, 0.6853235776267359, 0.12418125651687913], [1.2882306333905473, -1.7567430780528688, -1.879679944287901], [1.443743489119258, -2.062136720967452, 1.3918951484261273], [1.2664616442120205, -0.6852544232039284, -0.12492313300799372], [3.4376536548594356, 2.470505680994262, -1.5954902518553065], [5.2981709539815585, 0.07642565234290677, -0.2554819096414271], [3.6043283508992747, 2.1497527906534586, 1.6993473433056587], [3.532459743232701, 1.1040147350744025, -0.06606908294475039]]
 1.0 H    H              1.0000    -3.595035    -2.164339    -1.690428       1.007825
 1.0 H    H              1.0000    -5.299007    -0.074802     0.238070       1.007825
 1.0 H    H              1.0000    -3.445930    -2.457898     1.607788       1.007825
 6.0 C    C              6.0000    -3.532432    -1.104069     0.066652      12.000000
 1.0 H    H              1.0000    -1.287033     1.757323     1.878710       1.007825
 1.0 H    H              1.0000    -1.445032     2.061736    -1.392838       1.007825
 6.0 C    C              6.0000    -1.266497     0.685324     0.124181      12.000000
 1.0 H    H              1.0000     1.288231    -1.756743    -1.879680       1.007825
 1.0 H    H              1.0000     1.443743    -2.062137     1.391895       1.007825
 6.0 C    C              6.0000     1.266462    -0.685254    -0.124923      12.000000
 1.0 H    H              1.0000     3.437654     2.470506    -1.595490       1.007825
 1.0 H    H              1.0000     5.298171     0.076426    -0.255482       1.007825
 1.0 H    H              1.0000     3.604328     2.149753     1.699347       1.007825
 6.0 C    C              6.0000     3.532460     1.104015    -0.066069      12.000000
-------------------------------------------
|   Optimized geometry for dihedral -250.00  |
-------------------------------------------
[[-3.5950353299327555, -2.1643390695966236, -1.690427819951506], [-5.299006583054046, -0.07480236788340468, 0.2380701326018698], [-3.445929792819925, -2.4578977777047433, 1.607788116707941], [-3.5324318509019026, -1.10406906313502, 0.0666520487313951], [-1.2870333635774858, 1.7573226764479772, 1.8787095646217091], [-1.4450321090530756, 2.0617356788118917, -1.3928382573930371], [-1.266497087152235, 0.6853235776267359, 0.12418125651687913], [1.2882306333905473, -1.7567430780528688, -1.879679944287901], [1.443743489119258, -2.062136720967452, 1.3918951484261273], [1.2664616442120205, -0.6852544232039284, -0.12492313300799372], [3.4376536548594356, 2.470505680994262, -1.5954902518553065], [5.2981709539815585, 0.07642565234290677, -0.2554819096414271], [3.6043283508992747, 2.1497527906534586, 1.6993473433056587], [3.532459743232701, 1.1040147350744025, -0.06606908294475039]]
 1.0 H    H              1.0000    -3.595035    -2.164339    -1.690428       1.007825
 1.0 H    H              1.0000    -5.299007    -0.074802     0.238070       1.007825
 1.0 H    H              1.0000    -3.445930    -2.457898     1.607788       1.007825
 6.0 C    C              6.0000    -3.532432    -1.104069     0.066652      12.000000
 1.0 H    H              1.0000    -1.287033     1.757323     1.878710       1.007825
 1.0 H    H              1.0000    -1.445032     2.061736    -1.392838       1.007825
 6.0 C    C              6.0000    -1.266497     0.685324     0.124181      12.000000
 1.0 H    H              1.0000     1.288231    -1.756743    -1.879680       1.007825
 1.0 H    H              1.0000     1.443743    -2.062137     1.391895       1.007825
 6.0 C    C              6.0000     1.266462    -0.685254    -0.124923      12.000000
 1.0 H    H              1.0000     3.437654     2.470506    -1.595490       1.007825
 1.0 H    H              1.0000     5.298171     0.076426    -0.255482       1.007825
 1.0 H    H              1.0000     3.604328     2.149753     1.699347       1.007825
 6.0 C    C              6.0000     3.532460     1.104015    -0.066069      12.000000
-------------------------------------------
|   Optimized geometry for dihedral -260.00  |
-------------------------------------------
[[-3.5950353299327555, -2.1643390695966236, -1.690427819951506], [-5.299006583054046, -0.07480236788340462, 0.2380701326018698], [-3.445929792819925, -2.4578977777047433, 1.607788116707941], [-3.5324318509019026, -1.10406906313502, 0.0666520487313951], [-1.2870333635774858, 1.7573226764479772, 1.8787095646217091], [-1.4450321090530756, 2.0617356788118917, -1.3928382573930371], [-1.266497087152235, 0.6853235776267359, 0.12418125651687913], [1.2882306333905473, -1.7567430780528688, -1.879679944287901], [1.443743489119258, -2.062136720967452, 1.3918951484261273], [1.2664616442120205, -0.6852544232039284, -0.12492313300799372], [3.4376536548594356, 2.470505680994262, -1.5954902518553065], [5.2981709539815585, 0.07642565234290677, -0.2554819096414271], [3.6043283508992747, 2.1497527906534586, 1.6993473433056587], [3.532459743232701, 1.1040147350744025, -0.06606908294475039]]
 1.0 H    H              1.0000    -3.595035    -2.164339    -1.690428       1.007825
 1.0 H    H              1.0000    -5.299007    -0.074802     0.238070       1.007825
 1.0 H    H              1.0000    -3.445930    -2.457898     1.607788       1.007825
 6.0 C    C              6.0000    -3.532432    -1.104069     0.066652      12.000000
 1.0 H    H              1.0000    -1.287033     1.757323     1.878710       1.007825
 1.0 H    H              1.0000    -1.445032     2.061736    -1.392838       1.007825
 6.0 C    C              6.0000    -1.266497     0.685324     0.124181      12.000000
 1.0 H    H              1.0000     1.288231    -1.756743    -1.879680       1.007825
 1.0 H    H              1.0000     1.443743    -2.062137     1.391895       1.007825
 6.0 C    C              6.0000     1.266462    -0.685254    -0.124923      12.000000
 1.0 H    H              1.0000     3.437654     2.470506    -1.595490       1.007825
 1.0 H    H              1.0000     5.298171     0.076426    -0.255482       1.007825
 1.0 H    H              1.0000     3.604328     2.149753     1.699347       1.007825
 6.0 C    C              6.0000     3.532460     1.104015    -0.066069      12.000000
-------------------------------------------
|   Optimized geometry for dihedral -270.00  |
-------------------------------------------
[[-3.5950353299327555, -2.1643390695966236, -1.690427819951506], [-5.299006583054046, -0.07480236788340452, 0.2380701326018698], [-3.445929792819925, -2.4578977777047433, 1.607788116707941], [-3.5324318509019026, -1.10406906313502, 0.0666520487313951], [-1.2870333635774858, 1.7573226764479772, 1.8787095646217091], [-1.4450321090530756, 2.0617356788118917, -1.3928382573930371], [-1.266497087152235, 0.6853235776267359, 0.12418125651687913], [1.2882306333905473, -1.7567430780528688, -1.879679944287901], [1.443743489119258, -2.062136720967452, 1.3918951484261273], [1.2664616442120205, -0.6852544232039284, -0.12492313300799372], [3.4376536548594356, 2.470505680994262, -1.5954902518553065], [5.2981709539815585, 0.07642565234290677, -0.2554819096414271], [3.6043283508992747, 2.1497527906534586, 1.6993473433056587], [3.532459743232701, 1.1040147350744025, -0.06606908294475039]]
 1.0 H    H              1.0000    -3.595035    -2.164339    -1.690428       1.007825
 1.0 H    H              1.0000    -5.299007    -0.074802     0.238070       1.007825
 1.0 H    H              1.0000    -3.445930    -2.457898     1.607788       1.007825
 6.0 C    C              6.0000    -3.532432    -1.104069     0.066652      12.000000
 1.0 H    H              1.0000    -1.287033     1.757323     1.878710       1.007825
 1.0 H    H              1.0000    -1.445032     2.061736    -1.392838       1.007825
 6.0 C    C              6.0000    -1.266497     0.685324     0.124181      12.000000
 1.0 H    H              1.0000     1.288231    -1.756743    -1.879680       1.007825
 1.0 H    H              1.0000     1.443743    -2.062137     1.391895       1.007825
 6.0 C    C              6.0000     1.266462    -0.685254    -0.124923      12.000000
 1.0 H    H              1.0000     3.437654     2.470506    -1.595490       1.007825
 1.0 H    H              1.0000     5.298171     0.076426    -0.255482       1.007825
 1.0 H    H              1.0000     3.604328     2.149753     1.699347       1.007825
 6.0 C    C              6.0000     3.532460     1.104015    -0.066069      12.000000
-------------------------------------------
|   Optimized geometry for dihedral -280.00  |
-------------------------------------------
[[-3.5950353299327555, -2.1643390695966236, -1.690427819951506], [-5.299006583054046, -0.07480236788340447, 0.2380701326018698], [-3.445929792819925, -2.4578977777047433, 1.607788116707941], [-3.5324318509019026, -1.10406906313502, 0.0666520487313951], [-1.2870333635774858, 1.7573226764479772, 1.8787095646217091], [-1.4450321090530756, 2.0617356788118917, -1.3928382573930371], [-1.266497087152235, 0.6853235776267359, 0.12418125651687913], [1.2882306333905473, -1.7567430780528688, -1.879679944287901], [1.443743489119258, -2.062136720967452, 1.3918951484261273], [1.2664616442120205, -0.6852544232039284, -0.12492313300799372], [3.4376536548594356, 2.470505680994262, -1.5954902518553065], [5.2981709539815585, 0.07642565234290677, -0.2554819096414271], [3.6043283508992747, 2.1497527906534586, 1.6993473433056587], [3.532459743232701, 1.1040147350744025, -0.06606908294475039]]
 1.0 H    H              1.0000    -3.595035    -2.164339    -1.690428       1.007825
 1.0 H    H              1.0000    -5.299007    -0.074802     0.238070       1.007825
 1.0 H    H              1.0000    -3.445930    -2.457898     1.607788       1.007825
 6.0 C    C              6.0000    -3.532432    -1.104069     0.066652      12.000000
 1.0 H    H              1.0000    -1.287033     1.757323     1.878710       1.007825
 1.0 H    H              1.0000    -1.445032     2.061736    -1.392838       1.007825
 6.0 C    C              6.0000    -1.266497     0.685324     0.124181      12.000000
 1.0 H    H              1.0000     1.288231    -1.756743    -1.879680       1.007825
 1.0 H    H              1.0000     1.443743    -2.062137     1.391895       1.007825
 6.0 C    C              6.0000     1.266462    -0.685254    -0.124923      12.000000
 1.0 H    H              1.0000     3.437654     2.470506    -1.595490       1.007825
 1.0 H    H              1.0000     5.298171     0.076426    -0.255482       1.007825
 1.0 H    H              1.0000     3.604328     2.149753     1.699347       1.007825
 6.0 C    C              6.0000     3.532460     1.104015    -0.066069      12.000000
-------------------------------------------
|   Optimized geometry for dihedral -290.00  |
-------------------------------------------
[[-3.5950353299327555, -2.1643390695966236, -1.690427819951506], [-5.299006583054046, -0.07480236788340441, 0.2380701326018698], [-3.445929792819925, -2.4578977777047433, 1.607788116707941], [-3.5324318509019026, -1.10406906313502, 0.0666520487313951], [-1.2870333635774858, 1.7573226764479772, 1.8787095646217091], [-1.4450321090530756, 2.0617356788118917, -1.3928382573930371], [-1.266497087152235, 0.6853235776267359, 0.12418125651687913], [1.2882306333905473, -1.7567430780528688, -1.879679944287901], [1.443743489119258, -2.062136720967452, 1.3918951484261273], [1.2664616442120205, -0.6852544232039284, -0.12492313300799372], [3.4376536548594356, 2.470505680994262, -1.5954902518553065], [5.2981709539815585, 0.07642565234290677, -0.2554819096414271], [3.6043283508992747, 2.1497527906534586, 1.6993473433056587], [3.532459743232701, 1.1040147350744025, -0.06606908294475039]]
 1.0 H    H              1.0000    -3.595035    -2.164339    -1.690428       1.007825
 1.0 H    H              1.0000    -5.299007    -0.074802     0.238070       1.007825
 1.0 H    H              1.0000    -3.445930    -2.457898     1.607788       1.007825
 6.0 C    C              6.0000    -3.532432    -1.104069     0.066652      12.000000
 1.0 H    H              1.0000    -1.287033     1.757323     1.878710       1.007825
 1.0 H    H              1.0000    -1.445032     2.061736    -1.392838       1.007825
 6.0 C    C              6.0000    -1.266497     0.685324     0.124181      12.000000
 1.0 H    H              1.0000     1.288231    -1.756743    -1.879680       1.007825
 1.0 H    H              1.0000     1.443743    -2.062137     1.391895       1.007825
 6.0 C    C              6.0000     1.266462    -0.685254    -0.124923      12.000000
 1.0 H    H              1.0000     3.437654     2.470506    -1.595490       1.007825
 1.0 H    H              1.0000     5.298171     0.076426    -0.255482       1.007825
 1.0 H    H              1.0000     3.604328     2.149753     1.699347       1.007825
 6.0 C    C              6.0000     3.532460     1.104015    -0.066069      12.000000
-------------------------------------------
|   Optimized geometry for dihedral -300.00  |
-------------------------------------------
[[-3.5950353299327555, -2.1643390695966236, -1.690427819951506], [-5.299006583054046, -0.07480236788340436, 0.2380701326018698], [-3.445929792819925, -2.4578977777047433, 1.607788116707941], [-3.5324318509019026, -1.10406906313502, 0.0666520487313951], [-1.2870333635774858, 1.7573226764479772, 1.8787095646217091], [-1.4450321090530756, 2.0617356788118917, -1.3928382573930371], [-1.266497087152235, 0.6853235776267359, 0.12418125651687913], [1.2882306333905473, -1.7567430780528688, -1.879679944287901], [1.443743489119258, -2.062136720967452, 1.3918951484261273], [1.2664616442120205, -0.6852544232039284, -0.12492313300799372], [3.4376536548594356, 2.470505680994262, -1.5954902518553065], [5.2981709539815585, 0.07642565234290677, -0.2554819096414271], [3.6043283508992747, 2.1497527906534586, 1.6993473433056587], [3.532459743232701, 1.1040147350744025, -0.06606908294475039]]
 1.0 H    H              1.0000    -3.595035    -2.164339    -1.690428       1.007825
 1.0 H    H              1.0000    -5.299007    -0.074802     0.238070       1.007825
 1.0 H    H              1.0000    -3.445930    -2.457898     1.607788       1.007825
 6.0 C    C              6.0000    -3.532432    -1.104069     0.066652      12.000000
 1.0 H    H              1.0000    -1.287033     1.757323     1.878710       1.007825
 1.0 H    H              1.0000    -1.445032     2.061736    -1.392838       1.007825
 6.0 C    C              6.0000    -1.266497     0.685324     0.124181      12.000000
 1.0 H    H              1.0000     1.288231    -1.756743    -1.879680       1.007825
 1.0 H    H              1.0000     1.443743    -2.062137     1.391895       1.007825
 6.0 C    C              6.0000     1.266462    -0.685254    -0.124923      12.000000
 1.0 H    H              1.0000     3.437654     2.470506    -1.595490       1.007825
 1.0 H    H              1.0000     5.298171     0.076426    -0.255482       1.007825
 1.0 H    H              1.0000     3.604328     2.149753     1.699347       1.007825
 6.0 C    C              6.0000     3.532460     1.104015    -0.066069      12.000000
-------------------------------------------
|   Optimized geometry for dihedral -310.00  |
-------------------------------------------
[[-3.5950353299327555, -2.1643390695966236, -1.690427819951506], [-5.299006583054046, -0.07480236788340426, 0.2380701326018698], [-3.445929792819925, -2.4578977777047433, 1.607788116707941], [-3.5324318509019026, -1.10406906313502, 0.0666520487313951], [-1.2870333635774858, 1.7573226764479772, 1.8787095646217091], [-1.4450321090530756, 2.0617356788118917, -1.3928382573930371], [-1.266497087152235, 0.6853235776267359, 0.12418125651687913], [1.2882306333905473, -1.7567430780528688, -1.879679944287901], [1.443743489119258, -2.062136720967452, 1.3918951484261273], [1.2664616442120205, -0.6852544232039284, -0.12492313300799372], [3.4376536548594356, 2.470505680994262, -1.5954902518553065], [5.2981709539815585, 0.07642565234290677, -0.2554819096414271], [3.6043283508992747, 2.1497527906534586, 1.6993473433056587], [3.532459743232701, 1.1040147350744025, -0.06606908294475039]]
 1.0 H    H              1.0000    -3.595035    -2.164339    -1.690428       1.007825
 1.0 H    H              1.0000    -5.299007    -0.074802     0.238070       1.007825
 1.0 H    H              1.0000    -3.445930    -2.457898     1.607788       1.007825
 6.0 C    C              6.0000    -3.532432    -1.104069     0.066652      12.000000
 1.0 H    H              1.0000    -1.287033     1.757323     1.878710       1.007825
 1.0 H    H              1.0000    -1.445032     2.061736    -1.392838       1.007825
 6.0 C    C              6.0000    -1.266497     0.685324     0.124181      12.000000
 1.0 H    H              1.0000     1.288231    -1.756743    -1.879680       1.007825
 1.0 H    H              1.0000     1.443743    -2.062137     1.391895       1.007825
 6.0 C    C              6.0000     1.266462    -0.685254    -0.124923      12.000000
 1.0 H    H              1.0000     3.437654     2.470506    -1.595490       1.007825
 1.0 H    H              1.0000     5.298171     0.076426    -0.255482       1.007825
 1.0 H    H              1.0000     3.604328     2.149753     1.699347       1.007825
 6.0 C    C              6.0000     3.532460     1.104015    -0.066069      12.000000
-------------------------------------------
|   Optimized geometry for dihedral -320.00  |
-------------------------------------------
[[-3.5950353299327555, -2.1643390695966236, -1.690427819951506], [-5.299006583054046, -0.0748023678834042, 0.2380701326018698], [-3.445929792819925, -2.4578977777047433, 1.607788116707941], [-3.5324318509019026, -1.10406906313502, 0.0666520487313951], [-1.2870333635774858, 1.7573226764479772, 1.8787095646217091], [-1.4450321090530756, 2.0617356788118917, -1.3928382573930371], [-1.266497087152235, 0.6853235776267359, 0.12418125651687913], [1.2882306333905473, -1.7567430780528688, -1.879679944287901], [1.443743489119258, -2.062136720967452, 1.3918951484261273], [1.2664616442120205, -0.6852544232039284, -0.12492313300799372], [3.4376536548594356, 2.470505680994262, -1.5954902518553065], [5.2981709539815585, 0.07642565234290677, -0.2554819096414271], [3.6043283508992747, 2.1497527906534586, 1.6993473433056587], [3.532459743232701, 1.1040147350744025, -0.06606908294475039]]
 1.0 H    H              1.0000    -3.595035    -2.164339    -1.690428       1.007825
 1.0 H    H              1.0000    -5.299007    -0.074802     0.238070       1.007825
 1.0 H    H              1.0000    -3.445930    -2.457898     1.607788       1.007825
 6.0 C    C              6.0000    -3.532432    -1.104069     0.066652      12.000000
 1.0 H    H              1.0000    -1.287033     1.757323     1.878710       1.007825
 1.0 H    H              1.0000    -1.445032     2.061736    -1.392838       1.007825
 6.0 C    C              6.0000    -1.266497     0.685324     0.124181      12.000000
 1.0 H    H              1.0000     1.288231    -1.756743    -1.879680       1.007825
 1.0 H    H              1.0000     1.443743    -2.062137     1.391895       1.007825
 6.0 C    C              6.0000     1.266462    -0.685254    -0.124923      12.000000
 1.0 H    H              1.0000     3.437654     2.470506    -1.595490       1.007825
 1.0 H    H              1.0000     5.298171     0.076426    -0.255482       1.007825
 1.0 H    H              1.0000     3.604328     2.149753     1.699347       1.007825
 6.0 C    C              6.0000     3.532460     1.104015    -0.066069      12.000000
-------------------------------------------
|   Optimized geometry for dihedral -330.00  |
-------------------------------------------
[[-3.5950353299327555, -2.1643390695966236, -1.690427819951506], [-5.299006583054046, -0.07480236788340415, 0.2380701326018698], [-3.445929792819925, -2.4578977777047433, 1.607788116707941], [-3.5324318509019026, -1.10406906313502, 0.0666520487313951], [-1.2870333635774858, 1.7573226764479772, 1.8787095646217091], [-1.4450321090530756, 2.0617356788118917, -1.3928382573930371], [-1.266497087152235, 0.6853235776267359, 0.12418125651687913], [1.2882306333905473, -1.7567430780528688, -1.879679944287901], [1.443743489119258, -2.062136720967452, 1.3918951484261273], [1.2664616442120205, -0.6852544232039284, -0.12492313300799372], [3.4376536548594356, 2.470505680994262, -1.5954902518553065], [5.2981709539815585, 0.07642565234290677, -0.2554819096414271], [3.6043283508992747, 2.1497527906534586, 1.6993473433056587], [3.532459743232701, 1.1040147350744025, -0.06606908294475039]]
 1.0 H    H              1.0000    -3.595035    -2.164339    -1.690428       1.007825
 1.0 H    H              1.0000    -5.299007    -0.074802     0.238070       1.007825
 1.0 H    H              1.0000    -3.445930    -2.457898     1.607788       1.007825
 6.0 C    C              6.0000    -3.532432    -1.104069     0.066652      12.000000
 1.0 H    H              1.0000    -1.287033     1.757323     1.878710       1.007825
 1.0 H    H              1.0000    -1.445032     2.061736    -1.392838       1.007825
 6.0 C    C              6.0000    -1.266497     0.685324     0.124181      12.000000
 1.0 H    H              1.0000     1.288231    -1.756743    -1.879680       1.007825
 1.0 H    H              1.0000     1.443743    -2.062137     1.391895       1.007825
 6.0 C    C              6.0000     1.266462    -0.685254    -0.124923      12.000000
 1.0 H    H              1.0000     3.437654     2.470506    -1.595490       1.007825
 1.0 H    H              1.0000     5.298171     0.076426    -0.255482       1.007825
 1.0 H    H              1.0000     3.604328     2.149753     1.699347       1.007825
 6.0 C    C              6.0000     3.532460     1.104015    -0.066069      12.000000
-------------------------------------------
|   Optimized geometry for dihedral -340.00  |
-------------------------------------------
[[-3.5950353299327555, -2.1643390695966236, -1.690427819951506], [-5.299006583054046, -0.0748023678834041, 0.2380701326018698], [-3.445929792819925, -2.4578977777047433, 1.607788116707941], [-3.5324318509019026, -1.10406906313502, 0.0666520487313951], [-1.2870333635774858, 1.7573226764479772, 1.8787095646217091], [-1.4450321090530756, 2.0617356788118917, -1.3928382573930371], [-1.266497087152235, 0.6853235776267359, 0.12418125651687913], [1.2882306333905473, -1.7567430780528688, -1.879679944287901], [1.443743489119258, -2.062136720967452, 1.3918951484261273], [1.2664616442120205, -0.6852544232039284, -0.12492313300799372], [3.4376536548594356, 2.470505680994262, -1.5954902518553065], [5.2981709539815585, 0.07642565234290677, -0.2554819096414271], [3.6043283508992747, 2.1497527906534586, 1.6993473433056587], [3.532459743232701, 1.1040147350744025, -0.06606908294475039]]
 1.0 H    H              1.0000    -3.595035    -2.164339    -1.690428       1.007825
 1.0 H    H              1.0000    -5.299007    -0.074802     0.238070       1.007825
 1.0 H    H              1.0000    -3.445930    -2.457898     1.607788       1.007825
 6.0 C    C              6.0000    -3.532432    -1.104069     0.066652      12.000000
 1.0 H    H              1.0000    -1.287033     1.757323     1.878710       1.007825
 1.0 H    H              1.0000    -1.445032     2.061736    -1.392838       1.007825
 6.0 C    C              6.0000    -1.266497     0.685324     0.124181      12.000000
 1.0 H    H              1.0000     1.288231    -1.756743    -1.879680       1.007825
 1.0 H    H              1.0000     1.443743    -2.062137     1.391895       1.007825
 6.0 C    C              6.0000     1.266462    -0.685254    -0.124923      12.000000
 1.0 H    H              1.0000     3.437654     2.470506    -1.595490       1.007825
 1.0 H    H              1.0000     5.298171     0.076426    -0.255482       1.007825
 1.0 H    H              1.0000     3.604328     2.149753     1.699347       1.007825
 6.0 C    C              6.0000     3.532460     1.104015    -0.066069      12.000000
-------------------------------------------
|   Optimized geometry for dihedral -350.00  |
-------------------------------------------
[[-3.5950353299327555, -2.1643390695966236, -1.690427819951506], [-5.299006583054046, -0.07480236788340401, 0.2380701326018698], [-3.445929792819925, -2.4578977777047433, 1.607788116707941], [-3.5324318509019026, -1.10406906313502, 0.0666520487313951], [-1.2870333635774858, 1.7573226764479772, 1.8787095646217091], [-1.4450321090530756, 2.0617356788118917, -1.3928382573930371], [-1.266497087152235, 0.6853235776267359, 0.12418125651687913], [1.2882306333905473, -1.7567430780528688, -1.879679944287901], [1.443743489119258, -2.062136720967452, 1.3918951484261273], [1.2664616442120205, -0.6852544232039284, -0.12492313300799372], [3.4376536548594356, 2.470505680994262, -1.5954902518553065], [5.2981709539815585, 0.07642565234290677, -0.2554819096414271], [3.6043283508992747, 2.1497527906534586, 1.6993473433056587], [3.532459743232701, 1.1040147350744025, -0.06606908294475039]]
 1.0 H    H              1.0000    -3.595035    -2.164339    -1.690428       1.007825
 1.0 H    H              1.0000    -5.299007    -0.074802     0.238070       1.007825
 1.0 H    H              1.0000    -3.445930    -2.457898     1.607788       1.007825
 6.0 C    C              6.0000    -3.532432    -1.104069     0.066652      12.000000
 1.0 H    H              1.0000    -1.287033     1.757323     1.878710       1.007825
 1.0 H    H              1.0000    -1.445032     2.061736    -1.392838       1.007825
 6.0 C    C              6.0000    -1.266497     0.685324     0.124181      12.000000
 1.0 H    H              1.0000     1.288231    -1.756743    -1.879680       1.007825
 1.0 H    H              1.0000     1.443743    -2.062137     1.391895       1.007825
 6.0 C    C              6.0000     1.266462    -0.685254    -0.124923      12.000000
 1.0 H    H              1.0000     3.437654     2.470506    -1.595490       1.007825
 1.0 H    H              1.0000     5.298171     0.076426    -0.255482       1.007825
 1.0 H    H              1.0000     3.604328     2.149753     1.699347       1.007825
 6.0 C    C              6.0000     3.532460     1.104015    -0.066069      12.000000
------------------------
    Table of Energies   
------------------------
         D          E(SCF)
     0.001 -157.2964048711
    -9.999 -157.2964048715
   -19.999 -157.2964048715
   -29.999 -157.2964048715
   -39.999 -157.2964048715
   -49.999 -157.2964048715
   -59.999 -157.2964048715
   -69.999 -157.2964048715
   -79.999 -157.2964048715
   -89.999 -157.2964048715
   -99.999 -157.2964048715
  -109.999 -157.2964048715
  -119.999 -157.2925795093
  -129.999 -157.2930490281
  -139.999 -157.2941939633
  -149.999 -157.2956607014
  -159.999 -157.2970548778
  -169.999 -157.2980460241
  -179.999 -157.2983967217
  -189.999 -157.2983967219
  -199.999 -157.2983967219
  -209.999 -157.2983967220
  -219.999 -157.2983967219
  -229.999 -157.2983967219
  -239.999 -157.2983967220
  -249.999 -157.2983967219
  -259.999 -157.2983967218
  -269.999 -157.2983967220
  -279.999 -157.2983967219
  -289.999 -157.2983967219
  -299.999 -157.2983967218
  -309.999 -157.2983967219
  -319.999 -157.2983967218
  -329.999 -157.2983967220
  -339.999 -157.2983967220
  -349.999 -157.2983967220

Relative table (Kcal/mol)
         D          E(SCF)
     0.001    1.2499053509
    -9.999    1.2499051487
   -19.999    1.2499051466
   -29.999    1.2499051466
   -39.999    1.2499051466
   -49.999    1.2499051466
   -59.999    1.2499051466
   -69.999    1.2499051466
   -79.999    1.2499051466
   -89.999    1.2499051466
   -99.999    1.2499051466
  -109.999    1.2499051466
  -119.999    3.6503562189
  -129.999    3.3557287702
  -139.999    2.6372710475
  -149.999    1.7168789574
  -159.999    0.8420200249
  -169.999    0.2200662887
  -179.999    0.0000002227
  -189.999    0.0000000478
  -199.999    0.0000001031
  -209.999    0.0000000170
  -219.999    0.0000000961
  -229.999    0.0000000710
  -239.999    0.0000000319
  -249.999    0.0000000777
  -259.999    0.0000001654
  -269.999    0.0000000000
  -279.999    0.0000000993
  -289.999    0.0000001009
  -299.999    0.0000001475
  -309.999    0.0000000857
  -319.999    0.0000001500
  -329.999    0.0000000011
  -339.999    0.0000000211
  -349.999    0.0000000212

