-------------------------------------------
|   Optimized geometry for dihedral 0.00  |
-------------------------------------------
[[-3.3665238823150165, -2.5303721013306766, -1.7477011282183958], [-5.309478631397212, -0.598095234230694, 0.2018880465892659], [-3.2053000620841234, -2.8204251418839075, 1.595795628407481], [-3.4171544270192924, -1.4518844497712553, 0.036512708144174524], [-1.4766039250292764, 1.6441302766308528, 1.8865624294172623], [-1.6356738874229488, 1.9311872825736263, -1.4320166303804878], [-1.333985639878463, 0.552392583807025, 0.10977709098542118], [1.4779792917384345, -1.6395496893298673, -1.8928716523565958], [1.6336460422972692, -1.9346183388490834, 1.425155663145934], [1.3338015232565092, -0.5520510725274296, -0.11360972420069655], [3.2083226133693565, 2.8230432387957705, -1.590026412201579], [5.309735930031261, 0.5976564128517832, -0.19675895658211448], [3.3640607061466152, 2.526768064712315, 1.7531780740269913], [3.417324753627234, 1.4515660538036537, -0.03294925339219127]]
 1.0 H    H              1.0000    -3.366524    -2.530372    -1.747701       1.007825
 1.0 H    H              1.0000    -5.309479    -0.598095     0.201888       1.007825
 1.0 H    H              1.0000    -3.205300    -2.820425     1.595796       1.007825
 6.0 C    C              6.0000    -3.417154    -1.451884     0.036513      12.000000
 1.0 H    H              1.0000    -1.476604     1.644130     1.886562       1.007825
 1.0 H    H              1.0000    -1.635674     1.931187    -1.432017       1.007825
 6.0 C    C              6.0000    -1.333986     0.552393     0.109777      12.000000
 1.0 H    H              1.0000     1.477979    -1.639550    -1.892872       1.007825
 1.0 H    H              1.0000     1.633646    -1.934618     1.425156       1.007825
 6.0 C    C              6.0000     1.333802    -0.552051    -0.113610      12.000000
 1.0 H    H              1.0000     3.208323     2.823043    -1.590026       1.007825
 1.0 H    H              1.0000     5.309736     0.597656    -0.196759       1.007825
 1.0 H    H              1.0000     3.364061     2.526768     1.753178       1.007825
 6.0 C    C              6.0000     3.417325     1.451566    -0.032949      12.000000
-------------------------------------------
|   Optimized geometry for dihedral 10.00  |
-------------------------------------------
[[-3.3665238823150156, -2.5303721013306766, -1.7477011282183958], [-5.30947863139721, -0.598095234230694, 0.20188804658926585], [-3.2053000620841225, -2.8204251418839075, 1.595795628407481], [-3.4171544270192915, -1.4518844497712553, 0.03651270814417451], [-1.476603925029275, 1.6441302766308528, 1.8865624294172623], [-1.6356738874229475, 1.9311872825736263, -1.4320166303804878], [-1.333985639878461, 0.552392583807025, 0.10977709098542116], [1.4779792917384358, -1.6395496893298673, -1.8928716523565958], [1.6336460422972705, -1.9346183388490834, 1.425155663145934], [1.3338015232565092, -0.5520510725274296, -0.11360972420069657], [3.2083226133693565, 2.8230432387957705, -1.590026412201579], [5.3097359300312625, 0.5976564128517832, -0.19675895658211448], [3.364060706146616, 2.526768064712315, 1.7531780740269913], [3.417324753627233, 1.4515660538036537, -0.03294925339219127]]
 1.0 H    H              1.0000    -3.366524    -2.530372    -1.747701       1.007825
 1.0 H    H              1.0000    -5.309479    -0.598095     0.201888       1.007825
 1.0 H    H              1.0000    -3.205300    -2.820425     1.595796       1.007825
 6.0 C    C              6.0000    -3.417154    -1.451884     0.036513      12.000000
 1.0 H    H              1.0000    -1.476604     1.644130     1.886562       1.007825
 1.0 H    H              1.0000    -1.635674     1.931187    -1.432017       1.007825
 6.0 C    C              6.0000    -1.333986     0.552393     0.109777      12.000000
 1.0 H    H              1.0000     1.477979    -1.639550    -1.892872       1.007825
 1.0 H    H              1.0000     1.633646    -1.934618     1.425156       1.007825
 6.0 C    C              6.0000     1.333802    -0.552051    -0.113610      12.000000
 1.0 H    H              1.0000     3.208323     2.823043    -1.590026       1.007825
 1.0 H    H              1.0000     5.309736     0.597656    -0.196759       1.007825
 1.0 H    H              1.0000     3.364061     2.526768     1.753178       1.007825
 6.0 C    C              6.0000     3.417325     1.451566    -0.032949      12.000000
-------------------------------------------
|   Optimized geometry for dihedral 20.00  |
-------------------------------------------
[[-3.3665238823150156, -2.5303721013306766, -1.7477011282183958], [-5.30947863139721, -0.598095234230694, 0.20188804658926585], [-3.2053000620841225, -2.8204251418839075, 1.595795628407481], [-3.4171544270192915, -1.4518844497712553, 0.0365127081441745], [-1.4766039250292737, 1.6441302766308528, 1.8865624294172623], [-1.635673887422947, 1.9311872825736263, -1.4320166303804878], [-1.3339856398784606, 0.552392583807025, 0.10977709098542113], [1.4779792917384362, -1.6395496893298673, -1.8928716523565958], [1.633646042297271, -1.9346183388490834, 1.425155663145934], [1.3338015232565092, -0.5520510725274296, -0.11360972420069657], [3.2083226133693565, 2.8230432387957705, -1.590026412201579], [5.3097359300312625, 0.5976564128517832, -0.19675895658211448], [3.364060706146616, 2.526768064712315, 1.7531780740269913], [3.417324753627233, 1.4515660538036537, -0.03294925339219127]]
 1.0 H    H              1.0000    -3.366524    -2.530372    -1.747701       1.007825
 1.0 H    H              1.0000    -5.309479    -0.598095     0.201888       1.007825
 1.0 H    H              1.0000    -3.205300    -2.820425     1.595796       1.007825
 6.0 C    C              6.0000    -3.417154    -1.451884     0.036513      12.000000
 1.0 H    H              1.0000    -1.476604     1.644130     1.886562       1.007825
 1.0 H    H              1.0000    -1.635674     1.931187    -1.432017       1.007825
 6.0 C    C              6.0000    -1.333986     0.552393     0.109777      12.000000
 1.0 H    H              1.0000     1.477979    -1.639550    -1.892872       1.007825
 1.0 H    H              1.0000     1.633646    -1.934618     1.425156       1.007825
 6.0 C    C              6.0000     1.333802    -0.552051    -0.113610      12.000000
 1.0 H    H              1.0000     3.208323     2.823043    -1.590026       1.007825
 1.0 H    H              1.0000     5.309736     0.597656    -0.196759       1.007825
 1.0 H    H              1.0000     3.364061     2.526768     1.753178       1.007825
 6.0 C    C              6.0000     3.417325     1.451566    -0.032949      12.000000
-------------------------------------------
|   Optimized geometry for dihedral 30.00  |
-------------------------------------------
[[-3.3665238823150156, -2.5303721013306766, -1.7477011282183958], [-5.30947863139721, -0.598095234230694, 0.20188804658926585], [-3.2053000620841225, -2.8204251418839075, 1.595795628407481], [-3.4171544270192915, -1.4518844497712553, 0.03651270814417449], [-1.4766039250292735, 1.6441302766308528, 1.8865624294172623], [-1.635673887422947, 1.9311872825736263, -1.4320166303804878], [-1.3339856398784606, 0.552392583807025, 0.10977709098542111], [1.4779792917384362, -1.6395496893298673, -1.8928716523565958], [1.633646042297271, -1.9346183388490834, 1.425155663145934], [1.3338015232565092, -0.5520510725274296, -0.11360972420069657], [3.2083226133693565, 2.8230432387957705, -1.590026412201579], [5.3097359300312625, 0.5976564128517832, -0.19675895658211448], [3.364060706146616, 2.526768064712315, 1.7531780740269913], [3.417324753627233, 1.4515660538036537, -0.03294925339219127]]
 1.0 H    H              1.0000    -3.366524    -2.530372    -1.747701       1.007825
 1.0 H    H              1.0000    -5.309479    -0.598095     0.201888       1.007825
 1.0 H    H              1.0000    -3.205300    -2.820425     1.595796       1.007825
 6.0 C    C              6.0000    -3.417154    -1.451884     0.036513      12.000000
 1.0 H    H              1.0000    -1.476604     1.644130     1.886562       1.007825
 1.0 H    H              1.0000    -1.635674     1.931187    -1.432017       1.007825
 6.0 C    C              6.0000    -1.333986     0.552393     0.109777      12.000000
 1.0 H    H              1.0000     1.477979    -1.639550    -1.892872       1.007825
 1.0 H    H              1.0000     1.633646    -1.934618     1.425156       1.007825
 6.0 C    C              6.0000     1.333802    -0.552051    -0.113610      12.000000
 1.0 H    H              1.0000     3.208323     2.823043    -1.590026       1.007825
 1.0 H    H              1.0000     5.309736     0.597656    -0.196759       1.007825
 1.0 H    H              1.0000     3.364061     2.526768     1.753178       1.007825
 6.0 C    C              6.0000     3.417325     1.451566    -0.032949      12.000000
-------------------------------------------
|   Optimized geometry for dihedral 40.00  |
-------------------------------------------
[[-3.3665238823150156, -2.5303721013306766, -1.7477011282183958], [-5.30947863139721, -0.598095234230694, 0.20188804658926585], [-3.2053000620841225, -2.8204251418839075, 1.595795628407481], [-3.4171544270192915, -1.4518844497712553, 0.03651270814417449], [-1.4766039250292735, 1.6441302766308528, 1.8865624294172623], [-1.635673887422947, 1.9311872825736263, -1.4320166303804878], [-1.3339856398784606, 0.552392583807025, 0.10977709098542111], [1.4779792917384362, -1.6395496893298673, -1.8928716523565958], [1.633646042297271, -1.9346183388490834, 1.425155663145934], [1.3338015232565092, -0.5520510725274296, -0.11360972420069657], [3.2083226133693565, 2.8230432387957705, -1.590026412201579], [5.3097359300312625, 0.5976564128517832, -0.19675895658211448], [3.364060706146616, 2.526768064712315, 1.7531780740269913], [3.417324753627233, 1.4515660538036537, -0.03294925339219127]]
 1.0 H    H              1.0000    -3.366524    -2.530372    -1.747701       1.007825
 1.0 H    H              1.0000    -5.309479    -0.598095     0.201888       1.007825
 1.0 H    H              1.0000    -3.205300    -2.820425     1.595796       1.007825
 6.0 C    C              6.0000    -3.417154    -1.451884     0.036513      12.000000
 1.0 H    H              1.0000    -1.476604     1.644130     1.886562       1.007825
 1.0 H    H              1.0000    -1.635674     1.931187    -1.432017       1.007825
 6.0 C    C              6.0000    -1.333986     0.552393     0.109777      12.000000
 1.0 H    H              1.0000     1.477979    -1.639550    -1.892872       1.007825
 1.0 H    H              1.0000     1.633646    -1.934618     1.425156       1.007825
 6.0 C    C              6.0000     1.333802    -0.552051    -0.113610      12.000000
 1.0 H    H              1.0000     3.208323     2.823043    -1.590026       1.007825
 1.0 H    H              1.0000     5.309736     0.597656    -0.196759       1.007825
 1.0 H    H              1.0000     3.364061     2.526768     1.753178       1.007825
 6.0 C    C              6.0000     3.417325     1.451566    -0.032949      12.000000
-------------------------------------------
|   Optimized geometry for dihedral 50.00  |
-------------------------------------------
[[-3.3665238823150156, -2.5303721013306766, -1.7477011282183958], [-5.30947863139721, -0.598095234230694, 0.20188804658926585], [-3.2053000620841225, -2.8204251418839075, 1.595795628407481], [-3.4171544270192915, -1.4518844497712553, 0.03651270814417449], [-1.4766039250292735, 1.6441302766308528, 1.8865624294172623], [-1.635673887422947, 1.9311872825736263, -1.4320166303804878], [-1.3339856398784606, 0.552392583807025, 0.10977709098542111], [1.4779792917384362, -1.6395496893298673, -1.8928716523565958], [1.633646042297271, -1.9346183388490834, 1.425155663145934], [1.3338015232565092, -0.5520510725274296, -0.11360972420069657], [3.2083226133693565, 2.8230432387957705, -1.590026412201579], [5.3097359300312625, 0.5976564128517832, -0.19675895658211448], [3.364060706146616, 2.526768064712315, 1.7531780740269913], [3.417324753627233, 1.4515660538036537, -0.03294925339219127]]
 1.0 H    H              1.0000    -3.366524    -2.530372    -1.747701       1.007825
 1.0 H    H              1.0000    -5.309479    -0.598095     0.201888       1.007825
 1.0 H    H              1.0000    -3.205300    -2.820425     1.595796       1.007825
 6.0 C    C              6.0000    -3.417154    -1.451884     0.036513      12.000000
 1.0 H    H              1.0000    -1.476604     1.644130     1.886562       1.007825
 1.0 H    H              1.0000    -1.635674     1.931187    -1.432017       1.007825
 6.0 C    C              6.0000    -1.333986     0.552393     0.109777      12.000000
 1.0 H    H              1.0000     1.477979    -1.639550    -1.892872       1.007825
 1.0 H    H              1.0000     1.633646    -1.934618     1.425156       1.007825
 6.0 C    C              6.0000     1.333802    -0.552051    -0.113610      12.000000
 1.0 H    H              1.0000     3.208323     2.823043    -1.590026       1.007825
 1.0 H    H              1.0000     5.309736     0.597656    -0.196759       1.007825
 1.0 H    H              1.0000     3.364061     2.526768     1.753178       1.007825
 6.0 C    C              6.0000     3.417325     1.451566    -0.032949      12.000000
-------------------------------------------
|   Optimized geometry for dihedral 60.00  |
-------------------------------------------
[[-3.3665238823150156, -2.5303721013306766, -1.7477011282183958], [-5.30947863139721, -0.598095234230694, 0.20188804658926585], [-3.2053000620841225, -2.8204251418839075, 1.595795628407481], [-3.4171544270192915, -1.4518844497712553, 0.03651270814417449], [-1.4766039250292735, 1.6441302766308528, 1.8865624294172623], [-1.635673887422947, 1.9311872825736263, -1.4320166303804878], [-1.3339856398784606, 0.552392583807025, 0.10977709098542111], [1.4779792917384362, -1.6395496893298673, -1.8928716523565958], [1.633646042297271, -1.9346183388490834, 1.425155663145934], [1.3338015232565092, -0.5520510725274296, -0.11360972420069657], [3.2083226133693565, 2.8230432387957705, -1.590026412201579], [5.3097359300312625, 0.5976564128517832, -0.19675895658211448], [3.364060706146616, 2.526768064712315, 1.7531780740269913], [3.417324753627233, 1.4515660538036537, -0.03294925339219127]]
 1.0 H    H              1.0000    -3.366524    -2.530372    -1.747701       1.007825
 1.0 H    H              1.0000    -5.309479    -0.598095     0.201888       1.007825
 1.0 H    H              1.0000    -3.205300    -2.820425     1.595796       1.007825
 6.0 C    C              6.0000    -3.417154    -1.451884     0.036513      12.000000
 1.0 H    H              1.0000    -1.476604     1.644130     1.886562       1.007825
 1.0 H    H              1.0000    -1.635674     1.931187    -1.432017       1.007825
 6.0 C    C              6.0000    -1.333986     0.552393     0.109777      12.000000
 1.0 H    H              1.0000     1.477979    -1.639550    -1.892872       1.007825
 1.0 H    H              1.0000     1.633646    -1.934618     1.425156       1.007825
 6.0 C    C              6.0000     1.333802    -0.552051    -0.113610      12.000000
 1.0 H    H              1.0000     3.208323     2.823043    -1.590026       1.007825
 1.0 H    H              1.0000     5.309736     0.597656    -0.196759       1.007825
 1.0 H    H              1.0000     3.364061     2.526768     1.753178       1.007825
 6.0 C    C              6.0000     3.417325     1.451566    -0.032949      12.000000
-------------------------------------------
|   Optimized geometry for dihedral 70.00  |
-------------------------------------------
[[-3.3665238823150156, -2.5303721013306766, -1.7477011282183958], [-5.30947863139721, -0.598095234230694, 0.20188804658926585], [-3.2053000620841225, -2.8204251418839075, 1.595795628407481], [-3.4171544270192915, -1.4518844497712553, 0.03651270814417449], [-1.4766039250292735, 1.6441302766308528, 1.8865624294172623], [-1.635673887422947, 1.9311872825736263, -1.4320166303804878], [-1.3339856398784606, 0.552392583807025, 0.10977709098542111], [1.4779792917384362, -1.6395496893298673, -1.8928716523565958], [1.633646042297271, -1.9346183388490834, 1.425155663145934], [1.3338015232565092, -0.5520510725274296, -0.11360972420069657], [3.2083226133693565, 2.8230432387957705, -1.590026412201579], [5.3097359300312625, 0.5976564128517832, -0.19675895658211448], [3.364060706146616, 2.526768064712315, 1.7531780740269913], [3.417324753627233, 1.4515660538036537, -0.03294925339219127]]
 1.0 H    H              1.0000    -3.366524    -2.530372    -1.747701       1.007825
 1.0 H    H              1.0000    -5.309479    -0.598095     0.201888       1.007825
 1.0 H    H              1.0000    -3.205300    -2.820425     1.595796       1.007825
 6.0 C    C              6.0000    -3.417154    -1.451884     0.036513      12.000000
 1.0 H    H              1.0000    -1.476604     1.644130     1.886562       1.007825
 1.0 H    H              1.0000    -1.635674     1.931187    -1.432017       1.007825
 6.0 C    C              6.0000    -1.333986     0.552393     0.109777      12.000000
 1.0 H    H              1.0000     1.477979    -1.639550    -1.892872       1.007825
 1.0 H    H              1.0000     1.633646    -1.934618     1.425156       1.007825
 6.0 C    C              6.0000     1.333802    -0.552051    -0.113610      12.000000
 1.0 H    H              1.0000     3.208323     2.823043    -1.590026       1.007825
 1.0 H    H              1.0000     5.309736     0.597656    -0.196759       1.007825
 1.0 H    H              1.0000     3.364061     2.526768     1.753178       1.007825
 6.0 C    C              6.0000     3.417325     1.451566    -0.032949      12.000000
-------------------------------------------
|   Optimized geometry for dihedral 80.00  |
-------------------------------------------
[[-3.3665238823150156, -2.5303721013306766, -1.7477011282183958], [-5.30947863139721, -0.598095234230694, 0.20188804658926585], [-3.2053000620841225, -2.8204251418839075, 1.595795628407481], [-3.4171544270192915, -1.4518844497712553, 0.03651270814417449], [-1.4766039250292735, 1.6441302766308528, 1.8865624294172623], [-1.635673887422947, 1.9311872825736263, -1.4320166303804878], [-1.3339856398784606, 0.552392583807025, 0.10977709098542111], [1.4779792917384362, -1.6395496893298673, -1.8928716523565958], [1.633646042297271, -1.9346183388490834, 1.425155663145934], [1.3338015232565092, -0.5520510725274296, -0.11360972420069657], [3.2083226133693565, 2.8230432387957705, -1.590026412201579], [5.3097359300312625, 0.5976564128517832, -0.19675895658211448], [3.364060706146616, 2.526768064712315, 1.7531780740269913], [3.417324753627233, 1.4515660538036537, -0.03294925339219127]]
 1.0 H    H              1.0000    -3.366524    -2.530372    -1.747701       1.007825
 1.0 H    H              1.0000    -5.309479    -0.598095     0.201888       1.007825
 1.0 H    H              1.0000    -3.205300    -2.820425     1.595796       1.007825
 6.0 C    C              6.0000    -3.417154    -1.451884     0.036513      12.000000
 1.0 H    H              1.0000    -1.476604     1.644130     1.886562       1.007825
 1.0 H    H              1.0000    -1.635674     1.931187    -1.432017       1.007825
 6.0 C    C              6.0000    -1.333986     0.552393     0.109777      12.000000
 1.0 H    H              1.0000     1.477979    -1.639550    -1.892872       1.007825
 1.0 H    H              1.0000     1.633646    -1.934618     1.425156       1.007825
 6.0 C    C              6.0000     1.333802    -0.552051    -0.113610      12.000000
 1.0 H    H              1.0000     3.208323     2.823043    -1.590026       1.007825
 1.0 H    H              1.0000     5.309736     0.597656    -0.196759       1.007825
 1.0 H    H              1.0000     3.364061     2.526768     1.753178       1.007825
 6.0 C    C              6.0000     3.417325     1.451566    -0.032949      12.000000
-------------------------------------------
|   Optimized geometry for dihedral 90.00  |
-------------------------------------------
[[-3.3665238823150156, -2.5303721013306766, -1.7477011282183958], [-5.30947863139721, -0.598095234230694, 0.20188804658926585], [-3.2053000620841225, -2.8204251418839075, 1.595795628407481], [-3.4171544270192915, -1.4518844497712553, 0.03651270814417449], [-1.4766039250292735, 1.6441302766308528, 1.8865624294172623], [-1.635673887422947, 1.9311872825736263, -1.4320166303804878], [-1.3339856398784606, 0.552392583807025, 0.10977709098542111], [1.4779792917384362, -1.6395496893298673, -1.8928716523565958], [1.633646042297271, -1.9346183388490834, 1.425155663145934], [1.3338015232565092, -0.5520510725274296, -0.11360972420069657], [3.2083226133693565, 2.8230432387957705, -1.590026412201579], [5.3097359300312625, 0.5976564128517832, -0.19675895658211448], [3.364060706146616, 2.526768064712315, 1.7531780740269913], [3.417324753627233, 1.4515660538036537, -0.03294925339219127]]
 1.0 H    H              1.0000    -3.366524    -2.530372    -1.747701       1.007825
 1.0 H    H              1.0000    -5.309479    -0.598095     0.201888       1.007825
 1.0 H    H              1.0000    -3.205300    -2.820425     1.595796       1.007825
 6.0 C    C              6.0000    -3.417154    -1.451884     0.036513      12.000000
 1.0 H    H              1.0000    -1.476604     1.644130     1.886562       1.007825
 1.0 H    H              1.0000    -1.635674     1.931187    -1.432017       1.007825
 6.0 C    C              6.0000    -1.333986     0.552393     0.109777      12.000000
 1.0 H    H              1.0000     1.477979    -1.639550    -1.892872       1.007825
 1.0 H    H              1.0000     1.633646    -1.934618     1.425156       1.007825
 6.0 C    C              6.0000     1.333802    -0.552051    -0.113610      12.000000
 1.0 H    H              1.0000     3.208323     2.823043    -1.590026       1.007825
 1.0 H    H              1.0000     5.309736     0.597656    -0.196759       1.007825
 1.0 H    H              1.0000     3.364061     2.526768     1.753178       1.007825
 6.0 C    C              6.0000     3.417325     1.451566    -0.032949      12.000000
-------------------------------------------
|   Optimized geometry for dihedral 100.00  |
-------------------------------------------
[[-3.3665238823150156, -2.5303721013306766, -1.7477011282183958], [-5.30947863139721, -0.598095234230694, 0.20188804658926585], [-3.2053000620841225, -2.8204251418839075, 1.595795628407481], [-3.4171544270192915, -1.4518844497712553, 0.03651270814417449], [-1.4766039250292735, 1.6441302766308528, 1.8865624294172623], [-1.635673887422947, 1.9311872825736263, -1.4320166303804878], [-1.3339856398784606, 0.552392583807025, 0.10977709098542111], [1.4779792917384362, -1.6395496893298673, -1.8928716523565958], [1.633646042297271, -1.9346183388490834, 1.425155663145934], [1.3338015232565092, -0.5520510725274296, -0.11360972420069657], [3.2083226133693565, 2.8230432387957705, -1.590026412201579], [5.3097359300312625, 0.5976564128517832, -0.19675895658211448], [3.364060706146616, 2.526768064712315, 1.7531780740269913], [3.417324753627233, 1.4515660538036537, -0.03294925339219127]]
 1.0 H    H              1.0000    -3.366524    -2.530372    -1.747701       1.007825
 1.0 H    H              1.0000    -5.309479    -0.598095     0.201888       1.007825
 1.0 H    H              1.0000    -3.205300    -2.820425     1.595796       1.007825
 6.0 C    C              6.0000    -3.417154    -1.451884     0.036513      12.000000
 1.0 H    H              1.0000    -1.476604     1.644130     1.886562       1.007825
 1.0 H    H              1.0000    -1.635674     1.931187    -1.432017       1.007825
 6.0 C    C              6.0000    -1.333986     0.552393     0.109777      12.000000
 1.0 H    H              1.0000     1.477979    -1.639550    -1.892872       1.007825
 1.0 H    H              1.0000     1.633646    -1.934618     1.425156       1.007825
 6.0 C    C              6.0000     1.333802    -0.552051    -0.113610      12.000000
 1.0 H    H              1.0000     3.208323     2.823043    -1.590026       1.007825
 1.0 H    H              1.0000     5.309736     0.597656    -0.196759       1.007825
 1.0 H    H              1.0000     3.364061     2.526768     1.753178       1.007825
 6.0 C    C              6.0000     3.417325     1.451566    -0.032949      12.000000
-------------------------------------------
|   Optimized geometry for dihedral 110.00  |
-------------------------------------------
[[-3.3665238823150156, -2.5303721013306766, -1.7477011282183958], [-5.30947863139721, -0.598095234230694, 0.20188804658926585], [-3.2053000620841225, -2.8204251418839075, 1.595795628407481], [-3.4171544270192915, -1.4518844497712553, 0.03651270814417449], [-1.4766039250292735, 1.6441302766308528, 1.8865624294172623], [-1.635673887422947, 1.9311872825736263, -1.4320166303804878], [-1.3339856398784606, 0.552392583807025, 0.10977709098542111], [1.4779792917384362, -1.6395496893298673, -1.8928716523565958], [1.633646042297271, -1.9346183388490834, 1.425155663145934], [1.3338015232565092, -0.5520510725274296, -0.11360972420069657], [3.2083226133693565, 2.8230432387957705, -1.590026412201579], [5.3097359300312625, 0.5976564128517832, -0.19675895658211448], [3.364060706146616, 2.526768064712315, 1.7531780740269913], [3.417324753627233, 1.4515660538036537, -0.03294925339219127]]
 1.0 H    H              1.0000    -3.366524    -2.530372    -1.747701       1.007825
 1.0 H    H              1.0000    -5.309479    -0.598095     0.201888       1.007825
 1.0 H    H              1.0000    -3.205300    -2.820425     1.595796       1.007825
 6.0 C    C              6.0000    -3.417154    -1.451884     0.036513      12.000000
 1.0 H    H              1.0000    -1.476604     1.644130     1.886562       1.007825
 1.0 H    H              1.0000    -1.635674     1.931187    -1.432017       1.007825
 6.0 C    C              6.0000    -1.333986     0.552393     0.109777      12.000000
 1.0 H    H              1.0000     1.477979    -1.639550    -1.892872       1.007825
 1.0 H    H              1.0000     1.633646    -1.934618     1.425156       1.007825
 6.0 C    C              6.0000     1.333802    -0.552051    -0.113610      12.000000
 1.0 H    H              1.0000     3.208323     2.823043    -1.590026       1.007825
 1.0 H    H              1.0000     5.309736     0.597656    -0.196759       1.007825
 1.0 H    H              1.0000     3.364061     2.526768     1.753178       1.007825
 6.0 C    C              6.0000     3.417325     1.451566    -0.032949      12.000000
-------------------------------------------
|   Optimized geometry for dihedral 120.00  |
-------------------------------------------
[[-3.3665238823150156, -2.5303721013306766, -1.7477011282183958], [-5.30947863139721, -0.598095234230694, 0.20188804658926585], [-3.2053000620841225, -2.8204251418839075, 1.595795628407481], [-3.4171544270192915, -1.4518844497712553, 0.03651270814417449], [-1.4766039250292735, 1.6441302766308528, 1.8865624294172623], [-1.635673887422947, 1.9311872825736263, -1.4320166303804878], [-1.3339856398784606, 0.552392583807025, 0.10977709098542111], [1.4779792917384362, -1.6395496893298673, -1.8928716523565958], [1.633646042297271, -1.9346183388490834, 1.425155663145934], [1.3338015232565092, -0.5520510725274296, -0.11360972420069657], [3.2083226133693565, 2.8230432387957705, -1.590026412201579], [5.3097359300312625, 0.5976564128517832, -0.19675895658211448], [3.364060706146616, 2.526768064712315, 1.7531780740269913], [3.417324753627233, 1.4515660538036537, -0.03294925339219127]]
 1.0 H    H              1.0000    -3.366524    -2.530372    -1.747701       1.007825
 1.0 H    H              1.0000    -5.309479    -0.598095     0.201888       1.007825
 1.0 H    H              1.0000    -3.205300    -2.820425     1.595796       1.007825
 6.0 C    C              6.0000    -3.417154    -1.451884     0.036513      12.000000
 1.0 H    H              1.0000    -1.476604     1.644130     1.886562       1.007825
 1.0 H    H              1.0000    -1.635674     1.931187    -1.432017       1.007825
 6.0 C    C              6.0000    -1.333986     0.552393     0.109777      12.000000
 1.0 H    H              1.0000     1.477979    -1.639550    -1.892872       1.007825
 1.0 H    H              1.0000     1.633646    -1.934618     1.425156       1.007825
 6.0 C    C              6.0000     1.333802    -0.552051    -0.113610      12.000000
 1.0 H    H              1.0000     3.208323     2.823043    -1.590026       1.007825
 1.0 H    H              1.0000     5.309736     0.597656    -0.196759       1.007825
 1.0 H    H              1.0000     3.364061     2.526768     1.753178       1.007825
 6.0 C    C              6.0000     3.417325     1.451566    -0.032949      12.000000
-------------------------------------------
|   Optimized geometry for dihedral 130.00  |
-------------------------------------------
[[-3.3665238823150156, -2.5303721013306766, -1.7477011282183958], [-5.30947863139721, -0.598095234230694, 0.20188804658926585], [-3.2053000620841225, -2.8204251418839075, 1.595795628407481], [-3.4171544270192915, -1.4518844497712553, 0.03651270814417449], [-1.4766039250292735, 1.6441302766308528, 1.8865624294172623], [-1.635673887422947, 1.9311872825736263, -1.4320166303804878], [-1.3339856398784606, 0.552392583807025, 0.10977709098542111], [1.4779792917384362, -1.6395496893298673, -1.8928716523565958], [1.633646042297271, -1.9346183388490834, 1.425155663145934], [1.3338015232565092, -0.5520510725274296, -0.11360972420069657], [3.2083226133693565, 2.8230432387957705, -1.590026412201579], [5.3097359300312625, 0.5976564128517832, -0.19675895658211448], [3.364060706146616, 2.526768064712315, 1.7531780740269913], [3.417324753627233, 1.4515660538036537, -0.03294925339219127]]
 1.0 H    H              1.0000    -3.366524    -2.530372    -1.747701       1.007825
 1.0 H    H              1.0000    -5.309479    -0.598095     0.201888       1.007825
 1.0 H    H              1.0000    -3.205300    -2.820425     1.595796       1.007825
 6.0 C    C              6.0000    -3.417154    -1.451884     0.036513      12.000000
 1.0 H    H              1.0000    -1.476604     1.644130     1.886562       1.007825
 1.0 H    H              1.0000    -1.635674     1.931187    -1.432017       1.007825
 6.0 C    C              6.0000    -1.333986     0.552393     0.109777      12.000000
 1.0 H    H              1.0000     1.477979    -1.639550    -1.892872       1.007825
 1.0 H    H              1.0000     1.633646    -1.934618     1.425156       1.007825
 6.0 C    C              6.0000     1.333802    -0.552051    -0.113610      12.000000
 1.0 H    H              1.0000     3.208323     2.823043    -1.590026       1.007825
 1.0 H    H              1.0000     5.309736     0.597656    -0.196759       1.007825
 1.0 H    H              1.0000     3.364061     2.526768     1.753178       1.007825
 6.0 C    C              6.0000     3.417325     1.451566    -0.032949      12.000000
-------------------------------------------
|   Optimized geometry for dihedral 140.00  |
-------------------------------------------
[[-3.3665238823150156, -2.5303721013306766, -1.7477011282183958], [-5.30947863139721, -0.598095234230694, 0.20188804658926585], [-3.2053000620841225, -2.8204251418839075, 1.595795628407481], [-3.4171544270192915, -1.4518844497712553, 0.03651270814417449], [-1.4766039250292735, 1.6441302766308528, 1.8865624294172623], [-1.635673887422947, 1.9311872825736263, -1.4320166303804878], [-1.3339856398784606, 0.552392583807025, 0.10977709098542111], [1.4779792917384362, -1.6395496893298673, -1.8928716523565958], [1.633646042297271, -1.9346183388490834, 1.425155663145934], [1.3338015232565092, -0.5520510725274296, -0.11360972420069657], [3.2083226133693565, 2.8230432387957705, -1.590026412201579], [5.3097359300312625, 0.5976564128517832, -0.19675895658211448], [3.364060706146616, 2.526768064712315, 1.7531780740269913], [3.417324753627233, 1.4515660538036537, -0.03294925339219127]]
 1.0 H    H              1.0000    -3.366524    -2.530372    -1.747701       1.007825
 1.0 H    H              1.0000    -5.309479    -0.598095     0.201888       1.007825
 1.0 H    H              1.0000    -3.205300    -2.820425     1.595796       1.007825
 6.0 C    C              6.0000    -3.417154    -1.451884     0.036513      12.000000
 1.0 H    H              1.0000    -1.476604     1.644130     1.886562       1.007825
 1.0 H    H              1.0000    -1.635674     1.931187    -1.432017       1.007825
 6.0 C    C              6.0000    -1.333986     0.552393     0.109777      12.000000
 1.0 H    H              1.0000     1.477979    -1.639550    -1.892872       1.007825
 1.0 H    H              1.0000     1.633646    -1.934618     1.425156       1.007825
 6.0 C    C              6.0000     1.333802    -0.552051    -0.113610      12.000000
 1.0 H    H              1.0000     3.208323     2.823043    -1.590026       1.007825
 1.0 H    H              1.0000     5.309736     0.597656    -0.196759       1.007825
 1.0 H    H              1.0000     3.364061     2.526768     1.753178       1.007825
 6.0 C    C              6.0000     3.417325     1.451566    -0.032949      12.000000
-------------------------------------------
|   Optimized geometry for dihedral 150.00  |
-------------------------------------------
[[-3.3665238823150156, -2.5303721013306766, -1.7477011282183958], [-5.30947863139721, -0.598095234230694, 0.20188804658926585], [-3.2053000620841225, -2.8204251418839075, 1.595795628407481], [-3.4171544270192915, -1.4518844497712553, 0.03651270814417449], [-1.4766039250292735, 1.6441302766308528, 1.8865624294172623], [-1.635673887422947, 1.9311872825736263, -1.4320166303804878], [-1.3339856398784606, 0.552392583807025, 0.10977709098542111], [1.4779792917384362, -1.6395496893298673, -1.8928716523565958], [1.633646042297271, -1.9346183388490834, 1.425155663145934], [1.3338015232565092, -0.5520510725274296, -0.11360972420069657], [3.2083226133693565, 2.8230432387957705, -1.590026412201579], [5.3097359300312625, 0.5976564128517832, -0.19675895658211448], [3.364060706146616, 2.526768064712315, 1.7531780740269913], [3.417324753627233, 1.4515660538036537, -0.03294925339219127]]
 1.0 H    H              1.0000    -3.366524    -2.530372    -1.747701       1.007825
 1.0 H    H              1.0000    -5.309479    -0.598095     0.201888       1.007825
 1.0 H    H              1.0000    -3.205300    -2.820425     1.595796       1.007825
 6.0 C    C              6.0000    -3.417154    -1.451884     0.036513      12.000000
 1.0 H    H              1.0000    -1.476604     1.644130     1.886562       1.007825
 1.0 H    H              1.0000    -1.635674     1.931187    -1.432017       1.007825
 6.0 C    C              6.0000    -1.333986     0.552393     0.109777      12.000000
 1.0 H    H              1.0000     1.477979    -1.639550    -1.892872       1.007825
 1.0 H    H              1.0000     1.633646    -1.934618     1.425156       1.007825
 6.0 C    C              6.0000     1.333802    -0.552051    -0.113610      12.000000
 1.0 H    H              1.0000     3.208323     2.823043    -1.590026       1.007825
 1.0 H    H              1.0000     5.309736     0.597656    -0.196759       1.007825
 1.0 H    H              1.0000     3.364061     2.526768     1.753178       1.007825
 6.0 C    C              6.0000     3.417325     1.451566    -0.032949      12.000000
-------------------------------------------
|   Optimized geometry for dihedral 160.00  |
-------------------------------------------
[[-3.3665238823150156, -2.5303721013306766, -1.7477011282183958], [-5.30947863139721, -0.598095234230694, 0.20188804658926585], [-3.2053000620841225, -2.8204251418839075, 1.595795628407481], [-3.4171544270192915, -1.4518844497712553, 0.03651270814417449], [-1.4766039250292735, 1.6441302766308528, 1.8865624294172623], [-1.635673887422947, 1.9311872825736263, -1.4320166303804878], [-1.3339856398784606, 0.552392583807025, 0.10977709098542111], [1.4779792917384362, -1.6395496893298673, -1.8928716523565958], [1.633646042297271, -1.9346183388490834, 1.425155663145934], [1.3338015232565092, -0.5520510725274296, -0.11360972420069657], [3.2083226133693565, 2.8230432387957705, -1.590026412201579], [5.3097359300312625, 0.5976564128517832, -0.19675895658211448], [3.364060706146616, 2.526768064712315, 1.7531780740269913], [3.417324753627233, 1.4515660538036537, -0.03294925339219127]]
 1.0 H    H              1.0000    -3.366524    -2.530372    -1.747701       1.007825
 1.0 H    H              1.0000    -5.309479    -0.598095     0.201888       1.007825
 1.0 H    H              1.0000    -3.205300    -2.820425     1.595796       1.007825
 6.0 C    C              6.0000    -3.417154    -1.451884     0.036513      12.000000
 1.0 H    H              1.0000    -1.476604     1.644130     1.886562       1.007825
 1.0 H    H              1.0000    -1.635674     1.931187    -1.432017       1.007825
 6.0 C    C              6.0000    -1.333986     0.552393     0.109777      12.000000
 1.0 H    H              1.0000     1.477979    -1.639550    -1.892872       1.007825
 1.0 H    H              1.0000     1.633646    -1.934618     1.425156       1.007825
 6.0 C    C              6.0000     1.333802    -0.552051    -0.113610      12.000000
 1.0 H    H              1.0000     3.208323     2.823043    -1.590026       1.007825
 1.0 H    H              1.0000     5.309736     0.597656    -0.196759       1.007825
 1.0 H    H              1.0000     3.364061     2.526768     1.753178       1.007825
 6.0 C    C              6.0000     3.417325     1.451566    -0.032949      12.000000
-------------------------------------------
|   Optimized geometry for dihedral 170.00  |
-------------------------------------------
[[-3.3665238823150156, -2.5303721013306766, -1.7477011282183958], [-5.30947863139721, -0.598095234230694, 0.20188804658926585], [-3.2053000620841225, -2.8204251418839075, 1.595795628407481], [-3.4171544270192915, -1.4518844497712553, 0.03651270814417449], [-1.4766039250292735, 1.6441302766308528, 1.8865624294172623], [-1.635673887422947, 1.9311872825736263, -1.4320166303804878], [-1.3339856398784606, 0.552392583807025, 0.10977709098542111], [1.4779792917384362, -1.6395496893298673, -1.8928716523565958], [1.633646042297271, -1.9346183388490834, 1.425155663145934], [1.3338015232565092, -0.5520510725274296, -0.11360972420069657], [3.2083226133693565, 2.8230432387957705, -1.590026412201579], [5.3097359300312625, 0.5976564128517832, -0.19675895658211448], [3.364060706146616, 2.526768064712315, 1.7531780740269913], [3.417324753627233, 1.4515660538036537, -0.03294925339219127]]
 1.0 H    H              1.0000    -3.366524    -2.530372    -1.747701       1.007825
 1.0 H    H              1.0000    -5.309479    -0.598095     0.201888       1.007825
 1.0 H    H              1.0000    -3.205300    -2.820425     1.595796       1.007825
 6.0 C    C              6.0000    -3.417154    -1.451884     0.036513      12.000000
 1.0 H    H              1.0000    -1.476604     1.644130     1.886562       1.007825
 1.0 H    H              1.0000    -1.635674     1.931187    -1.432017       1.007825
 6.0 C    C              6.0000    -1.333986     0.552393     0.109777      12.000000
 1.0 H    H              1.0000     1.477979    -1.639550    -1.892872       1.007825
 1.0 H    H              1.0000     1.633646    -1.934618     1.425156       1.007825
 6.0 C    C              6.0000     1.333802    -0.552051    -0.113610      12.000000
 1.0 H    H              1.0000     3.208323     2.823043    -1.590026       1.007825
 1.0 H    H              1.0000     5.309736     0.597656    -0.196759       1.007825
 1.0 H    H              1.0000     3.364061     2.526768     1.753178       1.007825
 6.0 C    C              6.0000     3.417325     1.451566    -0.032949      12.000000
Optimizer: Optimization complete!
-------------------------------------------
|   Optimized geometry for dihedral 180.00  |
-------------------------------------------
[[-3.3529552248373315, -2.502656673270653, -1.7272299695419953], [-5.2665132392989245, -0.6018275967912684, 0.1998471789670857], [-3.1930628042602414, -2.7950920584741605, 1.5705048402264805], [-3.4055333326957733, -1.4495670913936047, 0.03442912144848915], [-1.4735191615036891, 1.6210434355392618, 1.8649064773827295], [-1.628970006261141, 1.9077245253200916, -1.4085340643864412], [-1.3294152749677834, 0.556141640755655, 0.1118190007572086], [1.4736595910808152, -1.6204948876832332, -1.8652783687781453], [1.6287905033971632, -1.9082013215165823, 1.4080873690829336], [1.3294110544135327, -0.5561339223017162, -0.11190657209617906], [3.196612792468137, 2.7920049633008373, -1.5736137962713577], [5.266796502403031, 0.6013040344789541, -0.19388193694621553], [3.349154628877791, 2.506207716523874, 1.7250525000824308], [3.405538092262936, 1.4495583535727596, -0.034329811452130696]]
 1.0 H    H              1.0000    -3.352955    -2.502657    -1.727230       1.007825
 1.0 H    H              1.0000    -5.266513    -0.601828     0.199847       1.007825
 1.0 H    H              1.0000    -3.193063    -2.795092     1.570505       1.007825
 6.0 C    C              6.0000    -3.405533    -1.449567     0.034429      12.000000
 1.0 H    H              1.0000    -1.473519     1.621043     1.864906       1.007825
 1.0 H    H              1.0000    -1.628970     1.907725    -1.408534       1.007825
 6.0 C    C              6.0000    -1.329415     0.556142     0.111819      12.000000
 1.0 H    H              1.0000     1.473660    -1.620495    -1.865278       1.007825
 1.0 H    H              1.0000     1.628791    -1.908201     1.408087       1.007825
 6.0 C    C              6.0000     1.329411    -0.556134    -0.111907      12.000000
 1.0 H    H              1.0000     3.196613     2.792005    -1.573614       1.007825
 1.0 H    H              1.0000     5.266797     0.601304    -0.193882       1.007825
 1.0 H    H              1.0000     3.349155     2.506208     1.725053       1.007825
 6.0 C    C              6.0000     3.405538     1.449558    -0.034330      12.000000
Optimizer: Optimization complete!
-------------------------------------------
|   Optimized geometry for dihedral 190.00  |
-------------------------------------------
[[-3.3638005492076193, -2.6766143127439044, -1.5141983981738862], [-5.260329456079355, -0.6194491425387499, 0.2628453095704858], [-3.135035129133364, -2.6533655078445926, 1.7924231060068792], [-3.393381307301653, -1.4616189722050097, 0.14114909911199722], [-1.4406118554637029, 1.740067276528013, 1.6764151763510564], [-1.6985241549343395, 1.8067759329153743, -1.6014187620752853], [-1.3378966765673619, 0.5616643682752691, -0.0058767049782916005], [1.525725167294093, -1.487122733247008, -2.0431777161967], [1.5772680461408815, -1.9928659473682468, 1.2059344524459534], [1.326763255019943, -0.5410700521428262, -0.2289267353347878], [3.2286588141322694, 2.926569912584262, -1.3352926019815665], [5.266691400722937, 0.6076875517023647, -0.12870493913685763], [3.3112664535108007, 2.3273978802160555, 1.923664413911577], [3.403564959831391, 1.442781554601314, 0.07362465512285905]]
 1.0 H    H              1.0000    -3.363801    -2.676614    -1.514198       1.007825
 1.0 H    H              1.0000    -5.260329    -0.619449     0.262845       1.007825
 1.0 H    H              1.0000    -3.135035    -2.653366     1.792423       1.007825
 6.0 C    C              6.0000    -3.393381    -1.461619     0.141149      12.000000
 1.0 H    H              1.0000    -1.440612     1.740067     1.676415       1.007825
 1.0 H    H              1.0000    -1.698524     1.806776    -1.601419       1.007825
 6.0 C    C              6.0000    -1.337897     0.561664    -0.005877      12.000000
 1.0 H    H              1.0000     1.525725    -1.487123    -2.043178       1.007825
 1.0 H    H              1.0000     1.577268    -1.992866     1.205934       1.007825
 6.0 C    C              6.0000     1.326763    -0.541070    -0.228927      12.000000
 1.0 H    H              1.0000     3.228659     2.926570    -1.335293       1.007825
 1.0 H    H              1.0000     5.266691     0.607688    -0.128705       1.007825
 1.0 H    H              1.0000     3.311266     2.327398     1.923664       1.007825
 6.0 C    C              6.0000     3.403565     1.442782     0.073625      12.000000
Optimizer: Optimization complete!
-------------------------------------------
|   Optimized geometry for dihedral 200.00  |
-------------------------------------------
[[-3.3869953811047795, -2.8020248875256284, -1.2988815267925484], [-5.247010939394002, -0.6225601945619187, 0.3675387573106948], [-3.047192634478288, -2.5052117629147386, 1.984719976711554], [-3.3753538930878, -1.455333175553284, 0.2518935997403857], [-1.4144341620537262, 1.8645958263804434, 1.4690064525741067], [-1.7738214006101596, 1.6896850855580772, -1.792641610294618], [-1.34801068500193, 0.5669738158181752, -0.12492955148537738], [1.5847708366897242, -1.3448837312079136, -2.2124251394623413], [1.5305436816588067, -2.0763524146290213, 0.9907164264844642], [1.3258164496514595, -0.5264911381354203, -0.3452791122130627], [3.2731094097807634, 3.0096826834799524, -1.1128988796697992], [5.26322062898146, 0.5929737265653257, -0.023995845518935046], [3.2395242321850564, 2.15444581430331, 2.0891439590346947], [3.395724446227693, 1.4181805075318255, 0.17965803927040963]]
 1.0 H    H              1.0000    -3.386995    -2.802025    -1.298882       1.007825
 1.0 H    H              1.0000    -5.247011    -0.622560     0.367539       1.007825
 1.0 H    H              1.0000    -3.047193    -2.505212     1.984720       1.007825
 6.0 C    C              6.0000    -3.375354    -1.455333     0.251894      12.000000
 1.0 H    H              1.0000    -1.414434     1.864596     1.469006       1.007825
 1.0 H    H              1.0000    -1.773821     1.689685    -1.792642       1.007825
 6.0 C    C              6.0000    -1.348011     0.566974    -0.124930      12.000000
 1.0 H    H              1.0000     1.584771    -1.344884    -2.212425       1.007825
 1.0 H    H              1.0000     1.530544    -2.076352     0.990716       1.007825
 6.0 C    C              6.0000     1.325816    -0.526491    -0.345279      12.000000
 1.0 H    H              1.0000     3.273109     3.009683    -1.112899       1.007825
 1.0 H    H              1.0000     5.263221     0.592974    -0.023996       1.007825
 1.0 H    H              1.0000     3.239524     2.154446     2.089144       1.007825
 6.0 C    C              6.0000     3.395724     1.418181     0.179658      12.000000
Optimizer: Optimization complete!
-------------------------------------------
|   Optimized geometry for dihedral 210.00  |
-------------------------------------------
[[-3.3744928966210255, -2.9202030999105486, -1.0729802289643773], [-5.228709097316698, -0.6307791748916135, 0.4460816819623224], [-2.959612094996088, -2.3356086202554636, 2.16282519372991], [-3.3472968261476588, -1.4443581462501807, 0.3552355125649099], [-1.4055042446286483, 1.9791901270412933, 1.2504734477515678], [-1.8581471448075082, 1.555846688964985, -1.9730339187856225], [-1.361543098716035, 0.5663342075153706, -0.24266705236549752], [1.6584925498988459, -1.1811053917107701, -2.3707860992479755], [1.4979357647997127, -2.152682701462984, 0.7605654795996972], [1.3292991928807782, -0.5058150983548436, -0.45884073026718447], [3.2856136564667033, 3.0870439270055754, -0.8608382180928564], [5.25239710435024, 0.5863131614365689, 0.0693285744353579], [3.1625244573562035, 1.954774977924647, 2.2515701934459234], [3.376979340086557, 1.3886438518206017, 0.29057262716101234]]
 1.0 H    H              1.0000    -3.374493    -2.920203    -1.072980       1.007825
 1.0 H    H              1.0000    -5.228709    -0.630779     0.446082       1.007825
 1.0 H    H              1.0000    -2.959612    -2.335609     2.162825       1.007825
 6.0 C    C              6.0000    -3.347297    -1.444358     0.355236      12.000000
 1.0 H    H              1.0000    -1.405504     1.979190     1.250473       1.007825
 1.0 H    H              1.0000    -1.858147     1.555847    -1.973034       1.007825
 6.0 C    C              6.0000    -1.361543     0.566334    -0.242667      12.000000
 1.0 H    H              1.0000     1.658493    -1.181105    -2.370786       1.007825
 1.0 H    H              1.0000     1.497936    -2.152683     0.760565       1.007825
 6.0 C    C              6.0000     1.329299    -0.505815    -0.458841      12.000000
 1.0 H    H              1.0000     3.285614     3.087044    -0.860838       1.007825
 1.0 H    H              1.0000     5.252397     0.586313     0.069329       1.007825
 1.0 H    H              1.0000     3.162524     1.954775     2.251570       1.007825
 6.0 C    C              6.0000     3.376979     1.388644     0.290573      12.000000
Optimizer: Optimization complete!
-------------------------------------------
|   Optimized geometry for dihedral 220.00  |
-------------------------------------------
[[-3.3461459507868447, -3.0195701492359186, -0.848975474604277], [-5.19555150684744, -0.6546166023437959, 0.5565641255811397], [-2.834710402124385, -2.182150319814479, 2.316394598911541], [-3.3019514262041274, -1.4387982527338916, 0.4612835003386783], [-1.4167017321507753, 2.085452607828769, 1.0146489184368663], [-1.955311712286394, 1.3889193967664182, -2.144061972801035], [-1.3792060700788609, 0.5556606066059505, -0.3578177328001896], [1.7410258606219284, -0.9866368865016663, -2.518872693178034], [1.4867690149133426, -2.2169909074535528, 0.5100373847916232], [1.3364956120933054, -0.47547949387923955, -0.5715771831577428], [3.278573327674618, 3.1464272105542994, -0.6214616222917604], [5.229625606359211, 0.5906473450136114, 0.18490756315010748], [3.0508739734190367, 1.7763419849202633, 2.387429312415571], [3.3414329405461967, 1.364678898531083, 0.39784836215337466]]
 1.0 H    H              1.0000    -3.346146    -3.019570    -0.848975       1.007825
 1.0 H    H              1.0000    -5.195552    -0.654617     0.556564       1.007825
 1.0 H    H              1.0000    -2.834710    -2.182150     2.316395       1.007825
 6.0 C    C              6.0000    -3.301951    -1.438798     0.461284      12.000000
 1.0 H    H              1.0000    -1.416702     2.085453     1.014649       1.007825
 1.0 H    H              1.0000    -1.955312     1.388919    -2.144062       1.007825
 6.0 C    C              6.0000    -1.379206     0.555661    -0.357818      12.000000
 1.0 H    H              1.0000     1.741026    -0.986637    -2.518873       1.007825
 1.0 H    H              1.0000     1.486769    -2.216991     0.510037       1.007825
 6.0 C    C              6.0000     1.336496    -0.475479    -0.571577      12.000000
 1.0 H    H              1.0000     3.278573     3.146427    -0.621462       1.007825
 1.0 H    H              1.0000     5.229626     0.590647     0.184908       1.007825
 1.0 H    H              1.0000     3.050874     1.776342     2.387429       1.007825
 6.0 C    C              6.0000     3.341433     1.364679     0.397848      12.000000
Optimizer: Optimization complete!
-------------------------------------------
|   Optimized geometry for dihedral 230.00  |
-------------------------------------------
[[-3.3014096907735326, -3.0996527912534835, -0.6324765813247534], [-5.147693619557108, -0.6799057219470105, 0.6836043925891682], [-2.6860338925666234, -2.0368325004440493, 2.4460439995908305], [-3.24206942252653, -1.4320149646031424, 0.5644988969126612], [-1.4459333625670494, 2.179592726601515, 0.7639001714529434], [-2.052941187453626, 1.1942203625073855, -2.301715934037401], [-1.3982226803121007, 0.537201241884221, -0.4702417945935035], [1.8254250980194269, -0.7671000724267353, -2.6491520799784256], [1.492310406713058, -2.266657196762816, 0.2452878274897566], [1.3453429733023323, -0.4379291650398823, -0.6804480246693656], [3.2543619684144836, 3.187975999742882, -0.3913004356696776], [5.193732424809411, 0.5934764198408016, 0.31822296241981074], [2.9134813001527875, 1.609841292069677, 2.503324663872633], [3.2911446366360804, 1.3398851322918306, 0.5034032202180286]]
 1.0 H    H              1.0000    -3.301410    -3.099653    -0.632477       1.007825
 1.0 H    H              1.0000    -5.147694    -0.679906     0.683604       1.007825
 1.0 H    H              1.0000    -2.686034    -2.036833     2.446044       1.007825
 6.0 C    C              6.0000    -3.242069    -1.432015     0.564499      12.000000
 1.0 H    H              1.0000    -1.445933     2.179593     0.763900       1.007825
 1.0 H    H              1.0000    -2.052941     1.194220    -2.301716       1.007825
 6.0 C    C              6.0000    -1.398223     0.537201    -0.470242      12.000000
 1.0 H    H              1.0000     1.825425    -0.767100    -2.649152       1.007825
 1.0 H    H              1.0000     1.492310    -2.266657     0.245288       1.007825
 6.0 C    C              6.0000     1.345343    -0.437929    -0.680448      12.000000
 1.0 H    H              1.0000     3.254362     3.187976    -0.391300       1.007825
 1.0 H    H              1.0000     5.193732     0.593476     0.318223       1.007825
 1.0 H    H              1.0000     2.913481     1.609841     2.503325       1.007825
 6.0 C    C              6.0000     3.291145     1.339885     0.503403      12.000000
Optimizer: Optimization complete!
-------------------------------------------
|   Optimized geometry for dihedral 240.00  |
-------------------------------------------
[[-3.193812804047336, -3.1942551348312347, -0.40625912179607215], [-5.085256006632647, -0.7470916899011336, 0.7899675124859385], [-2.5258567179798863, -1.8871534663756817, 2.5650974493368337], [-3.1587454957613765, -1.4420957845606655, 0.6630025952744759], [-1.5070609791308471, 2.250906558443103, 0.49400165991406275], [-2.1500508373223473, 0.9542781240372563, -2.445193996349903], [-1.4198800713131807, 0.5022113330998021, -0.5806542283299424], [1.9109508752361695, -0.5054108456832982, -2.7577464780896674], [1.5280506003628855, -2.2903109039193414, -0.03725543776478576], [1.3571326680765068, -0.384414327498095, -0.7847620525445053], [3.168552973965828, 3.2416754060352644, -0.14340018949242164], [5.141767005037933, 0.6410027535241556, 0.43974001932521833], [2.7636372852788114, 1.4407632116401892, 2.6091256387797697], [3.217216244305077, 1.332327448016875, 0.609351369362394]]
 1.0 H    H              1.0000    -3.193813    -3.194255    -0.406259       1.007825
 1.0 H    H              1.0000    -5.085256    -0.747092     0.789968       1.007825
 1.0 H    H              1.0000    -2.525857    -1.887153     2.565097       1.007825
 6.0 C    C              6.0000    -3.158745    -1.442096     0.663003      12.000000
 1.0 H    H              1.0000    -1.507061     2.250907     0.494002       1.007825
 1.0 H    H              1.0000    -2.150051     0.954278    -2.445194       1.007825
 6.0 C    C              6.0000    -1.419880     0.502211    -0.580654      12.000000
 1.0 H    H              1.0000     1.910951    -0.505411    -2.757746       1.007825
 1.0 H    H              1.0000     1.528051    -2.290311    -0.037255       1.007825
 6.0 C    C              6.0000     1.357133    -0.384414    -0.784762      12.000000
 1.0 H    H              1.0000     3.168553     3.241675    -0.143400       1.007825
 1.0 H    H              1.0000     5.141767     0.641003     0.439740       1.007825
 1.0 H    H              1.0000     2.763637     1.440763     2.609126       1.007825
 6.0 C    C              6.0000     3.217216     1.332327     0.609351      12.000000
Optimizer: Optimization complete!
-------------------------------------------
|   Optimized geometry for dihedral 250.00  |
-------------------------------------------
[[-3.036383545339442, -3.298815328600782, -0.19219155619521164], [-5.002326322155241, -0.8596100331951975, 0.8963477870444199], [-2.3427442484828394, -1.759971192750152, 2.6601026134797885], [-3.050557792900439, -1.4768033263941014, 0.7528753520630461], [-1.6059201311447762, 2.282285187726742, 0.21805783131986026], [-2.2326858506368565, 0.6742014017082997, -2.5683995591466484], [-1.4430086729945624, 0.4456728185332831, -0.6870642220466113], [1.984223172887717, -0.20775709708042195, -2.8382750623937176], [1.601127903336451, -2.2732885973160473, -0.3223396148809353], [1.3709209825781987, -0.3103410700270108, -0.8816005959484752], [3.0320926187567934, 3.306870832584608, 0.09881809976588739], [5.069752831244425, 0.7330287935267794, 0.5708874007792212], [2.588941080629548, 1.2977806616180168, 2.697266139454812], [3.1179357901998968, 1.3503131741327044, 0.7133042356794053]]
 1.0 H    H              1.0000    -3.036384    -3.298815    -0.192192       1.007825
 1.0 H    H              1.0000    -5.002326    -0.859610     0.896348       1.007825
 1.0 H    H              1.0000    -2.342744    -1.759971     2.660103       1.007825
 6.0 C    C              6.0000    -3.050558    -1.476803     0.752875      12.000000
 1.0 H    H              1.0000    -1.605920     2.282285     0.218058       1.007825
 1.0 H    H              1.0000    -2.232686     0.674201    -2.568400       1.007825
 6.0 C    C              6.0000    -1.443009     0.445673    -0.687064      12.000000
 1.0 H    H              1.0000     1.984223    -0.207757    -2.838275       1.007825
 1.0 H    H              1.0000     1.601128    -2.273289    -0.322340       1.007825
 6.0 C    C              6.0000     1.370921    -0.310341    -0.881601      12.000000
 1.0 H    H              1.0000     3.032093     3.306871     0.098818       1.007825
 1.0 H    H              1.0000     5.069753     0.733029     0.570887       1.007825
 1.0 H    H              1.0000     2.588941     1.297781     2.697266       1.007825
 6.0 C    C              6.0000     3.117936     1.350313     0.713304      12.000000
Optimizer: Optimization complete!
-------------------------------------------
|   Optimized geometry for dihedral 260.00  |
-------------------------------------------
[[-2.8077942253739594, -3.4151771754830142, 0.030422053016218024], [-4.907000829383037, -1.025631279151182, 0.9691166103583776], [-2.1709694894100426, -1.619807531819387, 2.7423454967269647], [-2.922642542347505, -1.5298653300001421, 0.8330775558091448], [-1.7379293272058562, 2.2644231409520046, -0.04840870342342218], [-2.287922656335053, 0.3713674405098441, -2.670289848031629], [-1.4651706249881928, 0.3677504454558419, -0.7887496085129838], [2.032331475703129, 0.10845933516448353, -2.8915077595343504], [1.7084660616794103, -2.2091111341423413, -0.5927273031128063], [1.3843448658890525, -0.21601453453974528, -0.9700609753700861], [2.8256401895674457, 3.381674512526096, 0.3579160621323278], [4.98275493510179, 0.883416510865789, 0.6793321689779198], [2.4242713882970595, 1.1442785239862703, 2.76963513915245], [2.998274011322561, 1.3878807693113648, 0.812702602255784]]
 1.0 H    H              1.0000    -2.807794    -3.415177     0.030422       1.007825
 1.0 H    H              1.0000    -4.907001    -1.025631     0.969117       1.007825
 1.0 H    H              1.0000    -2.170969    -1.619808     2.742345       1.007825
 6.0 C    C              6.0000    -2.922643    -1.529865     0.833078      12.000000
 1.0 H    H              1.0000    -1.737929     2.264423    -0.048409       1.007825
 1.0 H    H              1.0000    -2.287923     0.371367    -2.670290       1.007825
 6.0 C    C              6.0000    -1.465171     0.367750    -0.788750      12.000000
 1.0 H    H              1.0000     2.032331     0.108459    -2.891508       1.007825
 1.0 H    H              1.0000     1.708466    -2.209111    -0.592727       1.007825
 6.0 C    C              6.0000     1.384345    -0.216015    -0.970061      12.000000
 1.0 H    H              1.0000     2.825640     3.381675     0.357916       1.007825
 1.0 H    H              1.0000     4.982755     0.883417     0.679332       1.007825
 1.0 H    H              1.0000     2.424271     1.144279     2.769635       1.007825
 6.0 C    C              6.0000     2.998274     1.387881     0.812703      12.000000
Optimizer: Optimization complete!
-------------------------------------------
|   Optimized geometry for dihedral 270.00  |
-------------------------------------------
[[-2.5440213201450144, -3.509074299855253, 0.2623024900063271], [-4.80848353012985, -1.206704584772071, 1.0137760906627586], [-2.038459908163893, -1.4534005648767265, 2.8120372252299446], [-2.7930353036448032, -1.5764229193970565, 0.9064459583750746], [-1.8866426009888606, 2.208146363527865, -0.3108687819187966], [-2.3055700617674004, 0.05329973508018053, -2.7528313615655824], [-1.4825876651705328, 0.27682924924883995, -0.8840038328274453], [2.044888042561094, 0.4360836626857886, -2.9197325866269015], [1.8331046097442834, -2.1076386510728935, -0.8541406686066451], [1.3937310520206418, -0.11001691705793756, -1.0495586773265566], [2.584820048738506, 3.4324844402847603, 0.6254685332090056], [4.890137727597829, 1.053411973041853, 0.7630631828901654], [2.297353254257454, 0.9673739099255577, 2.821630326056748], [2.876254289556801, 1.4201942631268019, 0.9044386760707709]]
 1.0 H    H              1.0000    -2.544021    -3.509074     0.262302       1.007825
 1.0 H    H              1.0000    -4.808484    -1.206705     1.013776       1.007825
 1.0 H    H              1.0000    -2.038460    -1.453401     2.812037       1.007825
 6.0 C    C              6.0000    -2.793035    -1.576423     0.906446      12.000000
 1.0 H    H              1.0000    -1.886643     2.208146    -0.310869       1.007825
 1.0 H    H              1.0000    -2.305570     0.053300    -2.752831       1.007825
 6.0 C    C              6.0000    -1.482588     0.276829    -0.884004      12.000000
 1.0 H    H              1.0000     2.044888     0.436084    -2.919733       1.007825
 1.0 H    H              1.0000     1.833105    -2.107639    -0.854141       1.007825
 6.0 C    C              6.0000     1.393731    -0.110017    -1.049559      12.000000
 1.0 H    H              1.0000     2.584820     3.432484     0.625469       1.007825
 1.0 H    H              1.0000     4.890138     1.053412     0.763063       1.007825
 1.0 H    H              1.0000     2.297353     0.967374     2.821630       1.007825
 6.0 C    C              6.0000     2.876254     1.420194     0.904439      12.000000
Optimizer: Optimization complete!
-------------------------------------------
|   Optimized geometry for dihedral 280.00  |
-------------------------------------------
[[-2.2454457166324056, -3.5667443732883064, 0.5130717917636486], [-4.71579937643748, -1.4128475051246354, 1.0100069029317003], [-1.9822377538378386, -1.2496983594327828, 2.8679331509615142], [-2.674121857936852, -1.6121496644395306, 0.970489954221942], [-2.0442210571000636, 2.11523180568047, -0.5591424892192933], [-2.2817297989807566, -0.2634746363310513, -2.814234807195998], [-1.4937553456454558, 0.17754176868321472, -0.9686925189560038], [2.0180452618114204, 0.7584949925663078, -2.923663093625188], [1.9681508560415362, -1.972423612029361, -1.0961811487902722], [1.3979217314231875, 0.0023686305536621565, -1.1166918041671947], [2.3107756483211546, 3.4440998428546057, 0.908530805806576], [4.7991174889631125, 1.2564323598131106, 0.8030344340950025], [2.2448560779212725, 0.7566792762236962, 2.8467717926333407], [2.7639495379200687, 1.4435143253075955, 0.9842023617598789]]
 1.0 H    H              1.0000    -2.245446    -3.566744     0.513072       1.007825
 1.0 H    H              1.0000    -4.715799    -1.412848     1.010007       1.007825
 1.0 H    H              1.0000    -1.982238    -1.249698     2.867933       1.007825
 6.0 C    C              6.0000    -2.674122    -1.612150     0.970490      12.000000
 1.0 H    H              1.0000    -2.044221     2.115232    -0.559142       1.007825
 1.0 H    H              1.0000    -2.281730    -0.263475    -2.814235       1.007825
 6.0 C    C              6.0000    -1.493755     0.177542    -0.968693      12.000000
 1.0 H    H              1.0000     2.018045     0.758495    -2.923663       1.007825
 1.0 H    H              1.0000     1.968151    -1.972424    -1.096181       1.007825
 6.0 C    C              6.0000     1.397922     0.002369    -1.116692      12.000000
 1.0 H    H              1.0000     2.310776     3.444100     0.908531       1.007825
 1.0 H    H              1.0000     4.799117     1.256432     0.803034       1.007825
 1.0 H    H              1.0000     2.244856     0.756679     2.846772       1.007825
 6.0 C    C              6.0000     2.763950     1.443514     0.984202      12.000000
Optimizer: Optimization complete!
-------------------------------------------
|   Optimized geometry for dihedral 290.00  |
-------------------------------------------
[[-1.9186207629215917, -3.5661181774809707, 0.794941864279147], [-4.620366371897385, -1.6539695663490213, 0.9691251853235614], [-2.0146233176989345, -1.0072308406650372, 2.899972861403617], [-2.5695208740667748, -1.6323964874257093, 1.027188441253508], [-2.194609750331507, 1.9922653120326614, -0.7871950506169921], [-2.2265502888840287, -0.5610285313974979, -2.8579506707154176], [-1.4980068088561076, 0.07485602849529804, -1.044883849820639], [1.9614535434943927, 1.0587000508841815, -2.9106726835391985], [2.098114137998917, -1.811112139977985, -1.3125924689878257], [1.3960253595434589, 0.11659582367949282, -1.1742779452873162], [2.0109742592599846, 3.3927408750671697, 1.2147133302104713], [4.702255764508565, 1.5002370182422804, 0.8128247378288023], [2.278119344798843, 0.5125644889237103, 2.833816117212543], [2.665107122747075, 1.4529504778239473, 1.052810923083328]]
 1.0 H    H              1.0000    -1.918621    -3.566118     0.794942       1.007825
 1.0 H    H              1.0000    -4.620366    -1.653970     0.969125       1.007825
 1.0 H    H              1.0000    -2.014623    -1.007231     2.899973       1.007825
 6.0 C    C              6.0000    -2.569521    -1.632396     1.027188      12.000000
 1.0 H    H              1.0000    -2.194610     1.992265    -0.787195       1.007825
 1.0 H    H              1.0000    -2.226550    -0.561029    -2.857951       1.007825
 6.0 C    C              6.0000    -1.498007     0.074856    -1.044884      12.000000
 1.0 H    H              1.0000     1.961454     1.058700    -2.910673       1.007825
 1.0 H    H              1.0000     2.098114    -1.811112    -1.312592       1.007825
 6.0 C    C              6.0000     1.396025     0.116596    -1.174278      12.000000
 1.0 H    H              1.0000     2.010974     3.392741     1.214713       1.007825
 1.0 H    H              1.0000     4.702256     1.500237     0.812825       1.007825
 1.0 H    H              1.0000     2.278119     0.512564     2.833816       1.007825
 6.0 C    C              6.0000     2.665107     1.452950     1.052811      12.000000
Optimizer: Optimization complete!
-------------------------------------------
|   Optimized geometry for dihedral 300.00  |
-------------------------------------------
[[-1.6399507509388296, -3.5048672293889434, 1.0615563978389653], [-4.5161384639558815, -1.861804421764962, 0.9530182933730458], [-2.0714589628948854, -0.7778468099033085, 2.896864565127412], [-2.4813475421136983, -1.6310423456285263, 1.0786103062401748], [-2.3311411573266767, 1.8515327517946611, -0.9998788088549726], [-2.1490385711427433, -0.8361944886165927, -2.8839579043758237], [-1.495766478154089, -0.024664607356711, -1.1131051171254778], [1.8840600077780245, 1.3336435717459423, -2.8821023378809474], [2.215817173756026, -1.6350329167068762, -1.5096264030044528], [1.3883653496903996, 0.22629068821282378, -1.2239946299489057], [1.7572615002978673, 3.2846376244796094, 1.4911815823274366], [4.598629818583567, 1.7069419220211068, 0.8420328493325145], [2.3326321605519014, 0.28754167262211155, 2.786388236541558], [2.5819733354439593, 1.4421357157480204, 1.1110550133255475]]
 1.0 H    H              1.0000    -1.639951    -3.504867     1.061556       1.007825
 1.0 H    H              1.0000    -4.516138    -1.861804     0.953018       1.007825
 1.0 H    H              1.0000    -2.071459    -0.777847     2.896865       1.007825
 6.0 C    C              6.0000    -2.481348    -1.631042     1.078610      12.000000
 1.0 H    H              1.0000    -2.331141     1.851533    -0.999879       1.007825
 1.0 H    H              1.0000    -2.149039    -0.836194    -2.883958       1.007825
 6.0 C    C              6.0000    -1.495766    -0.024665    -1.113105      12.000000
 1.0 H    H              1.0000     1.884060     1.333644    -2.882102       1.007825
 1.0 H    H              1.0000     2.215817    -1.635033    -1.509626       1.007825
 6.0 C    C              6.0000     1.388365     0.226291    -1.223995      12.000000
 1.0 H    H              1.0000     1.757262     3.284638     1.491182       1.007825
 1.0 H    H              1.0000     4.598630     1.706942     0.842033       1.007825
 1.0 H    H              1.0000     2.332632     0.287542     2.786388       1.007825
 6.0 C    C              6.0000     2.581973     1.442136     1.111055      12.000000
Optimizer: Optimization complete!
-------------------------------------------
|   Optimized geometry for dihedral 310.00  |
-------------------------------------------
[[-1.4257484862115724, -3.4260979880974514, 1.2838110252405017], [-4.410727396222239, -2.020969410002287, 0.9734780511600503], [-2.1068375163049913, -0.5952151926476008, 2.8697304881011103], [-2.402913906856997, -1.6259124535840763, 1.1231273234581796], [-2.462058175796936, 1.6808894315090357, -1.2064593427196055], [-2.0432207924632664, -1.108777338573369, -2.8915530020475195], [-1.4861604165078623, -0.12977257455345015, -1.1738819592041037], [1.7801344696315318, 1.6026737446187709, -2.833332885114172], [2.3287197253361898, -1.4305708731437476, -1.695050242253643], [1.3740919465582169, 0.34016062258336943, -1.2647824520421835], [1.563570697292263, 3.1673620297253815, 1.7152671613037325], [4.496772492370447, 1.859435500090117, 0.8989048377849321], [2.3639578519341753, 0.1125188009220692, 2.7253332546162587], [2.5078803287456526, 1.4288571996856816, 1.1609930530199735]]
 1.0 H    H              1.0000    -1.425748    -3.426098     1.283811       1.007825
 1.0 H    H              1.0000    -4.410727    -2.020969     0.973478       1.007825
 1.0 H    H              1.0000    -2.106838    -0.595215     2.869730       1.007825
 6.0 C    C              6.0000    -2.402914    -1.625912     1.123127      12.000000
 1.0 H    H              1.0000    -2.462058     1.680889    -1.206459       1.007825
 1.0 H    H              1.0000    -2.043221    -1.108777    -2.891553       1.007825
 6.0 C    C              6.0000    -1.486160    -0.129773    -1.173882      12.000000
 1.0 H    H              1.0000     1.780134     1.602674    -2.833333       1.007825
 1.0 H    H              1.0000     2.328720    -1.430571    -1.695050       1.007825
 6.0 C    C              6.0000     1.374092     0.340161    -1.264782      12.000000
 1.0 H    H              1.0000     1.563571     3.167362     1.715267       1.007825
 1.0 H    H              1.0000     4.496772     1.859436     0.898905       1.007825
 1.0 H    H              1.0000     2.363958     0.112519     2.725333       1.007825
 6.0 C    C              6.0000     2.507880     1.428857     1.160993      12.000000
Optimizer: Optimization complete!
-------------------------------------------
|   Optimized geometry for dihedral 320.00  |
-------------------------------------------
[[-1.2918707421955666, -3.3205342986735364, 1.4888170817031916], [-4.33857411031189, -2.1190232849201083, 0.9914417033629008], [-2.1751471638665314, -0.41872269003907653, 2.827369225231186], [-2.36148455676298, -1.5970984024978312, 1.1612874877493278], [-2.5667529388586496, 1.5072385498702778, -1.403304013534327], [-1.9237686114738188, -1.35495217226936, -2.8762796160799393], [-1.471921790638474, -0.22498875731931475, -1.222545528654617], [1.6645060828693028, 1.8416707274326851, -2.7653994128175277], [2.4164196492770222, -1.225014953994947, -1.868021768739942], [1.3562304282242916, 0.4421783956082766, -1.294955049239497], [1.4480875397456219, 3.027265100822754, 1.910539724587508], [4.427326549972861, 1.9524066873547248, 0.9398560988217549], [2.426739117400278, -0.053595468990838835, 2.6473904023920074], [2.4698720958948392, 1.3936203752301102, 1.1972782910309168]]
 1.0 H    H              1.0000    -1.291871    -3.320534     1.488817       1.007825
 1.0 H    H              1.0000    -4.338574    -2.119023     0.991442       1.007825
 1.0 H    H              1.0000    -2.175147    -0.418723     2.827369       1.007825
 6.0 C    C              6.0000    -2.361485    -1.597098     1.161287      12.000000
 1.0 H    H              1.0000    -2.566753     1.507239    -1.403304       1.007825
 1.0 H    H              1.0000    -1.923769    -1.354952    -2.876280       1.007825
 6.0 C    C              6.0000    -1.471922    -0.224989    -1.222546      12.000000
 1.0 H    H              1.0000     1.664506     1.841671    -2.765399       1.007825
 1.0 H    H              1.0000     2.416420    -1.225015    -1.868022       1.007825
 6.0 C    C              6.0000     1.356230     0.442178    -1.294955      12.000000
 1.0 H    H              1.0000     1.448088     3.027265     1.910540       1.007825
 1.0 H    H              1.0000     4.427327     1.952407     0.939856       1.007825
 1.0 H    H              1.0000     2.426739    -0.053595     2.647390       1.007825
 6.0 C    C              6.0000     2.469872     1.393620     1.197278      12.000000
Optimizer: Optimization complete!
-------------------------------------------
|   Optimized geometry for dihedral 330.00  |
-------------------------------------------
[[-1.262477445825696, -3.199542683106322, 1.6698516162710484], [-4.3225710725183975, -2.1219177232289277, 1.0116121559755553], [-2.2560465557080267, -0.23782944936621722, 2.778702604147728], [-2.365605463772199, -1.5332877543033054, 1.1951926371592188], [-2.6415104928644695, 1.3432569539022774, -1.6022534535303912], [-1.801789526565777, -1.5772873676479258, -2.8303875176171687], [-1.457598553235079, -0.30267817877528336, -1.258750777602618], [1.5489612501307615, 2.0519257479293884, -2.671272028254109], [2.474039824183077, -1.0288617201138053, -2.0419851872940447], [1.3392810150246726, 0.5247975049446371, -1.3158932742476122], [1.4343492032876972, 2.876886965319652, 2.070143543389246], [4.41324997911275, 1.951684487101423, 0.9615957559772826], [2.501447893165157, -0.2228676630351777, 2.561363399609513], [2.476561423284738, 1.3249884348390895, 1.2192600707703516]]
 1.0 H    H              1.0000    -1.262477    -3.199543     1.669852       1.007825
 1.0 H    H              1.0000    -4.322571    -2.121918     1.011612       1.007825
 1.0 H    H              1.0000    -2.256047    -0.237829     2.778703       1.007825
 6.0 C    C              6.0000    -2.365605    -1.533288     1.195193      12.000000
 1.0 H    H              1.0000    -2.641510     1.343257    -1.602253       1.007825
 1.0 H    H              1.0000    -1.801790    -1.577287    -2.830388       1.007825
 6.0 C    C              6.0000    -1.457599    -0.302678    -1.258751      12.000000
 1.0 H    H              1.0000     1.548961     2.051926    -2.671272       1.007825
 1.0 H    H              1.0000     2.474040    -1.028862    -2.041985       1.007825
 6.0 C    C              6.0000     1.339281     0.524798    -1.315893      12.000000
 1.0 H    H              1.0000     1.434349     2.876887     2.070144       1.007825
 1.0 H    H              1.0000     4.413250     1.951684     0.961596       1.007825
 1.0 H    H              1.0000     2.501448    -0.222868     2.561363       1.007825
 6.0 C    C              6.0000     2.476561     1.324988     1.219260      12.000000
Optimizer: Optimization complete!
-------------------------------------------
|   Optimized geometry for dihedral 340.00  |
-------------------------------------------
[[-1.2467089745792603, -3.065074077184763, 1.8436990421890007], [-4.311986767460647, -2.129771079478372, 1.0204409169147677], [-2.3581694478710626, -0.06633803801791291, 2.7147623382931285], [-2.3795587817970434, -1.46970633343729, 1.2218641924906624], [-2.699040791469258, 1.1582268852497353, -1.7979803392123104], [-1.6594548335097568, -1.7923003381385523, -2.760969894938657], [-1.4375113778497832, -0.38179973353674584, -1.287181930215958], [1.4152301948231656, 2.250786231115745, -2.553462459938722], [2.514963407183536, -0.8126562200249965, -2.207621534991051], [1.3173107438159832, 0.6074538468673385, -1.3284350043686524], [1.4334175505715485, 2.7145644988130266, 2.219153796389065], [4.403575331929181, 1.9578306258670108, 0.9725624298773342], [2.5959763948565002, -0.380100412930021, 2.4600258891723987], [2.4923853226271553, 1.2578956984255532, 1.2332893446176056]]
 1.0 H    H              1.0000    -1.246709    -3.065074     1.843699       1.007825
 1.0 H    H              1.0000    -4.311987    -2.129771     1.020441       1.007825
 1.0 H    H              1.0000    -2.358169    -0.066338     2.714762       1.007825
 6.0 C    C              6.0000    -2.379559    -1.469706     1.221864      12.000000
 1.0 H    H              1.0000    -2.699041     1.158227    -1.797980       1.007825
 1.0 H    H              1.0000    -1.659455    -1.792300    -2.760970       1.007825
 6.0 C    C              6.0000    -1.437511    -0.381800    -1.287182      12.000000
 1.0 H    H              1.0000     1.415230     2.250786    -2.553462       1.007825
 1.0 H    H              1.0000     2.514963    -0.812656    -2.207622       1.007825
 6.0 C    C              6.0000     1.317311     0.607454    -1.328435      12.000000
 1.0 H    H              1.0000     1.433418     2.714564     2.219154       1.007825
 1.0 H    H              1.0000     4.403575     1.957831     0.972562       1.007825
 1.0 H    H              1.0000     2.595976    -0.380100     2.460026       1.007825
 6.0 C    C              6.0000     2.492385     1.257896     1.233289      12.000000
Optimizer: Optimization complete!
-------------------------------------------
|   Optimized geometry for dihedral 350.00  |
-------------------------------------------
[[-1.2424606179910476, -2.9004823841592655, 2.0170848079407437], [-4.304363232180615, -2.150825140507173, 1.0166196799583533], [-2.5002166346556876, 0.10359008449365685, 2.6304080561627274], [-2.4077830347519327, -1.4005162574157421, 1.241369695394933], [-2.7334175819511066, 0.9540078774334272, -2.0007793335908284], [-1.4966006756320427, -2.0007951752570117, -2.656416374651284], [-1.412806793335723, -0.45747263244743575, -1.3067019971983653], [1.264212822587554, 2.4370581516525114, -2.4004283575982455], [2.532336956034234, -0.576518117196823, -2.374808836963757], [1.2915264253554766, 0.6851529580515552, -1.332403580474829], [1.4436794016384158, 2.522732735329886, 2.3615134735167587], [4.39580111333935, 1.979168356808658, 0.973104569039125], [2.7284161943065635, -0.531989983575567, 2.3352929656610644], [2.521724106281626, 1.186614041779923, 1.2380299941706943]]
 1.0 H    H              1.0000    -1.242461    -2.900482     2.017085       1.007825
 1.0 H    H              1.0000    -4.304363    -2.150825     1.016620       1.007825
 1.0 H    H              1.0000    -2.500217     0.103590     2.630408       1.007825
 6.0 C    C              6.0000    -2.407783    -1.400516     1.241370      12.000000
 1.0 H    H              1.0000    -2.733418     0.954008    -2.000779       1.007825
 1.0 H    H              1.0000    -1.496601    -2.000795    -2.656416       1.007825
 6.0 C    C              6.0000    -1.412807    -0.457473    -1.306702      12.000000
 1.0 H    H              1.0000     1.264213     2.437058    -2.400428       1.007825
 1.0 H    H              1.0000     2.532337    -0.576518    -2.374809       1.007825
 6.0 C    C              6.0000     1.291526     0.685153    -1.332404      12.000000
 1.0 H    H              1.0000     1.443679     2.522733     2.361513       1.007825
 1.0 H    H              1.0000     4.395801     1.979168     0.973105       1.007825
 1.0 H    H              1.0000     2.728416    -0.531990     2.335293       1.007825
 6.0 C    C              6.0000     2.521724     1.186614     1.238030      12.000000
------------------------
    Table of Energies   
------------------------
         D          E(SCF)
     0.001 -157.2964048711
    10.001 -157.2964048715
    20.001 -157.2964048715
    30.001 -157.2964048715
    40.001 -157.2964048715
    50.001 -157.2964048715
    60.001 -157.2964048715
    70.001 -157.2964048715
    80.001 -157.2964048715
    90.001 -157.2964048715
   100.001 -157.2964048715
   110.001 -157.2964048715
   120.001 -157.2964048715
   130.001 -157.2964048715
   140.001 -157.2964048715
   150.001 -157.2964048715
   160.001 -157.2964048715
   170.001 -157.2964048715
   180.001 -157.2983972733
   190.001 -157.2980501840
   200.001 -157.2970671062
   210.001 -157.2956764715
   220.001 -157.2942010824
   230.001 -157.2930554153
   240.001 -157.2925795856
   250.001 -157.2929186646
   260.001 -157.2939155131
   270.001 -157.2951864003
   280.001 -157.2962389359
   290.001 -157.2968139528
   300.001 -157.2967829583
   310.001 -157.2960464911
   320.001 -157.2946373670
   330.001 -157.2927318886
   340.001 -157.2907265336
   350.001 -157.2891495185

Relative table (Kcal/mol)
         D          E(SCF)
     0.001    1.2502512728
    10.001    1.2502510706
    20.001    1.2502510685
    30.001    1.2502510685
    40.001    1.2502510685
    50.001    1.2502510685
    60.001    1.2502510685
    70.001    1.2502510685
    80.001    1.2502510685
    90.001    1.2502510685
   100.001    1.2502510685
   110.001    1.2502510685
   120.001    1.2502510685
   130.001    1.2502510685
   140.001    1.2502510685
   150.001    1.2502510685
   160.001    1.2502510685
   170.001    1.2502510685
   180.001    0.0000000000
   190.001    0.2178018450
   200.001    0.8346924973
   210.001    1.7073289702
   220.001    2.6331496641
   230.001    3.3520666213
   240.001    3.6506543074
   250.001    3.4378789805
   260.001    2.8123471217
   270.001    2.0148533159
   280.001    1.3543772051
   290.001    0.9935486407
   300.001    1.0129979737
   310.001    1.4751381471
   320.001    2.3593768918
   330.001    3.5550827224
   340.001    4.8134620123
   350.001    5.8030539892

