-------------------------------------------------------
| Optimized geometry for dihedral 4 7 10 14 180.00000  |
-------------------------------------------------------
[[-3.3665238823150165, -2.5303721013306766, -1.7477011282183958], [-5.309478631397212, -0.598095234230694, 0.2018880465892659], [-3.2053000620841234, -2.8204251418839075, 1.595795628407481], [-3.4171544270192924, -1.4518844497712553, 0.036512708144174524], [-1.4766039250292764, 1.6441302766308528, 1.8865624294172623], [-1.6356738874229488, 1.9311872825736263, -1.4320166303804878], [-1.333985639878463, 0.552392583807025, 0.10977709098542118], [1.4779792917384345, -1.6395496893298673, -1.8928716523565958], [1.6336460422972692, -1.9346183388490834, 1.425155663145934], [1.3338015232565092, -0.5520510725274296, -0.11360972420069655], [3.2083226133693565, 2.8230432387957705, -1.590026412201579], [5.309735930031261, 0.5976564128517832, -0.19675895658211448], [3.3640607061466152, 2.526768064712315, 1.7531780740269913], [3.417324753627234, 1.4515660538036537, -0.03294925339219127]]
 1.0 H    H              1.0000    -3.366524    -2.530372    -1.747701       1.007825
 1.0 H    H              1.0000    -5.309479    -0.598095     0.201888       1.007825
 1.0 H    H              1.0000    -3.205300    -2.820425     1.595796       1.007825
 6.0 C    C              6.0000    -3.417154    -1.451884     0.036513      12.000000
 1.0 H    H              1.0000    -1.476604     1.644130     1.886562       1.007825
 1.0 H    H              1.0000    -1.635674     1.931187    -1.432017       1.007825
 6.0 C    C              6.0000    -1.333986     0.552393     0.109777      12.000000
 1.0 H    H              1.0000     1.477979    -1.639550    -1.892872       1.007825
 1.0 H    H              1.0000     1.633646    -1.934618     1.425156       1.007825
 6.0 C    C              6.0000     1.333802    -0.552051    -0.113610      12.000000
 1.0 H    H              1.0000     3.208323     2.823043    -1.590026       1.007825
 1.0 H    H              1.0000     5.309736     0.597656    -0.196759       1.007825
 1.0 H    H              1.0000     3.364061     2.526768     1.753178       1.007825
 6.0 C    C              6.0000     3.417325     1.451566    -0.032949      12.000000
Optimizer: Optimization complete!
-------------------------------------------------------
| Optimized geometry for dihedral 4 7 10 14 190.00000  |
-------------------------------------------------------
[[-3.3184721504847987, -2.7287922181782487, -1.5187771677558675], [-5.250479610939264, -0.7003516987713475, 0.2523767781603257], [-3.0979184102911983, -2.700124710588566, 1.787985583961739], [-3.370729000266273, -1.513636057002397, 0.13558860220065708], [-1.4693993579787434, 1.7153263953906728, 1.6763315677261799], [-1.7237669998811145, 1.7827527741040472, -1.6017040355139758], [-1.3463491821549103, 0.541068378987558, -0.007452258276457213], [1.550977611430725, -1.4631903520173053, -2.041708731869535], [1.6061596549153512, -1.968256219651826, 1.207388049603751], [1.3351955058280092, -0.5204406180431399, -0.22772861471267264], [3.183535480116915, 2.9783524739530005, -1.326567233020468], [5.256565182667478, 0.6890949405850365, -0.12404716482175006], [3.274280510295619, 2.373953121213065, 1.9308257760049967], [3.380918363579526, 1.494791767923207, 0.07925911332842925]]
 1.0 H    H              1.0000    -3.318472    -2.728792    -1.518777       1.007825
 1.0 H    H              1.0000    -5.250480    -0.700352     0.252377       1.007825
 1.0 H    H              1.0000    -3.097918    -2.700125     1.787986       1.007825
 6.0 C    C              6.0000    -3.370729    -1.513636     0.135589      12.000000
 1.0 H    H              1.0000    -1.469399     1.715326     1.676332       1.007825
 1.0 H    H              1.0000    -1.723767     1.782753    -1.601704       1.007825
 6.0 C    C              6.0000    -1.346349     0.541068    -0.007452      12.000000
 1.0 H    H              1.0000     1.550978    -1.463190    -2.041709       1.007825
 1.0 H    H              1.0000     1.606160    -1.968256     1.207388       1.007825
 6.0 C    C              6.0000     1.335196    -0.520441    -0.227729      12.000000
 1.0 H    H              1.0000     3.183535     2.978352    -1.326567       1.007825
 1.0 H    H              1.0000     5.256565     0.689095    -0.124047       1.007825
 1.0 H    H              1.0000     3.274281     2.373953     1.930826       1.007825
 6.0 C    C              6.0000     3.380918     1.494792     0.079259      12.000000
Optimizer: Optimization complete!
-------------------------------------------------------
| Optimized geometry for dihedral 4 7 10 14 200.00000  |
-------------------------------------------------------
[[-3.3429806001265456, -2.8498550301437513, -1.3092331879657837], [-5.237440409762744, -0.7026056871538702, 0.3604375099454704], [-3.0109904155032936, -2.555725137603337, 1.9755321318969052], [-3.3532490107336974, -1.5067931648631432, 0.24477843237381516], [-1.4441057015117098, 1.8394013769380397, 1.4718167247950258], [-1.7972424297138327, 1.666992370349129, -1.790649964543139], [-1.356312410464232, 0.5467994017271195, -0.1251672255671807], [1.6073343098263366, -1.3157704694891357, -2.2137292566651956], [1.5607499768552302, -2.05512641800048, 0.9877238746357563], [1.3340119855223376, -0.5055562746147719, -0.34505798888894484], [3.2286110423121444, 3.061377305834435, -1.1024242490739302], [5.253751590721039, 0.6724381408859053, -0.016498522852101502], [3.204163197215627, 2.1984627561521415, 2.0977624829010715], [3.3737143072049696, 1.468943955082138, 0.18675154632193647]]
 1.0 H    H              1.0000    -3.342981    -2.849855    -1.309233       1.007825
 1.0 H    H              1.0000    -5.237440    -0.702606     0.360438       1.007825
 1.0 H    H              1.0000    -3.010990    -2.555725     1.975532       1.007825
 6.0 C    C              6.0000    -3.353249    -1.506793     0.244778      12.000000
 1.0 H    H              1.0000    -1.444106     1.839401     1.471817       1.007825
 1.0 H    H              1.0000    -1.797242     1.666992    -1.790650       1.007825
 6.0 C    C              6.0000    -1.356312     0.546799    -0.125167      12.000000
 1.0 H    H              1.0000     1.607334    -1.315770    -2.213729       1.007825
 1.0 H    H              1.0000     1.560750    -2.055126     0.987724       1.007825
 6.0 C    C              6.0000     1.334012    -0.505556    -0.345058      12.000000
 1.0 H    H              1.0000     3.228611     3.061377    -1.102424       1.007825
 1.0 H    H              1.0000     5.253752     0.672438    -0.016499       1.007825
 1.0 H    H              1.0000     3.204163     2.198463     2.097762       1.007825
 6.0 C    C              6.0000     3.373714     1.468944     0.186752      12.000000
Optimizer: Optimization complete!
-------------------------------------------------------
| Optimized geometry for dihedral 4 7 10 14 210.00000  |
-------------------------------------------------------
[[-3.3311985202737047, -2.967461156734159, -1.0786641555183296], [-5.218759044304466, -0.7088709089370658, 0.4455400053625218], [-2.924409301191639, -2.3836605357288194, 2.158338009754416], [-3.3255357621652357, -1.4943877461422612, 0.3526844088370493], [-1.434350161409123, 1.9555617820922835, 1.2548869547592048], [-1.881277329620237, 1.5324083073709593, -1.969442731372239], [-1.3698015251569424, 0.5466744394749149, -0.24125232453709858], [1.6753125528826072, -1.1514910730713535, -2.37351642111457], [1.5297073122111138, -2.1319180787098215, 0.7558072557227998], [1.3365398160810429, -0.48515928879804804, -0.46010172522635895], [3.239501529265196, 3.1370485749959798, -0.8548584878463812], [5.2431974708410936, 0.663673663433775, 0.06976702710248296], [3.133721746624024, 1.9965518644011788, 2.255215759109489], [3.3561564443262255, 1.437756982604236, 0.29298115883148873]]
 1.0 H    H              1.0000    -3.331199    -2.967461    -1.078664       1.007825
 1.0 H    H              1.0000    -5.218759    -0.708871     0.445540       1.007825
 1.0 H    H              1.0000    -2.924409    -2.383661     2.158338       1.007825
 6.0 C    C              6.0000    -3.325536    -1.494388     0.352684      12.000000
 1.0 H    H              1.0000    -1.434350     1.955562     1.254887       1.007825
 1.0 H    H              1.0000    -1.881277     1.532408    -1.969443       1.007825
 6.0 C    C              6.0000    -1.369802     0.546674    -0.241252      12.000000
 1.0 H    H              1.0000     1.675313    -1.151491    -2.373516       1.007825
 1.0 H    H              1.0000     1.529707    -2.131918     0.755807       1.007825
 6.0 C    C              6.0000     1.336540    -0.485159    -0.460102      12.000000
 1.0 H    H              1.0000     3.239502     3.137049    -0.854858       1.007825
 1.0 H    H              1.0000     5.243197     0.663674     0.069767       1.007825
 1.0 H    H              1.0000     3.133722     1.996552     2.255216       1.007825
 6.0 C    C              6.0000     3.356156     1.437757     0.292981      12.000000
Optimizer: Optimization complete!
-------------------------------------------------------
| Optimized geometry for dihedral 4 7 10 14 220.00000  |
-------------------------------------------------------
[[-3.299214670086975, -3.069062253313792, -0.8551111483011633], [-5.184758519557413, -0.7359662702935129, 0.5556474715987193], [-2.8003938532718244, -2.2306141792832777, 2.312000922382591], [-3.2792826712809355, -1.4906013492874262, 0.4585242512802591], [-1.448605087461652, 2.0611219275497645, 1.0192883915671997], [-1.9768007562563414, 1.363175404375768, -2.1408613073949905], [-1.3876695281035913, 0.5350597885316075, -0.35647954875844495], [1.755707091079983, -0.9542791724249696, -2.521134560812179], [1.5209024484443254, -2.194830403608078, 0.5051776449976619], [1.3436025522940092, -0.45356121597628674, -0.572719639245707], [3.229492253596681, 3.198008525289401, -0.6150581839078082], [5.219912338282193, 0.6709520146792174, 0.18560766794262168], [3.023428313116127, 1.8181286917479944, 2.3909168185542353], [3.3200179826365384, 1.4152644270951387, 0.4004233408667924]]
 1.0 H    H              1.0000    -3.299215    -3.069062    -0.855111       1.007825
 1.0 H    H              1.0000    -5.184759    -0.735966     0.555647       1.007825
 1.0 H    H              1.0000    -2.800394    -2.230614     2.312001       1.007825
 6.0 C    C              6.0000    -3.279283    -1.490601     0.458524      12.000000
 1.0 H    H              1.0000    -1.448605     2.061122     1.019288       1.007825
 1.0 H    H              1.0000    -1.976801     1.363175    -2.140861       1.007825
 6.0 C    C              6.0000    -1.387670     0.535060    -0.356480      12.000000
 1.0 H    H              1.0000     1.755707    -0.954279    -2.521135       1.007825
 1.0 H    H              1.0000     1.520902    -2.194830     0.505178       1.007825
 6.0 C    C              6.0000     1.343603    -0.453561    -0.572720      12.000000
 1.0 H    H              1.0000     3.229492     3.198009    -0.615058       1.007825
 1.0 H    H              1.0000     5.219912     0.670952     0.185608       1.007825
 1.0 H    H              1.0000     3.023428     1.818129     2.390917       1.007825
 6.0 C    C              6.0000     3.320018     1.415264     0.400423      12.000000
Optimizer: Optimization complete!
-------------------------------------------------------
| Optimized geometry for dihedral 4 7 10 14 230.00000  |
-------------------------------------------------------
[[-3.253238007851008, -3.148897313429156, -0.6388000477124363], [-5.136497545910346, -0.7607747716137666, 0.682642588158376], [-2.653957546774412, -2.0833060802408117, 2.4419366901349817], [-3.2195027452637577, -1.483112760690716, 0.5617459398996507], [-1.479309930987811, 2.1553545330256574, 0.7687428070602544], [-2.0714339914272752, 1.1673253217771427, -2.2989285833450133], [-1.4064118923755429, 0.5165537655747506, -0.4689367481833796], [1.836688663043676, -0.7331798626138375, -2.6509586828510234], [1.5271639608788132, -2.2438572056930752, 0.24031592144191244], [1.351852774859555, -0.4156504267961959, -0.6815076555256506], [3.20469328280194, 3.238677293613659, -0.38482105745573114], [5.183997333093392, 0.6729273115031993, 0.31894666168224195], [2.8886324140506185, 1.6492911027628152, 2.5064620084332456], [3.2701364992627924, 1.389469093920924, 0.505927615943219]]
 1.0 H    H              1.0000    -3.253238    -3.148897    -0.638800       1.007825
 1.0 H    H              1.0000    -5.136498    -0.760775     0.682643       1.007825
 1.0 H    H              1.0000    -2.653958    -2.083306     2.441937       1.007825
 6.0 C    C              6.0000    -3.219503    -1.483113     0.561746      12.000000
 1.0 H    H              1.0000    -1.479310     2.155355     0.768743       1.007825
 1.0 H    H              1.0000    -2.071434     1.167325    -2.298929       1.007825
 6.0 C    C              6.0000    -1.406412     0.516554    -0.468937      12.000000
 1.0 H    H              1.0000     1.836689    -0.733180    -2.650959       1.007825
 1.0 H    H              1.0000     1.527164    -2.243857     0.240316       1.007825
 6.0 C    C              6.0000     1.351853    -0.415650    -0.681508      12.000000
 1.0 H    H              1.0000     3.204693     3.238677    -0.384821       1.007825
 1.0 H    H              1.0000     5.183997     0.672927     0.318947       1.007825
 1.0 H    H              1.0000     2.888632     1.649291     2.506462       1.007825
 6.0 C    C              6.0000     3.270136     1.389469     0.505928      12.000000
Optimizer: Optimization complete!
-------------------------------------------------------
| Optimized geometry for dihedral 4 7 10 14 240.00000  |
-------------------------------------------------------
[[-3.1441744307610096, -3.242307473208748, -0.41280168051315963], [-5.073015593327009, -0.8272108507873511, 0.7888655057901092], [-2.4960900854274173, -1.9314341014305634, 2.561292711278029], [-3.1360217842377285, -1.4921160190673435, 0.6602203547680591], [-1.541565278744079, 2.2262971725913454, 0.499003741387679], [-2.164847928398123, 0.9262212546299238, -2.4429128327920617], [-1.4275412703417614, 0.4814712279350277, -0.5794218938692967], [1.9181499011548504, -0.4699707899127679, -2.759004134364778], [1.5632250247084556, -2.2663554408247375, -0.042281428871196416], [1.362800718222087, -0.3617381473568429, -0.7857086267293897], [3.118109776054454, 3.290512432569493, -0.13680555648927636], [5.131321275626818, 0.719378425371182, 0.4405792089061905], [2.741426465258804, 1.4777017288967795, 2.6119153509545683], [3.1963498158163395, 1.3805436036575827, 0.611866844664607]]
 1.0 H    H              1.0000    -3.144174    -3.242307    -0.412802       1.007825
 1.0 H    H              1.0000    -5.073016    -0.827211     0.788866       1.007825
 1.0 H    H              1.0000    -2.496090    -1.931434     2.561293       1.007825
 6.0 C    C              6.0000    -3.136022    -1.492116     0.660220      12.000000
 1.0 H    H              1.0000    -1.541565     2.226297     0.499004       1.007825
 1.0 H    H              1.0000    -2.164848     0.926221    -2.442913       1.007825
 6.0 C    C              6.0000    -1.427541     0.481471    -0.579422      12.000000
 1.0 H    H              1.0000     1.918150    -0.469971    -2.759004       1.007825
 1.0 H    H              1.0000     1.563225    -2.266355    -0.042281       1.007825
 6.0 C    C              6.0000     1.362801    -0.361738    -0.785709      12.000000
 1.0 H    H              1.0000     3.118110     3.290512    -0.136806       1.007825
 1.0 H    H              1.0000     5.131321     0.719378     0.440579       1.007825
 1.0 H    H              1.0000     2.741426     1.477702     2.611915       1.007825
 6.0 C    C              6.0000     3.196350     1.380544     0.611867      12.000000
Optimizer: Optimization complete!
-------------------------------------------------------
| Optimized geometry for dihedral 4 7 10 14 250.00000  |
-------------------------------------------------------
[[-2.9851246921109147, -3.3448819140803967, -0.19897280262056613], [-4.988346309076303, -0.9386593531820591, 0.8949959470866123], [-2.3149526000840965, -1.8016409400438917, 2.6565543777346945], [-3.0273012398181005, -1.5253392138916353, 0.7500086656574737], [-1.6409307109866373, 2.2567404041193964, 0.22313772117827743], [-2.243166986821313, 0.6451694523038958, -2.566712179409725], [-1.4498083377677078, 0.4248121517516002, -0.6859510040712641], [1.9868085217862832, -0.17105262567946763, -2.8389057804439832], [1.6359891415734054, -2.2476013656009792, -0.32733595207379795], [1.3754306067987758, -0.2872557844987534, -0.8823905734957307], [2.9806949593879604, 3.353074362058576, 0.10556697966325387], [5.057914415207638, 0.8099980565780758, 0.5719291175446881], [2.5689732985411835, 1.33184758262813, 2.699769420082423], [3.0968196552669873, 1.3967698190511173, 0.7158684454128924]]
 1.0 H    H              1.0000    -2.985125    -3.344882    -0.198973       1.007825
 1.0 H    H              1.0000    -4.988346    -0.938659     0.894996       1.007825
 1.0 H    H              1.0000    -2.314953    -1.801641     2.656554       1.007825
 6.0 C    C              6.0000    -3.027301    -1.525339     0.750009      12.000000
 1.0 H    H              1.0000    -1.640931     2.256740     0.223138       1.007825
 1.0 H    H              1.0000    -2.243167     0.645169    -2.566712       1.007825
 6.0 C    C              6.0000    -1.449808     0.424812    -0.685951      12.000000
 1.0 H    H              1.0000     1.986809    -0.171053    -2.838906       1.007825
 1.0 H    H              1.0000     1.635989    -2.247601    -0.327336       1.007825
 6.0 C    C              6.0000     1.375431    -0.287256    -0.882391      12.000000
 1.0 H    H              1.0000     2.980695     3.353074     0.105567       1.007825
 1.0 H    H              1.0000     5.057914     0.809998     0.571929       1.007825
 1.0 H    H              1.0000     2.568973     1.331848     2.699769       1.007825
 6.0 C    C              6.0000     3.096820     1.396770     0.715868      12.000000
Optimizer: Optimization complete!
-------------------------------------------------------
| Optimized geometry for dihedral 4 7 10 14 260.00000  |
-------------------------------------------------------
[[-2.7547449511664834, -3.4581757232084147, 0.023364862426650396], [-4.890459016332277, -1.1033385397779476, 0.9674056313205335], [-2.145346972799827, -1.6590225950392503, 2.7390800364050105], [-2.8985724529749084, -1.5765904328145661, 0.8300848937098904], [-1.7726810781394409, 2.2374171736661523, -0.0433537817171444], [-2.293738186744378, 0.3417397043456514, -2.6692474147957035], [-1.470778301681423, 0.3467766509717589, -0.7878014091018468], [2.03002447862281, 0.14598117347131698, -2.891468966781387], [1.7422843049458678, -2.181200368306284, -0.5975983044116312], [1.3873847217011865, -0.1925457977313605, -0.9706511588624893], [2.773155662015619, 3.4241267172460343, 0.3648421752701156], [4.9686198982378205, 0.9587849705500621, 0.6807101170639946], [2.4066983741472208, 1.175670529283751, 2.771827967432485], [2.97660671230965, 1.4322712832615239, 0.8153600583764106]]
 1.0 H    H              1.0000    -2.754745    -3.458176     0.023365       1.007825
 1.0 H    H              1.0000    -4.890459    -1.103339     0.967406       1.007825
 1.0 H    H              1.0000    -2.145347    -1.659023     2.739080       1.007825
 6.0 C    C              6.0000    -2.898572    -1.576590     0.830085      12.000000
 1.0 H    H              1.0000    -1.772681     2.237417    -0.043354       1.007825
 1.0 H    H              1.0000    -2.293738     0.341740    -2.669247       1.007825
 6.0 C    C              6.0000    -1.470778     0.346777    -0.787801      12.000000
 1.0 H    H              1.0000     2.030024     0.145981    -2.891469       1.007825
 1.0 H    H              1.0000     1.742284    -2.181200    -0.597598       1.007825
 6.0 C    C              6.0000     1.387385    -0.192546    -0.970651      12.000000
 1.0 H    H              1.0000     2.773156     3.424127     0.364842       1.007825
 1.0 H    H              1.0000     4.968620     0.958785     0.680710       1.007825
 1.0 H    H              1.0000     2.406698     1.175671     2.771828       1.007825
 6.0 C    C              6.0000     2.976607     1.432271     0.815360      12.000000
Optimizer: Optimization complete!
-------------------------------------------------------
| Optimized geometry for dihedral 4 7 10 14 270.00000  |
-------------------------------------------------------
[[-2.4907486939468466, -3.5476188673776194, 0.2551460863880211], [-4.789557237313081, -1.2812897930354548, 1.0118425366540786], [-2.0158319250463665, -1.4900048332631073, 2.809194175181288], [-2.7687829292164814, -1.6203293077006788, 0.9034516213049659], [-1.919798453795356, 2.18007360422774, -0.3058975144333891], [-2.306561970017528, 0.024365664568718234, -2.7524009908614135], [-1.4867408568603944, 0.25630077860000083, -0.8832085287769286], [2.0375960601843035, 0.47306875089170125, -2.919065128408256], [1.8645619276976126, -2.0779174145620924, -0.8588295300662347], [1.3950612973894563, -0.08674554498784216, -1.0499642663295348], [2.532839540462078, 3.469774708692591, 0.632388823023179], [4.873806632360285, 1.1254761140066472, 0.7646566058270835], [2.2829527955668008, 0.9959825608235436, 2.8233684993042947], [2.854645769727926, 1.4615317248811865, 0.9070685681913969]]
 1.0 H    H              1.0000    -2.490749    -3.547619     0.255146       1.007825
 1.0 H    H              1.0000    -4.789557    -1.281290     1.011843       1.007825
 1.0 H    H              1.0000    -2.015832    -1.490005     2.809194       1.007825
 6.0 C    C              6.0000    -2.768783    -1.620329     0.903452      12.000000
 1.0 H    H              1.0000    -1.919798     2.180074    -0.305898       1.007825
 1.0 H    H              1.0000    -2.306562     0.024366    -2.752401       1.007825
 6.0 C    C              6.0000    -1.486741     0.256301    -0.883209      12.000000
 1.0 H    H              1.0000     2.037596     0.473069    -2.919065       1.007825
 1.0 H    H              1.0000     1.864562    -2.077917    -0.858830       1.007825
 6.0 C    C              6.0000     1.395061    -0.086746    -1.049964      12.000000
 1.0 H    H              1.0000     2.532840     3.469775     0.632389       1.007825
 1.0 H    H              1.0000     4.873807     1.125476     0.764657       1.007825
 1.0 H    H              1.0000     2.282953     0.995983     2.823368       1.007825
 6.0 C    C              6.0000     2.854646     1.461532     0.907069      12.000000
Optimizer: Optimization complete!
-------------------------------------------------------
| Optimized geometry for dihedral 4 7 10 14 280.00000  |
-------------------------------------------------------
[[-2.191394065830541, -3.6013163827423815, 0.5056641320857101], [-4.693748999271726, -1.4858953463812468, 1.007736253670175], [-1.9625386687200774, -1.2856902933813124, 2.865503483295314], [-2.6493154342363474, -1.6543897640466816, 0.9674102544892528], [-2.076021309576334, 2.085329689465895, -0.5544039619429622], [-2.277934301517894, -0.2919415665979076, -2.8144784870532207], [-1.4964215316252198, 0.1570394013837709, -0.9681100686179849], [2.0058708356621078, 0.7951047149699503, -2.9222926919809535], [1.9975308149361544, -1.9401666527963046, -1.1006600636328039], [1.3975427303063284, 0.025830255324056896, -1.1168630379983513], [2.258787973235873, 3.4766757322720814, 0.9154158690832709], [4.779725007314206, 1.326888636287108, 0.8051661982662889], [2.233502871420671, 0.7845603549551148, 2.848086682180513], [2.741997778075888, 1.482980011363157, 0.9869035930330702]]
 1.0 H    H              1.0000    -2.191394    -3.601316     0.505664       1.007825
 1.0 H    H              1.0000    -4.693749    -1.485895     1.007736       1.007825
 1.0 H    H              1.0000    -1.962539    -1.285690     2.865503       1.007825
 6.0 C    C              6.0000    -2.649315    -1.654390     0.967410      12.000000
 1.0 H    H              1.0000    -2.076021     2.085330    -0.554404       1.007825
 1.0 H    H              1.0000    -2.277934    -0.291942    -2.814478       1.007825
 6.0 C    C              6.0000    -1.496422     0.157039    -0.968110      12.000000
 1.0 H    H              1.0000     2.005871     0.795105    -2.922293       1.007825
 1.0 H    H              1.0000     1.997531    -1.940167    -1.100660       1.007825
 6.0 C    C              6.0000     1.397543     0.025830    -1.116863      12.000000
 1.0 H    H              1.0000     2.258788     3.476676     0.915416       1.007825
 1.0 H    H              1.0000     4.779725     1.326889     0.805166       1.007825
 1.0 H    H              1.0000     2.233503     0.784560     2.848087       1.007825
 6.0 C    C              6.0000     2.741998     1.482980     0.986904      12.000000
Optimizer: Optimization complete!
-------------------------------------------------------
| Optimized geometry for dihedral 4 7 10 14 290.00000  |
-------------------------------------------------------
[[-1.8644288537446752, -3.5963801983427803, 0.7875807581894618], [-4.594707362709124, -1.7256170119881125, 0.9662053570206098], [-1.9987079952786635, -1.0437320496605236, 2.898086137700954], [-2.5444117357488034, -1.673206441974079, 1.0240437458936542], [-2.224568698233795, 1.9605658325202038, -0.7826460380454103], [-2.2182920087679374, -0.5884982123044138, -2.858842537187776], [-1.4991362829833137, 0.05444701869687729, -1.044518360026565], [1.944770726857405, 1.0943576241687403, -2.9086729451049016], [2.125008869359067, -1.776436585399627, -1.3166887748689464], [1.3939146743632511, 0.14015338224541604, -1.1742025522723702], [1.959714496733057, 3.4201553784688135, 1.2216318913773299], [4.679198632552583, 1.5693561728864673, 0.8153921143883051], [2.270577885625222, 0.5409269069122515, 2.8346054603730697], [2.6430349717475563, 1.4908093024205986, 1.0555426018750242]]
 1.0 H    H              1.0000    -1.864429    -3.596380     0.787581       1.007825
 1.0 H    H              1.0000    -4.594707    -1.725617     0.966205       1.007825
 1.0 H    H              1.0000    -1.998708    -1.043732     2.898086       1.007825
 6.0 C    C              6.0000    -2.544412    -1.673206     1.024044      12.000000
 1.0 H    H              1.0000    -2.224569     1.960566    -0.782646       1.007825
 1.0 H    H              1.0000    -2.218292    -0.588498    -2.858843       1.007825
 6.0 C    C              6.0000    -1.499136     0.054447    -1.044518      12.000000
 1.0 H    H              1.0000     1.944771     1.094358    -2.908673       1.007825
 1.0 H    H              1.0000     2.125009    -1.776437    -1.316689       1.007825
 6.0 C    C              6.0000     1.393915     0.140153    -1.174203      12.000000
 1.0 H    H              1.0000     1.959714     3.420155     1.221632       1.007825
 1.0 H    H              1.0000     4.679199     1.569356     0.815392       1.007825
 1.0 H    H              1.0000     2.270578     0.540927     2.834605       1.007825
 6.0 C    C              6.0000     2.643035     1.490809     1.055543      12.000000
Optimizer: Optimization complete!
-------------------------------------------------------
| Optimized geometry for dihedral 4 7 10 14 300.00000  |
-------------------------------------------------------
[[-1.6004210301405148, -3.524767307929394, 1.0556169690038355], [-4.494664490792628, -1.913686701220898, 0.9515223106118156], [-2.0613841597218854, -0.8063462420981589, 2.8962822299681457], [-2.462578091243393, -1.6605221405878903, 1.076630753903637], [-2.3519985538471873, 1.8275327543185766, -0.9951326794031682], [-2.1411141991408127, -0.8543615322027611, -2.8844968797911363], [-1.4959653311475352, -0.03907295674981139, -1.1124005417498735], [1.8677173497784667, 1.3599909012840392, -2.8803962454907603], [2.233011299921637, -1.6074737117550721, -1.5138530227469962], [1.3851530079965038, 0.24401299363129314, -1.2242069709466907], [1.7214655099150054, 3.300903662293958, 1.4967468126519388], [4.579771557362182, 1.7562868032640568, 0.8430596190419221], [2.330849918251446, 0.3079871583119336, 2.7857193423998097], [2.5664000390563073, 1.468510333365451, 1.1125765985262133]]
 1.0 H    H              1.0000    -1.600421    -3.524767     1.055617       1.007825
 1.0 H    H              1.0000    -4.494664    -1.913687     0.951522       1.007825
 1.0 H    H              1.0000    -2.061384    -0.806346     2.896282       1.007825
 6.0 C    C              6.0000    -2.462578    -1.660522     1.076631      12.000000
 1.0 H    H              1.0000    -2.351999     1.827533    -0.995133       1.007825
 1.0 H    H              1.0000    -2.141114    -0.854362    -2.884497       1.007825
 6.0 C    C              6.0000    -1.495965    -0.039073    -1.112401      12.000000
 1.0 H    H              1.0000     1.867717     1.359991    -2.880396       1.007825
 1.0 H    H              1.0000     2.233011    -1.607474    -1.513853       1.007825
 6.0 C    C              6.0000     1.385153     0.244013    -1.224207      12.000000
 1.0 H    H              1.0000     1.721466     3.300904     1.496747       1.007825
 1.0 H    H              1.0000     4.579772     1.756287     0.843060       1.007825
 1.0 H    H              1.0000     2.330850     0.307987     2.785719       1.007825
 6.0 C    C              6.0000     2.566400     1.468510     1.112577      12.000000
Optimizer: Optimization complete!
-------------------------------------------------------
| Optimized geometry for dihedral 4 7 10 14 310.00000  |
-------------------------------------------------------
[[-1.3869026280595176, -3.4440684073975705, 1.2779883049914469], [-4.387532161522658, -2.0718158050126037, 0.9715630614599274], [-2.0989102007688447, -0.6239981993595346, 2.8695689702769425], [-2.3841991254659365, -1.654620342106844, 1.1211327774172168], [-2.4811406295688108, 1.6558354082078837, -1.2019812112129566], [-2.032282053379227, -1.125740712590733, -2.8927059978167278], [-1.485227870197039, -0.14396350120455598, -1.1734026140371632], [1.7608344842554116, 1.6277650202207237, -2.8310869523794606], [2.3435663896104746, -1.4014008718066808, -1.6989352074988742], [1.3695984168699264, 0.3578125026847075, -1.2647811536839941], [1.5291172370508392, 3.1810518035123025, 1.720775988863012], [4.47630097723138, 1.9076438238308782, 0.9002326267245063], [2.364197974650043, 0.13336618054728017, 2.72433584013838], [2.492500902228883, 1.4543233756928373, 1.1625383595759071]]
 1.0 H    H              1.0000    -1.386903    -3.444068     1.277988       1.007825
 1.0 H    H              1.0000    -4.387532    -2.071816     0.971563       1.007825
 1.0 H    H              1.0000    -2.098910    -0.623998     2.869569       1.007825
 6.0 C    C              6.0000    -2.384199    -1.654620     1.121133      12.000000
 1.0 H    H              1.0000    -2.481141     1.655835    -1.201981       1.007825
 1.0 H    H              1.0000    -2.032282    -1.125741    -2.892706       1.007825
 6.0 C    C              6.0000    -1.485228    -0.143964    -1.173403      12.000000
 1.0 H    H              1.0000     1.760834     1.627765    -2.831087       1.007825
 1.0 H    H              1.0000     2.343566    -1.401401    -1.698935       1.007825
 6.0 C    C              6.0000     1.369598     0.357813    -1.264781      12.000000
 1.0 H    H              1.0000     1.529117     3.181052     1.720776       1.007825
 1.0 H    H              1.0000     4.476301     1.907644     0.900233       1.007825
 1.0 H    H              1.0000     2.364198     0.133366     2.724336       1.007825
 6.0 C    C              6.0000     2.492501     1.454323     1.162538      12.000000
Optimizer: Optimization complete!
-------------------------------------------------------
| Optimized geometry for dihedral 4 7 10 14 320.00000  |
-------------------------------------------------------
[[-1.2565207345445981, -3.339225619740307, 1.4813532402843832], [-4.31535021455351, -2.1692147090618237, 0.9890363572855898], [-2.1697356156073533, -0.45126742137320874, 2.8278976431610543], [-2.344247266519625, -1.6267026372334157, 1.1590520979748618], [-2.5853317719312137, 1.4793132637743056, -1.3991526951988122], [-1.9095580145962594, -1.371971128869695, -2.8778054829712088], [-1.4700292673924238, -0.24000375749723965, -1.2220373402105242], [1.642085838483482, 1.8666437167044476, -2.762186847104209], [2.4302308969819157, -1.192464103314129, -1.8713480792206265], [1.3506916217897202, 0.4607110513138287, -1.2943494804946964], [1.417549365640098, 3.0414095813017363, 1.914171644061874], [4.406882748815178, 1.9999320183561469, 0.941058254906369], [2.4293724324617014, -0.028911003808956694, 2.6468321666608636], [2.4560577246964987, 1.4199163807001143, 1.1986143571259784]]
 1.0 H    H              1.0000    -1.256521    -3.339226     1.481353       1.007825
 1.0 H    H              1.0000    -4.315350    -2.169215     0.989036       1.007825
 1.0 H    H              1.0000    -2.169736    -0.451267     2.827898       1.007825
 6.0 C    C              6.0000    -2.344247    -1.626703     1.159052      12.000000
 1.0 H    H              1.0000    -2.585332     1.479313    -1.399153       1.007825
 1.0 H    H              1.0000    -1.909558    -1.371971    -2.877805       1.007825
 6.0 C    C              6.0000    -1.470029    -0.240004    -1.222037      12.000000
 1.0 H    H              1.0000     1.642086     1.866644    -2.762187       1.007825
 1.0 H    H              1.0000     2.430231    -1.192464    -1.871348       1.007825
 6.0 C    C              6.0000     1.350692     0.460711    -1.294349      12.000000
 1.0 H    H              1.0000     1.417549     3.041410     1.914172       1.007825
 1.0 H    H              1.0000     4.406883     1.999932     0.941058       1.007825
 1.0 H    H              1.0000     2.429372    -0.028911     2.646832       1.007825
 6.0 C    C              6.0000     2.456058     1.419916     1.198614      12.000000
Optimizer: Optimization complete!
-------------------------------------------------------
| Optimized geometry for dihedral 4 7 10 14 330.00000  |
-------------------------------------------------------
[[-1.2155933102697676, -3.219325854440699, 1.6640631985761896], [-4.290716922018105, -2.1833274851495936, 1.0097691459697904], [-2.249111467909254, -0.2735892677767278, 2.7782017931882015], [-2.342113853684271, -1.5679329304182659, 1.1928937085340552], [-2.6595581375197415, 1.3105835812334417, -1.596016572000331], [-1.7817656111634812, -1.5940941640241741, -2.8353685502793504], [-1.4533011028421534, -0.32052091875821176, -1.2595733885127094], [1.520678177159612, 2.0769591176249067, -2.6700034773682253], [2.487028351493182, -0.9915005582466251, -2.0420000379075964], [1.331176204248934, 0.5463833041362796, -1.3155903828532718], [1.3929788405094572, 2.8912683182741206, 2.076300043415385], [4.38442424621446, 2.0100205594768994, 0.9661490312860046], [2.502258437761173, -0.19459521608249386, 2.559801490225159], [2.456627774857314, 1.356146582712632, 1.2217826554904996]]
 1.0 H    H              1.0000    -1.215593    -3.219326     1.664063       1.007825
 1.0 H    H              1.0000    -4.290717    -2.183327     1.009769       1.007825
 1.0 H    H              1.0000    -2.249111    -0.273589     2.778202       1.007825
 6.0 C    C              6.0000    -2.342114    -1.567933     1.192894      12.000000
 1.0 H    H              1.0000    -2.659558     1.310584    -1.596017       1.007825
 1.0 H    H              1.0000    -1.781766    -1.594094    -2.835369       1.007825
 6.0 C    C              6.0000    -1.453301    -0.320521    -1.259573      12.000000
 1.0 H    H              1.0000     1.520678     2.076959    -2.670003       1.007825
 1.0 H    H              1.0000     2.487028    -0.991501    -2.042000       1.007825
 6.0 C    C              6.0000     1.331176     0.546383    -1.315590      12.000000
 1.0 H    H              1.0000     1.392979     2.891268     2.076300       1.007825
 1.0 H    H              1.0000     4.384424     2.010021     0.966149       1.007825
 1.0 H    H              1.0000     2.502258    -0.194595     2.559801       1.007825
 6.0 C    C              6.0000     2.456628     1.356147     1.221783      12.000000
Optimizer: Optimization complete!
-------------------------------------------------------
| Optimized geometry for dihedral 4 7 10 14 340.00000  |
-------------------------------------------------------
[[-1.202301803517667, -3.0857417614406213, 1.8377822792567449], [-4.280568110677015, -2.19128007591698, 1.0183177951476692], [-2.3540914695372117, -0.10431043584732752, 2.7149775434191485], [-2.357337647231939, -1.5050734902337775, 1.2195716863605879], [-2.715146124996784, 1.1241364503914326, -1.7947787196911038], [-1.6351463408086615, -1.8096302702311353, -2.7647740262937983], [-1.432169418504375, -0.3994126269597583, -1.2879976012121328], [1.3831169018346852, 2.275742331592264, -2.549593105013977], [2.5252377906087435, -0.7729131989830751, -2.209685830930173], [1.3081189132958695, 0.6288359361210301, -1.327767950832977], [1.3949587249424267, 2.729434134943683, 2.2246466104247986], [4.375187583232046, 2.0162876471917293, 0.976862623393935], [2.5994428510432868, -0.34944977146534795, 2.458559453157587], [2.473771514582203, 1.2897366313121919, 1.2355873201742942]]
 1.0 H    H              1.0000    -1.202302    -3.085742     1.837782       1.007825
 1.0 H    H              1.0000    -4.280568    -2.191280     1.018318       1.007825
 1.0 H    H              1.0000    -2.354091    -0.104310     2.714978       1.007825
 6.0 C    C              6.0000    -2.357338    -1.505073     1.219572      12.000000
 1.0 H    H              1.0000    -2.715146     1.124136    -1.794779       1.007825
 1.0 H    H              1.0000    -1.635146    -1.809630    -2.764774       1.007825
 6.0 C    C              6.0000    -1.432169    -0.399413    -1.287998      12.000000
 1.0 H    H              1.0000     1.383117     2.275742    -2.549593       1.007825
 1.0 H    H              1.0000     2.525238    -0.772913    -2.209686       1.007825
 6.0 C    C              6.0000     1.308119     0.628836    -1.327768      12.000000
 1.0 H    H              1.0000     1.394959     2.729434     2.224647       1.007825
 1.0 H    H              1.0000     4.375188     2.016288     0.976863       1.007825
 1.0 H    H              1.0000     2.599443    -0.349450     2.458559       1.007825
 6.0 C    C              6.0000     2.473772     1.289737     1.235587      12.000000
Optimizer: Optimization complete!
-------------------------------------------------------
| Optimized geometry for dihedral 4 7 10 14 350.00000  |
-------------------------------------------------------
[[-1.201371558507448, -2.9216697342866107, 2.01136879948121], [-4.273691370313916, -2.2127457977550677, 1.013154479616669], [-2.5007648536266927, 0.06328451585322539, 2.6311950587068895], [-2.387708110446485, -1.436510833310008, 1.2390251214520114], [-2.7469716752114706, 0.9199677454980725, -1.9981479811448573], [-1.4692796581852412, -2.0159490417601433, -2.6602119815556518], [-1.4066391829671603, -0.4744107801351698, -1.307314820804697], [1.2295078538962718, 2.459389654014828, -2.395678154284613], [2.539503610220097, -0.5362704324223744, -2.3765784329597124], [1.281505757160378, 0.7058360162355469, -1.3312813057679453], [1.4089832612703774, 2.537704021990902, 2.3664046272639023], [4.36803309523251, 2.038267908537631, 0.9761737743347353], [2.736215292038295, -0.4987305178916086, 2.3335416225867243], [2.5052690751716504, 1.2190903068305436, 1.2398960939792365]]
 1.0 H    H              1.0000    -1.201372    -2.921670     2.011369       1.007825
 1.0 H    H              1.0000    -4.273691    -2.212746     1.013154       1.007825
 1.0 H    H              1.0000    -2.500765     0.063285     2.631195       1.007825
 6.0 C    C              6.0000    -2.387708    -1.436511     1.239025      12.000000
 1.0 H    H              1.0000    -2.746972     0.919968    -1.998148       1.007825
 1.0 H    H              1.0000    -1.469280    -2.015949    -2.660212       1.007825
 6.0 C    C              6.0000    -1.406639    -0.474411    -1.307315      12.000000
 1.0 H    H              1.0000     1.229508     2.459390    -2.395678       1.007825
 1.0 H    H              1.0000     2.539504    -0.536270    -2.376578       1.007825
 6.0 C    C              6.0000     1.281506     0.705836    -1.331281      12.000000
 1.0 H    H              1.0000     1.408983     2.537704     2.366405       1.007825
 1.0 H    H              1.0000     4.368033     2.038268     0.976174       1.007825
 1.0 H    H              1.0000     2.736215    -0.498731     2.333542       1.007825
 6.0 C    C              6.0000     2.505269     1.219090     1.239896      12.000000
------------------------
    Table of Energies   
------------------------
         D          E(SCF)
     180.0 -157.2964048711
     190.0 -157.2980487357
     200.0 -157.2970666870
     210.0 -157.2956766021
     220.0 -157.2942011960
     230.0 -157.2930555157
     240.0 -157.2925795934
     250.0 -157.2929185826
     260.0 -157.2939153741
     270.0 -157.2951862589
     280.0 -157.2962388123
     290.0 -157.2968139180
     300.0 -157.2967830257
     310.0 -157.2960466194
     320.0 -157.2946326724
     330.0 -157.2927250223
     340.0 -157.2907219834
     350.0 -157.2891496035

Relative table (KJ/mol)
         D          E(SCF)
     180.0    4.3159662739
     190.0    0.0000000000
     200.0    2.5783686619
     210.0    6.2280367404
     220.0   10.1017154399
     230.0   13.1096991107
     240.0   14.3592329344
     250.0   13.4692167607
     260.0   10.8521407280
     270.0    7.5154328118
     280.0    4.7519536801
     290.0    3.2420136456
     300.0    3.3231215063
     310.0    5.2565562845
     320.0    8.9688741909
     330.0   13.9774095348
     340.0   19.2363880849
     350.0   23.3646715593

