-------------------------------------------
|   Optimized geometry for dihedral -180.00  |
-------------------------------------------
[[-3.3665238823150165, -2.5303721013306766, -1.7477011282183958], [-5.309478631397212, -0.598095234230694, 0.2018880465892659], [-3.2053000620841234, -2.8204251418839075, 1.595795628407481], [-3.4171544270192924, -1.4518844497712553, 0.036512708144174524], [-1.4766039250292764, 1.6441302766308528, 1.8865624294172623], [-1.6356738874229488, 1.9311872825736263, -1.4320166303804878], [-1.333985639878463, 0.552392583807025, 0.10977709098542118], [1.4779792917384345, -1.6395496893298673, -1.8928716523565958], [1.6336460422972692, -1.9346183388490834, 1.425155663145934], [1.3338015232565092, -0.5520510725274296, -0.11360972420069655], [3.2083226133693565, 2.8230432387957705, -1.590026412201579], [5.309735930031261, 0.5976564128517832, -0.19675895658211448], [3.3640607061466152, 2.526768064712315, 1.7531780740269913], [3.417324753627234, 1.4515660538036537, -0.03294925339219127]]
 1.0 H    H              1.0000    -3.366524    -2.530372    -1.747701       1.007825
 1.0 H    H              1.0000    -5.309479    -0.598095     0.201888       1.007825
 1.0 H    H              1.0000    -3.205300    -2.820425     1.595796       1.007825
 6.0 C    C              6.0000    -3.417154    -1.451884     0.036513      12.000000
 1.0 H    H              1.0000    -1.476604     1.644130     1.886562       1.007825
 1.0 H    H              1.0000    -1.635674     1.931187    -1.432017       1.007825
 6.0 C    C              6.0000    -1.333986     0.552393     0.109777      12.000000
 1.0 H    H              1.0000     1.477979    -1.639550    -1.892872       1.007825
 1.0 H    H              1.0000     1.633646    -1.934618     1.425156       1.007825
 6.0 C    C              6.0000     1.333802    -0.552051    -0.113610      12.000000
 1.0 H    H              1.0000     3.208323     2.823043    -1.590026       1.007825
 1.0 H    H              1.0000     5.309736     0.597656    -0.196759       1.007825
 1.0 H    H              1.0000     3.364061     2.526768     1.753178       1.007825
 6.0 C    C              6.0000     3.417325     1.451566    -0.032949      12.000000
Optimizer: Optimization complete!
-------------------------------------------
|   Optimized geometry for dihedral -170.00  |
-------------------------------------------
[[-3.318470592552187, -2.728811323390007, -1.5187487724525726], [-5.25047990515887, -0.7003478009099574, 0.2523771417389392], [-3.09791838848735, -2.700099425452538, 1.7880138805875674], [-3.3707288120170387, -1.5136330057509741, 0.1356008553093202], [-1.4693942032231022, 1.7153388819859259, 1.6763114724655812], [-1.7237732247848105, 1.7827448573875027, -1.6017233780466975], [-1.3463496962013526, 0.5410703223861136, -0.007465401388004384], [1.5509820061787334, -1.463179115702932, -2.0417269171094543], [1.6061525130681134, -1.9682650428828563, 1.207366650518631], [1.335194761238387, -0.5204402355220777, -0.22774189908294667], [3.183536684671506, 2.978366406201169, -1.326535888478246], [5.256565481992134, 0.6890910595393639, -0.12404766497186598], [3.274283026125777, 2.3739232364725735, 1.9308491333442968], [3.3809193089978176, 1.4947866236261214, 0.07927058042145083]]
 1.0 H    H              1.0000    -3.318471    -2.728811    -1.518749       1.007825
 1.0 H    H              1.0000    -5.250480    -0.700348     0.252377       1.007825
 1.0 H    H              1.0000    -3.097918    -2.700099     1.788014       1.007825
 6.0 C    C              6.0000    -3.370729    -1.513633     0.135601      12.000000
 1.0 H    H              1.0000    -1.469394     1.715339     1.676311       1.007825
 1.0 H    H              1.0000    -1.723773     1.782745    -1.601723       1.007825
 6.0 C    C              6.0000    -1.346350     0.541070    -0.007465      12.000000
 1.0 H    H              1.0000     1.550982    -1.463179    -2.041727       1.007825
 1.0 H    H              1.0000     1.606153    -1.968265     1.207367       1.007825
 6.0 C    C              6.0000     1.335195    -0.520440    -0.227742      12.000000
 1.0 H    H              1.0000     3.183537     2.978366    -1.326536       1.007825
 1.0 H    H              1.0000     5.256565     0.689091    -0.124048       1.007825
 1.0 H    H              1.0000     3.274283     2.373923     1.930849       1.007825
 6.0 C    C              6.0000     3.380919     1.494787     0.079271      12.000000
Optimizer: Optimization complete!
-------------------------------------------
|   Optimized geometry for dihedral -160.00  |
-------------------------------------------
[[-3.3429947117047467, -2.849868710543617, -1.309192293025384], [-5.23743577252949, -0.7026008086104891, 0.3604765349351403], [-3.010962999432029, -2.5556991955366706, 1.9755656275949756], [-3.353244877784198, -1.5067881401918903, 0.24480348413290884], [-1.4441010932767921, 1.839429125837626, 1.471769616058996], [-1.7972582942786954, 1.6669665941867027, -1.790691259203066], [-1.3563145930790084, 0.5468012797435412, -0.12519363358289312], [1.6073463312513883, -1.3157376909193808, -2.2137668587838193], [1.5607407829712738, -2.0551456004231548, 0.9876731740085286], [1.334011651403673, -0.5055534967095743, -0.345084484899464], [3.2286289726767055, 3.0613838197874657, -1.102383167340013], [5.253750600051827, 0.6724265310096091, -0.016460885717236265], [3.2041389057596272, 2.1984311079525907, 2.097793313184442], [3.3737125094815714, 1.4689346133728174, 0.18677551353792304]]
 1.0 H    H              1.0000    -3.342995    -2.849869    -1.309192       1.007825
 1.0 H    H              1.0000    -5.237436    -0.702601     0.360477       1.007825
 1.0 H    H              1.0000    -3.010963    -2.555699     1.975566       1.007825
 6.0 C    C              6.0000    -3.353245    -1.506788     0.244803      12.000000
 1.0 H    H              1.0000    -1.444101     1.839429     1.471770       1.007825
 1.0 H    H              1.0000    -1.797258     1.666967    -1.790691       1.007825
 6.0 C    C              6.0000    -1.356315     0.546801    -0.125194      12.000000
 1.0 H    H              1.0000     1.607346    -1.315738    -2.213767       1.007825
 1.0 H    H              1.0000     1.560741    -2.055146     0.987673       1.007825
 6.0 C    C              6.0000     1.334012    -0.505553    -0.345084      12.000000
 1.0 H    H              1.0000     3.228629     3.061384    -1.102383       1.007825
 1.0 H    H              1.0000     5.253751     0.672427    -0.016461       1.007825
 1.0 H    H              1.0000     3.204139     2.198431     2.097793       1.007825
 6.0 C    C              6.0000     3.373713     1.468935     0.186776      12.000000
Optimizer: Optimization complete!
-------------------------------------------
|   Optimized geometry for dihedral -150.00  |
-------------------------------------------
[[-3.331200633119641, -2.9674833666579503, -1.078600844601048], [-5.218752658884857, -0.7088653131968407, 0.44557203918047306], [-2.9243818969216746, -2.38361122694729, 2.1583842534198565], [-3.325528237379838, -1.4943788506522608, 0.3527153639949602], [-1.4343463713765763, 1.955595898514061, 1.2548236687278398], [-1.881300105194019, 1.5323697427121539, -1.9694917094611084], [-1.369804914712925, 0.5466755619957673, -0.2412846607884269], [1.675330787449937, -1.1514442725495087, -2.37356009639501], [1.5296974657528672, -2.1319407570362054, 0.7557393971071309], [1.3365401221395834, -0.48515473307272783, -0.4601340864560447], [3.239509600748886, 3.137059560648136, -0.8547928734613347], [5.243194076360132, 0.6636626065577567, 0.06979757438382936], [3.133698595866609, 1.996494929870073, 2.2552549386878766], [3.356151784201092, 1.4377427983251296, 0.2930104388724409]]
 1.0 H    H              1.0000    -3.331201    -2.967483    -1.078601       1.007825
 1.0 H    H              1.0000    -5.218753    -0.708865     0.445572       1.007825
 1.0 H    H              1.0000    -2.924382    -2.383611     2.158384       1.007825
 6.0 C    C              6.0000    -3.325528    -1.494379     0.352715      12.000000
 1.0 H    H              1.0000    -1.434346     1.955596     1.254824       1.007825
 1.0 H    H              1.0000    -1.881300     1.532370    -1.969492       1.007825
 6.0 C    C              6.0000    -1.369805     0.546676    -0.241285      12.000000
 1.0 H    H              1.0000     1.675331    -1.151444    -2.373560       1.007825
 1.0 H    H              1.0000     1.529697    -2.131941     0.755739       1.007825
 6.0 C    C              6.0000     1.336540    -0.485155    -0.460134      12.000000
 1.0 H    H              1.0000     3.239510     3.137060    -0.854793       1.007825
 1.0 H    H              1.0000     5.243194     0.663663     0.069798       1.007825
 1.0 H    H              1.0000     3.133699     1.996495     2.255255       1.007825
 6.0 C    C              6.0000     3.356152     1.437743     0.293010      12.000000
Optimizer: Optimization complete!
-------------------------------------------
|   Optimized geometry for dihedral -140.00  |
-------------------------------------------
[[-3.2991994665466735, -3.0690898301506633, -0.8549969046206595], [-5.184754954730311, -0.7359437723484921, 0.5556705767620126], [-2.8003725495347047, -2.230504473124436, 2.3120813512383913], [-3.279271569866583, -1.4905708526718915, 0.4585721316335862], [-1.4486000047258076, 2.0611598045529114, 1.0192016413512859], [-1.9768315996611, 1.3631360782288846, -2.140923120248826], [-1.387674218933693, 0.5350647444915497, -0.35652951829362556], [1.75573195737773, -0.9542283907017829, -2.5211919279987187], [1.5208890515413516, -2.1948529323527044, 0.5050853145119977], [1.3436023991542188, -0.45355715129893726, -0.5727703365090459], [3.229488032788161, 3.1980159398840238, -0.6149391631623723], [5.219910796461537, 0.6709256743631155, 0.1856262717856126], [3.0234140904878366, 1.8180055249655618, 2.390978903001485], [3.320011238448455, 1.4152258052446385, 0.40046611406693977]]
 1.0 H    H              1.0000    -3.299199    -3.069090    -0.854997       1.007825
 1.0 H    H              1.0000    -5.184755    -0.735944     0.555671       1.007825
 1.0 H    H              1.0000    -2.800373    -2.230504     2.312081       1.007825
 6.0 C    C              6.0000    -3.279272    -1.490571     0.458572      12.000000
 1.0 H    H              1.0000    -1.448600     2.061160     1.019202       1.007825
 1.0 H    H              1.0000    -1.976832     1.363136    -2.140923       1.007825
 6.0 C    C              6.0000    -1.387674     0.535065    -0.356530      12.000000
 1.0 H    H              1.0000     1.755732    -0.954228    -2.521192       1.007825
 1.0 H    H              1.0000     1.520889    -2.194853     0.505085       1.007825
 6.0 C    C              6.0000     1.343602    -0.453557    -0.572770      12.000000
 1.0 H    H              1.0000     3.229488     3.198016    -0.614939       1.007825
 1.0 H    H              1.0000     5.219911     0.670926     0.185626       1.007825
 1.0 H    H              1.0000     3.023414     1.818006     2.390979       1.007825
 6.0 C    C              6.0000     3.320011     1.415226     0.400466      12.000000
Optimizer: Optimization complete!
-------------------------------------------
|   Optimized geometry for dihedral -130.00  |
-------------------------------------------
[[-3.265292498896807, -3.136771724780545, -0.6370330189361162], [-5.1391947399197315, -0.7411067102944898, 0.6844360452737839], [-2.6609974517663066, -2.072595696881342, 2.443385026097705], [-3.224915737334325, -1.4707648958967388, 0.5631381160512678], [-1.4708443771249167, 2.161176789989001, 0.7686871350845241], [-2.067806130369016, 1.1746525339885776, -2.2985266242937827], [-1.404604182951338, 0.5218030822706042, -0.468614034033275], [1.8330522019354112, -0.740491863256713, -2.65149898966442], [1.5186831250531143, -2.2496511078234454, 0.2400411146211048], [1.350039635142006, -0.42088985432628756, -0.6819348902561219], [3.2167599209388342, 3.226529270594744, -0.38632571499831325], [5.186689166883493, 0.653269168764036, 0.3170321151677875], [2.895690673380649, 1.6385473553277046, 2.505360038925999], [3.2755548158725065, 1.3771115342584537, 0.504638379620959]]
 1.0 H    H              1.0000    -3.265292    -3.136772    -0.637033       1.007825
 1.0 H    H              1.0000    -5.139195    -0.741107     0.684436       1.007825
 1.0 H    H              1.0000    -2.660997    -2.072596     2.443385       1.007825
 6.0 C    C              6.0000    -3.224916    -1.470765     0.563138      12.000000
 1.0 H    H              1.0000    -1.470844     2.161177     0.768687       1.007825
 1.0 H    H              1.0000    -2.067806     1.174653    -2.298527       1.007825
 6.0 C    C              6.0000    -1.404604     0.521803    -0.468614      12.000000
 1.0 H    H              1.0000     1.833052    -0.740492    -2.651499       1.007825
 1.0 H    H              1.0000     1.518683    -2.249651     0.240041       1.007825
 6.0 C    C              6.0000     1.350040    -0.420890    -0.681935      12.000000
 1.0 H    H              1.0000     3.216760     3.226529    -0.386326       1.007825
 1.0 H    H              1.0000     5.186689     0.653269     0.317032       1.007825
 1.0 H    H              1.0000     2.895691     1.638547     2.505360       1.007825
 6.0 C    C              6.0000     3.275555     1.377112     0.504638      12.000000
Optimizer: Optimization complete!
-------------------------------------------
|   Optimized geometry for dihedral -119.99  |
-------------------------------------------
[[-3.156772981358575, -3.2302359296328382, -0.4109994981335915], [-5.075866681715271, -0.8074582020276609, 0.7908127861997738], [-2.5025722131133623, -1.921194055043173, 2.5625623851124453], [-3.141494062304288, -1.4798459763190022, 0.6616202353513844], [-1.5328076219973057, 2.2323774790825044, 0.4989468705711191], [-2.1621311142418835, 0.9339936866288682, -2.4424312167928734], [-1.4258762872614494, 0.48686489385330517, -0.5790936207217798], [1.915423621230434, -0.4777266403087806, -2.7596294754633943], [1.5544509529612094, -2.272405275759862, -0.04257577060210849], [1.361128768846587, -0.3671191793597918, -0.7861691940737435], [3.130721868191635, 3.278415799816416, -0.13831701177923938], [5.134180274780871, 0.6996113660802361, 0.4387855090915024], [2.7479171811948127, 1.4674467265906528, 2.6107721121336835], [3.2018287108166468, 1.368261548693308, 0.610592891759104]]
 1.0 H    H              1.0000    -3.156773    -3.230236    -0.410999       1.007825
 1.0 H    H              1.0000    -5.075867    -0.807458     0.790813       1.007825
 1.0 H    H              1.0000    -2.502572    -1.921194     2.562562       1.007825
 6.0 C    C              6.0000    -3.141494    -1.479846     0.661620      12.000000
 1.0 H    H              1.0000    -1.532808     2.232377     0.498947       1.007825
 1.0 H    H              1.0000    -2.162131     0.933994    -2.442431       1.007825
 6.0 C    C              6.0000    -1.425876     0.486865    -0.579094      12.000000
 1.0 H    H              1.0000     1.915424    -0.477727    -2.759629       1.007825
 1.0 H    H              1.0000     1.554451    -2.272405    -0.042576       1.007825
 6.0 C    C              6.0000     1.361129    -0.367119    -0.786169      12.000000
 1.0 H    H              1.0000     3.130722     3.278416    -0.138317       1.007825
 1.0 H    H              1.0000     5.134180     0.699611     0.438786       1.007825
 1.0 H    H              1.0000     2.747917     1.467447     2.610772       1.007825
 6.0 C    C              6.0000     3.201829     1.368262     0.610593      12.000000
Optimizer: Optimization complete!
-------------------------------------------
|   Optimized geometry for dihedral -109.99  |
-------------------------------------------
[[-2.9980190961520945, -3.3333922882354017, -0.19720549327592948], [-4.991575316756766, -0.9192379111795285, 0.8969444708708254], [-2.3208781948729897, -1.7920933890786896, 2.6577267148351202], [-3.032853442016232, -1.5134863124088997, 0.7513767369877647], [-1.6321747568287708, 2.263130218437992, 0.22309203538535397], [-2.241570146088794, 0.6531871344858203, -2.566145067392672], [-1.4483997857749344, 0.43025735039377194, -0.6856073320048459], [1.9852035343666088, -0.17905605715007825, -2.8395944371230883], [1.6272150223899102, -2.2539575764012465, -0.32767266650041427], [1.3740149692520491, -0.2926881385067955, -0.8828687562409048], [2.993603442799192, 3.3415589086523605, 0.10409454153609732], [5.061152535397337, 0.7905598414346912, 0.5701593943742062], [2.5749062355729873, 1.3222872556802712, 2.6987033185617486], [3.1023785883982473, 1.3849047047107972, 0.7146285050164741]]
 1.0 H    H              1.0000    -2.998019    -3.333392    -0.197205       1.007825
 1.0 H    H              1.0000    -4.991575    -0.919238     0.896944       1.007825
 1.0 H    H              1.0000    -2.320878    -1.792093     2.657727       1.007825
 6.0 C    C              6.0000    -3.032853    -1.513486     0.751377      12.000000
 1.0 H    H              1.0000    -1.632175     2.263130     0.223092       1.007825
 1.0 H    H              1.0000    -2.241570     0.653187    -2.566145       1.007825
 6.0 C    C              6.0000    -1.448400     0.430257    -0.685607      12.000000
 1.0 H    H              1.0000     1.985204    -0.179056    -2.839594       1.007825
 1.0 H    H              1.0000     1.627215    -2.253958    -0.327673       1.007825
 6.0 C    C              6.0000     1.374015    -0.292688    -0.882869      12.000000
 1.0 H    H              1.0000     2.993603     3.341559     0.104095       1.007825
 1.0 H    H              1.0000     5.061153     0.790560     0.570159       1.007825
 1.0 H    H              1.0000     2.574906     1.322287     2.698703       1.007825
 6.0 C    C              6.0000     3.102379     1.384905     0.714629      12.000000
Optimizer: Optimization complete!
-------------------------------------------
|   Optimized geometry for dihedral -99.99  |
-------------------------------------------
[[-2.7678687670011466, -3.4475850474705103, 0.02513024584951145], [-4.89427962418557, -1.084396352152043, 0.9693025035526922], [-2.15069377340849, -1.6500735510379303, 2.7401760498910708], [-2.9042560705822753, -1.5652607198973394, 0.8314185057841262], [-1.7641411698342973, 2.2442078781301236, -0.04335304704522367], [-2.2933370741154353, 0.3498951592917069, -2.668606392499547], [-1.4697101462939868, 0.352249366104432, -0.7874472040704688], [2.029615237919718, 0.13783832239928176, -2.8922213086670734], [1.7337260032298618, -2.1879574169134153, -0.5979789912535202], [1.3863085501998111, -0.1980044100871494, -0.971155751339632], [2.786299418258595, 3.413498612057286, 0.3635018351417956], [4.97244629446691, 0.9398332002064896, 0.6789164206321753], [2.412053615468104, 1.166708352823411, 2.7708447137754955], [2.982297703709517, 1.4209286336962828, 0.8141642605289546]]
 1.0 H    H              1.0000    -2.767869    -3.447585     0.025130       1.007825
 1.0 H    H              1.0000    -4.894280    -1.084396     0.969303       1.007825
 1.0 H    H              1.0000    -2.150694    -1.650074     2.740176       1.007825
 6.0 C    C              6.0000    -2.904256    -1.565261     0.831419      12.000000
 1.0 H    H              1.0000    -1.764141     2.244208    -0.043353       1.007825
 1.0 H    H              1.0000    -2.293337     0.349895    -2.668606       1.007825
 6.0 C    C              6.0000    -1.469710     0.352249    -0.787447      12.000000
 1.0 H    H              1.0000     2.029615     0.137838    -2.892221       1.007825
 1.0 H    H              1.0000     1.733726    -2.187957    -0.597979       1.007825
 6.0 C    C              6.0000     1.386309    -0.198004    -0.971156      12.000000
 1.0 H    H              1.0000     2.786299     3.413499     0.363502       1.007825
 1.0 H    H              1.0000     4.972446     0.939833     0.678916       1.007825
 1.0 H    H              1.0000     2.412054     1.166708     2.770845       1.007825
 6.0 C    C              6.0000     2.982298     1.420929     0.814164      12.000000
Optimizer: Optimization complete!
-------------------------------------------
|   Optimized geometry for dihedral -89.99  |
-------------------------------------------
[[-2.4972100200171936, -3.539360808252461, 0.26016260140044845], [-4.793112498928358, -1.2679410765944346, 1.0109140895976951], [-2.0208610978648207, -1.477676322606305, 2.810643522827793], [-2.772832687834042, -1.6104416857613417, 0.9047175488571999], [-1.9136334414275264, 2.186827939538666, -0.3058218386317557], [-2.307369555240156, 0.03140526705129222, -2.751772365219638], [-1.4862955144103742, 0.2615767401651626, -0.8831093032353128], [2.0383982344588802, 0.46604946562567634, -2.9197470273494566], [1.8583744630609313, -2.0846282679911856, -0.8593627264282799], [1.394582629951957, -0.09195637142691016, -1.0507435515394563], [2.5397066290697787, 3.4608219593445044, 0.6352573293301464], [4.877146834301914, 1.1124868563160875, 0.7611197964094312], [2.2879696268466247, 0.983642325397538, 2.8221768407340777], [2.858716213686242, 1.4516027488871743, 0.9062167470342729]]
 1.0 H    H              1.0000    -2.497210    -3.539361     0.260163       1.007825
 1.0 H    H              1.0000    -4.793112    -1.267941     1.010914       1.007825
 1.0 H    H              1.0000    -2.020861    -1.477676     2.810644       1.007825
 6.0 C    C              6.0000    -2.772833    -1.610442     0.904718      12.000000
 1.0 H    H              1.0000    -1.913633     2.186828    -0.305822       1.007825
 1.0 H    H              1.0000    -2.307370     0.031405    -2.751772       1.007825
 6.0 C    C              6.0000    -1.486296     0.261577    -0.883109      12.000000
 1.0 H    H              1.0000     2.038398     0.466049    -2.919747       1.007825
 1.0 H    H              1.0000     1.858374    -2.084628    -0.859363       1.007825
 6.0 C    C              6.0000     1.394583    -0.091956    -1.050744      12.000000
 1.0 H    H              1.0000     2.539707     3.460822     0.635257       1.007825
 1.0 H    H              1.0000     4.877147     1.112487     0.761120       1.007825
 1.0 H    H              1.0000     2.287970     0.983642     2.822177       1.007825
 6.0 C    C              6.0000     2.858716     1.451603     0.906217      12.000000
Optimizer: Optimization complete!
-------------------------------------------
|   Optimized geometry for dihedral -79.99  |
-------------------------------------------
[[-2.20697648021092, -3.5861472294917967, 0.5151174927613742], [-4.704916643078454, -1.4621500268434724, 1.0027093112012466], [-1.9794589822049709, -1.2639693063665758, 2.86872543965353], [-2.660766905202843, -1.6363470088342256, 0.9693086458172743], [-2.060727464032139, 2.098543380945495, -0.550492825801862], [-2.2829784782449107, -0.2737646072017198, -2.8134871886268304], [-1.4960249307595888, 0.1665980265465538, -0.9673093451464698], [2.010835497682376, 0.7770841831131045, -2.924949404236647], [1.9825629825483408, -1.9539806946297673, -1.0976920293876151], [1.3971441770256592, 0.016278740351061312, -1.1177012673852722], [2.275064893353266, 3.460220420117624, 0.9205968368583625], [4.790175531992722, 1.3044661834765725, 0.7950693379267425], [2.2504717433750687, 0.7627396515225852, 2.8458858386420465], [2.7534283201734824, 1.4649727208078707, 0.9845601782105131]]
 1.0 H    H              1.0000    -2.206976    -3.586147     0.515117       1.007825
 1.0 H    H              1.0000    -4.704917    -1.462150     1.002709       1.007825
 1.0 H    H              1.0000    -1.979459    -1.263969     2.868725       1.007825
 6.0 C    C              6.0000    -2.660767    -1.636347     0.969309      12.000000
 1.0 H    H              1.0000    -2.060727     2.098543    -0.550493       1.007825
 1.0 H    H              1.0000    -2.282978    -0.273765    -2.813487       1.007825
 6.0 C    C              6.0000    -1.496025     0.166598    -0.967309      12.000000
 1.0 H    H              1.0000     2.010835     0.777084    -2.924949       1.007825
 1.0 H    H              1.0000     1.982563    -1.953981    -1.097692       1.007825
 6.0 C    C              6.0000     1.397144     0.016279    -1.117701      12.000000
 1.0 H    H              1.0000     2.275065     3.460220     0.920597       1.007825
 1.0 H    H              1.0000     4.790176     1.304466     0.795069       1.007825
 1.0 H    H              1.0000     2.250472     0.762740     2.845886       1.007825
 6.0 C    C              6.0000     2.753428     1.464973     0.984560      12.000000
Optimizer: Optimization complete!
-------------------------------------------
|   Optimized geometry for dihedral -69.99  |
-------------------------------------------
[[-1.890322581389137, -3.5824818793723754, 0.7899441897706891], [-4.606425779307613, -1.691392221250517, 0.970315836243101], [-2.0037695940767284, -1.0282209551426578, 2.8997000508787014], [-2.5557559027726815, -1.654223114936941, 1.0263443486707862], [-2.210824978536563, 1.9763049271396804, -0.7821693104975485], [-2.2243669161781034, -0.5735870419806035, -2.857297158256156], [-1.4993806922682875, 0.06489265746854635, -1.0437063877892176], [1.9508403375373236, 1.0794655427022954, -2.910315005284518], [2.1112409302225337, -1.792127440082771, -1.3176714788756019], [1.3941479097426361, 0.12973192578040052, -1.1752436959315735], [1.9856013992305463, 3.4062669057691766, 1.2191147508682054], [4.690969441006751, 1.5350314509700937, 0.8123811002097502], [2.2756413887466986, 0.525402927449338, 2.8330194785403027], [2.6543888047303614, 1.4718047864061228, 1.0534400094302523]]
 1.0 H    H              1.0000    -1.890323    -3.582482     0.789944       1.007825
 1.0 H    H              1.0000    -4.606426    -1.691392     0.970316       1.007825
 1.0 H    H              1.0000    -2.003770    -1.028221     2.899700       1.007825
 6.0 C    C              6.0000    -2.555756    -1.654223     1.026344      12.000000
 1.0 H    H              1.0000    -2.210825     1.976305    -0.782169       1.007825
 1.0 H    H              1.0000    -2.224367    -0.573587    -2.857297       1.007825
 6.0 C    C              6.0000    -1.499381     0.064893    -1.043706      12.000000
 1.0 H    H              1.0000     1.950840     1.079466    -2.910315       1.007825
 1.0 H    H              1.0000     2.111241    -1.792127    -1.317671       1.007825
 6.0 C    C              6.0000     1.394148     0.129732    -1.175244      12.000000
 1.0 H    H              1.0000     1.985601     3.406267     1.219115       1.007825
 1.0 H    H              1.0000     4.690969     1.535031     0.812381       1.007825
 1.0 H    H              1.0000     2.275641     0.525403     2.833019       1.007825
 6.0 C    C              6.0000     2.654389     1.471805     1.053440      12.000000
Optimizer: Optimization complete!
-------------------------------------------
|   Optimized geometry for dihedral -59.99  |
-------------------------------------------
[[-1.6249851201410104, -3.5125865199665194, 1.058152304920429], [-4.507702329268487, -1.8809155803364461, 0.9550248714136752], [-2.065424415447267, -0.7901117416863325, 2.897849127522981], [-2.473786658975634, -1.6422193177490239, 1.0788245161663763], [-2.339449563233423, 1.8440554074541256, -0.9945153254028741], [-2.1490010887542272, -0.8400873529382585, -2.8828550149831123], [-1.4969130789067715, -0.0286985334866343, -1.111509295448594], [1.8756051246472583, 1.3457241451648057, -2.88200232225222], [2.2204393862705287, -1.6239500855820153, -1.514945615561217], [1.3860944921435314, 0.2336538670527559, -1.2252237494457119], [1.7460587962790364, 3.2886646865223237, 1.4948211023886806], [4.592810794348521, 1.7235102961353126, 0.8395817607112903], [2.3348864379866554, 0.291750616063569, 2.78405657436295], [2.5776144654984954, 1.4501932143968388, 1.1105000533272862]]
 1.0 H    H              1.0000    -1.624985    -3.512587     1.058152       1.007825
 1.0 H    H              1.0000    -4.507702    -1.880916     0.955025       1.007825
 1.0 H    H              1.0000    -2.065424    -0.790112     2.897849       1.007825
 6.0 C    C              6.0000    -2.473787    -1.642219     1.078825      12.000000
 1.0 H    H              1.0000    -2.339450     1.844055    -0.994515       1.007825
 1.0 H    H              1.0000    -2.149001    -0.840087    -2.882855       1.007825
 6.0 C    C              6.0000    -1.496913    -0.028699    -1.111509      12.000000
 1.0 H    H              1.0000     1.875605     1.345724    -2.882002       1.007825
 1.0 H    H              1.0000     2.220439    -1.623950    -1.514946       1.007825
 6.0 C    C              6.0000     1.386094     0.233654    -1.225224      12.000000
 1.0 H    H              1.0000     1.746059     3.288665     1.494821       1.007825
 1.0 H    H              1.0000     4.592811     1.723510     0.839582       1.007825
 1.0 H    H              1.0000     2.334886     0.291751     2.784057       1.007825
 6.0 C    C              6.0000     2.577614     1.450193     1.110500      12.000000
Optimizer: Optimization complete!
-------------------------------------------
|   Optimized geometry for dihedral -49.99  |
-------------------------------------------
[[-1.4107131608597567, -3.4332835077956734, 1.2804347915370944], [-4.401689471221363, -2.0399147109490103, 0.9749873981168363], [-2.101815695116935, -0.6074804598852052, 2.871052637417207], [-2.395366866671126, -1.6368767671354698, 1.123267037231531], [-2.4699759486650685, 1.6731648578613274, -1.201222515607365], [-2.0420983617764206, -1.112270821269569, -2.8910224664433266], [-1.4869665086355794, -0.13371160223579823, -1.1724752107852103], [1.7706537763165158, 1.614298805396381, -2.8326926423139414], [2.3323792443407605, -1.4186842459140412, -1.7001586284211763], [1.3713317010811696, 0.3475744487863698, -1.2658150268973998], [1.552963672227187, 3.170195955259937, 1.7190759961429343], [4.490454594615128, 1.8757464237269945, 0.8967248204371204], [2.367094332546051, 0.11685604950990768, 2.722648278172815], [2.503673695909566, 1.436566786620494, 1.1605045021551046]]
 1.0 H    H              1.0000    -1.410713    -3.433284     1.280435       1.007825
 1.0 H    H              1.0000    -4.401689    -2.039915     0.974987       1.007825
 1.0 H    H              1.0000    -2.101816    -0.607480     2.871053       1.007825
 6.0 C    C              6.0000    -2.395367    -1.636877     1.123267      12.000000
 1.0 H    H              1.0000    -2.469976     1.673165    -1.201223       1.007825
 1.0 H    H              1.0000    -2.042098    -1.112271    -2.891022       1.007825
 6.0 C    C              6.0000    -1.486967    -0.133712    -1.172475      12.000000
 1.0 H    H              1.0000     1.770654     1.614299    -2.832693       1.007825
 1.0 H    H              1.0000     2.332379    -1.418684    -1.700159       1.007825
 6.0 C    C              6.0000     1.371332     0.347574    -1.265815      12.000000
 1.0 H    H              1.0000     1.552964     3.170196     1.719076       1.007825
 1.0 H    H              1.0000     4.490455     1.875746     0.896725       1.007825
 1.0 H    H              1.0000     2.367094     0.116856     2.722648       1.007825
 6.0 C    C              6.0000     2.503674     1.436567     1.160505      12.000000
Optimizer: Optimization complete!
-------------------------------------------
|   Optimized geometry for dihedral -39.99  |
-------------------------------------------
[[-1.27971143143143, -3.3293620107802964, 1.4835471961630853], [-4.330307355206776, -2.1375109041531184, 0.9925715520314672], [-2.171223979292093, -0.43430151426753527, 2.8293739811621426], [-2.355237153990999, -1.609170401649561, 1.1611527969845639], [-2.575537326885843, 1.4973445097704376, -1.3983066080716917], [-1.9211347496842455, -1.3593743399111806, -2.876068848104896], [-1.4724938045795333, -0.2298502404387382, -1.2210773609687784], [1.6536708486886433, 1.8540445092807705, -2.7637512607782018], [2.4204107684104406, -1.2104404666345234, -1.8727359698033033], [1.353151842811994, 0.4505712880327913, -1.2954013561612738], [1.4407642530194902, 3.0314994024904154, 1.9124431612209578], [4.421845568591334, 1.9682120188569323, 0.9376222811787774], [2.4308498371177634, -0.045873964581963404, 2.6451936837686305], [2.4670518021716723, 1.4023710089590513, 1.1966027858020456]]
 1.0 H    H              1.0000    -1.279711    -3.329362     1.483547       1.007825
 1.0 H    H              1.0000    -4.330307    -2.137511     0.992572       1.007825
 1.0 H    H              1.0000    -2.171224    -0.434302     2.829374       1.007825
 6.0 C    C              6.0000    -2.355237    -1.609170     1.161153      12.000000
 1.0 H    H              1.0000    -2.575537     1.497345    -1.398307       1.007825
 1.0 H    H              1.0000    -1.921135    -1.359374    -2.876069       1.007825
 6.0 C    C              6.0000    -1.472494    -0.229850    -1.221077      12.000000
 1.0 H    H              1.0000     1.653671     1.854045    -2.763751       1.007825
 1.0 H    H              1.0000     2.420411    -1.210440    -1.872736       1.007825
 6.0 C    C              6.0000     1.353152     0.450571    -1.295401      12.000000
 1.0 H    H              1.0000     1.440764     3.031499     1.912443       1.007825
 1.0 H    H              1.0000     4.421846     1.968212     0.937622       1.007825
 1.0 H    H              1.0000     2.430850    -0.045874     2.645194       1.007825
 6.0 C    C              6.0000     2.467052     1.402371     1.196603      12.000000
Optimizer: Optimization complete!
-------------------------------------------
|   Optimized geometry for dihedral -29.99  |
-------------------------------------------
[[-1.2152711438959085, -3.219288415603554, 1.664289076175406], [-4.290497513131691, -2.183764363321086, 1.0097363506612238], [-2.249244594571487, -0.2735860793778463, 2.7781022962054767], [-2.3419862440745596, -1.5680880361710972, 1.192906144477247], [-2.659767688407025, 1.3100769247123087, -1.5963102657151387], [-1.781386041406947, -1.5945591418224887, -2.835321837439582], [-1.453231344873182, -0.32077306036921643, -1.2596354525324502], [1.520308094742395, 2.0774183563144377, -2.6698316835081735], [2.4872127882537494, -0.9909395250972148, -2.0422251825721855], [1.3311026969500808, 0.546647851238478, -1.3155986573322265], [1.3926771637654123, 2.8911758058100463, 2.076561176566485], [4.384205254025287, 2.0104541261435447, 0.9662208391330737], [2.5023872484747556, -0.19459408324034355, 2.5596875283058242], [2.45650383364989, 1.3562897387103339, 1.2218395306769614]]
 1.0 H    H              1.0000    -1.215271    -3.219288     1.664289       1.007825
 1.0 H    H              1.0000    -4.290498    -2.183764     1.009736       1.007825
 1.0 H    H              1.0000    -2.249245    -0.273586     2.778102       1.007825
 6.0 C    C              6.0000    -2.341986    -1.568088     1.192906      12.000000
 1.0 H    H              1.0000    -2.659768     1.310077    -1.596310       1.007825
 1.0 H    H              1.0000    -1.781386    -1.594559    -2.835322       1.007825
 6.0 C    C              6.0000    -1.453231    -0.320773    -1.259635      12.000000
 1.0 H    H              1.0000     1.520308     2.077418    -2.669832       1.007825
 1.0 H    H              1.0000     2.487213    -0.990940    -2.042225       1.007825
 6.0 C    C              6.0000     1.331103     0.546648    -1.315599      12.000000
 1.0 H    H              1.0000     1.392677     2.891176     2.076561       1.007825
 1.0 H    H              1.0000     4.384205     2.010454     0.966221       1.007825
 1.0 H    H              1.0000     2.502387    -0.194594     2.559688       1.007825
 6.0 C    C              6.0000     2.456504     1.356290     1.221840      12.000000
Optimizer: Optimization complete!
-------------------------------------------
|   Optimized geometry for dihedral -19.98  |
-------------------------------------------
[[-1.201922594619131, -3.085580798384841, 1.8380633052656394], [-4.280293328217781, -2.191763684115239, 1.0182909181282405], [-2.354290570087897, -0.10424502116452451, 2.714823226778325], [-2.357196763533407, -1.5051929002102884, 1.2195863707653116], [-2.715309685135187, 1.1235695812217918, -1.7951083956496114], [-1.6346947385991597, -1.8101088930525069, -2.7646790646494086], [-1.4320756489106676, -0.39967212415620523, -1.2880629982664458], [1.382679712599757, 2.2762057325315195, -2.549363793169485], [2.525373296579169, -0.7722859942500048, -2.2099306342564247], [1.3080211978698724, 0.629108381043996, -1.3277755606341628], [1.394608213903797, 2.7292132248371503, 2.224942264715276], [4.37491671667274, 2.01675954409624, 0.9769545188065873], [2.5996258182819356, -0.3494982834306092, 2.4583758287309316], [2.473634338259989, 1.2898439033450322, 1.2356411450522344]]
 1.0 H    H              1.0000    -1.201923    -3.085581     1.838063       1.007825
 1.0 H    H              1.0000    -4.280293    -2.191764     1.018291       1.007825
 1.0 H    H              1.0000    -2.354291    -0.104245     2.714823       1.007825
 6.0 C    C              6.0000    -2.357197    -1.505193     1.219586      12.000000
 1.0 H    H              1.0000    -2.715310     1.123570    -1.795108       1.007825
 1.0 H    H              1.0000    -1.634695    -1.810109    -2.764679       1.007825
 6.0 C    C              6.0000    -1.432076    -0.399672    -1.288063      12.000000
 1.0 H    H              1.0000     1.382680     2.276206    -2.549364       1.007825
 1.0 H    H              1.0000     2.525373    -0.772286    -2.209931       1.007825
 6.0 C    C              6.0000     1.308021     0.629108    -1.327776      12.000000
 1.0 H    H              1.0000     1.394608     2.729213     2.224942       1.007825
 1.0 H    H              1.0000     4.374917     2.016760     0.976955       1.007825
 1.0 H    H              1.0000     2.599626    -0.349498     2.458376       1.007825
 6.0 C    C              6.0000     2.473634     1.289844     1.235641      12.000000
Optimizer: Optimization complete!
-------------------------------------------
|   Optimized geometry for dihedral -9.98  |
-------------------------------------------
[[-1.201078235582094, -2.9214810311527675, 2.0116420867767406], [-4.273446468444991, -2.2132638950127945, 1.0130827460822038], [-2.501095240796799, 0.06329678340925093, 2.631003118091805], [-2.3876304603661165, -1.4366427102333443, 1.2390204784624232], [-2.7470766009678402, 0.9193461711446604, -1.9985108241207479], [-1.468757230476404, -2.0164149085025436, -2.6600331968178357], [-1.4065322954150217, -0.4746659234221493, -1.3073563414458962], [1.229007942360763, 2.4598250440263745, -2.39536087510729], [2.5395780038633045, -0.5355828494843646, -2.3768397803535564], [1.2813971512638502, 0.7061001561826921, -1.3312645684554676], [1.4087179088322288, 2.53745746404568, 2.366678898703364], [4.367788448510141, 2.038780737386608, 0.9762250908002452], [2.736525039970987, -0.4987187571264225, 2.333317441935214], [2.5051931795110605, 1.2192134863375577, 1.239926956956761]]
 1.0 H    H              1.0000    -1.201078    -2.921481     2.011642       1.007825
 1.0 H    H              1.0000    -4.273446    -2.213264     1.013083       1.007825
 1.0 H    H              1.0000    -2.501095     0.063297     2.631003       1.007825
 6.0 C    C              6.0000    -2.387630    -1.436643     1.239020      12.000000
 1.0 H    H              1.0000    -2.747077     0.919346    -1.998511       1.007825
 1.0 H    H              1.0000    -1.468757    -2.016415    -2.660033       1.007825
 6.0 C    C              6.0000    -1.406532    -0.474666    -1.307356      12.000000
 1.0 H    H              1.0000     1.229008     2.459825    -2.395361       1.007825
 1.0 H    H              1.0000     2.539578    -0.535583    -2.376840       1.007825
 6.0 C    C              6.0000     1.281397     0.706100    -1.331265      12.000000
 1.0 H    H              1.0000     1.408718     2.537457     2.366679       1.007825
 1.0 H    H              1.0000     4.367788     2.038781     0.976225       1.007825
 1.0 H    H              1.0000     2.736525    -0.498719     2.333317       1.007825
 6.0 C    C              6.0000     2.505193     1.219213     1.239927      12.000000
Optimizer: Optimization complete!
-------------------------------------------
|   Optimized geometry for dihedral 0.02  |
-------------------------------------------
[[-1.1874151295451765, -2.709567661813143, 2.200318178632763], [-4.246995536945449, -2.2601249708459212, 1.0286687008108466], [-2.6746128845579746, 0.2335422046659579, 2.526930339716197], [-2.4173617631570226, -1.3618403718531629, 1.265017785109859], [-2.7592817965296716, 0.6889571522158766, -2.1901086455655374], [-1.2925515707699908, -2.2139234820479703, -2.5122621412667305], [-1.379530148456541, -0.5512414579630888, -1.3118604857991751], [1.0477780440250999, 2.616647109444895, -2.222360603292311], [2.5144521708500607, -0.2861301899838421, -2.5456979391342744], [1.2427206373925181, 0.7763352355693632, -1.3345031808779682], [1.4297890848107537, 2.310075931130078, 2.4921551880720805], [4.3493081772405136, 2.091857982388754, 0.9544341683423995], [2.917536513158729, -0.632582048938386, 2.1639807382806193], [2.545940109203018, 1.1502890729427038, 1.2221046566396092]]
 1.0 H    H              1.0000    -1.187415    -2.709568     2.200318       1.007825
 1.0 H    H              1.0000    -4.246996    -2.260125     1.028669       1.007825
 1.0 H    H              1.0000    -2.674613     0.233542     2.526930       1.007825
 6.0 C    C              6.0000    -2.417362    -1.361840     1.265018      12.000000
 1.0 H    H              1.0000    -2.759282     0.688957    -2.190109       1.007825
 1.0 H    H              1.0000    -1.292552    -2.213923    -2.512262       1.007825
 6.0 C    C              6.0000    -1.379530    -0.551241    -1.311860      12.000000
 1.0 H    H              1.0000     1.047778     2.616647    -2.222361       1.007825
 1.0 H    H              1.0000     2.514452    -0.286130    -2.545698       1.007825
 6.0 C    C              6.0000     1.242721     0.776335    -1.334503      12.000000
 1.0 H    H              1.0000     1.429789     2.310076     2.492155       1.007825
 1.0 H    H              1.0000     4.349308     2.091858     0.954434       1.007825
 1.0 H    H              1.0000     2.917537    -0.632582     2.163981       1.007825
 6.0 C    C              6.0000     2.545940     1.150289     1.222105      12.000000
Optimizer: Optimization complete!
-------------------------------------------
|   Optimized geometry for dihedral 10.02  |
-------------------------------------------
[[-1.2059442170472678, -2.480388126630116, 2.3588139532505052], [-4.228530304753381, -2.2897955166047668, 1.0292482506275782], [-2.8560743960210417, 0.39312535474373583, 2.3913535733604685], [-2.459441992641342, -1.278702310905817, 1.2703565239251418], [-2.7315189866865763, 0.47129710377951123, -2.3674028401927036], [-1.1097254412602278, -2.3677632141546985, -2.3584597548620816], [-1.3438234084146268, -0.6142605115999759, -1.3153830138574343], [0.8829584778466222, 2.7408766266832147, -2.0268254570807747], [2.47053044792282, -0.041829369776983316, -2.6800605241178617], [1.2073659899156868, 0.8387951215442235, -1.3236699812612354], [1.4622636047845703, 2.0569129285557985, 2.6072708462505894], [4.330926403189265, 2.1213499162440956, 0.9620736153946647], [3.083384376921464, -0.7654913639616826, 1.9851696426237493], [2.587646166930026, 1.0677486187204088, 1.2090249620319753]]
 1.0 H    H              1.0000    -1.205944    -2.480388     2.358814       1.007825
 1.0 H    H              1.0000    -4.228530    -2.289796     1.029248       1.007825
 1.0 H    H              1.0000    -2.856074     0.393125     2.391354       1.007825
 6.0 C    C              6.0000    -2.459442    -1.278702     1.270357      12.000000
 1.0 H    H              1.0000    -2.731519     0.471297    -2.367403       1.007825
 1.0 H    H              1.0000    -1.109725    -2.367763    -2.358460       1.007825
 6.0 C    C              6.0000    -1.343823    -0.614261    -1.315383      12.000000
 1.0 H    H              1.0000     0.882958     2.740877    -2.026825       1.007825
 1.0 H    H              1.0000     2.470530    -0.041829    -2.680061       1.007825
 6.0 C    C              6.0000     1.207366     0.838795    -1.323670      12.000000
 1.0 H    H              1.0000     1.462264     2.056913     2.607271       1.007825
 1.0 H    H              1.0000     4.330926     2.121350     0.962074       1.007825
 1.0 H    H              1.0000     3.083384    -0.765491     1.985170       1.007825
 6.0 C    C              6.0000     2.587646     1.067749     1.209025      12.000000
Optimizer: Optimization complete!
-------------------------------------------
|   Optimized geometry for dihedral 20.02  |
-------------------------------------------
[[-1.2295687362948033, -2.277937749101943, 2.486622478244839], [-4.20517876320433, -2.3215098648481463, 1.0415933942028688], [-3.0055481894622362, 0.5119228870735549, 2.259051465880861], [-2.4931224858582888, -1.2143598831812656, 1.2731656304505024], [-2.6895582103183533, 0.24482970827884606, -2.509357164653727], [-0.9215173298176393, -2.49082127144189, -2.1960899604863213], [-1.3038398182932227, -0.6773853593403739, -1.3081174456318096], [0.698213506287718, 2.8432558129803973, -1.8192809982762832], [2.392276078699785, 0.2190723608433065, -2.7949136679960405], [1.157387147814665, 0.9069211284230204, -1.3064067404670483], [1.5251471748793468, 1.8349423995738785, 2.690354225395542], [4.324723743093539, 2.1338947189383393, 0.9528370488921586], [3.220570039961357, -0.8681708947874284, 1.7953865649258225], [2.630373771422794, 0.9991454667459911, 1.1812652649185116]]
 1.0 H    H              1.0000    -1.229569    -2.277938     2.486622       1.007825
 1.0 H    H              1.0000    -4.205179    -2.321510     1.041593       1.007825
 1.0 H    H              1.0000    -3.005548     0.511923     2.259051       1.007825
 6.0 C    C              6.0000    -2.493122    -1.214360     1.273166      12.000000
 1.0 H    H              1.0000    -2.689558     0.244830    -2.509357       1.007825
 1.0 H    H              1.0000    -0.921517    -2.490821    -2.196090       1.007825
 6.0 C    C              6.0000    -1.303840    -0.677385    -1.308117      12.000000
 1.0 H    H              1.0000     0.698214     2.843256    -1.819281       1.007825
 1.0 H    H              1.0000     2.392276     0.219072    -2.794914       1.007825
 6.0 C    C              6.0000     1.157387     0.906921    -1.306407      12.000000
 1.0 H    H              1.0000     1.525147     1.834942     2.690354       1.007825
 1.0 H    H              1.0000     4.324724     2.133895     0.952837       1.007825
 1.0 H    H              1.0000     3.220570    -0.868171     1.795387       1.007825
 6.0 C    C              6.0000     2.630374     0.999145     1.181265      12.000000
Optimizer: Optimization complete!
-------------------------------------------
|   Optimized geometry for dihedral 30.02  |
-------------------------------------------
[[-1.3154023990121788, -2.099859830099694, 2.5883685818745974], [-4.229805018033782, -2.2889555052448247, 1.0359964655739127], [-3.123722850761192, 0.6377270974574498, 2.117167934200479], [-2.546202149484529, -1.138505441058465, 1.2626627406113922], [-2.610504041197, 0.02591657078569183, -2.634843143049954], [-0.7351929418947539, -2.5906552857484275, -2.020101136765115], [-1.2568130859371307, -0.7382356987492279, -1.2945814025065538], [0.5332551515406848, 2.9057545148687383, -1.6148435188950008], [2.303942679236961, 0.4509202725011161, -2.871493407105038], [1.1135446728297842, 0.961382860211092, -1.2793106159708538], [1.6147968794669896, 1.645040036843621, 2.747322456691598], [4.34420348829407, 2.110922010469293, 0.9380107282308158], [3.3248396890787277, -0.9627216515299423, 1.6238125688760165], [2.680533620644922, 0.9292924491479047, 1.1508677256546767]]
 1.0 H    H              1.0000    -1.315402    -2.099860     2.588369       1.007825
 1.0 H    H              1.0000    -4.229805    -2.288956     1.035996       1.007825
 1.0 H    H              1.0000    -3.123723     0.637727     2.117168       1.007825
 6.0 C    C              6.0000    -2.546202    -1.138505     1.262663      12.000000
 1.0 H    H              1.0000    -2.610504     0.025917    -2.634843       1.007825
 1.0 H    H              1.0000    -0.735193    -2.590655    -2.020101       1.007825
 6.0 C    C              6.0000    -1.256813    -0.738236    -1.294581      12.000000
 1.0 H    H              1.0000     0.533255     2.905755    -1.614844       1.007825
 1.0 H    H              1.0000     2.303943     0.450920    -2.871493       1.007825
 6.0 C    C              6.0000     1.113545     0.961383    -1.279311      12.000000
 1.0 H    H              1.0000     1.614797     1.645040     2.747322       1.007825
 1.0 H    H              1.0000     4.344203     2.110922     0.938011       1.007825
 1.0 H    H              1.0000     3.324840    -0.962722     1.623813       1.007825
 6.0 C    C              6.0000     2.680534     0.929292     1.150868      12.000000
Optimizer: Optimization complete!
-------------------------------------------
|   Optimized geometry for dihedral 40.02  |
-------------------------------------------
[[-1.3840997747763009, -1.9471216993866292, 2.68224329381187], [-4.233521913088932, -2.300045498231641, 1.0399017244913427], [-3.2340655256345725, 0.7133712090612979, 1.9830879451927685], [-2.5864688829586884, -1.0963551079196145, 1.2578104127605205], [-2.5383867709482226, -0.1897750781162338, -2.7079974354263334], [-0.5572393641845415, -2.662901785988016, -1.8529381851033626], [-1.2099952646989058, -0.8024723957853829, -1.2671295584401925], [0.35303419569494093, 2.948766476575932, -1.4195645434097932], [2.1867085510510225, 0.6819114398120267, -2.9267422061491013], [1.0530026522638656, 1.0222718103575072, -1.2489445983084917], [1.7263841642604572, 1.4727359610633417, 2.786256842746821], [4.3560873801613, 2.1284564203598113, 0.8896929208808095], [3.442926931570845, -1.011140423444114, 1.4174035051532345], [2.7335656719770935, 0.8904756868820526, 1.0994184366077235]]
 1.0 H    H              1.0000    -1.384100    -1.947122     2.682243       1.007825
 1.0 H    H              1.0000    -4.233522    -2.300045     1.039902       1.007825
 1.0 H    H              1.0000    -3.234066     0.713371     1.983088       1.007825
 6.0 C    C              6.0000    -2.586469    -1.096355     1.257810      12.000000
 1.0 H    H              1.0000    -2.538387    -0.189775    -2.707997       1.007825
 1.0 H    H              1.0000    -0.557239    -2.662902    -1.852938       1.007825
 6.0 C    C              6.0000    -1.209995    -0.802472    -1.267130      12.000000
 1.0 H    H              1.0000     0.353034     2.948766    -1.419565       1.007825
 1.0 H    H              1.0000     2.186709     0.681911    -2.926742       1.007825
 6.0 C    C              6.0000     1.053003     1.022272    -1.248945      12.000000
 1.0 H    H              1.0000     1.726384     1.472736     2.786257       1.007825
 1.0 H    H              1.0000     4.356087     2.128456     0.889693       1.007825
 1.0 H    H              1.0000     3.442927    -1.011140     1.417404       1.007825
 6.0 C    C              6.0000     2.733566     0.890476     1.099418      12.000000
Optimizer: Optimization complete!
-------------------------------------------
|   Optimized geometry for dihedral 50.02  |
-------------------------------------------
[[-1.5155355209543724, -1.7715158695325466, 2.7638646249989325], [-4.264145787599971, -2.3039694462011853, 1.0042507554923024], [-3.389252425878449, 0.790186912248891, 1.8050218661251527], [-2.661493924805103, -1.0428288051096892, 1.2289941461696046], [-2.4349382657241634, -0.3792594153305211, -2.7732299592533494], [-0.39857864603261933, -2.714335465311885, -1.6786781612619595], [-1.1607453155177967, -0.855832067999932, -1.2342865683252386], [0.21764828117916432, 2.967449285174034, -1.2211770802723985], [2.078147833866458, 0.8783994266995384, -2.9450475549791983], [1.008761371405352, 1.0684568335852893, -1.2016838349268102], [1.863207214443538, 1.2814360278045327, 2.8200199751639374], [4.378542065371057, 2.1438345033671875, 0.8543808324532265], [3.579499373131981, -1.0525426638219952, 1.2078259926437087], [2.80385363354415, 0.8436683052127631, 1.052675616675503]]
 1.0 H    H              1.0000    -1.515536    -1.771516     2.763865       1.007825
 1.0 H    H              1.0000    -4.264146    -2.303969     1.004251       1.007825
 1.0 H    H              1.0000    -3.389252     0.790187     1.805022       1.007825
 6.0 C    C              6.0000    -2.661494    -1.042829     1.228994      12.000000
 1.0 H    H              1.0000    -2.434938    -0.379259    -2.773230       1.007825
 1.0 H    H              1.0000    -0.398579    -2.714335    -1.678678       1.007825
 6.0 C    C              6.0000    -1.160745    -0.855832    -1.234287      12.000000
 1.0 H    H              1.0000     0.217648     2.967449    -1.221177       1.007825
 1.0 H    H              1.0000     2.078148     0.878399    -2.945048       1.007825
 6.0 C    C              6.0000     1.008761     1.068457    -1.201684      12.000000
 1.0 H    H              1.0000     1.863207     1.281436     2.820020       1.007825
 1.0 H    H              1.0000     4.378542     2.143835     0.854381       1.007825
 1.0 H    H              1.0000     3.579499    -1.052543     1.207826       1.007825
 6.0 C    C              6.0000     2.803854     0.843668     1.052676      12.000000
Optimizer: Optimization complete!
-------------------------------------------
|   Optimized geometry for dihedral 60.02  |
-------------------------------------------
[[-1.6655668234988166, -1.563292253315919, 2.839006972698474], [-4.2730147972469785, -2.35913989330976, 0.9686783656591086], [-3.5926892402245123, 0.8251627661405192, 1.585312901714663], [-2.7478340625076476, -1.0048957959748124, 1.1901173000564698], [-2.319056759838116, -0.5625163078415197, -2.8175184180990067], [-0.2535512945629609, -2.751149273792464, -1.4941295431141637], [-1.1119712771104486, -0.9067339052476797, -1.1909495956220937], [0.09701144031369033, 2.970530134951753, -1.0159142168139534], [1.9598551756525207, 1.065905506531117, -2.9420519394136933], [0.9663348410248644, 1.1108306947207192, -1.144229810952299], [2.019711785701492, 1.0671881068855296, 2.839055462901113], [4.385117732222, 2.2020628215948603, 0.8272706922517187], [3.751532986138534, -1.0479999788487222, 0.9636587269186122], [2.8842866758003014, 0.8136696352036393, 0.9978046754016551]]
 1.0 H    H              1.0000    -1.665567    -1.563292     2.839007       1.007825
 1.0 H    H              1.0000    -4.273015    -2.359140     0.968678       1.007825
 1.0 H    H              1.0000    -3.592689     0.825163     1.585313       1.007825
 6.0 C    C              6.0000    -2.747834    -1.004896     1.190117      12.000000
 1.0 H    H              1.0000    -2.319057    -0.562516    -2.817518       1.007825
 1.0 H    H              1.0000    -0.253551    -2.751149    -1.494130       1.007825
 6.0 C    C              6.0000    -1.111971    -0.906734    -1.190950      12.000000
 1.0 H    H              1.0000     0.097011     2.970530    -1.015914       1.007825
 1.0 H    H              1.0000     1.959855     1.065906    -2.942052       1.007825
 6.0 C    C              6.0000     0.966335     1.110831    -1.144230      12.000000
 1.0 H    H              1.0000     2.019712     1.067188     2.839055       1.007825
 1.0 H    H              1.0000     4.385118     2.202063     0.827271       1.007825
 1.0 H    H              1.0000     3.751533    -1.048000     0.963659       1.007825
 6.0 C    C              6.0000     2.884287     0.813670     0.997805      12.000000
Optimizer: Optimization complete!
-------------------------------------------
|   Optimized geometry for dihedral 70.02  |
-------------------------------------------
[[-1.827614359590797, -1.3271088861746148, 2.89525596105959], [-4.24652721217024, -2.467117505381093, 0.949791260329528], [-3.8266269162081237, 0.7993002999019301, 1.3236033872645367], [-2.835579058620667, -0.9899027995066199, 1.141404765617527], [-2.187726244067647, -0.7522431309175752, -2.8439471390446887], [-0.10984390570543745, -2.7768450195803673, -1.2974333635541662], [-1.0594968729280254, -0.9598903078521426, -1.1391354997087229], [-0.02106976473499083, 2.9602846483761747, -0.8015847605500563], [1.8283015217319356, 1.2558783881759943, -2.918926897549107], [0.9212187260089076, 1.1536493198570126, -1.0779620462361186], [2.184895352472065, 0.8264982671291571, 2.833209389942035], [4.357589359326634, 2.311497943298008, 0.8307690229079683], [3.9517918798376304, -0.9747095816847782, 0.6834455642718106], [2.965192454107502, 0.8082851041106881, 0.9367655756937053]]
 1.0 H    H              1.0000    -1.827614    -1.327109     2.895256       1.007825
 1.0 H    H              1.0000    -4.246527    -2.467118     0.949791       1.007825
 1.0 H    H              1.0000    -3.826627     0.799300     1.323603       1.007825
 6.0 C    C              6.0000    -2.835579    -0.989903     1.141405      12.000000
 1.0 H    H              1.0000    -2.187726    -0.752243    -2.843947       1.007825
 1.0 H    H              1.0000    -0.109844    -2.776845    -1.297433       1.007825
 6.0 C    C              6.0000    -1.059497    -0.959890    -1.139135      12.000000
 1.0 H    H              1.0000    -0.021070     2.960285    -0.801585       1.007825
 1.0 H    H              1.0000     1.828302     1.255878    -2.918927       1.007825
 6.0 C    C              6.0000     0.921219     1.153649    -1.077962      12.000000
 1.0 H    H              1.0000     2.184895     0.826498     2.833209       1.007825
 1.0 H    H              1.0000     4.357589     2.311498     0.830769       1.007825
 1.0 H    H              1.0000     3.951792    -0.974710     0.683446       1.007825
 6.0 C    C              6.0000     2.965192     0.808285     0.936766      12.000000
Optimizer: Optimization complete!
-------------------------------------------
|   Optimized geometry for dihedral 80.03  |
-------------------------------------------
[[-1.9922803005473344, -1.1415583252237829, 2.9126639714444016], [-4.161406607724146, -2.664549718287555, 0.9315726022654321], [-4.059219357814831, 0.6470722760788584, 1.0387274837504212], [-2.9042165746736566, -1.0495091927581413, 1.076799137589895], [-2.0103041078568165, -0.9882028685493413, -2.861004527532053], [0.08507113462126072, -2.788494819570665, -1.08144949208184], [-0.9822746410280643, -1.0317817373846465, -1.082604878493214], [-0.1877262886676322, 2.932336197926968, -0.5644794919360808], [1.6526824730473804, 1.4893053775588896, -2.872947015381343], [0.8523358733459832, 1.213853044214515, -1.0007770475309277], [2.3484402218389153, 0.6425045582197499, 2.797850094631428], [4.272995068627517, 2.5081912318471953, 0.8575829169377591], [4.149117994236801, -0.7730398089537845, 0.4026740642309263], [3.0259776627780997, 0.8788965121147956, 0.8754655406933334]]
 1.0 H    H              1.0000    -1.992280    -1.141558     2.912664       1.007825
 1.0 H    H              1.0000    -4.161407    -2.664550     0.931573       1.007825
 1.0 H    H              1.0000    -4.059219     0.647072     1.038727       1.007825
 6.0 C    C              6.0000    -2.904217    -1.049509     1.076799      12.000000
 1.0 H    H              1.0000    -2.010304    -0.988203    -2.861005       1.007825
 1.0 H    H              1.0000     0.085071    -2.788495    -1.081449       1.007825
 6.0 C    C              6.0000    -0.982275    -1.031782    -1.082605      12.000000
 1.0 H    H              1.0000    -0.187726     2.932336    -0.564479       1.007825
 1.0 H    H              1.0000     1.652682     1.489305    -2.872947       1.007825
 6.0 C    C              6.0000     0.852336     1.213853    -1.000777      12.000000
 1.0 H    H              1.0000     2.348440     0.642505     2.797850       1.007825
 1.0 H    H              1.0000     4.272995     2.508191     0.857583       1.007825
 1.0 H    H              1.0000     4.149118    -0.773040     0.402674       1.007825
 6.0 C    C              6.0000     3.025978     0.878897     0.875466      12.000000
Optimizer: Optimization complete!
-------------------------------------------
|   Optimized geometry for dihedral 90.03  |
-------------------------------------------
[[-2.186477363271879, -1.0150843758046624, 2.894331704054844], [-4.074138315556029, -2.8649217412394004, 0.8988330010564628], [-4.251900242767169, 0.4426595509533, 0.7516837488396183], [-2.9684474530648206, -1.1394545537435303, 0.9999709646694904], [-1.7945975419237299, -1.2229498486234014, -2.8594939302876403], [0.2759610902288467, -2.7827355521841297, -0.844221875973446], [-0.8966412784867229, -1.1041860710058815, -1.0158000788165487], [-0.3479070993660329, 2.8828123955703795, -0.3175466891192408], [1.4436643174768589, 1.7110964207114978, -2.8072894820689656], [0.7770772377962216, 1.2704991547466078, -0.9148907289040824], [2.535094453397544, 0.5301660251515738, 2.735045152934293], [4.183551587480397, 2.712729950136789, 0.8679117670642045], [4.3070404591835905, -0.5193694144867753, 0.13877526322489725], [3.080428337292677, 0.9836897522659719, 0.8082666946556114]]
 1.0 H    H              1.0000    -2.186477    -1.015084     2.894332       1.007825
 1.0 H    H              1.0000    -4.074138    -2.864922     0.898833       1.007825
 1.0 H    H              1.0000    -4.251900     0.442660     0.751684       1.007825
 6.0 C    C              6.0000    -2.968447    -1.139455     0.999971      12.000000
 1.0 H    H              1.0000    -1.794598    -1.222950    -2.859494       1.007825
 1.0 H    H              1.0000     0.275961    -2.782736    -0.844222       1.007825
 6.0 C    C              6.0000    -0.896641    -1.104186    -1.015800      12.000000
 1.0 H    H              1.0000    -0.347907     2.882812    -0.317547       1.007825
 1.0 H    H              1.0000     1.443664     1.711096    -2.807289       1.007825
 6.0 C    C              6.0000     0.777077     1.270499    -0.914891      12.000000
 1.0 H    H              1.0000     2.535094     0.530166     2.735045       1.007825
 1.0 H    H              1.0000     4.183552     2.712730     0.867912       1.007825
 1.0 H    H              1.0000     4.307040    -0.519369     0.138775       1.007825
 6.0 C    C              6.0000     3.080428     0.983690     0.808267      12.000000
Optimizer: Optimization complete!
-------------------------------------------
|   Optimized geometry for dihedral 100.03  |
-------------------------------------------
[[-2.400908002088744, -0.9950028836617723, 2.8506764572614034], [-4.02305313788908, -3.0411611120742137, 0.8093985045447503], [-4.380797377278768, 0.24141925449543505, 0.49767383227450257], [-3.0306401203075453, -1.2479122604220618, 0.9119903413109145], [-1.5499840107291463, -1.4323814616037018, -2.837118823778315], [0.43944219938548956, -2.75906064426261, -0.5915361749016949], [-0.8120400854819652, -1.1675320587845686, -0.9391271590435353], [-0.4794500179876281, 2.814711647499681, -0.05448716751490716], [1.205848575060623, 1.911069606570396, -2.719770536664976], [0.7031743454922318, 1.3189630721917176, -0.8187688696870644], [2.7423444689751437, 0.5200868542774524, 2.6626765692402206], [4.1237721093523705, 2.9010737627571213, 0.8167354008922588], [4.405967032800768, -0.27646010690209477, -0.09108475301091465], [3.1325197986169817, 1.1061987869223038, 0.7330995537275724]]
 1.0 H    H              1.0000    -2.400908    -0.995003     2.850676       1.007825
 1.0 H    H              1.0000    -4.023053    -3.041161     0.809399       1.007825
 1.0 H    H              1.0000    -4.380797     0.241419     0.497674       1.007825
 6.0 C    C              6.0000    -3.030640    -1.247912     0.911990      12.000000
 1.0 H    H              1.0000    -1.549984    -1.432381    -2.837119       1.007825
 1.0 H    H              1.0000     0.439442    -2.759061    -0.591536       1.007825
 6.0 C    C              6.0000    -0.812040    -1.167532    -0.939127      12.000000
 1.0 H    H              1.0000    -0.479450     2.814712    -0.054487       1.007825
 1.0 H    H              1.0000     1.205849     1.911070    -2.719771       1.007825
 6.0 C    C              6.0000     0.703174     1.318963    -0.818769      12.000000
 1.0 H    H              1.0000     2.742344     0.520087     2.662677       1.007825
 1.0 H    H              1.0000     4.123772     2.901074     0.816735       1.007825
 1.0 H    H              1.0000     4.405967    -0.276460    -0.091085       1.007825
 6.0 C    C              6.0000     3.132520     1.106199     0.733100      12.000000
Optimizer: Optimization complete!
-------------------------------------------
|   Optimized geometry for dihedral 110.03  |
-------------------------------------------
[[-2.634173752554771, -0.9863006865602766, 2.7835899303526843], [-3.9736104398548426, -3.2041474808443, 0.7145912658232867], [-4.480589450706767, 0.037047536075536035, 0.22879471751352132], [-3.090612310237229, -1.354634452610463, 0.8152778509047892], [-1.2779397889797857, -1.6244376529742366, -2.78717780758284], [0.5639627955235132, -2.723521192883871, -0.30890867146183437], [-0.7314307245880061, -1.223747795919922, -0.8491867269385961], [-0.57002724982075, 2.731808254572017, 0.20817575500633229], [0.9523882800147387, 2.069068600438334, -2.6176742135882596], [0.6369358062780596, 1.352807672498893, -0.7196503812461553], [2.956809559831942, 0.5456654059806152, 2.5728541263679023], [4.061693706525794, 3.0838418687755014, 0.7478556086159769], [4.475311640541021, -0.02987225736515019, -0.31616321186636986], [3.178906979725156, 1.234044304408781, 0.6505983823276873]]
 1.0 H    H              1.0000    -2.634174    -0.986301     2.783590       1.007825
 1.0 H    H              1.0000    -3.973610    -3.204147     0.714591       1.007825
 1.0 H    H              1.0000    -4.480589     0.037048     0.228795       1.007825
 6.0 C    C              6.0000    -3.090612    -1.354634     0.815278      12.000000
 1.0 H    H              1.0000    -1.277940    -1.624438    -2.787178       1.007825
 1.0 H    H              1.0000     0.563963    -2.723521    -0.308909       1.007825
 6.0 C    C              6.0000    -0.731431    -1.223748    -0.849187      12.000000
 1.0 H    H              1.0000    -0.570027     2.731808     0.208176       1.007825
 1.0 H    H              1.0000     0.952388     2.069069    -2.617674       1.007825
 6.0 C    C              6.0000     0.636936     1.352808    -0.719650      12.000000
 1.0 H    H              1.0000     2.956810     0.545665     2.572854       1.007825
 1.0 H    H              1.0000     4.061694     3.083842     0.747856       1.007825
 1.0 H    H              1.0000     4.475312    -0.029872    -0.316163       1.007825
 6.0 C    C              6.0000     3.178907     1.234044     0.650598      12.000000
Optimizer: Optimization complete!
-------------------------------------------
|   Optimized geometry for dihedral 120.03  |
-------------------------------------------
[[-2.8624092728128043, -1.003343524259444, 2.6979248310082977], [-3.939451832984929, -3.3375323981991247, 0.6011140234025267], [-4.540200226728681, -0.13660070788329118, -0.026260933532160018], [-3.1446287601798892, -1.4487364549082113, 0.7130044890433576], [-1.0043429519968947, -1.7740676034459322, -2.7129189902780557], [0.6415898648129604, -2.677066631309093, -0.027954520447766508], [-0.6617506221743173, -1.2647191850004098, -0.7540644056278664], [-0.6140553399298043, 2.639466104274281, 0.4850358339732972], [0.6910414506863155, 2.201905287034642, -2.487975976448713], [0.5794880414048158, 1.3770551779378624, -0.6115179464233517], [3.173390091088764, 0.5786818997820334, 2.464472461139218], [4.015573259690607, 3.233586527333653, 0.6624511951599417], [4.505793934720725, 0.18357418592860325, -0.5448466299814858], [3.221270282788212, 1.3440764656465993, 0.5592665940285515]]
 1.0 H    H              1.0000    -2.862409    -1.003344     2.697925       1.007825
 1.0 H    H              1.0000    -3.939452    -3.337532     0.601114       1.007825
 1.0 H    H              1.0000    -4.540200    -0.136601    -0.026261       1.007825
 6.0 C    C              6.0000    -3.144629    -1.448736     0.713004      12.000000
 1.0 H    H              1.0000    -1.004343    -1.774068    -2.712919       1.007825
 1.0 H    H              1.0000     0.641590    -2.677067    -0.027955       1.007825
 6.0 C    C              6.0000    -0.661751    -1.264719    -0.754064      12.000000
 1.0 H    H              1.0000    -0.614055     2.639466     0.485036       1.007825
 1.0 H    H              1.0000     0.691041     2.201905    -2.487976       1.007825
 6.0 C    C              6.0000     0.579488     1.377055    -0.611518      12.000000
 1.0 H    H              1.0000     3.173390     0.578682     2.464472       1.007825
 1.0 H    H              1.0000     4.015573     3.233587     0.662451       1.007825
 1.0 H    H              1.0000     4.505794     0.183574    -0.544847       1.007825
 6.0 C    C              6.0000     3.221270     1.344076     0.559267      12.000000
Optimizer: Optimization complete!
-------------------------------------------
|   Optimized geometry for dihedral 130.03  |
-------------------------------------------
[[-3.0850580055076184, -1.0403244976797672, 2.6003866022423847], [-3.931910902234274, -3.4295297826666493, 0.46104334558679166], [-4.553261247317271, -0.2548512387883167, -0.264620541177431], [-3.192737758392881, -1.521206765209759, 0.6077347562187906], [-0.7308923676411854, -1.9065759251219092, -2.603010301258266], [0.677410859127653, -2.626459817137959, 0.26674136055134023], [-0.5991076235665326, -1.2998881392718276, -0.6461805393598042], [-0.6199146476531081, 2.550359707940675, 0.734668637939837], [0.4464228892485094, 2.283200436621634, -2.3521648962436568], [0.5329132034362724, 1.3875357741351386, -0.5069212564964178], [3.369796127200197, 0.6632687257938619, 2.359262213354155], [3.988290632232482, 3.354829492306276, 0.5220559229285914], [4.4956003773078415, 0.3312357429128565, -0.739654168720372], [3.2541883700529186, 1.4398452001142763, 0.4626659106162705]]
 1.0 H    H              1.0000    -3.085058    -1.040324     2.600387       1.007825
 1.0 H    H              1.0000    -3.931911    -3.429530     0.461043       1.007825
 1.0 H    H              1.0000    -4.553261    -0.254851    -0.264621       1.007825
 6.0 C    C              6.0000    -3.192738    -1.521207     0.607735      12.000000
 1.0 H    H              1.0000    -0.730892    -1.906576    -2.603010       1.007825
 1.0 H    H              1.0000     0.677411    -2.626460     0.266741       1.007825
 6.0 C    C              6.0000    -0.599108    -1.299888    -0.646181      12.000000
 1.0 H    H              1.0000    -0.619915     2.550360     0.734669       1.007825
 1.0 H    H              1.0000     0.446423     2.283200    -2.352165       1.007825
 6.0 C    C              6.0000     0.532913     1.387536    -0.506921      12.000000
 1.0 H    H              1.0000     3.369796     0.663269     2.359262       1.007825
 1.0 H    H              1.0000     3.988291     3.354829     0.522056       1.007825
 1.0 H    H              1.0000     4.495600     0.331236    -0.739654       1.007825
 6.0 C    C              6.0000     3.254188     1.439845     0.462666      12.000000
Optimizer: Optimization complete!
-------------------------------------------
|   Optimized geometry for dihedral 140.03  |
-------------------------------------------
[[-3.295307576924375, -1.055250721689501, 2.489272694114404], [-3.9323246808798573, -3.4879815842837667, 0.32522037736995135], [-4.546442581909346, -0.3346389369126335, -0.494176061102575], [-3.237837049078109, -1.5651425128373564, 0.5017588861408409], [-0.5019207054048056, -1.9766849109734583, -2.4875078063462435], [0.6672172195606654, -2.584652682158942, 0.5151949036158946], [-0.5561566656559478, -1.3169152889859932, -0.5436347871627604], [-0.5751645339965548, 2.4598767485503408, 1.0044286402459446], [0.21944225583987753, 2.3591939522653926, -2.175416470319985], [0.49988390590525805, 1.3930655151018094, -0.38521338990689974], [3.5803113822088646, 0.6694311189978484, 2.2142812006046944], [3.977092718231368, 3.4274204692916563, 0.41346953274144155], [4.457530688621129, 0.4552494366656399, -0.9747568931246771], [3.289874072623405, 1.4947064119562952, 0.35738054312973183]]
 1.0 H    H              1.0000    -3.295308    -1.055251     2.489273       1.007825
 1.0 H    H              1.0000    -3.932325    -3.487982     0.325220       1.007825
 1.0 H    H              1.0000    -4.546443    -0.334639    -0.494176       1.007825
 6.0 C    C              6.0000    -3.237837    -1.565143     0.501759      12.000000
 1.0 H    H              1.0000    -0.501921    -1.976685    -2.487508       1.007825
 1.0 H    H              1.0000     0.667217    -2.584653     0.515195       1.007825
 6.0 C    C              6.0000    -0.556157    -1.316915    -0.543635      12.000000
 1.0 H    H              1.0000    -0.575165     2.459877     1.004429       1.007825
 1.0 H    H              1.0000     0.219442     2.359194    -2.175416       1.007825
 6.0 C    C              6.0000     0.499884     1.393066    -0.385213      12.000000
 1.0 H    H              1.0000     3.580311     0.669431     2.214281       1.007825
 1.0 H    H              1.0000     3.977093     3.427420     0.413470       1.007825
 1.0 H    H              1.0000     4.457531     0.455249    -0.974757       1.007825
 6.0 C    C              6.0000     3.289874     1.494706     0.357381      12.000000
Optimizer: Optimization complete!
-------------------------------------------
|   Optimized geometry for dihedral 150.03  |
-------------------------------------------
[[-3.5004874082916784, -1.0386410791976444, 2.363893382260813], [-3.935688735208705, -3.522797971775128, 0.2094673458581047], [-4.51189763830548, -0.3955459566508573, -0.7259992293065896], [-3.2762720922280435, -1.5892008149265064, 0.39957639954907787], [-0.28988433401775576, -2.049294511368393, -2.3403188752523536], [0.6284116468923283, -2.5431889536398864, 0.7723222817710097], [-0.52092776547809, -1.3332222572956915, -0.4287474577921221], [-0.5036218552471516, 2.380207605295274, 1.2410358557688217], [0.020909805622949244, 2.4005923556874453, -1.9993634537384175], [0.477607070700212, 1.3898033115610013, -0.2702079372435909], [3.7741925723444703, 0.6811103064858514, 2.0522032521645386], [3.9664468074548522, 3.4826264154847277, 0.2868269065001224], [4.3924321395471235, 0.5515879768512465, -1.2012603466937657], [3.3161650900200037, 1.5370998631506536, 0.24404880330588494]]
 1.0 H    H              1.0000    -3.500487    -1.038641     2.363893       1.007825
 1.0 H    H              1.0000    -3.935689    -3.522798     0.209467       1.007825
 1.0 H    H              1.0000    -4.511898    -0.395546    -0.725999       1.007825
 6.0 C    C              6.0000    -3.276272    -1.589201     0.399576      12.000000
 1.0 H    H              1.0000    -0.289884    -2.049295    -2.340319       1.007825
 1.0 H    H              1.0000     0.628412    -2.543189     0.772322       1.007825
 6.0 C    C              6.0000    -0.520928    -1.333222    -0.428747      12.000000
 1.0 H    H              1.0000    -0.503622     2.380208     1.241036       1.007825
 1.0 H    H              1.0000     0.020910     2.400592    -1.999363       1.007825
 6.0 C    C              6.0000     0.477607     1.389803    -0.270208      12.000000
 1.0 H    H              1.0000     3.774193     0.681110     2.052203       1.007825
 1.0 H    H              1.0000     3.966447     3.482626     0.286827       1.007825
 1.0 H    H              1.0000     4.392432     0.551588    -1.201260       1.007825
 6.0 C    C              6.0000     3.316165     1.537100     0.244049      12.000000
Optimizer: Optimization complete!
-------------------------------------------
|   Optimized geometry for dihedral 160.03  |
-------------------------------------------
[[-3.6999275251570327, -0.969181046755485, 2.2126969072547564], [-3.9442391830367174, -3.533425172125069, 0.12415106368195843], [-4.453762621308095, -0.4473863673841352, -0.9722189013651018], [-3.310730162061888, -1.5895456449799668, 0.295484081951486], [-0.11400520386281386, -2.106439814826598, -2.1834841628656303], [0.5617666831818263, -2.5112849380518143, 1.006779491874132], [-0.4982065344037258, -1.344574307419439, -0.3139017119371153], [-0.41089954836557635, 2.316312142419757, 1.449687566372438], [-0.13204770420246054, 2.4244151303141064, -1.8227593016263346], [0.4692890301810412, 1.3819420100458963, -0.1569165437264101], [3.9507354580219096, 0.6450799366268972, 1.8709478422261607], [3.963990253733149, 3.507908923426095, 0.19730800127882697], [4.306591153284281, 0.6375733846293717, -1.4241262997689808], [3.337279129452672, 1.5552373482368527, 0.13678636058270216]]
 1.0 H    H              1.0000    -3.699928    -0.969181     2.212697       1.007825
 1.0 H    H              1.0000    -3.944239    -3.533425     0.124151       1.007825
 1.0 H    H              1.0000    -4.453763    -0.447386    -0.972219       1.007825
 6.0 C    C              6.0000    -3.310730    -1.589546     0.295484      12.000000
 1.0 H    H              1.0000    -0.114005    -2.106440    -2.183484       1.007825
 1.0 H    H              1.0000     0.561767    -2.511285     1.006779       1.007825
 6.0 C    C              6.0000    -0.498207    -1.344574    -0.313902      12.000000
 1.0 H    H              1.0000    -0.410900     2.316312     1.449688       1.007825
 1.0 H    H              1.0000    -0.132048     2.424415    -1.822759       1.007825
 6.0 C    C              6.0000     0.469289     1.381942    -0.156917      12.000000
 1.0 H    H              1.0000     3.950735     0.645080     1.870948       1.007825
 1.0 H    H              1.0000     3.963990     3.507909     0.197308       1.007825
 1.0 H    H              1.0000     4.306591     0.637573    -1.424126       1.007825
 6.0 C    C              6.0000     3.337279     1.555237     0.136786      12.000000
Optimizer: Optimization complete!
-------------------------------------------
|   Optimized geometry for dihedral 170.03  |
-------------------------------------------
[[-3.8855921791893953, -0.8939552392574651, 2.0422213277280057], [-3.954125610169742, -3.5335428959911837, 0.036910403207953184], [-4.36724844183255, -0.49135853839104354, -1.212337896055916], [-3.3360102844189887, -1.5830217529173667, 0.18833901417012197], [0.040324442659013665, -2.156568645770219, -2.0157339470775666], [0.47601384141281594, -2.4860218074322527, 1.2271661162649787], [-0.48303966183020025, -1.3540876410767828, -0.1969066218646067], [-0.29923509194331, 2.257568225404376, 1.6512643801514073], [-0.26433309876864175, 2.446057942544223, -1.6317249329657355], [0.4685562221475744, 1.372804764321649, -0.03892254247785136], [4.113546036999822, 0.5993672136355905, 1.6694754127240112], [3.963187116591303, 3.5218326765561616, 0.11063589972538647], [4.191947800270852, 0.717902200585855, -1.6420252007274856], [3.34927721075327, 1.5658767416607737, 0.027682057754079573]]
 1.0 H    H              1.0000    -3.885592    -0.893955     2.042221       1.007825
 1.0 H    H              1.0000    -3.954126    -3.533543     0.036910       1.007825
 1.0 H    H              1.0000    -4.367248    -0.491359    -1.212338       1.007825
 6.0 C    C              6.0000    -3.336010    -1.583022     0.188339      12.000000
 1.0 H    H              1.0000     0.040324    -2.156569    -2.015734       1.007825
 1.0 H    H              1.0000     0.476014    -2.486022     1.227166       1.007825
 6.0 C    C              6.0000    -0.483040    -1.354088    -0.196907      12.000000
 1.0 H    H              1.0000    -0.299235     2.257568     1.651264       1.007825
 1.0 H    H              1.0000    -0.264333     2.446058    -1.631725       1.007825
 6.0 C    C              6.0000     0.468556     1.372805    -0.038923      12.000000
 1.0 H    H              1.0000     4.113546     0.599367     1.669475       1.007825
 1.0 H    H              1.0000     3.963187     3.521833     0.110636       1.007825
 1.0 H    H              1.0000     4.191948     0.717902    -1.642025       1.007825
 6.0 C    C              6.0000     3.349277     1.565877     0.027682      12.000000
------------------------
    Table of Energies   
------------------------
         D          E(SCF)
    -180.0 -157.2964048711
  -169.999 -157.2980486570
  -159.998 -157.2970664019
  -149.997 -157.2956761800
  -139.996 -157.2942005921
  -129.995 -157.2930551026
  -119.994 -157.2925795512
  -109.993 -157.2929190718
   -99.992 -157.2939163496
   -89.991 -157.2951878649
    -79.99 -157.2962403566
   -69.989 -157.2968143869
   -59.988 -157.2967826096
   -49.987 -157.2960452862
   -39.986 -157.2946303488
   -29.985 -157.2927220615
   -19.984 -157.2907188101
    -9.983 -157.2891476439
     0.018 -157.2885338557
    10.019 -157.2891346738
     20.02 -157.2906909417
    30.021 -157.2927275014
    40.022 -157.2946112431
    50.023 -157.2960492050
    60.024 -157.2967826683
    70.025 -157.2968147609
    80.026 -157.2962396411
    90.027 -157.2951773958
   100.028 -157.2939178497
   110.029 -157.2929214327
    120.03 -157.2925762430
   130.031 -157.2930475660
   140.032 -157.2942003575
   150.033 -157.2956901549
   160.034 -157.2970642940
   170.035 -157.2980470787

Relative table (Kcal/mol)
         D          E(SCF)
    -180.0    1.0314912415
  -169.999    0.0000000000
  -159.998    0.6163744129
  -149.997    1.4887518684
  -139.996    2.4146972619
  -129.995    3.1335028036
  -119.994    3.4319158681
  -109.993    3.2188634674
   -99.992    2.5930621261
   -89.991    1.7951742326
    -79.99    1.1347256842
   -69.989    0.7745162359
   -59.988    0.7944567930
   -49.987    1.2571342305
   -39.986    2.1450208828
   -29.985    3.3424892503
   -19.984    4.5995485693
    -9.983    5.5854703078
     0.018    5.9706281825
    10.019    5.5936091570
     20.02    4.6170362300
    30.021    3.3390757063
    40.022    2.1570098944
    50.023    1.2546751271
    60.024    0.7944199591
    70.025    0.7742815264
    80.026    1.1351746367
    90.027    1.8017436758
   100.028    2.5921208405
   110.029    3.2173819271
    120.03    3.4339917467
   130.031    3.1382321067
   140.032    2.4148445037
   150.033    1.4799824659
   160.034    0.6176971304
   170.035    0.0009903981

