-------------------------------------------
|   Optimized geometry for dihedral 180.00  |
-------------------------------------------
[[-3.3665238823150165, -2.5303721013306766, -1.7477011282183958], [-5.309478631397212, -0.598095234230694, 0.2018880465892659], [-3.2053000620841234, -2.8204251418839075, 1.595795628407481], [-3.4171544270192924, -1.4518844497712553, 0.036512708144174524], [-1.4766039250292764, 1.6441302766308528, 1.8865624294172623], [-1.6356738874229488, 1.9311872825736263, -1.4320166303804878], [-1.333985639878463, 0.552392583807025, 0.10977709098542118], [1.4779792917384345, -1.6395496893298673, -1.8928716523565958], [1.6336460422972692, -1.9346183388490834, 1.425155663145934], [1.3338015232565092, -0.5520510725274296, -0.11360972420069655], [3.2083226133693565, 2.8230432387957705, -1.590026412201579], [5.309735930031261, 0.5976564128517832, -0.19675895658211448], [3.3640607061466152, 2.526768064712315, 1.7531780740269913], [3.417324753627234, 1.4515660538036537, -0.03294925339219127]]
 1.0 H    H              1.0000    -3.366524    -2.530372    -1.747701       1.007825
 1.0 H    H              1.0000    -5.309479    -0.598095     0.201888       1.007825
 1.0 H    H              1.0000    -3.205300    -2.820425     1.595796       1.007825
 6.0 C    C              6.0000    -3.417154    -1.451884     0.036513      12.000000
 1.0 H    H              1.0000    -1.476604     1.644130     1.886562       1.007825
 1.0 H    H              1.0000    -1.635674     1.931187    -1.432017       1.007825
 6.0 C    C              6.0000    -1.333986     0.552393     0.109777      12.000000
 1.0 H    H              1.0000     1.477979    -1.639550    -1.892872       1.007825
 1.0 H    H              1.0000     1.633646    -1.934618     1.425156       1.007825
 6.0 C    C              6.0000     1.333802    -0.552051    -0.113610      12.000000
 1.0 H    H              1.0000     3.208323     2.823043    -1.590026       1.007825
 1.0 H    H              1.0000     5.309736     0.597656    -0.196759       1.007825
 1.0 H    H              1.0000     3.364061     2.526768     1.753178       1.007825
 6.0 C    C              6.0000     3.417325     1.451566    -0.032949      12.000000
Optimizer: Optimization complete!
-------------------------------------------
|   Optimized geometry for dihedral 190.00  |
-------------------------------------------
[[-3.318470592552187, -2.728811323390007, -1.5187487724525726], [-5.25047990515887, -0.7003478009099574, 0.2523771417389392], [-3.09791838848735, -2.700099425452538, 1.7880138805875674], [-3.3707288120170387, -1.5136330057509741, 0.1356008553093202], [-1.4693942032231022, 1.7153388819859259, 1.6763114724655812], [-1.7237732247848105, 1.7827448573875027, -1.6017233780466975], [-1.3463496962013526, 0.5410703223861136, -0.007465401388004384], [1.5509820061787334, -1.463179115702932, -2.0417269171094543], [1.6061525130681134, -1.9682650428828563, 1.207366650518631], [1.335194761238387, -0.5204402355220777, -0.22774189908294667], [3.183536684671506, 2.978366406201169, -1.326535888478246], [5.256565481992134, 0.6890910595393639, -0.12404766497186598], [3.274283026125777, 2.3739232364725735, 1.9308491333442968], [3.3809193089978176, 1.4947866236261214, 0.07927058042145083]]
 1.0 H    H              1.0000    -3.318471    -2.728811    -1.518749       1.007825
 1.0 H    H              1.0000    -5.250480    -0.700348     0.252377       1.007825
 1.0 H    H              1.0000    -3.097918    -2.700099     1.788014       1.007825
 6.0 C    C              6.0000    -3.370729    -1.513633     0.135601      12.000000
 1.0 H    H              1.0000    -1.469394     1.715339     1.676311       1.007825
 1.0 H    H              1.0000    -1.723773     1.782745    -1.601723       1.007825
 6.0 C    C              6.0000    -1.346350     0.541070    -0.007465      12.000000
 1.0 H    H              1.0000     1.550982    -1.463179    -2.041727       1.007825
 1.0 H    H              1.0000     1.606153    -1.968265     1.207367       1.007825
 6.0 C    C              6.0000     1.335195    -0.520440    -0.227742      12.000000
 1.0 H    H              1.0000     3.183537     2.978366    -1.326536       1.007825
 1.0 H    H              1.0000     5.256565     0.689091    -0.124048       1.007825
 1.0 H    H              1.0000     3.274283     2.373923     1.930849       1.007825
 6.0 C    C              6.0000     3.380919     1.494787     0.079271      12.000000
Optimizer: Optimization complete!
-------------------------------------------
|   Optimized geometry for dihedral 200.00  |
-------------------------------------------
[[-3.3429946964253494, -2.849868810515596, -1.3091922906511877], [-5.23743572271505, -0.7026009871620169, 0.36047665313672506], [-3.010962838496222, -2.5556993303668576, 1.9755656166626727], [-3.3532448034757047, -1.5067882554835517, 0.2448034997315567], [-1.4441013063939863, 1.8394291049026694, 1.4717694996649622], [-1.7972584006395171, 1.6669664377687448, -1.7906913401596818], [-1.3563146282326453, 0.5468012429330908, -0.1251936905601453], [1.6073463800144832, -1.3157377175935578, -2.213766735039334], [1.5607407714035273, -2.0551454935465587, 0.9876732560910153], [1.3340116670065678, -0.5055534536337406, -0.3450844411978012], [3.22862876128529, 3.0613840131709567, -1.102383003108255], [5.253750543204933, 0.6724267783723602, -0.016461135010713515], [3.2041390510189136, 2.1984310668989906, 2.0977933419238854], [3.373712469776699, 1.4689347317056494, 0.1867755060247737]]
 1.0 H    H              1.0000    -3.342995    -2.849869    -1.309192       1.007825
 1.0 H    H              1.0000    -5.237436    -0.702601     0.360477       1.007825
 1.0 H    H              1.0000    -3.010963    -2.555699     1.975566       1.007825
 6.0 C    C              6.0000    -3.353245    -1.506788     0.244803      12.000000
 1.0 H    H              1.0000    -1.444101     1.839429     1.471769       1.007825
 1.0 H    H              1.0000    -1.797258     1.666966    -1.790691       1.007825
 6.0 C    C              6.0000    -1.356315     0.546801    -0.125194      12.000000
 1.0 H    H              1.0000     1.607346    -1.315738    -2.213767       1.007825
 1.0 H    H              1.0000     1.560741    -2.055145     0.987673       1.007825
 6.0 C    C              6.0000     1.334012    -0.505553    -0.345084      12.000000
 1.0 H    H              1.0000     3.228629     3.061384    -1.102383       1.007825
 1.0 H    H              1.0000     5.253751     0.672427    -0.016461       1.007825
 1.0 H    H              1.0000     3.204139     2.198431     2.097793       1.007825
 6.0 C    C              6.0000     3.373712     1.468935     0.186776      12.000000
Optimizer: Optimization complete!
-------------------------------------------
|   Optimized geometry for dihedral 210.00  |
-------------------------------------------
[[-3.3312004129509787, -2.9674835874275636, -1.0786008641161549], [-5.218752662739908, -0.708865494264999, 0.44557167722149366], [-2.924381985156193, -2.3836111757712932, 2.158384226328071], [-3.3255281985802614, -1.4943789666486627, 0.35271523191371323], [-1.4343465748099893, 1.955595918435602, 1.2548234613493834], [-1.8813000685629326, 1.5323695627222902, -1.9694919131226978], [-1.3698049254778912, 0.5466755063291262, -0.2412847825835271], [1.6753309647411787, -1.1514443122060232, -2.3735599204132405], [1.5296974717280036, -2.131940639130726, 0.7557395928646372], [1.3365401691658865, -0.4851546968806591, -0.4601339797493969], [3.2395095759299837, 3.137059630271138, -0.8547928111483667], [5.243194040782734, 0.6636627847203721, 0.06979788972514261], [3.1336983907523406, 1.9964951515694918, 2.255255034789513], [3.356151719299678, 1.4377429306883154, 0.2930105838678185]]
 1.0 H    H              1.0000    -3.331200    -2.967484    -1.078601       1.007825
 1.0 H    H              1.0000    -5.218753    -0.708865     0.445572       1.007825
 1.0 H    H              1.0000    -2.924382    -2.383611     2.158384       1.007825
 6.0 C    C              6.0000    -3.325528    -1.494379     0.352715      12.000000
 1.0 H    H              1.0000    -1.434347     1.955596     1.254823       1.007825
 1.0 H    H              1.0000    -1.881300     1.532370    -1.969492       1.007825
 6.0 C    C              6.0000    -1.369805     0.546676    -0.241285      12.000000
 1.0 H    H              1.0000     1.675331    -1.151444    -2.373560       1.007825
 1.0 H    H              1.0000     1.529697    -2.131941     0.755740       1.007825
 6.0 C    C              6.0000     1.336540    -0.485155    -0.460134      12.000000
 1.0 H    H              1.0000     3.239510     3.137060    -0.854793       1.007825
 1.0 H    H              1.0000     5.243194     0.663663     0.069798       1.007825
 1.0 H    H              1.0000     3.133698     1.996495     2.255255       1.007825
 6.0 C    C              6.0000     3.356152     1.437743     0.293011      12.000000
Optimizer: Optimization complete!
-------------------------------------------
|   Optimized geometry for dihedral 220.00  |
-------------------------------------------
[[-3.2991994135912774, -3.069089918187286, -0.8549969633258931], [-5.1847549308825736, -0.7359438829037082, 0.5556704989883234], [-2.800372521837832, -2.230504542084135, 2.312081288249995], [-3.2792715386828415, -1.4905709373979292, 0.4585720655008422], [-1.4486001036371374, 2.0611598115545706, 1.0192015165585497], [-1.9768315785759865, 1.3631359212420906, -2.140923234332065], [-1.3876742198783918, 0.5350646931821342, -0.35652957706433086], [1.7557320691607046, -0.9542284027873373, -2.5211918182452906], [1.520889088121159, -2.1948528681070787, 0.5050854435253923], [1.343602424065871, -0.45355713281611865, -0.5727702645997381], [3.2294879509595598, 3.198016032952317, -0.6149391517627887], [5.219910776466578, 0.6709258424247903, 0.18562638483988295], [3.023413994393122, 1.8180056838075747, 2.3909789490252136], [3.3200111852194913, 1.4152259182120568, 0.40046616950496344]]
 1.0 H    H              1.0000    -3.299199    -3.069090    -0.854997       1.007825
 1.0 H    H              1.0000    -5.184755    -0.735944     0.555670       1.007825
 1.0 H    H              1.0000    -2.800373    -2.230505     2.312081       1.007825
 6.0 C    C              6.0000    -3.279272    -1.490571     0.458572      12.000000
 1.0 H    H              1.0000    -1.448600     2.061160     1.019202       1.007825
 1.0 H    H              1.0000    -1.976832     1.363136    -2.140923       1.007825
 6.0 C    C              6.0000    -1.387674     0.535065    -0.356530      12.000000
 1.0 H    H              1.0000     1.755732    -0.954228    -2.521192       1.007825
 1.0 H    H              1.0000     1.520889    -2.194853     0.505085       1.007825
 6.0 C    C              6.0000     1.343602    -0.453557    -0.572770      12.000000
 1.0 H    H              1.0000     3.229488     3.198016    -0.614939       1.007825
 1.0 H    H              1.0000     5.219911     0.670926     0.185626       1.007825
 1.0 H    H              1.0000     3.023414     1.818006     2.390979       1.007825
 6.0 C    C              6.0000     3.320011     1.415226     0.400466      12.000000
Optimizer: Optimization complete!
-------------------------------------------
|   Optimized geometry for dihedral 230.00  |
-------------------------------------------
[[-3.2652924590217984, -3.1367718376892118, -0.6370327315352705], [-5.139194549689166, -0.7411071054437869, 0.6844370601207155], [-2.6609968033731777, -2.0725961839713176, 2.443385324144324], [-3.224915530705828, -1.4707651666854324, 0.5631386151333905], [-1.4708443292615743, 2.1611765905497005, 0.7686877530258284], [-2.0678066958344754, 1.1746527286923558, -2.298526015964694], [-1.404604311756021, 0.5218030639073385, -0.46861366471453514], [1.8330516822004457, -0.7404914008832868, -2.651499478208178], [1.5186833123907673, -2.2496510378835777, 0.24004050176262076], [1.350039518899894, -0.4208896882988337, -0.6819352403035084], [3.2167596841476924, 3.2265295011862314, -0.38632602855011206], [5.1866891969737505, 0.6532694186333639, 0.31703116120927877], [2.895691058132963, 1.638547258138266, 2.5053596238231277], [3.2755548369435563, 1.3771116644628285, 0.5046378576939563]]
 1.0 H    H              1.0000    -3.265292    -3.136772    -0.637033       1.007825
 1.0 H    H              1.0000    -5.139195    -0.741107     0.684437       1.007825
 1.0 H    H              1.0000    -2.660997    -2.072596     2.443385       1.007825
 6.0 C    C              6.0000    -3.224916    -1.470765     0.563139      12.000000
 1.0 H    H              1.0000    -1.470844     2.161177     0.768688       1.007825
 1.0 H    H              1.0000    -2.067807     1.174653    -2.298526       1.007825
 6.0 C    C              6.0000    -1.404604     0.521803    -0.468614      12.000000
 1.0 H    H              1.0000     1.833052    -0.740491    -2.651499       1.007825
 1.0 H    H              1.0000     1.518683    -2.249651     0.240041       1.007825
 6.0 C    C              6.0000     1.350040    -0.420890    -0.681935      12.000000
 1.0 H    H              1.0000     3.216760     3.226530    -0.386326       1.007825
 1.0 H    H              1.0000     5.186689     0.653269     0.317031       1.007825
 1.0 H    H              1.0000     2.895691     1.638547     2.505360       1.007825
 6.0 C    C              6.0000     3.275555     1.377112     0.504638      12.000000
Optimizer: Optimization complete!
-------------------------------------------
|   Optimized geometry for dihedral 240.01  |
-------------------------------------------
[[-3.156772797986124, -3.230236158628088, -0.4109991294744328], [-5.075866723362003, -0.807458294319686, 0.7908124880512081], [-2.5025723769887613, -1.9211936652843942, 2.5625625421736395], [-3.141494067725852, -1.4798459964389672, 0.66162024897415], [-1.5328077386765855, 2.232377494717409, 0.4989463153987137], [-2.1621309113273357, 0.9339931336332244, -2.4424315820108142], [-1.4258762556010525, 0.4868647137134444, -0.5790938351003326], [1.915423894774227, -0.47772706379394586, -2.759629227740504], [1.554451086670089, -2.2724052160594033, -0.0425752147536645], [1.3611288598506983, -0.36711926687846047, -0.7861690099618475], [3.130721719838426, 3.2784159258324452, -0.1383173641197503], [5.134180213649373, 0.6996116982723659, 0.4387858062502348], [2.747916895680592, 1.4674473453642507, 2.610772073703677], [3.201828595560854, 1.3682618159535083, 0.6105929069634022]]
 1.0 H    H              1.0000    -3.156773    -3.230236    -0.410999       1.007825
 1.0 H    H              1.0000    -5.075867    -0.807458     0.790812       1.007825
 1.0 H    H              1.0000    -2.502572    -1.921194     2.562563       1.007825
 6.0 C    C              6.0000    -3.141494    -1.479846     0.661620      12.000000
 1.0 H    H              1.0000    -1.532808     2.232377     0.498946       1.007825
 1.0 H    H              1.0000    -2.162131     0.933993    -2.442432       1.007825
 6.0 C    C              6.0000    -1.425876     0.486865    -0.579094      12.000000
 1.0 H    H              1.0000     1.915424    -0.477727    -2.759629       1.007825
 1.0 H    H              1.0000     1.554451    -2.272405    -0.042575       1.007825
 6.0 C    C              6.0000     1.361129    -0.367119    -0.786169      12.000000
 1.0 H    H              1.0000     3.130722     3.278416    -0.138317       1.007825
 1.0 H    H              1.0000     5.134180     0.699612     0.438786       1.007825
 1.0 H    H              1.0000     2.747917     1.467447     2.610772       1.007825
 6.0 C    C              6.0000     3.201829     1.368262     0.610593      12.000000
Optimizer: Optimization complete!
-------------------------------------------
|   Optimized geometry for dihedral 250.01  |
-------------------------------------------
[[-2.9980190227268073, -3.333392416692585, -0.1972052190891942], [-4.991575349602491, -0.9192378745445506, 0.8969442705041554], [-2.3208783023103976, -1.7920930653004712, 2.6577268211418015], [-3.032853448427659, -1.5134862876407116, 0.7513767428048782], [-1.6321748444303215, 2.2631302114576957, 0.22309152839311408], [-2.2415699639627698, 0.6531866291936682, -2.5661453666791787], [-1.4483997309126873, 0.43025717654084566, -0.6856075220983372], [1.985203761240161, -0.17905644424973152, -2.839594249493168], [1.6272151258893173, -2.253957581847145, -0.3276721551984871], [1.3740150486643639, -0.2926882404177358, -0.882868592429744], [2.993603163294705, 3.3415590728353646, 0.10409433340728688], [5.061152495314675, 0.7905602402473199, 0.5701595490302725], [2.5749060627676883, 1.322287673941976, 2.6987033439722077], [3.1023784718187946, 1.3849049298057627, 0.7146285217260681]]
 1.0 H    H              1.0000    -2.998019    -3.333392    -0.197205       1.007825
 1.0 H    H              1.0000    -4.991575    -0.919238     0.896944       1.007825
 1.0 H    H              1.0000    -2.320878    -1.792093     2.657727       1.007825
 6.0 C    C              6.0000    -3.032853    -1.513486     0.751377      12.000000
 1.0 H    H              1.0000    -1.632175     2.263130     0.223092       1.007825
 1.0 H    H              1.0000    -2.241570     0.653187    -2.566145       1.007825
 6.0 C    C              6.0000    -1.448400     0.430257    -0.685608      12.000000
 1.0 H    H              1.0000     1.985204    -0.179056    -2.839594       1.007825
 1.0 H    H              1.0000     1.627215    -2.253958    -0.327672       1.007825
 6.0 C    C              6.0000     1.374015    -0.292688    -0.882869      12.000000
 1.0 H    H              1.0000     2.993603     3.341559     0.104094       1.007825
 1.0 H    H              1.0000     5.061152     0.790560     0.570160       1.007825
 1.0 H    H              1.0000     2.574906     1.322288     2.698703       1.007825
 6.0 C    C              6.0000     3.102378     1.384905     0.714629      12.000000
Optimizer: Optimization complete!
-------------------------------------------
|   Optimized geometry for dihedral 260.01  |
-------------------------------------------
[[-2.7678686352496027, -3.4475851112670184, 0.02513065462222208], [-4.894279726098385, -1.0843962948847004, 0.9693021237875955], [-2.1506940667036942, -1.6500729851908735, 2.740176140237815], [-2.9042561441313848, -1.5652606186161357, 0.8314184861603631], [-1.7641411436232923, 2.244207829494152, -0.043353622903876864], [-2.293336726174463, 0.3498946683963804, -2.6686067401986633], [-1.469710066701992, 0.35224917124720795, -0.7874474323453924], [2.0296155871560697, 0.13783782536400488, -2.892221119358682], [1.7337261696452089, -2.187957506606138, -0.5979783616122714], [1.3863086587354967, -0.1980045694262037, -0.9711555588761467], [2.7862992312291444, 3.413498767660541, 0.3635015047266842], [4.972446228814882, 0.9398334827994371, 0.6789167028911006], [2.4120533325275986, 1.1667088805261911, 2.770844781857175], [2.982297581511351, 1.4209288531047377, 0.8141643130522369]]
 1.0 H    H              1.0000    -2.767869    -3.447585     0.025131       1.007825
 1.0 H    H              1.0000    -4.894280    -1.084396     0.969302       1.007825
 1.0 H    H              1.0000    -2.150694    -1.650073     2.740176       1.007825
 6.0 C    C              6.0000    -2.904256    -1.565261     0.831418      12.000000
 1.0 H    H              1.0000    -1.764141     2.244208    -0.043354       1.007825
 1.0 H    H              1.0000    -2.293337     0.349895    -2.668607       1.007825
 6.0 C    C              6.0000    -1.469710     0.352249    -0.787447      12.000000
 1.0 H    H              1.0000     2.029616     0.137838    -2.892221       1.007825
 1.0 H    H              1.0000     1.733726    -2.187958    -0.597978       1.007825
 6.0 C    C              6.0000     1.386309    -0.198005    -0.971156      12.000000
 1.0 H    H              1.0000     2.786299     3.413499     0.363502       1.007825
 1.0 H    H              1.0000     4.972446     0.939833     0.678917       1.007825
 1.0 H    H              1.0000     2.412053     1.166709     2.770845       1.007825
 6.0 C    C              6.0000     2.982298     1.420929     0.814164      12.000000
Optimizer: Optimization complete!
-------------------------------------------
|   Optimized geometry for dihedral 270.01  |
-------------------------------------------
[[-2.512801719909577, -3.5248938371523186, 0.2608732449037287], [-4.804293268024011, -1.2459846201051523, 1.002533470018216], [-2.0405060991941073, -1.4650940943558495, 2.813369829581272], [-2.7848684997062665, -1.5954492783552778, 0.9043293082052694], [-1.899258072792876, 2.1989402939493226, -0.30418338782774607], [-2.30776541802706, 0.046857004577098314, -2.7491636745704455], [-1.4848220352640533, 0.27100161283323637, -0.8799969434789007], [2.0384609919919203, 0.45415483995818856, -2.9196428666119467], [1.843867871371376, -2.095904624155999, -0.8615855516613282], [1.3931532515778118, -0.10046167066954503, -1.0495519765149004], [2.5557918036989404, 3.445629854567868, 0.635871966287903], [4.887450538816359, 1.0908500898523288, 0.7489753239500587], [2.307889027259698, 0.9673858371932406, 2.821720279240001], [2.870756092025834, 1.4356644464794002, 0.9035441705945841]]
 1.0 H    H              1.0000    -2.512802    -3.524894     0.260873       1.007825
 1.0 H    H              1.0000    -4.804293    -1.245985     1.002533       1.007825
 1.0 H    H              1.0000    -2.040506    -1.465094     2.813370       1.007825
 6.0 C    C              6.0000    -2.784868    -1.595449     0.904329      12.000000
 1.0 H    H              1.0000    -1.899258     2.198940    -0.304183       1.007825
 1.0 H    H              1.0000    -2.307765     0.046857    -2.749164       1.007825
 6.0 C    C              6.0000    -1.484822     0.271002    -0.879997      12.000000
 1.0 H    H              1.0000     2.038461     0.454155    -2.919643       1.007825
 1.0 H    H              1.0000     1.843868    -2.095905    -0.861586       1.007825
 6.0 C    C              6.0000     1.393153    -0.100462    -1.049552      12.000000
 1.0 H    H              1.0000     2.555792     3.445630     0.635872       1.007825
 1.0 H    H              1.0000     4.887451     1.090850     0.748975       1.007825
 1.0 H    H              1.0000     2.307889     0.967386     2.821720       1.007825
 6.0 C    C              6.0000     2.870756     1.435664     0.903544      12.000000
Optimizer: Optimization complete!
-------------------------------------------
|   Optimized geometry for dihedral 280.01  |
-------------------------------------------
[[-2.258687542813729, -3.551550121185875, 0.5201524318572756], [-4.725194841518232, -1.3911047717007703, 1.0078793341794319], [-1.9957750711403128, -1.231235581752908, 2.871905368730949], [-2.683832326297902, -1.595051983198554, 0.9732729387196554], [-2.029006889002684, 2.13010195725248, -0.547706089116332], [-2.2909841108085147, -0.23868471626995674, -2.810179930078175], [-1.4946273804633279, 0.18961850931219798, -0.9652467326159151], [2.018445410431772, 0.7457279417680508, -2.9278759379258563], [1.9507334834255472, -1.9844753541869409, -1.1003163721349352], [1.3955978068291581, -0.005378669982621827, -1.1197537815001093], [2.3269604604229275, 3.424386303121475, 0.9188272138418939], [4.8104383039679615, 1.232591808721047, 0.7867553961283291], [2.2672483236152954, 0.726233552867617, 2.8424009109239017], [2.776632069256705, 1.422402886041554, 0.9805555926714609]]
 1.0 H    H              1.0000    -2.258688    -3.551550     0.520152       1.007825
 1.0 H    H              1.0000    -4.725195    -1.391105     1.007879       1.007825
 1.0 H    H              1.0000    -1.995775    -1.231236     2.871905       1.007825
 6.0 C    C              6.0000    -2.683832    -1.595052     0.973273      12.000000
 1.0 H    H              1.0000    -2.029007     2.130102    -0.547706       1.007825
 1.0 H    H              1.0000    -2.290984    -0.238685    -2.810180       1.007825
 6.0 C    C              6.0000    -1.494627     0.189619    -0.965247      12.000000
 1.0 H    H              1.0000     2.018445     0.745728    -2.927876       1.007825
 1.0 H    H              1.0000     1.950733    -1.984475    -1.100316       1.007825
 6.0 C    C              6.0000     1.395598    -0.005379    -1.119754      12.000000
 1.0 H    H              1.0000     2.326960     3.424386     0.918827       1.007825
 1.0 H    H              1.0000     4.810438     1.232592     0.786755       1.007825
 1.0 H    H              1.0000     2.267248     0.726234     2.842401       1.007825
 6.0 C    C              6.0000     2.776632     1.422403     0.980556      12.000000
Optimizer: Optimization complete!
-------------------------------------------
|   Optimized geometry for dihedral 290.01  |
-------------------------------------------
[[-2.0004197629682774, -3.5203007218372906, 0.7983730142927505], [-4.654536915562545, -1.5441564896434528, 0.985118594906998], [-2.026651804472269, -0.9623131473562082, 2.9061058897043113], [-2.6037087599636957, -1.5718960255444456, 1.0350674296918507], [-2.1495860755577114, 2.044413405060742, -0.7776898933224627], [-2.24952612609896, -0.5054544494187571, -2.8504223369886015], [-1.4995668833839102, 0.1113238387141332, -1.0395071650118135], [1.9755911359905167, 1.0150861632387786, -2.916744585577381], [2.049848921295433, -1.8588612360049175, -1.3220829006091672], [1.3941754316880144, 0.08474759092056332, -1.1793056865721332], [2.095828164009141, 3.342800295931072, 1.2102819964676588], [4.739229024826143, 1.3865952179397036, 0.797907098365485], [2.298919754010652, 0.45578305629697746, 2.8259592098338944], [2.7024908686042175, 1.3881207252723728, 1.0445978679055457]]
 1.0 H    H              1.0000    -2.000420    -3.520301     0.798373       1.007825
 1.0 H    H              1.0000    -4.654537    -1.544156     0.985119       1.007825
 1.0 H    H              1.0000    -2.026652    -0.962313     2.906106       1.007825
 6.0 C    C              6.0000    -2.603709    -1.571896     1.035067      12.000000
 1.0 H    H              1.0000    -2.149586     2.044413    -0.777690       1.007825
 1.0 H    H              1.0000    -2.249526    -0.505454    -2.850422       1.007825
 6.0 C    C              6.0000    -1.499567     0.111324    -1.039507      12.000000
 1.0 H    H              1.0000     1.975591     1.015086    -2.916745       1.007825
 1.0 H    H              1.0000     2.049849    -1.858861    -1.322083       1.007825
 6.0 C    C              6.0000     1.394175     0.084748    -1.179306      12.000000
 1.0 H    H              1.0000     2.095828     3.342800     1.210282       1.007825
 1.0 H    H              1.0000     4.739229     1.386595     0.797907       1.007825
 1.0 H    H              1.0000     2.298920     0.455783     2.825959       1.007825
 6.0 C    C              6.0000     2.702491     1.388121     1.044598      12.000000
Optimizer: Optimization complete!
-------------------------------------------
|   Optimized geometry for dihedral 300.01  |
-------------------------------------------
[[-1.7319277836254452, -3.458749038947586, 1.0658608246294683], [-4.562026503689683, -1.7370362208797174, 0.969483452758863], [-2.0809945214329626, -0.7222770735118746, 2.9043968153902555], [-2.521246980951698, -1.5625210441430657, 1.0872928263391868], [-2.2829684917446462, 1.916126956468294, -0.98952963647649], [-2.182663614760276, -0.7742072913079198, -2.8759979345014033], [-1.5002480173374309, 0.017639274176017836, -1.1072340972174826], [1.9088554948215475, 1.2836024478985093, -2.8884973566747383], [2.163777764568401, -1.6943834280416679, -1.5197984002164586], [1.389262252444196, 0.18883967459723114, -1.229354537628518], [1.8531825258451882, 3.233165651078697, 1.4869204788702075], [4.647264372324049, 1.5784588631836196, 0.825033452576488], [2.3508637132396895, 0.22020986773632417, 2.77717310330924], [2.625231473066061, 1.3690673324369844, 1.1018976350478884]]
 1.0 H    H              1.0000    -1.731928    -3.458749     1.065861       1.007825
 1.0 H    H              1.0000    -4.562027    -1.737036     0.969483       1.007825
 1.0 H    H              1.0000    -2.080995    -0.722277     2.904397       1.007825
 6.0 C    C              6.0000    -2.521247    -1.562521     1.087293      12.000000
 1.0 H    H              1.0000    -2.282968     1.916127    -0.989530       1.007825
 1.0 H    H              1.0000    -2.182664    -0.774207    -2.875998       1.007825
 6.0 C    C              6.0000    -1.500248     0.017639    -1.107234      12.000000
 1.0 H    H              1.0000     1.908855     1.283602    -2.888497       1.007825
 1.0 H    H              1.0000     2.163778    -1.694383    -1.519798       1.007825
 6.0 C    C              6.0000     1.389262     0.188840    -1.229355      12.000000
 1.0 H    H              1.0000     1.853183     3.233166     1.486920       1.007825
 1.0 H    H              1.0000     4.647264     1.578459     0.825033       1.007825
 1.0 H    H              1.0000     2.350864     0.220210     2.777173       1.007825
 6.0 C    C              6.0000     2.625231     1.369067     1.101898      12.000000
Optimizer: Optimization complete!
-------------------------------------------
|   Optimized geometry for dihedral 310.01  |
-------------------------------------------
[[-1.5146183869691328, -3.3860671681559458, 1.2874730151454852], [-4.461022034534736, -1.8992902207631437, 0.9892835957760381], [-2.111687046783092, -0.5386034579316145, 2.8775400559147015], [-2.4425685069271577, -1.5596208367828153, 1.1315085291013742], [-2.4194118990718168, 1.7492669810768091, -1.1957045555242647], [-2.0844211512624926, -1.049628130509181, -2.8842317684778465], [-1.4937920596553598, -0.08768822527008101, -1.1681363422917783], [1.8125666975750758, 1.5553887834858648, -2.839135648260082], [2.2816073686143756, -1.4928942344135365, -1.7055007054767228], [1.3779826856881585, 0.3031412269613323, -1.2700061819531807], [1.6570826716505143, 3.1210250815211764, 1.7118368742290686], [4.5499217959775615, 1.7339001352908763, 0.8823291825889105], [2.3773664355117132, 0.04433061948802066, 2.715826840221046], [2.5510388611579273, 1.3578214800065413, 1.1521246009960786]]
 1.0 H    H              1.0000    -1.514618    -3.386067     1.287473       1.007825
 1.0 H    H              1.0000    -4.461022    -1.899290     0.989284       1.007825
 1.0 H    H              1.0000    -2.111687    -0.538603     2.877540       1.007825
 6.0 C    C              6.0000    -2.442569    -1.559621     1.131509      12.000000
 1.0 H    H              1.0000    -2.419412     1.749267    -1.195705       1.007825
 1.0 H    H              1.0000    -2.084421    -1.049628    -2.884232       1.007825
 6.0 C    C              6.0000    -1.493792    -0.087688    -1.168136      12.000000
 1.0 H    H              1.0000     1.812567     1.555389    -2.839136       1.007825
 1.0 H    H              1.0000     2.281607    -1.492894    -1.705501       1.007825
 6.0 C    C              6.0000     1.377983     0.303141    -1.270006      12.000000
 1.0 H    H              1.0000     1.657083     3.121025     1.711837       1.007825
 1.0 H    H              1.0000     4.549922     1.733900     0.882329       1.007825
 1.0 H    H              1.0000     2.377366     0.044331     2.715827       1.007825
 6.0 C    C              6.0000     2.551039     1.357821     1.152125      12.000000
Optimizer: Optimization complete!
-------------------------------------------
|   Optimized geometry for dihedral 320.01  |
-------------------------------------------
[[-1.4123804900482106, -3.2709978079317716, 1.4930076495374436], [-4.4122260281479075, -1.9530682366152254, 1.011726199006496], [-2.176797567931244, -0.3394688940941567, 2.8380572999851257], [-2.4161470947057055, -1.507689273804823, 1.1722011579543121], [-2.515883557540812, 1.602091830356678, -1.390842518746097], [-1.9872161921966052, -1.2813945761169032, -2.866936412035522], [-1.4854391008037555, -0.16953502709630525, -1.2152448103118756], [1.7193496953396552, 1.7797375306897274, -2.7724890697665496], [2.360518791730856, -1.3130488305585661, -1.8800704915595292], [1.3659169760786016, 0.3918958231183497, -1.30106874179326], [1.5736756495358404, 2.970921984750041, 1.9027572051256834], [4.50390134543568, 1.782514016024656, 0.9183247262207715], [2.4368169902671797, -0.14427536897539742, 2.6361644934453525], [2.5281308027097626, 1.2993530645898048, 1.1854052243902968]]
 1.0 H    H              1.0000    -1.412380    -3.270998     1.493008       1.007825
 1.0 H    H              1.0000    -4.412226    -1.953068     1.011726       1.007825
 1.0 H    H              1.0000    -2.176798    -0.339469     2.838057       1.007825
 6.0 C    C              6.0000    -2.416147    -1.507689     1.172201      12.000000
 1.0 H    H              1.0000    -2.515884     1.602092    -1.390843       1.007825
 1.0 H    H              1.0000    -1.987216    -1.281395    -2.866936       1.007825
 6.0 C    C              6.0000    -1.485439    -0.169535    -1.215245      12.000000
 1.0 H    H              1.0000     1.719350     1.779738    -2.772489       1.007825
 1.0 H    H              1.0000     2.360519    -1.313049    -1.880070       1.007825
 6.0 C    C              6.0000     1.365917     0.391896    -1.301069      12.000000
 1.0 H    H              1.0000     1.573676     2.970922     1.902757       1.007825
 1.0 H    H              1.0000     4.503901     1.782514     0.918325       1.007825
 1.0 H    H              1.0000     2.436817    -0.144275     2.636164       1.007825
 6.0 C    C              6.0000     2.528131     1.299353     1.185405      12.000000
Optimizer: Optimization complete!
-------------------------------------------
|   Optimized geometry for dihedral 330.01  |
-------------------------------------------
[[-1.3647867709478645, -3.1529340448870133, 1.6753469673294896], [-4.388217376222477, -1.9683689898930352, 1.0323617404322432], [-2.2476069623101713, -0.15816709770792614, 2.7883703041547503], [-2.4109796119549753, -1.4490374402249169, 1.2059232385799028], [-2.5991555359256724, 1.436863247608754, -1.587053307870819], [-1.8702741081780812, -1.5094409962978956, -2.8246485075026007], [-1.472840572339955, -0.2508491395605396, -1.2527078101007225], [1.6088023436764454, 1.9958866291876598, -2.6801433026344146], [2.426337997180647, -1.1153511335863031, -2.0512921523831023], [1.3505269666371635, 0.47840297418375394, -1.3223724580634266], [1.5424625515305308, 2.822383424086767, 2.065280676847567], [4.482067916288203, 1.7937682766984901, 0.9434837995735468], [2.5011306143147283, -0.3134913959949465, 2.5490846370449773], [2.5256706447781765, 1.2356647184127594, 1.208678458358329]]
 1.0 H    H              1.0000    -1.364787    -3.152934     1.675347       1.007825
 1.0 H    H              1.0000    -4.388217    -1.968369     1.032362       1.007825
 1.0 H    H              1.0000    -2.247607    -0.158167     2.788370       1.007825
 6.0 C    C              6.0000    -2.410980    -1.449037     1.205923      12.000000
 1.0 H    H              1.0000    -2.599156     1.436863    -1.587053       1.007825
 1.0 H    H              1.0000    -1.870274    -1.509441    -2.824649       1.007825
 6.0 C    C              6.0000    -1.472841    -0.250849    -1.252708      12.000000
 1.0 H    H              1.0000     1.608802     1.995887    -2.680143       1.007825
 1.0 H    H              1.0000     2.426338    -1.115351    -2.051292       1.007825
 6.0 C    C              6.0000     1.350527     0.478403    -1.322372      12.000000
 1.0 H    H              1.0000     1.542463     2.822383     2.065281       1.007825
 1.0 H    H              1.0000     4.482068     1.793768     0.943484       1.007825
 1.0 H    H              1.0000     2.501131    -0.313491     2.549085       1.007825
 6.0 C    C              6.0000     2.525671     1.235665     1.208678      12.000000
Optimizer: Optimization complete!
-------------------------------------------
|   Optimized geometry for dihedral 340.02  |
-------------------------------------------
[[-1.3441401283963492, -3.0198020410160016, 1.8488090768060592], [-4.378405038714642, -1.9768359789252694, 1.040875828087278], [-2.344481396982284, 0.016014145578170845, 2.725255643167225], [-2.42297443403941, -1.385439102379548, 1.2325527808701642], [-2.6646867832980576, 1.2530117972356287, -1.7852591980591113], [-1.734060082427638, -1.7318191070606395, -2.7542663415991497], [-1.4557215457125536, -0.33073601149200554, -1.2810810795012613], [1.4816641696162922, 2.2013791524274353, -2.5594425090420843], [2.4744626504087552, -0.899116839772944, -2.219542295215451], [1.3314796685603199, 0.5618769725066346, -1.3345922415099174], [1.5371162553536482, 2.660786924100361, 2.213932719427354], [4.473170639673428, 1.8005330304107179, 0.9542320876130176], [2.590188821698345, -0.4731308264110909, 2.447639057882404], [2.5395879905578, 1.1684899759770173, 1.2225207599757357]]
 1.0 H    H              1.0000    -1.344140    -3.019802     1.848809       1.007825
 1.0 H    H              1.0000    -4.378405    -1.976836     1.040876       1.007825
 1.0 H    H              1.0000    -2.344481     0.016014     2.725256       1.007825
 6.0 C    C              6.0000    -2.422974    -1.385439     1.232553      12.000000
 1.0 H    H              1.0000    -2.664687     1.253012    -1.785259       1.007825
 1.0 H    H              1.0000    -1.734060    -1.731819    -2.754266       1.007825
 6.0 C    C              6.0000    -1.455722    -0.330736    -1.281081      12.000000
 1.0 H    H              1.0000     1.481664     2.201379    -2.559443       1.007825
 1.0 H    H              1.0000     2.474463    -0.899117    -2.219542       1.007825
 6.0 C    C              6.0000     1.331480     0.561877    -1.334592      12.000000
 1.0 H    H              1.0000     1.537116     2.660787     2.213933       1.007825
 1.0 H    H              1.0000     4.473171     1.800533     0.954232       1.007825
 1.0 H    H              1.0000     2.590189    -0.473131     2.447639       1.007825
 6.0 C    C              6.0000     2.539588     1.168490     1.222521      12.000000
Optimizer: Optimization complete!
-------------------------------------------
|   Optimized geometry for dihedral 350.02  |
-------------------------------------------
[[-1.3344305574907198, -2.8556585647780515, 2.0220946636578963], [-4.372634769882735, -1.9986596552349685, 1.0356836370887972], [-2.4832252122025196, 0.1904570361399946, 2.6417730921573717], [-2.4499001580328836, -1.3154395393612597, 1.2519985452757194], [-2.7073670010333903, 1.0502807028655696, -1.9881511383286554], [-1.578012915457987, -1.9458742688396111, -2.6499819205747963], [-1.4339838080459806, -0.40692709462478166, -1.300354671232329], [1.337901119006116, 2.392580377836169, -2.40510608883351], [2.499554783349749, -0.6636649796489552, -2.386932201874059], [1.3086594846659818, 0.6400815796390656, -1.3381058971874826], [1.5423835999553273, 2.46878033323386, 2.35595691933902], [4.467119151744813, 1.8228801289610732, 0.9535042595009076], [2.7190116792712273, -0.6291158426740808, 2.322248067825202], [2.567640608354936, 1.0963941623724403, 1.2267982419257566]]
 1.0 H    H              1.0000    -1.334431    -2.855659     2.022095       1.007825
 1.0 H    H              1.0000    -4.372635    -1.998660     1.035684       1.007825
 1.0 H    H              1.0000    -2.483225     0.190457     2.641773       1.007825
 6.0 C    C              6.0000    -2.449900    -1.315440     1.251999      12.000000
 1.0 H    H              1.0000    -2.707367     1.050281    -1.988151       1.007825
 1.0 H    H              1.0000    -1.578013    -1.945874    -2.649982       1.007825
 6.0 C    C              6.0000    -1.433984    -0.406927    -1.300355      12.000000
 1.0 H    H              1.0000     1.337901     2.392580    -2.405106       1.007825
 1.0 H    H              1.0000     2.499555    -0.663665    -2.386932       1.007825
 6.0 C    C              6.0000     1.308659     0.640082    -1.338106      12.000000
 1.0 H    H              1.0000     1.542384     2.468780     2.355957       1.007825
 1.0 H    H              1.0000     4.467119     1.822880     0.953504       1.007825
 1.0 H    H              1.0000     2.719012    -0.629116     2.322248       1.007825
 6.0 C    C              6.0000     2.567641     1.096394     1.226798      12.000000
Optimizer: Optimization complete!
-------------------------------------------
|   Optimized geometry for dihedral 360.02  |
-------------------------------------------
[[-1.3306543923902259, -2.652073380568046, 2.1880259124018555], [-4.359264207564039, -2.046314166611305, 1.0063379777976333], [-2.6694169795181124, 0.3611262142771694, 2.517697174307125], [-2.487749919048585, -1.2417176221953479, 1.252099081350018], [-2.71269614491886, 0.8334290086251509, -2.198089539908436], [-1.3930195584195448, -2.1388274663863642, -2.523586080767017], [-1.400590404071182, -0.47725260065237446, -1.3185319710035264], [1.1868390853857287, 2.5667026956221126, -2.2106692606025904], [2.5064623092186338, -0.40544774529294453, -2.537349668213809], [1.2853456654247335, 0.7164126447351723, -1.3276251895161724], [1.535236480793901, 2.228345663973626, 2.504122825531648], [4.445807561817128, 1.8666825254109536, 0.9765194021503997], [2.873286364984737, -0.7849992850239913, 2.172897867376275], [2.596059098144873, 1.016950657959938, 1.2348295674947949]]
 1.0 H    H              1.0000    -1.330654    -2.652073     2.188026       1.007825
 1.0 H    H              1.0000    -4.359264    -2.046314     1.006338       1.007825
 1.0 H    H              1.0000    -2.669417     0.361126     2.517697       1.007825
 6.0 C    C              6.0000    -2.487750    -1.241718     1.252099      12.000000
 1.0 H    H              1.0000    -2.712696     0.833429    -2.198090       1.007825
 1.0 H    H              1.0000    -1.393020    -2.138827    -2.523586       1.007825
 6.0 C    C              6.0000    -1.400590    -0.477253    -1.318532      12.000000
 1.0 H    H              1.0000     1.186839     2.566703    -2.210669       1.007825
 1.0 H    H              1.0000     2.506462    -0.405448    -2.537350       1.007825
 6.0 C    C              6.0000     1.285346     0.716413    -1.327625      12.000000
 1.0 H    H              1.0000     1.535236     2.228346     2.504123       1.007825
 1.0 H    H              1.0000     4.445808     1.866683     0.976519       1.007825
 1.0 H    H              1.0000     2.873286    -0.784999     2.172898       1.007825
 6.0 C    C              6.0000     2.596059     1.016951     1.234830      12.000000
Optimizer: Optimization complete!
-------------------------------------------
|   Optimized geometry for dihedral 370.02  |
-------------------------------------------
[[-1.3379528879499765, -2.4220270659693592, 2.347472826368954], [-4.342002538340141, -2.077423521918333, 1.006955622803561], [-2.842735421097877, 0.5301712266366453, 2.381578047950164], [-2.525626138615018, -1.1565174545174601, 1.2575457005616328], [-2.6952369726671597, 0.6150175483941219, -2.376014732474649], [-1.2187164565310178, -2.3022411051893314, -2.3694847255342877], [-1.3680713806532656, -0.5420468785133344, -1.3221111851649234], [1.0277978995670818, 2.6984415867579843, -2.0154826329022018], [2.475468706305673, -0.1590039536549181, -2.6710831852181665], [1.2531670324113293, 0.7804836984570102, -1.316748792972026], [1.5546918622860124, 1.9742654817596217, 2.6183667515043596], [4.429215457815297, 1.8965195823638188, 0.9839962280297689], [3.032279144152715, -0.9255408033150103, 1.9947260998027045], [2.633575755606477, 0.9325110953370271, 1.2216554506256228]]
 1.0 H    H              1.0000    -1.337953    -2.422027     2.347473       1.007825
 1.0 H    H              1.0000    -4.342003    -2.077424     1.006956       1.007825
 1.0 H    H              1.0000    -2.842735     0.530171     2.381578       1.007825
 6.0 C    C              6.0000    -2.525626    -1.156517     1.257546      12.000000
 1.0 H    H              1.0000    -2.695237     0.615018    -2.376015       1.007825
 1.0 H    H              1.0000    -1.218716    -2.302241    -2.369485       1.007825
 6.0 C    C              6.0000    -1.368071    -0.542047    -1.322111      12.000000
 1.0 H    H              1.0000     1.027798     2.698442    -2.015483       1.007825
 1.0 H    H              1.0000     2.475469    -0.159004    -2.671083       1.007825
 6.0 C    C              6.0000     1.253167     0.780484    -1.316749      12.000000
 1.0 H    H              1.0000     1.554692     1.974265     2.618367       1.007825
 1.0 H    H              1.0000     4.429215     1.896520     0.983996       1.007825
 1.0 H    H              1.0000     3.032279    -0.925541     1.994726       1.007825
 6.0 C    C              6.0000     2.633576     0.932511     1.221655      12.000000
Optimizer: Optimization complete!
-------------------------------------------
|   Optimized geometry for dihedral 380.02  |
-------------------------------------------
[[-1.3860816327981782, -2.2161565075403162, 2.466625763330293], [-4.353887326951556, -2.0439157691392125, 1.015439265267964], [-2.9648567818680305, 0.6900798735607749, 2.256727335739866], [-2.5700823601386076, -1.0597220309573632, 1.2587408190676914], [-2.659203885120726, 0.4275080151173678, -2.51647195701048], [-1.068959006874866, -2.416901688283049, -2.2109606811567737], [-1.3395395259754752, -0.586876511596562, -1.3160350138834467], [0.8826385253818527, 2.8008566716807914, -1.8021825245577463], [2.4133437638718136, 0.07993785429267004, -2.7851654505462844], [1.2182616324989768, 0.8370096125742207, -1.298497737432084], [1.6261278984407046, 1.7222531160449495, 2.7033632081564596], [4.446842163637057, 1.8522271181470524, 0.9797482601773086], [3.1525756233836657, -1.0784996000631406, 1.8041117974445304], [2.683924239924663, 0.8249255843511681, 1.1952760579024013]]
 1.0 H    H              1.0000    -1.386082    -2.216157     2.466626       1.007825
 1.0 H    H              1.0000    -4.353887    -2.043916     1.015439       1.007825
 1.0 H    H              1.0000    -2.964857     0.690080     2.256727       1.007825
 6.0 C    C              6.0000    -2.570082    -1.059722     1.258741      12.000000
 1.0 H    H              1.0000    -2.659204     0.427508    -2.516472       1.007825
 1.0 H    H              1.0000    -1.068959    -2.416902    -2.210961       1.007825
 6.0 C    C              6.0000    -1.339540    -0.586877    -1.316035      12.000000
 1.0 H    H              1.0000     0.882639     2.800857    -1.802183       1.007825
 1.0 H    H              1.0000     2.413344     0.079938    -2.785165       1.007825
 6.0 C    C              6.0000     1.218262     0.837010    -1.298498      12.000000
 1.0 H    H              1.0000     1.626128     1.722253     2.703363       1.007825
 1.0 H    H              1.0000     4.446842     1.852227     0.979748       1.007825
 1.0 H    H              1.0000     3.152576    -1.078500     1.804112       1.007825
 6.0 C    C              6.0000     2.683924     0.824926     1.195276      12.000000
Optimizer: Optimization complete!
-------------------------------------------
|   Optimized geometry for dihedral 390.02  |
-------------------------------------------
[[-1.4531223150879415, -2.024788061845778, 2.5727079710577243], [-4.369538457502443, -2.016547043841972, 1.0106569178886013], [-3.0781402472604737, 0.8269195890925599, 2.109197399530914], [-2.6152382113694332, -0.979352151423212, 1.248096424858391], [-2.5948070106365586, 0.20917428941504632, -2.641451452599957], [-0.8929309338937881, -2.5269105856006444, -2.039142228675491], [-1.2963110558965611, -0.6495143444373803, -1.3036508897840173], [0.7242325618599075, 2.8748230411647073, -1.597369768067765], [2.3395899752533333, 0.3171611671829574, -2.860027621460469], [1.1768930342968953, 0.895792434938751, -1.2705404460736385], [1.7006805711607742, 1.5139798696758269, 2.7650020822219843], [4.46128859445969, 1.827302171495491, 0.9687836476532202], [3.251418891728496, -1.1839854386255728, 1.6231054530201416], [2.7272091089332586, 0.7484325587003265, 1.1655599397364351]]
 1.0 H    H              1.0000    -1.453122    -2.024788     2.572708       1.007825
 1.0 H    H              1.0000    -4.369538    -2.016547     1.010657       1.007825
 1.0 H    H              1.0000    -3.078140     0.826920     2.109197       1.007825
 6.0 C    C              6.0000    -2.615238    -0.979352     1.248096      12.000000
 1.0 H    H              1.0000    -2.594807     0.209174    -2.641451       1.007825
 1.0 H    H              1.0000    -0.892931    -2.526911    -2.039142       1.007825
 6.0 C    C              6.0000    -1.296311    -0.649514    -1.303651      12.000000
 1.0 H    H              1.0000     0.724233     2.874823    -1.597370       1.007825
 1.0 H    H              1.0000     2.339590     0.317161    -2.860028       1.007825
 6.0 C    C              6.0000     1.176893     0.895792    -1.270540      12.000000
 1.0 H    H              1.0000     1.700681     1.513980     2.765002       1.007825
 1.0 H    H              1.0000     4.461289     1.827302     0.968784       1.007825
 1.0 H    H              1.0000     3.251419    -1.183985     1.623105       1.007825
 6.0 C    C              6.0000     2.727209     0.748433     1.165560      12.000000
Optimizer: Optimization complete!
-------------------------------------------
|   Optimized geometry for dihedral 400.02  |
-------------------------------------------
[[-1.5414484239813957, -1.8598439624437573, 2.658638735532438], [-4.390367637950108, -2.0141327916272402, 0.9864915811402989], [-3.2022665937694983, 0.9216116235033386, 1.9554826578653814], [-2.669212287536968, -0.9238813301380729, 1.2271311832809348], [-2.5189572190176195, -0.0044515328346856715, -2.732371557266333], [-0.7186883948399544, -2.610482569923242, -1.8719303650783665], [-1.2495745602834405, -0.7125382921072821, -1.282231167923086], [0.5667603702252639, 2.924056305672391, -1.4014304775714215], [2.257458042812586, 0.5441286961806866, -2.901510427328696], [1.1328147702171485, 0.9535074269778538, -1.233213721787798], [1.7958829406886696, 1.337537982049921, 2.8096585437285975], [4.480720710542547, 1.827979812404867, 0.9422379107910686], [3.3586337524394505, -1.247437827299509, 1.4440483327551938], [2.7786042427682762, 0.6981164338709411, 1.1296387993864923]]
 1.0 H    H              1.0000    -1.541448    -1.859844     2.658639       1.007825
 1.0 H    H              1.0000    -4.390368    -2.014133     0.986492       1.007825
 1.0 H    H              1.0000    -3.202267     0.921612     1.955483       1.007825
 6.0 C    C              6.0000    -2.669212    -0.923881     1.227131      12.000000
 1.0 H    H              1.0000    -2.518957    -0.004452    -2.732372       1.007825
 1.0 H    H              1.0000    -0.718688    -2.610483    -1.871930       1.007825
 6.0 C    C              6.0000    -1.249575    -0.712538    -1.282231      12.000000
 1.0 H    H              1.0000     0.566760     2.924056    -1.401430       1.007825
 1.0 H    H              1.0000     2.257458     0.544129    -2.901510       1.007825
 6.0 C    C              6.0000     1.132815     0.953507    -1.233214      12.000000
 1.0 H    H              1.0000     1.795883     1.337538     2.809659       1.007825
 1.0 H    H              1.0000     4.480721     1.827980     0.942238       1.007825
 1.0 H    H              1.0000     3.358634    -1.247438     1.444048       1.007825
 6.0 C    C              6.0000     2.778604     0.698116     1.129639      12.000000
Optimizer: Optimization complete!
-------------------------------------------
|   Optimized geometry for dihedral 410.02  |
-------------------------------------------
[[-1.6598283747355866, -1.6756193310050718, 2.740241645903487], [-4.420750688307683, -2.0121824308421905, 0.9519123984784902], [-3.345425206437909, 1.0117304047257145, 1.7764041528928305], [-2.7383984716238636, -0.8640193027359521, 1.198232156045192], [-2.4279149953565926, -0.199052229379273, -2.7978914043204486], [-0.5665717629431223, -2.6730566548836023, -1.6969055718714645], [-1.2042638388307398, -0.7689318402138734, -1.2496898325228007], [0.4318719907494533, 2.951103804977127, -1.2042370984345312], [2.1624123956642314, 0.7470980412923104, -2.920345775081246], [1.091152885847135, 1.0024173135819072, -1.1864987571805854], [1.9186822591413233, 1.1391776519572392, 2.844094850356486], [4.506382170457128, 1.8350882376502344, 0.9066891080544821], [3.4864167243306325, -1.3003096698493126, 1.2368889420218476], [2.8443476089110167, 0.6453171255782536, 1.0836877113312477]]
 1.0 H    H              1.0000    -1.659828    -1.675619     2.740242       1.007825
 1.0 H    H              1.0000    -4.420751    -2.012182     0.951912       1.007825
 1.0 H    H              1.0000    -3.345425     1.011730     1.776404       1.007825
 6.0 C    C              6.0000    -2.738398    -0.864019     1.198232      12.000000
 1.0 H    H              1.0000    -2.427915    -0.199052    -2.797891       1.007825
 1.0 H    H              1.0000    -0.566572    -2.673057    -1.696906       1.007825
 6.0 C    C              6.0000    -1.204264    -0.768932    -1.249690      12.000000
 1.0 H    H              1.0000     0.431872     2.951104    -1.204237       1.007825
 1.0 H    H              1.0000     2.162412     0.747098    -2.920346       1.007825
 6.0 C    C              6.0000     1.091153     1.002417    -1.186499      12.000000
 1.0 H    H              1.0000     1.918682     1.139178     2.844095       1.007825
 1.0 H    H              1.0000     4.506382     1.835088     0.906689       1.007825
 1.0 H    H              1.0000     3.486417    -1.300310     1.236889       1.007825
 6.0 C    C              6.0000     2.844348     0.645317     1.083688      12.000000
Optimizer: Optimization complete!
-------------------------------------------
|   Optimized geometry for dihedral 420.02  |
-------------------------------------------
[[-1.7917296110290277, -1.4656969443069277, 2.814131723030344], [-4.4258772694205994, -2.082983182667947, 0.913998214440035], [-3.547990688242081, 1.04790135724956, 1.5541205858646203], [-2.818893757861899, -0.8310043600737753, 1.1576136772005625], [-2.321699877443532, -0.39862229517587905, -2.8431828292175667], [-0.41517311150884123, -2.7220859002008084, -1.5111046970205848], [-1.1559321951315888, -0.8275472914266516, -1.206629134032754], [0.2986700526485553, 2.962771329904088, -0.9991719512284516], [2.054370662972349, 0.950896095933274, -2.9168879352231554], [1.0475459014161341, 1.051461901945373, -1.128735648510242], [2.0552984382060386, 0.9213290956333863, 2.8644437158192932], [4.509290502229659, 1.9106990040421052, 0.8821742039821678], [3.6662212608348916, -1.292335133248956, 0.9949754045078293], [2.920445287979988, 0.621209930276919, 1.030482971943043]]
 1.0 H    H              1.0000    -1.791730    -1.465697     2.814132       1.007825
 1.0 H    H              1.0000    -4.425877    -2.082983     0.913998       1.007825
 1.0 H    H              1.0000    -3.547991     1.047901     1.554121       1.007825
 6.0 C    C              6.0000    -2.818894    -0.831004     1.157614      12.000000
 1.0 H    H              1.0000    -2.321700    -0.398622    -2.843183       1.007825
 1.0 H    H              1.0000    -0.415173    -2.722086    -1.511105       1.007825
 6.0 C    C              6.0000    -1.155932    -0.827547    -1.206629      12.000000
 1.0 H    H              1.0000     0.298670     2.962771    -0.999172       1.007825
 1.0 H    H              1.0000     2.054371     0.950896    -2.916888       1.007825
 6.0 C    C              6.0000     1.047546     1.051462    -1.128736      12.000000
 1.0 H    H              1.0000     2.055298     0.921329     2.864444       1.007825
 1.0 H    H              1.0000     4.509291     1.910699     0.882174       1.007825
 1.0 H    H              1.0000     3.666221    -1.292335     0.994975       1.007825
 6.0 C    C              6.0000     2.920445     0.621210     1.030483      12.000000
Optimizer: Optimization complete!
-------------------------------------------
|   Optimized geometry for dihedral 430.02  |
-------------------------------------------
[[-1.9338535957634269, -1.230540044987685, 2.868770940344063], [-4.39525494211274, -2.2153223368936517, 0.8920802705540392], [-3.7863780750816636, 1.018523627120348, 1.288378411520448], [-2.9013014199279255, -0.8254347080590053, 1.1064896570755147], [-2.198069521967906, -0.6069518695380424, -2.870565417981387], [-0.26052951193573787, -2.7589807942680555, -1.3139523733283023], [-1.1023687858714202, -0.8896524505173949, -1.155360813531078], [0.1630982064618365, 2.96024608152113, -0.7852793599665917], [1.9305741681309196, 1.159520953023729, -2.8928257184708115], [0.9994576248263073, 1.1022375894504453, -1.0619387306847679], [2.199754036134165, 0.6812795826738937, 2.8602150830756736], [4.477910068959166, 2.0445853360486685, 0.8886673189593786], [3.8795309961666202, -1.210970109231082, 0.7188336175500668], [2.997764026867582, 0.6261704607541264, 0.9718708953900295]]
 1.0 H    H              1.0000    -1.933854    -1.230540     2.868771       1.007825
 1.0 H    H              1.0000    -4.395255    -2.215322     0.892080       1.007825
 1.0 H    H              1.0000    -3.786378     1.018524     1.288378       1.007825
 6.0 C    C              6.0000    -2.901301    -0.825435     1.106490      12.000000
 1.0 H    H              1.0000    -2.198070    -0.606952    -2.870565       1.007825
 1.0 H    H              1.0000    -0.260530    -2.758981    -1.313952       1.007825
 6.0 C    C              6.0000    -1.102369    -0.889652    -1.155361      12.000000
 1.0 H    H              1.0000     0.163098     2.960246    -0.785279       1.007825
 1.0 H    H              1.0000     1.930574     1.159521    -2.892826       1.007825
 6.0 C    C              6.0000     0.999458     1.102238    -1.061939      12.000000
 1.0 H    H              1.0000     2.199754     0.681280     2.860215       1.007825
 1.0 H    H              1.0000     4.477910     2.044585     0.888667       1.007825
 1.0 H    H              1.0000     3.879531    -1.210970     0.718834       1.007825
 6.0 C    C              6.0000     2.997764     0.626170     0.971871      12.000000
Optimizer: Optimization complete!
-------------------------------------------
|   Optimized geometry for dihedral 440.03  |
-------------------------------------------
[[-2.088030305015485, -1.0339644588500896, 2.885650669993552], [-4.323691472618989, -2.413802433440171, 0.8740017537305045], [-4.023664821815794, 0.8850235393616603, 1.0006004740891299], [-2.9732829317005836, -0.878140325370365, 1.041102432222273], [-2.0356680886515894, -0.8514481640761759, -2.886912317743387], [-0.07125724632104889, -2.7832234241470544, -1.0958922924046675], [-1.0310059574455746, -0.9654985282342456, -1.0983171494036907], [-0.005140570209010988, 2.9410382229751826, -0.5501435537634093], [1.7695134830199801, 1.4012430766651784, -2.8475447456049703], [0.9343011119433626, 1.1652614838012145, -0.985245324189347], [2.3530934933945153, 0.48642345499396256, 2.8252920117015803], [4.406733718130322, 2.2422619526535703, 0.9151982822901222], [4.0905761594345265, -1.0232411502313112, 0.44103596139909423], [3.0639018284357116, 0.6909490954972574, 0.9113347614861932]]
 1.0 H    H              1.0000    -2.088030    -1.033964     2.885651       1.007825
 1.0 H    H              1.0000    -4.323691    -2.413802     0.874002       1.007825
 1.0 H    H              1.0000    -4.023665     0.885024     1.000600       1.007825
 6.0 C    C              6.0000    -2.973283    -0.878140     1.041102      12.000000
 1.0 H    H              1.0000    -2.035668    -0.851448    -2.886912       1.007825
 1.0 H    H              1.0000    -0.071257    -2.783223    -1.095892       1.007825
 6.0 C    C              6.0000    -1.031006    -0.965499    -1.098317      12.000000
 1.0 H    H              1.0000    -0.005141     2.941038    -0.550144       1.007825
 1.0 H    H              1.0000     1.769513     1.401243    -2.847545       1.007825
 6.0 C    C              6.0000     0.934301     1.165261    -0.985245      12.000000
 1.0 H    H              1.0000     2.353093     0.486423     2.825292       1.007825
 1.0 H    H              1.0000     4.406734     2.242262     0.915198       1.007825
 1.0 H    H              1.0000     4.090576    -1.023241     0.441036       1.007825
 6.0 C    C              6.0000     3.063902     0.690949     0.911335      12.000000
Optimizer: Optimization complete!
-------------------------------------------
|   Optimized geometry for dihedral 450.03  |
-------------------------------------------
[[-2.2731323398511245, -0.8992028961409343, 2.8658134658386287], [-4.248571339744647, -2.6191180806698062, 0.8393018712255625], [-4.224798184191847, 0.6940183893549169, 0.7129997239965588], [-3.041808867453311, -0.964294853898862, 0.9630624386774743], [-1.8357911907664186, -1.0947915607569474, -2.8851727003688556], [0.11625520568205752, -2.7890721024250213, -0.860228501591251], [-0.9511811764680701, -1.0417754255372902, -1.0319888360237077], [-0.1701723255288603, 2.900448615672873, -0.3014476370146509], [1.5727892750914516, 1.6380744602099764, -2.781360335715456], [0.861575622625989, 1.2268735575910092, -0.8986163265914486], [2.5344002401311916, 0.3595024847230746, 2.763359890281158], [4.330555976520692, 2.449762891368856, 0.9270993287106732], [4.26613541980927, -0.7794097029051552, 0.17764276227285428], [3.1257310660587097, 0.7909368337827201, 0.8450913217745339]]
 1.0 H    H              1.0000    -2.273132    -0.899203     2.865813       1.007825
 1.0 H    H              1.0000    -4.248571    -2.619118     0.839302       1.007825
 1.0 H    H              1.0000    -4.224798     0.694018     0.713000       1.007825
 6.0 C    C              6.0000    -3.041809    -0.964295     0.963062      12.000000
 1.0 H    H              1.0000    -1.835791    -1.094792    -2.885173       1.007825
 1.0 H    H              1.0000     0.116255    -2.789072    -0.860229       1.007825
 6.0 C    C              6.0000    -0.951181    -1.041775    -1.031989      12.000000
 1.0 H    H              1.0000    -0.170172     2.900449    -0.301448       1.007825
 1.0 H    H              1.0000     1.572789     1.638074    -2.781360       1.007825
 6.0 C    C              6.0000     0.861576     1.226874    -0.898616      12.000000
 1.0 H    H              1.0000     2.534400     0.359502     2.763360       1.007825
 1.0 H    H              1.0000     4.330556     2.449763     0.927099       1.007825
 1.0 H    H              1.0000     4.266135    -0.779410     0.177643       1.007825
 6.0 C    C              6.0000     3.125731     0.790937     0.845091      12.000000
Optimizer: Optimization complete!
-------------------------------------------
|   Optimized geometry for dihedral 460.03  |
-------------------------------------------
[[-2.48550723056058, -0.8656401386856296, 2.8201767645946965], [-4.207108347202502, -2.797690867530873, 0.7494002312411724], [-4.363148545313514, 0.5023171830186621, 0.4562042422644999], [-3.1095139155110214, -1.0682570966682183, 0.873753758904526], [-1.6044542758729954, -1.3187519740215488, -2.861840232549869], [0.27826161058929183, -2.776855013016588, -0.6057650133310238], [-0.8713432354123561, -1.1105788583524392, -0.954932028607768], [-0.3082401526071114, 2.8387816740584757, -0.04013948373474095], [1.3465499921414894, 1.8515049248356699, -2.694854748929348], [0.789755852703651, 1.279114016776749, -0.8029151023125569], [2.7413864138224664, 0.33707232907356394, 2.6928912978740276], [4.28259056729811, 2.6417692482326625, 0.8768769239228168], [4.3820125258484595, -0.5412887786782739, -0.04974217078005934], [3.1858654323314006, 0.9105376991937744, 0.7712835007852513]]
 1.0 H    H              1.0000    -2.485507    -0.865640     2.820177       1.007825
 1.0 H    H              1.0000    -4.207108    -2.797691     0.749400       1.007825
 1.0 H    H              1.0000    -4.363149     0.502317     0.456204       1.007825
 6.0 C    C              6.0000    -3.109514    -1.068257     0.873754      12.000000
 1.0 H    H              1.0000    -1.604454    -1.318752    -2.861840       1.007825
 1.0 H    H              1.0000     0.278262    -2.776855    -0.605765       1.007825
 6.0 C    C              6.0000    -0.871343    -1.110579    -0.954932      12.000000
 1.0 H    H              1.0000    -0.308240     2.838782    -0.040139       1.007825
 1.0 H    H              1.0000     1.346550     1.851505    -2.694855       1.007825
 6.0 C    C              6.0000     0.789756     1.279114    -0.802915      12.000000
 1.0 H    H              1.0000     2.741386     0.337072     2.692891       1.007825
 1.0 H    H              1.0000     4.282591     2.641769     0.876877       1.007825
 1.0 H    H              1.0000     4.382013    -0.541289    -0.049742       1.007825
 6.0 C    C              6.0000     3.185865     0.910538     0.771284      12.000000
Optimizer: Optimization complete!
-------------------------------------------
|   Optimized geometry for dihedral 470.03  |
-------------------------------------------
[[-2.7155667826724663, -0.8417634024455661, 2.7525937087346737], [-4.177494283331584, -2.9481455755594697, 0.6504481665509452], [-4.470641706912122, 0.32352407374647324, 0.1943366855290961], [-3.178186041892868, -1.1605241035981595, 0.7771557691397861], [-1.3564000663765128, -1.511099359827844, -2.8137312558867937], [0.39000299603346317, -2.7510427406445834, -0.3327904573309055], [-0.8015409941675307, -1.1656113073909242, -0.8674962009507977], [-0.39467779349791715, 2.7606994349536227, 0.23206927463509225], [1.1056609081143425, 2.0290488411487404, -2.588590517586733], [0.7287605166264238, 1.3159532073245364, -0.7006015783007569], [2.96405272242021, 0.3284684877913783, 2.6011806572037144], [4.245342833283472, 2.807991488623918, 0.8113887223892611], [4.466586832536686, -0.3151479081643036, -0.28170178561514236], [3.2461906331666737, 1.0200476903947344, 0.6880428056997102]]
 1.0 H    H              1.0000    -2.715567    -0.841763     2.752594       1.007825
 1.0 H    H              1.0000    -4.177494    -2.948146     0.650448       1.007825
 1.0 H    H              1.0000    -4.470642     0.323524     0.194337       1.007825
 6.0 C    C              6.0000    -3.178186    -1.160524     0.777156      12.000000
 1.0 H    H              1.0000    -1.356400    -1.511099    -2.813731       1.007825
 1.0 H    H              1.0000     0.390003    -2.751043    -0.332790       1.007825
 6.0 C    C              6.0000    -0.801541    -1.165611    -0.867496      12.000000
 1.0 H    H              1.0000    -0.394678     2.760699     0.232069       1.007825
 1.0 H    H              1.0000     1.105661     2.029049    -2.588591       1.007825
 6.0 C    C              6.0000     0.728761     1.315953    -0.700602      12.000000
 1.0 H    H              1.0000     2.964053     0.328468     2.601181       1.007825
 1.0 H    H              1.0000     4.245343     2.807991     0.811389       1.007825
 1.0 H    H              1.0000     4.466587    -0.315148    -0.281702       1.007825
 6.0 C    C              6.0000     3.246191     1.020048     0.688043      12.000000
Optimizer: Optimization complete!
-------------------------------------------
|   Optimized geometry for dihedral 480.03  |
-------------------------------------------
[[-2.943685299343875, -0.8433132011941344, 2.664995743649779], [-4.150990037507148, -3.082468422634507, 0.5357987002083666], [-4.539189242039511, 0.15651289992630313, -0.06300156129306618], [-3.237268051865409, -1.2500200902389131, 0.6734623459299832], [-1.0935479581207093, -1.6787992248933017, -2.7389100419750827], [0.46815175059229003, -2.7124321803233222, -0.05075536302799438], [-0.7354059130427056, -1.2119488635658753, -0.7722800305345241], [-0.4469467979324347, 2.6686292623961436, 0.5076286774295266], [0.8522717569711964, 2.1772013264323737, -2.459526256635861], [0.6720543715086239, 1.3428135973865802, -0.5926659535894315], [3.1831728845649367, 0.3486058325344488, 2.4949042078113735], [4.209610484074382, 2.961376728511556, 0.7272122320045419], [4.512692190259069, -0.10177827696802572, -0.5078922999861604], [3.296291007435307, 1.1280968856062639, 0.5982216901400986]]
 1.0 H    H              1.0000    -2.943685    -0.843313     2.664996       1.007825
 1.0 H    H              1.0000    -4.150990    -3.082468     0.535799       1.007825
 1.0 H    H              1.0000    -4.539189     0.156513    -0.063002       1.007825
 6.0 C    C              6.0000    -3.237268    -1.250020     0.673462      12.000000
 1.0 H    H              1.0000    -1.093548    -1.678799    -2.738910       1.007825
 1.0 H    H              1.0000     0.468152    -2.712432    -0.050755       1.007825
 6.0 C    C              6.0000    -0.735406    -1.211949    -0.772280      12.000000
 1.0 H    H              1.0000    -0.446947     2.668629     0.507629       1.007825
 1.0 H    H              1.0000     0.852272     2.177201    -2.459526       1.007825
 6.0 C    C              6.0000     0.672054     1.342814    -0.592666      12.000000
 1.0 H    H              1.0000     3.183173     0.348606     2.494904       1.007825
 1.0 H    H              1.0000     4.209610     2.961377     0.727212       1.007825
 1.0 H    H              1.0000     4.512692    -0.101778    -0.507892       1.007825
 6.0 C    C              6.0000     3.296291     1.128097     0.598222      12.000000
Optimizer: Optimization complete!
-------------------------------------------
|   Optimized geometry for dihedral 490.03  |
-------------------------------------------
[[-3.1614030717096817, -0.8808117318553305, 2.5674331347440735], [-4.147852778151989, -3.1751683727783337, 0.38451537466895186], [-4.558515462346337, 0.044424594924324934, -0.29139566642173653], [-3.2879019388563435, -1.3212725489244599, 0.5665615356178871], [-0.836665853270835, -1.8129342102414094, -2.6378192853130122], [0.5047817499692547, -2.6687146041992493, 0.22664569883095262], [-0.6778735255349241, -1.2477894761377069, -0.6705846110948827], [-0.4583441876785789, 2.5727890714143236, 0.7738782827964739], [0.6069429569439019, 2.2874703760100537, -2.3116942721531095], [0.6244165599278834, 1.3582149446332312, -0.48117662176123355], [3.3913384369095962, 0.4058365946225482, 2.386656985274071], [4.193416682958629, 3.08104740853401, 0.5971869271155144], [4.51195936562987, 0.05174611883814401, -0.7116838965968082], [3.337524311687531, 1.2187681446548821, 0.5025812848063604]]
 1.0 H    H              1.0000    -3.161403    -0.880812     2.567433       1.007825
 1.0 H    H              1.0000    -4.147853    -3.175168     0.384515       1.007825
 1.0 H    H              1.0000    -4.558515     0.044425    -0.291396       1.007825
 6.0 C    C              6.0000    -3.287902    -1.321273     0.566562      12.000000
 1.0 H    H              1.0000    -0.836666    -1.812934    -2.637819       1.007825
 1.0 H    H              1.0000     0.504782    -2.668715     0.226646       1.007825
 6.0 C    C              6.0000    -0.677874    -1.247789    -0.670585      12.000000
 1.0 H    H              1.0000    -0.458344     2.572789     0.773878       1.007825
 1.0 H    H              1.0000     0.606943     2.287470    -2.311694       1.007825
 6.0 C    C              6.0000     0.624417     1.358215    -0.481177      12.000000
 1.0 H    H              1.0000     3.391338     0.405837     2.386657       1.007825
 1.0 H    H              1.0000     4.193417     3.081047     0.597187       1.007825
 1.0 H    H              1.0000     4.511959     0.051746    -0.711684       1.007825
 6.0 C    C              6.0000     3.337524     1.218768     0.502581      12.000000
Optimizer: Optimization complete!
-------------------------------------------
|   Optimized geometry for dihedral 500.03  |
-------------------------------------------
[[-3.3668483448798523, -0.9122325570602693, 2.456009567871524], [-4.140680958520273, -3.247768249970304, 0.2317589456884334], [-4.552570519845974, -0.04454337690357553, -0.5139988428063281], [-3.328995071093608, -1.3771668341512073, 0.457537074595829], [-0.6039917477721389, -1.9012601920370265, -2.523587379791745], [0.5078871060210265, -2.628526349280596, 0.47421837393271554], [-0.6306602908441542, -1.2719369067735604, -0.5690366913026035], [-0.43326841171486663, 2.473410056288141, 1.0424391545326104], [0.37490521553775313, 2.377786313172278, -2.1339797753746375], [0.5850283732686331, 1.3668945336512952, -0.3588820624148627], [3.5983129711846487, 0.4308710721955531, 2.2508677988858015], [4.175687475360018, 3.1749607270651152, 0.4795113615384239], [4.481224741972528, 0.19246035646228354, -0.9340459562362097], [3.371212349185944, 1.289334715023875, 0.40074153645494565]]
 1.0 H    H              1.0000    -3.366848    -0.912233     2.456010       1.007825
 1.0 H    H              1.0000    -4.140681    -3.247768     0.231759       1.007825
 1.0 H    H              1.0000    -4.552571    -0.044543    -0.513999       1.007825
 6.0 C    C              6.0000    -3.328995    -1.377167     0.457537      12.000000
 1.0 H    H              1.0000    -0.603992    -1.901260    -2.523587       1.007825
 1.0 H    H              1.0000     0.507887    -2.628526     0.474218       1.007825
 6.0 C    C              6.0000    -0.630660    -1.271937    -0.569037      12.000000
 1.0 H    H              1.0000    -0.433268     2.473410     1.042439       1.007825
 1.0 H    H              1.0000     0.374905     2.377786    -2.133980       1.007825
 6.0 C    C              6.0000     0.585028     1.366895    -0.358882      12.000000
 1.0 H    H              1.0000     3.598313     0.430871     2.250868       1.007825
 1.0 H    H              1.0000     4.175687     3.174961     0.479511       1.007825
 1.0 H    H              1.0000     4.481225     0.192460    -0.934046       1.007825
 6.0 C    C              6.0000     3.371212     1.289335     0.400742      12.000000
Optimizer: Optimization complete!
-------------------------------------------
|   Optimized geometry for dihedral 510.03  |
-------------------------------------------
[[-3.57445424202056, -0.8695435143867234, 2.3205313493910777], [-4.138911708869231, -3.286055859758638, 0.11959376305418437], [-4.521682468942888, -0.11445336203390342, -0.7643993915658034], [-3.367744642908752, -1.3985088572907978, 0.34835157768082825], [-0.39206983148252195, -1.9871041862449719, -2.3788410632085037], [0.47030131492167127, -2.5890641219813033, 0.7307710783741189], [-0.5956282782878106, -1.2921384891380698, -0.4563964333943752], [-0.3713251337395941, 2.3834631831850053, 1.2805038403166946], [0.17878654124741694, 2.4301774091573627, -1.9553759038954661], [0.561268171312277, 1.363520690859432, -0.2418538478135951], [3.7914980536586946, 0.41846323547118147, 2.0896254295020253], [4.163338506318369, 3.235223895897722, 0.37794304113688587], [4.426948701527951, 0.3115202146245655, -1.1613671359225315], [3.399381125191196, 1.3327850141348823, 0.29455357136068067]]
 1.0 H    H              1.0000    -3.574454    -0.869544     2.320531       1.007825
 1.0 H    H              1.0000    -4.138912    -3.286056     0.119594       1.007825
 1.0 H    H              1.0000    -4.521682    -0.114453    -0.764399       1.007825
 6.0 C    C              6.0000    -3.367745    -1.398509     0.348352      12.000000
 1.0 H    H              1.0000    -0.392070    -1.987104    -2.378841       1.007825
 1.0 H    H              1.0000     0.470301    -2.589064     0.730771       1.007825
 6.0 C    C              6.0000    -0.595628    -1.292138    -0.456396      12.000000
 1.0 H    H              1.0000    -0.371325     2.383463     1.280504       1.007825
 1.0 H    H              1.0000     0.178787     2.430177    -1.955376       1.007825
 6.0 C    C              6.0000     0.561268     1.363521    -0.241854      12.000000
 1.0 H    H              1.0000     3.791498     0.418463     2.089625       1.007825
 1.0 H    H              1.0000     4.163339     3.235224     0.377943       1.007825
 1.0 H    H              1.0000     4.426949     0.311520    -1.161367       1.007825
 6.0 C    C              6.0000     3.399381     1.332785     0.294554      12.000000
Optimizer: Optimization complete!
-------------------------------------------
|   Optimized geometry for dihedral 520.03  |
-------------------------------------------
[[-3.7687461897006957, -0.7868015068544635, 2.1692253001272412], [-4.148039926698049, -3.2941296544306025, 0.032027400213309944], [-4.4643516066087185, -0.16390252639327113, -1.0109330786676747], [-3.4015501767022016, -1.394742258850614, 0.2436089277732153], [-0.22128093911370195, -2.057121726755487, -2.221859174598592], [0.4034145625138326, -2.557732323886723, 0.9651996727138112], [-0.5746304026911051, -1.306828842473518, -0.34153977978297145], [-0.2841129190304579, 2.3108806915634714, 1.4884406578328644], [0.02672098563979959, 2.4596778261687935, -1.7795014655044386], [0.5517698120027534, 1.354125757660032, -0.12860020500192718], [3.9670964544671787, 0.3764779439742842, 1.9101510534032164], [4.16358600771682, 3.261986126294395, 0.28738470974091707], [4.347987734492397, 0.4045942829844561, -1.3821698146753751], [3.4225400624135927, 1.351314624776561, 0.18806865255865787]]
 1.0 H    H              1.0000    -3.768746    -0.786802     2.169225       1.007825
 1.0 H    H              1.0000    -4.148040    -3.294130     0.032027       1.007825
 1.0 H    H              1.0000    -4.464352    -0.163903    -1.010933       1.007825
 6.0 C    C              6.0000    -3.401550    -1.394742     0.243609      12.000000
 1.0 H    H              1.0000    -0.221281    -2.057122    -2.221859       1.007825
 1.0 H    H              1.0000     0.403415    -2.557732     0.965200       1.007825
 6.0 C    C              6.0000    -0.574630    -1.306829    -0.341540      12.000000
 1.0 H    H              1.0000    -0.284113     2.310881     1.488441       1.007825
 1.0 H    H              1.0000     0.026721     2.459678    -1.779501       1.007825
 6.0 C    C              6.0000     0.551770     1.354126    -0.128600      12.000000
 1.0 H    H              1.0000     3.967096     0.376478     1.910151       1.007825
 1.0 H    H              1.0000     4.163586     3.261986     0.287385       1.007825
 1.0 H    H              1.0000     4.347988     0.404594    -1.382170       1.007825
 6.0 C    C              6.0000     3.422540     1.351315     0.188069      12.000000
Optimizer: Optimization complete!
-------------------------------------------
|   Optimized geometry for dihedral 530.03  |
-------------------------------------------
[[-3.946922310335061, -0.6957294182615169, 1.9983870463934608], [-4.1561575357865435, -3.2931102397276493, -0.05149740185946476], [-4.379748455189313, -0.21179684077885516, -1.2517890451911717], [-3.4251739671795782, -1.3853943041153198, 0.13683036756379477], [-0.07084246853696988, -2.1196783120945244, -2.054284622540154], [0.3178147073085038, -2.530634181151095, 1.1852786601158982], [-0.5607817848463014, -1.3192759021044127, -0.2253199017232982], [-0.17803843164767408, 2.2414387598933407, 1.6894540565027476], [-0.10631290557753495, 2.4862105924001194, -1.5892120798730525], [0.549268938762091, 1.343095837334546, -0.01146125602362181], [4.127149094582431, 0.32283504440955146, 1.7082690459221597], [4.163620421340762, 3.27766857097271, 0.20499891279017526], [4.2411128830371005, 0.4986408513129467, -1.5994912320444943], [3.435706283560553, 1.363603051220899, 0.07978477061614778]]
 1.0 H    H              1.0000    -3.946922    -0.695729     1.998387       1.007825
 1.0 H    H              1.0000    -4.156158    -3.293110    -0.051497       1.007825
 1.0 H    H              1.0000    -4.379748    -0.211797    -1.251789       1.007825
 6.0 C    C              6.0000    -3.425174    -1.385394     0.136830      12.000000
 1.0 H    H              1.0000    -0.070842    -2.119678    -2.054285       1.007825
 1.0 H    H              1.0000     0.317815    -2.530634     1.185279       1.007825
 6.0 C    C              6.0000    -0.560782    -1.319276    -0.225320      12.000000
 1.0 H    H              1.0000    -0.178038     2.241439     1.689454       1.007825
 1.0 H    H              1.0000    -0.106313     2.486211    -1.589212       1.007825
 6.0 C    C              6.0000     0.549269     1.343096    -0.011461      12.000000
 1.0 H    H              1.0000     4.127149     0.322835     1.708269       1.007825
 1.0 H    H              1.0000     4.163620     3.277669     0.204999       1.007825
 1.0 H    H              1.0000     4.241113     0.498641    -1.599491       1.007825
 6.0 C    C              6.0000     3.435706     1.363603     0.079785      12.000000
------------------------
    Table of Energies   
------------------------
         D          E(SCF)
     180.0 -157.2964048711
   190.001 -157.2980486570
   200.002 -157.2970664022
   210.003 -157.2956761800
   220.004 -157.2942005921
   230.005 -157.2930551028
   240.006 -157.2925795516
   250.007 -157.2929190718
   260.008 -157.2939163494
   270.009 -157.2951634809
    280.01 -157.2962403956
   290.011 -157.2968144457
   300.012 -157.2967826241
   310.013 -157.2960452810
   320.014 -157.2946303114
   330.015 -157.2927219750
   340.016 -157.2907188503
   350.017 -157.2891476450
   360.018 -157.2885338564
   370.019 -157.2891346739
    380.02 -157.2906804184
   390.021 -157.2927282255
   400.022 -157.2946123008
   410.023 -157.2960489456
   420.024 -157.2967827037
   430.025 -157.2968147572
   440.026 -157.2962396153
   450.027 -157.2951773655
   460.028 -157.2939180384
   470.029 -157.2929214343
    480.03 -157.2925762475
   490.031 -157.2930477478
   500.032 -157.2941966468
   510.033 -157.2956895494
   520.034 -157.2970648295
   530.035 -157.2980437841

Relative table (Kcal/mol)
         D          E(SCF)
     180.0    1.0314912415
   190.001    0.0000000000
   200.002    0.6163742480
   210.003    1.4887518672
   220.004    2.4146972990
   230.005    3.1335027299
   240.006    3.4319156241
   250.007    3.2188634208
   260.008    2.5930622546
   270.009    1.8104754379
    280.01    1.1347012198
   290.011    0.7744793335
   300.012    0.7944476679
   310.013    1.2571374779
   320.014    2.1450443081
   330.015    3.3425435768
   340.016    4.5995233270
   350.017    5.5854695897
   360.018    5.9706277398
   370.019    5.5936090939
    380.02    4.6236397485
   390.021    3.3386212879
   400.022    2.1563461758
   410.023    1.2548379028
   420.024    0.7943977458
   430.025    0.7742838671
   440.026    1.1351908468
   450.027    1.8017627194
   460.028    2.5920024206
   470.029    3.2173809703
    480.03    3.4339889287
   490.031    3.1381180279
   500.032    2.4171730055
   510.033    1.4803624314
   520.034    0.6173610904
   530.035    0.0030578223

