-------------------------------------------------------
| Optimized geometry for dihedral 4 7 10 14 180.00000  |
-------------------------------------------------------
[[-3.3665238823150165, -2.5303721013306766, -1.7477011282183958], [-5.309478631397212, -0.598095234230694, 0.2018880465892659], [-3.2053000620841234, -2.8204251418839075, 1.595795628407481], [-3.4171544270192924, -1.4518844497712553, 0.036512708144174524], [-1.4766039250292764, 1.6441302766308528, 1.8865624294172623], [-1.6356738874229488, 1.9311872825736263, -1.4320166303804878], [-1.333985639878463, 0.552392583807025, 0.10977709098542118], [1.4779792917384345, -1.6395496893298673, -1.8928716523565958], [1.6336460422972692, -1.9346183388490834, 1.425155663145934], [1.3338015232565092, -0.5520510725274296, -0.11360972420069655], [3.2083226133693565, 2.8230432387957705, -1.590026412201579], [5.309735930031261, 0.5976564128517832, -0.19675895658211448], [3.3640607061466152, 2.526768064712315, 1.7531780740269913], [3.417324753627234, 1.4515660538036537, -0.03294925339219127]]
 1.0 H    H              1.0000    -3.366524    -2.530372    -1.747701       1.007825
 1.0 H    H              1.0000    -5.309479    -0.598095     0.201888       1.007825
 1.0 H    H              1.0000    -3.205300    -2.820425     1.595796       1.007825
 6.0 C    C              6.0000    -3.417154    -1.451884     0.036513      12.000000
 1.0 H    H              1.0000    -1.476604     1.644130     1.886562       1.007825
 1.0 H    H              1.0000    -1.635674     1.931187    -1.432017       1.007825
 6.0 C    C              6.0000    -1.333986     0.552393     0.109777      12.000000
 1.0 H    H              1.0000     1.477979    -1.639550    -1.892872       1.007825
 1.0 H    H              1.0000     1.633646    -1.934618     1.425156       1.007825
 6.0 C    C              6.0000     1.333802    -0.552051    -0.113610      12.000000
 1.0 H    H              1.0000     3.208323     2.823043    -1.590026       1.007825
 1.0 H    H              1.0000     5.309736     0.597656    -0.196759       1.007825
 1.0 H    H              1.0000     3.364061     2.526768     1.753178       1.007825
 6.0 C    C              6.0000     3.417325     1.451566    -0.032949      12.000000
---------------------
Energy: -158.4588878656
---------------------
Optimizer: Optimization complete!
-------------------------------------------------------
| Optimized geometry for dihedral 4 7 10 14 190.00000  |
-------------------------------------------------------
[[-3.383088846592335, -2.6969837406497783, -1.5367648549037454], [-5.303619405561968, -0.6096646435732216, 0.269219507092184], [-3.147279897655835, -2.678254838148133, 1.8154925438269678], [-3.4064340957987644, -1.4600577361348177, 0.14291685381361371], [-1.4377642787192988, 1.7600268687053604, 1.704040124846223], [-1.706978091946766, 1.8362175085793166, -1.6185253784769693], [-1.3417854047374553, 0.5596130335942524, -0.00505584203163719], [1.529526900405316, -1.5084968814229474, -2.0712502369767956], [1.5785470950836622, -2.020022091278384, 1.2232393701935478], [1.3304278625806938, -0.5386360959919355, -0.23111495434085122], [3.2440802210554063, 2.953703816933013, -1.3535982081603728], [5.310123085258451, 0.5976553121469254, -0.13399919750756306], [3.328381887895941, 2.343797356952665, 1.950111319306089], [3.4167898036687094, 1.4409302693143662, 0.07242849895615787]]
 1.0 H    H              1.0000    -3.383089    -2.696984    -1.536765       1.007825
 1.0 H    H              1.0000    -5.303619    -0.609665     0.269220       1.007825
 1.0 H    H              1.0000    -3.147280    -2.678255     1.815493       1.007825
 6.0 C    C              6.0000    -3.406434    -1.460058     0.142917      12.000000
 1.0 H    H              1.0000    -1.437764     1.760027     1.704040       1.007825
 1.0 H    H              1.0000    -1.706978     1.836218    -1.618525       1.007825
 6.0 C    C              6.0000    -1.341785     0.559613    -0.005056      12.000000
 1.0 H    H              1.0000     1.529527    -1.508497    -2.071250       1.007825
 1.0 H    H              1.0000     1.578547    -2.020022     1.223239       1.007825
 6.0 C    C              6.0000     1.330428    -0.538636    -0.231115      12.000000
 1.0 H    H              1.0000     3.244080     2.953704    -1.353598       1.007825
 1.0 H    H              1.0000     5.310123     0.597655    -0.133999       1.007825
 1.0 H    H              1.0000     3.328382     2.343797     1.950111       1.007825
 6.0 C    C              6.0000     3.416790     1.440930     0.072428      12.000000
---------------------
Energy: -158.4585586759
---------------------
Optimizer: Optimization complete!
-------------------------------------------------------
| Optimized geometry for dihedral 4 7 10 14 200.00000  |
-------------------------------------------------------
[[-3.4088681133057332, -2.8220806341963707, -1.3320905408706418], [-5.288360158655322, -0.6223768950956076, 0.38072130164706613], [-3.049110097690552, -2.5454702396881568, 1.9979679859537953], [-3.3860249780368865, -1.4609882262371803, 0.24915051984987405], [-1.4143869657659096, 1.8779736500554856, 1.4994909905605407], [-1.7872013981369115, 1.7196895132913526, -1.8079607702267364], [-1.353130277102959, 0.5623889050214278, -0.12430191000089104], [1.5956202165801887, -1.3630094499432384, -2.23971931457643], [1.5331416113542011, -2.0990666456802, 1.0095264989067625], [1.3308327273681275, -0.5208758679030491, -0.34679351805546954], [3.2921911633895413, 3.0392913248873428, -1.1327456412967138], [5.305723330765609, 0.5900552451819592, -0.013890698710247194], [3.243878227646601, 2.1828650617946845, 2.116780942517913], [3.406422121140967, 1.4230134166781205, 0.18179309561176435]]
 1.0 H    H              1.0000    -3.408868    -2.822081    -1.332091       1.007825
 1.0 H    H              1.0000    -5.288360    -0.622377     0.380721       1.007825
 1.0 H    H              1.0000    -3.049110    -2.545470     1.997968       1.007825
 6.0 C    C              6.0000    -3.386025    -1.460988     0.249151      12.000000
 1.0 H    H              1.0000    -1.414387     1.877974     1.499491       1.007825
 1.0 H    H              1.0000    -1.787201     1.719690    -1.807961       1.007825
 6.0 C    C              6.0000    -1.353130     0.562389    -0.124302      12.000000
 1.0 H    H              1.0000     1.595620    -1.363009    -2.239719       1.007825
 1.0 H    H              1.0000     1.533142    -2.099067     1.009526       1.007825
 6.0 C    C              6.0000     1.330833    -0.520876    -0.346794      12.000000
 1.0 H    H              1.0000     3.292191     3.039291    -1.132746       1.007825
 1.0 H    H              1.0000     5.305723     0.590055    -0.013891       1.007825
 1.0 H    H              1.0000     3.243878     2.182865     2.116781       1.007825
 6.0 C    C              6.0000     3.406422     1.423013     0.181793      12.000000
---------------------
Energy: -158.4576390389
---------------------
Optimizer: Optimization complete!
-------------------------------------------------------
| Optimized geometry for dihedral 4 7 10 14 210.00000  |
-------------------------------------------------------
[[-3.4026320579325144, -2.939283575660106, -1.1015435387285595], [-5.269435609213215, -0.6261674442133419, 0.46855030908402046], [-2.9586769968137783, -2.374488286023649, 2.1811427281230653], [-3.3587034632464063, -1.4480763460662196, 0.35684068078460107], [-1.4007590544637538, 1.994687770831592, 1.2826618157610723], [-1.87463342777256, 1.5868043755433605, -1.987207880101961], [-1.3665448671530642, 0.5630165141997561, -0.240177617916166], [1.6669081878178633, -1.2001016808064404, -2.4004930683496237], [1.4983071393002583, -2.1762840156850625, 0.7778107427668565], [1.3333121419332823, -0.5011502162590282, -0.4617845228173686], [3.308561794594648, 3.114420593525831, -0.8857481581738644], [5.29514680772258, 0.5782951442660929, 0.07456843383021063], [3.1696275067203294, 1.9817740185155417, 2.274937155783396], [3.3892138607313282, 1.3912779886585402, 0.2876184456549577]]
 1.0 H    H              1.0000    -3.402632    -2.939284    -1.101544       1.007825
 1.0 H    H              1.0000    -5.269436    -0.626167     0.468550       1.007825
 1.0 H    H              1.0000    -2.958677    -2.374488     2.181143       1.007825
 6.0 C    C              6.0000    -3.358703    -1.448076     0.356841      12.000000
 1.0 H    H              1.0000    -1.400759     1.994688     1.282662       1.007825
 1.0 H    H              1.0000    -1.874633     1.586804    -1.987208       1.007825
 6.0 C    C              6.0000    -1.366545     0.563017    -0.240178      12.000000
 1.0 H    H              1.0000     1.666908    -1.200102    -2.400493       1.007825
 1.0 H    H              1.0000     1.498307    -2.176284     0.777811       1.007825
 6.0 C    C              6.0000     1.333312    -0.501150    -0.461785      12.000000
 1.0 H    H              1.0000     3.308562     3.114421    -0.885748       1.007825
 1.0 H    H              1.0000     5.295147     0.578295     0.074568       1.007825
 1.0 H    H              1.0000     3.169628     1.981774     2.274937       1.007825
 6.0 C    C              6.0000     3.389214     1.391278     0.287618      12.000000
---------------------
Energy: -158.4563275743
---------------------
Optimizer: Optimization complete!
-------------------------------------------------------
| Optimized geometry for dihedral 4 7 10 14 220.00000  |
-------------------------------------------------------
[[-3.386150161929645, -3.0296743862289497, -0.8769274957242091], [-5.237869877481185, -0.6332232885466135, 0.5832464866480056], [-2.837774975656234, -2.213265252681117, 2.3364257978638494], [-3.317875387712997, -1.432675641575814, 0.46369020786828485], [-1.4046089040624887, 2.108050799636338, 1.0479266178086177], [-1.970214407706639, 1.425589606514491, -2.15789210302212], [-1.3828716110043997, 0.557646621399568, -0.35330529591402454], [1.7449294142335687, -1.0050538580113382, -2.5525692568456306], [1.47964373613369, -2.248122130614855, 0.5210851893605272], [1.3384426734195984, -0.4747126627814321, -0.575617823465748], [3.313403533760444, 3.1654770319981167, -0.6442573081712775], [5.274725825845594, 0.5644131399632324, 0.1873952133759695], [3.064850202357342, 1.7893878272526245, 2.4114730844022843], [3.3588664337666563, 1.356159891596448, 0.3933492682314042]]
 1.0 H    H              1.0000    -3.386150    -3.029674    -0.876927       1.007825
 1.0 H    H              1.0000    -5.237870    -0.633223     0.583246       1.007825
 1.0 H    H              1.0000    -2.837775    -2.213265     2.336426       1.007825
 6.0 C    C              6.0000    -3.317875    -1.432676     0.463690      12.000000
 1.0 H    H              1.0000    -1.404609     2.108051     1.047927       1.007825
 1.0 H    H              1.0000    -1.970214     1.425590    -2.157892       1.007825
 6.0 C    C              6.0000    -1.382872     0.557647    -0.353305      12.000000
 1.0 H    H              1.0000     1.744929    -1.005054    -2.552569       1.007825
 1.0 H    H              1.0000     1.479644    -2.248122     0.521085       1.007825
 6.0 C    C              6.0000     1.338443    -0.474713    -0.575618      12.000000
 1.0 H    H              1.0000     3.313404     3.165477    -0.644257       1.007825
 1.0 H    H              1.0000     5.274726     0.564413     0.187395       1.007825
 1.0 H    H              1.0000     3.064850     1.789388     2.411473       1.007825
 6.0 C    C              6.0000     3.358866     1.356160     0.393349      12.000000
---------------------
Energy: -158.4549172548
---------------------
Optimizer: Optimization complete!
-------------------------------------------------------
| Optimized geometry for dihedral 4 7 10 14 230.00000  |
-------------------------------------------------------
[[-3.332490913250532, -3.1146066796072094, -0.6472602111876254], [-5.193592658735184, -0.6560645948499186, 0.6949659648555219], [-2.7000745932813417, -2.048194465145669, 2.4764436218168515], [-3.2597578242744434, -1.4208379091949392, 0.5680202272363901], [-1.4320455337030265, 2.2091735531368166, 0.7927497708470418], [-2.0680563690104576, 1.2304333925241133, -2.3191926965265686], [-1.4015146456149454, 0.5422813395283939, -0.4659951994779339], [1.828697608731727, -0.7836382299064426, -2.685377895629424], [1.4819471154737494, -2.30232153655591, 0.2506045828629717], [1.3464610853128207, -0.439516501620638, -0.6850778547190199], [3.2824427613936757, 3.2080290819900807, -0.3991713621413698], [5.241421501416919, 0.5667850953843244, 0.30505341849275935], [2.9396419486201157, 1.6010096920287742, 2.53249836136253], [3.3107892499739924, 1.3255809218976011, 0.4989570881746675]]
 1.0 H    H              1.0000    -3.332491    -3.114607    -0.647260       1.007825
 1.0 H    H              1.0000    -5.193593    -0.656065     0.694966       1.007825
 1.0 H    H              1.0000    -2.700075    -2.048194     2.476444       1.007825
 6.0 C    C              6.0000    -3.259758    -1.420838     0.568020      12.000000
 1.0 H    H              1.0000    -1.432046     2.209174     0.792750       1.007825
 1.0 H    H              1.0000    -2.068056     1.230433    -2.319193       1.007825
 6.0 C    C              6.0000    -1.401515     0.542281    -0.465995      12.000000
 1.0 H    H              1.0000     1.828698    -0.783638    -2.685378       1.007825
 1.0 H    H              1.0000     1.481947    -2.302322     0.250605       1.007825
 6.0 C    C              6.0000     1.346461    -0.439517    -0.685078      12.000000
 1.0 H    H              1.0000     3.282443     3.208029    -0.399171       1.007825
 1.0 H    H              1.0000     5.241422     0.566785     0.305053       1.007825
 1.0 H    H              1.0000     2.939642     1.601010     2.532498       1.007825
 6.0 C    C              6.0000     3.310789     1.325581     0.498957      12.000000
---------------------
Energy: -158.4537994416
---------------------
Optimizer: Optimization complete!
-------------------------------------------------------
| Optimized geometry for dihedral 4 7 10 14 240.00000  |
-------------------------------------------------------
[[-3.2569996071417244, -3.1821181193579724, -0.4202586432767471], [-5.135742127576369, -0.6782786894843452, 0.8130396984839877], [-2.547296717673996, -1.880457586952802, 2.5966793090900633], [-3.1878490787934872, -1.404690679363105, 0.6690449390435246], [-1.4753485861741387, 2.2966163940674864, 0.5205366221374762], [-2.1591075930807393, 1.0059612944616696, -2.464169621272554], [-1.4195306600483177, 0.5198280884149186, -0.5752545997698832], [1.907507582431839, -0.5363158972462893, -2.796357584449397], [1.4985404557971822, -2.3399071365345403, -0.035634338302323335], [1.354240306781694, -0.3979548248554396, -0.7898553979696612], [3.2293570829272324, 3.233716622458129, -0.15769945270370656], [5.195200488931768, 0.5672916139540216, 0.4301334140532882], [2.7975223623785284, 1.4133776321604863, 2.6351123274740362], [3.2486350134408184, 1.2912255213650359, 0.6018853437590415]]
 1.0 H    H              1.0000    -3.257000    -3.182118    -0.420259       1.007825
 1.0 H    H              1.0000    -5.135742    -0.678279     0.813040       1.007825
 1.0 H    H              1.0000    -2.547297    -1.880458     2.596679       1.007825
 6.0 C    C              6.0000    -3.187849    -1.404691     0.669045      12.000000
 1.0 H    H              1.0000    -1.475349     2.296616     0.520537       1.007825
 1.0 H    H              1.0000    -2.159108     1.005961    -2.464170       1.007825
 6.0 C    C              6.0000    -1.419531     0.519828    -0.575255      12.000000
 1.0 H    H              1.0000     1.907508    -0.536316    -2.796358       1.007825
 1.0 H    H              1.0000     1.498540    -2.339907    -0.035634       1.007825
 6.0 C    C              6.0000     1.354240    -0.397955    -0.789855      12.000000
 1.0 H    H              1.0000     3.229357     3.233717    -0.157699       1.007825
 1.0 H    H              1.0000     5.195200     0.567292     0.430133       1.007825
 1.0 H    H              1.0000     2.797522     1.413378     2.635112       1.007825
 6.0 C    C              6.0000     3.248635     1.291226     0.601885      12.000000
---------------------
Energy: -158.4533537761
---------------------
Optimizer: Optimization complete!
-------------------------------------------------------
| Optimized geometry for dihedral 4 7 10 14 250.00000  |
-------------------------------------------------------
[[-3.2780219304655134, 3.096093886092586, -0.032046280279162204], [-0.6847939247187792, 5.107901783672146, 0.7121015035088598], [-1.4506627700594243, 2.529155585830127, 2.7322270435947367], [-1.3397418795769476, 3.1296331499137486, 0.7367836574783835], [2.3599786654368797, 1.5557707675109174, -0.04702098455213362], [0.5044639632971711, 2.1130731195718933, -2.748523455855803], [0.4142280446168849, 1.4038734358105847, -0.7885806188959466], [-0.5044638934724072, -2.1130730825254145, -2.7485234936237446], [-2.3599786653040478, -1.5557707712449356, -0.0470210718820236], [-0.4142280276951718, -1.4038734291838606, -0.7885806481552412], [3.2780219003038154, -3.096093984043609, -0.03204631815741777], [0.6847938421460777, -5.107901765847668, 0.7121015663068092], [1.4506628089667841, -2.529155538719289, 2.7322270162566933], [1.3397418629802116, -3.1296331565653945, 0.7367836503344726]]
 1.0 H    H              1.0000    -3.278022     3.096094    -0.032046       1.007825
 1.0 H    H              1.0000    -0.684794     5.107902     0.712102       1.007825
 1.0 H    H              1.0000    -1.450663     2.529156     2.732227       1.007825
 6.0 C    C              6.0000    -1.339742     3.129633     0.736784      12.000000
 1.0 H    H              1.0000     2.359979     1.555771    -0.047021       1.007825
 1.0 H    H              1.0000     0.504464     2.113073    -2.748523       1.007825
 6.0 C    C              6.0000     0.414228     1.403873    -0.788581      12.000000
 1.0 H    H              1.0000    -0.504464    -2.113073    -2.748523       1.007825
 1.0 H    H              1.0000    -2.359979    -1.555771    -0.047021       1.007825
 6.0 C    C              6.0000    -0.414228    -1.403873    -0.788581      12.000000
 1.0 H    H              1.0000     3.278022    -3.096094    -0.032046       1.007825
 1.0 H    H              1.0000     0.684794    -5.107902     0.712102       1.007825
 1.0 H    H              1.0000     1.450663    -2.529156     2.732227       1.007825
 6.0 C    C              6.0000     1.339742    -3.129633     0.736784      12.000000
---------------------
Energy: -158.4536960870
---------------------
Optimizer: Optimization complete!
-------------------------------------------------------
| Optimized geometry for dihedral 4 7 10 14 260.00000  |
-------------------------------------------------------
[[-3.362808561588963, 2.915845009894015, 0.19028374358476036], [-0.8135954040740311, 5.017128025461767, 0.8310679786335666], [-1.3257061497336395, 2.342232654222516, 2.8017539482078515], [-1.3795772930055965, 3.0118609939246186, 0.8263405652135478], [2.3287834965438474, 1.6700655302632283, -0.3211348473054928], [0.1969344600764713, 2.171098813534564, -2.8259855937235216], [0.33325258891611603, 1.4221296701720814, -0.8831135924223041], [-0.19693425806753323, -2.171098861016622, -2.825985563663818], [-2.328783479067095, -1.6700654951702472, -0.32113497411455316], [-0.33325251921073096, -1.4221296693660161, -0.8831135800024844], [3.362808623195939, -2.9158447183265888, 0.19028432306366902], [0.8135955653891278, -5.017128106502825, 0.8310678470805538], [1.3257056265537224, -2.3422328686084612, 2.8017542046463455], [1.379577230083895, -3.0118609933660343, 0.8263407502644301]]
 1.0 H    H              1.0000    -3.362809     2.915845     0.190284       1.007825
 1.0 H    H              1.0000    -0.813595     5.017128     0.831068       1.007825
 1.0 H    H              1.0000    -1.325706     2.342233     2.801754       1.007825
 6.0 C    C              6.0000    -1.379577     3.011861     0.826341      12.000000
 1.0 H    H              1.0000     2.328783     1.670066    -0.321135       1.007825
 1.0 H    H              1.0000     0.196934     2.171099    -2.825986       1.007825
 6.0 C    C              6.0000     0.333253     1.422130    -0.883114      12.000000
 1.0 H    H              1.0000    -0.196934    -2.171099    -2.825986       1.007825
 1.0 H    H              1.0000    -2.328783    -1.670065    -0.321135       1.007825
 6.0 C    C              6.0000    -0.333253    -1.422130    -0.883114      12.000000
 1.0 H    H              1.0000     3.362809    -2.915845     0.190284       1.007825
 1.0 H    H              1.0000     0.813596    -5.017128     0.831068       1.007825
 1.0 H    H              1.0000     1.325706    -2.342233     2.801754       1.007825
 6.0 C    C              6.0000     1.379577    -3.011861     0.826341      12.000000
---------------------
Energy: -158.4546398862
---------------------
Optimizer: Optimization complete!
-------------------------------------------------------
| Optimized geometry for dihedral 4 7 10 14 270.00000  |
-------------------------------------------------------
[[-3.4435862055397757, 2.6671764312259914, 0.44118248794312637], [-0.9897772663498823, 4.921864900069655, 0.9060407303906417], [-1.159224543947177, 2.1953996640727875, 2.8609826075428697], [-1.4237215986502088, 2.8842587854649606, 0.9100037238223895], [2.2526825871802587, 1.8125399070320702, -0.5861257361493118], [-0.12890764206964822, 2.1953376228329944, -2.882693569833757], [0.23449236226384756, 1.4379891200779031, -0.9721014523494773], [0.12890819222867236, -2.1953375173511107, -2.882693624656031], [-2.252682469602881, -1.8125398764336451, -0.5861262294858389], [-0.2344921719736084, -1.4379890809230187, -0.9721015503698963], [3.443586086611977, -2.667177073632676, 0.44118260635576806], [0.9897765602056859, -4.9218648294944325, 0.9060412737798883], [1.159224548972307, -2.195399270404272, 2.8609826532203093], [1.4237214211518272, -2.884258821085516, 0.9100038916624058]]
 1.0 H    H              1.0000    -3.443586     2.667176     0.441182       1.007825
 1.0 H    H              1.0000    -0.989777     4.921865     0.906041       1.007825
 1.0 H    H              1.0000    -1.159225     2.195400     2.860983       1.007825
 6.0 C    C              6.0000    -1.423722     2.884259     0.910004      12.000000
 1.0 H    H              1.0000     2.252683     1.812540    -0.586126       1.007825
 1.0 H    H              1.0000    -0.128908     2.195338    -2.882694       1.007825
 6.0 C    C              6.0000     0.234492     1.437989    -0.972101      12.000000
 1.0 H    H              1.0000     0.128908    -2.195338    -2.882694       1.007825
 1.0 H    H              1.0000    -2.252682    -1.812540    -0.586126       1.007825
 6.0 C    C              6.0000    -0.234492    -1.437989    -0.972102      12.000000
 1.0 H    H              1.0000     3.443586    -2.667177     0.441183       1.007825
 1.0 H    H              1.0000     0.989777    -4.921865     0.906041       1.007825
 1.0 H    H              1.0000     1.159225    -2.195399     2.860983       1.007825
 6.0 C    C              6.0000     1.423721    -2.884259     0.910004      12.000000
---------------------
Energy: -158.4558600769
---------------------
Optimizer: Optimization complete!
-------------------------------------------------------
| Optimized geometry for dihedral 4 7 10 14 280.00000  |
-------------------------------------------------------
[[-3.490195968087575, 2.378194137132809, 0.7098257318084067], [-1.2017779181168653, 4.834131935768678, 0.9273009971427745], [-0.9544587877372038, 2.131016719777472, 2.901894570425313], [-1.4597812497701619, 2.7677763136435707, 0.9821228433007161], [2.1404613072108574, 1.9645083864748005, -0.8306094018231438], [-0.45053509253370017, 2.1794455588426294, -2.916572076405737], [0.1275561065343472, 1.4483726376446031, -1.0486259644366724], [0.45053551321329016, -2.1794455596710636, -2.9165720118770286], [-2.1404611897622368, -1.9645083832717518, -0.8306097093787163], [-0.1275559563938585, -1.4483726346378296, -1.0486259821354738], [3.4901958697054565, -2.3781941274985963, 0.7098262479968018], [1.201777794526744, -4.834131942371612, 0.9273011575737007], [0.9544583583889278, -2.1310167377397815, 2.9018947160619657], [1.4597811091361763, -2.7677763155957886, 0.9821230557675643]]
 1.0 H    H              1.0000    -3.490196     2.378194     0.709826       1.007825
 1.0 H    H              1.0000    -1.201778     4.834132     0.927301       1.007825
 1.0 H    H              1.0000    -0.954459     2.131017     2.901895       1.007825
 6.0 C    C              6.0000    -1.459781     2.767776     0.982123      12.000000
 1.0 H    H              1.0000     2.140461     1.964508    -0.830609       1.007825
 1.0 H    H              1.0000    -0.450535     2.179446    -2.916572       1.007825
 6.0 C    C              6.0000     0.127556     1.448373    -1.048626      12.000000
 1.0 H    H              1.0000     0.450536    -2.179446    -2.916572       1.007825
 1.0 H    H              1.0000    -2.140461    -1.964508    -0.830610       1.007825
 6.0 C    C              6.0000    -0.127556    -1.448373    -1.048626      12.000000
 1.0 H    H              1.0000     3.490196    -2.378194     0.709826       1.007825
 1.0 H    H              1.0000     1.201778    -4.834132     0.927301       1.007825
 1.0 H    H              1.0000     0.954458    -2.131017     2.901895       1.007825
 6.0 C    C              6.0000     1.459781    -2.767776     0.982123      12.000000
---------------------
Energy: -158.4568674357
---------------------
Optimizer: Optimization complete!
-------------------------------------------------------
| Optimized geometry for dihedral 4 7 10 14 290.00000  |
-------------------------------------------------------
[[2.067381044047096, 3.47745066577038, 1.0002112698070724], [4.743433662493326, 1.4418617370850664, 0.9168206580473949], [2.1469506247121197, 0.7145884485768715, 2.913221911156275], [2.664696226136392, 1.4792647241903312, 1.0453701800943738], [2.1137227299923245, -1.9997145247816237, -1.0565532869472771], [2.130671033784236, 0.7576294645407492, -2.9318498544698195], [1.452198978814533, -0.017629449838874933, -1.116073335053377], [-2.1306709505563166, -0.7576296067053342, -2.931849877293854], [-2.113722700021382, 1.9997144734885834, -1.0565534442390576], [-1.4521989479098438, 0.017629396012416584, -1.1160733765631916], [-2.067380981599757, -3.4774505942581455, 1.0002114482865276], [-4.743433687609564, -1.4418617873418835, 0.9168205292788902], [-2.146950796577602, -0.7145882379032946, 2.913221884718576], [-2.6646962552492095, -1.4792646735949064, 1.0453701769779382]]
 1.0 H    H              1.0000     2.067381     3.477451     1.000211       1.007825
 1.0 H    H              1.0000     4.743434     1.441862     0.916821       1.007825
 1.0 H    H              1.0000     2.146951     0.714588     2.913222       1.007825
 6.0 C    C              6.0000     2.664696     1.479265     1.045370      12.000000
 1.0 H    H              1.0000     2.113723    -1.999715    -1.056553       1.007825
 1.0 H    H              1.0000     2.130671     0.757629    -2.931850       1.007825
 6.0 C    C              6.0000     1.452199    -0.017629    -1.116073      12.000000
 1.0 H    H              1.0000    -2.130671    -0.757630    -2.931850       1.007825
 1.0 H    H              1.0000    -2.113723     1.999714    -1.056553       1.007825
 6.0 C    C              6.0000    -1.452199     0.017629    -1.116073      12.000000
 1.0 H    H              1.0000    -2.067381    -3.477451     1.000211       1.007825
 1.0 H    H              1.0000    -4.743434    -1.441862     0.916821       1.007825
 1.0 H    H              1.0000    -2.146951    -0.714588     2.913222       1.007825
 6.0 C    C              6.0000    -2.664696    -1.479265     1.045370      12.000000
---------------------
Energy: -158.4574142298
---------------------
Optimizer: Optimization complete!
-------------------------------------------------------
| Optimized geometry for dihedral 4 7 10 14 300.00000  |
-------------------------------------------------------
[[1.8079518977391147, 3.4082845088424563, 1.2668498697408495], [4.6478542967048595, 1.6399982311992052, 0.9276756737057399], [2.183747756101731, 0.4892683612374747, 2.8914620004294096], [2.5785883643327336, 1.4762415281085173, 1.1005620570888768], [2.2489518033450095, -1.8420147530175435, -1.266646900718945], [2.0579851250472427, 1.0415654556284915, -2.929780451734746], [1.449600976407403, 0.08819485399506266, -1.1752721389338348], [-2.0579850473408876, -1.041565643070899, -2.9297804393293396], [-2.248951769124082, 1.8420146726927926, -1.2666470760552602], [-1.4496009440182271, -0.08819492904678615, -1.1752721710351024], [-1.8079519607780583, -3.4082844421253236, 1.2668500201591733], [-4.647854328071576, -1.6399981378214095, 0.9276756736830652], [-2.1837478026198682, -0.4892681958580936, 2.891461979455707], [-2.578588394286624, -1.4762414579033538, 1.1005620842862607]]
 1.0 H    H              1.0000     1.807952     3.408285     1.266850       1.007825
 1.0 H    H              1.0000     4.647854     1.639998     0.927676       1.007825
 1.0 H    H              1.0000     2.183748     0.489268     2.891462       1.007825
 6.0 C    C              6.0000     2.578588     1.476242     1.100562      12.000000
 1.0 H    H              1.0000     2.248952    -1.842015    -1.266647       1.007825
 1.0 H    H              1.0000     2.057985     1.041565    -2.929780       1.007825
 6.0 C    C              6.0000     1.449601     0.088195    -1.175272      12.000000
 1.0 H    H              1.0000    -2.057985    -1.041566    -2.929780       1.007825
 1.0 H    H              1.0000    -2.248952     1.842015    -1.266647       1.007825
 6.0 C    C              6.0000    -1.449601    -0.088195    -1.175272      12.000000
 1.0 H    H              1.0000    -1.807952    -3.408284     1.266850       1.007825
 1.0 H    H              1.0000    -4.647854    -1.639998     0.927676       1.007825
 1.0 H    H              1.0000    -2.183748    -0.489268     2.891462       1.007825
 6.0 C    C              6.0000    -2.578588    -1.476241     1.100562      12.000000
---------------------
Energy: -158.4573806886
---------------------
Optimizer: Optimization complete!
-------------------------------------------------------
| Optimized geometry for dihedral 4 7 10 14 310.00000  |
-------------------------------------------------------
[[-1.5968899622869572, -3.309565934485472, 1.5036533428619032], [-4.552795487554816, -1.8070551053196124, 0.9532866173961295], [-2.232757106671481, -0.2940705833817883, 2.8461627042669226], [-2.507357768638254, -1.4656813578147474, 1.147425153756602], [-2.3753676876139758, 1.6597489173126256, -1.4636832580130315], [-1.9614337474879389, -1.3138591997422855, -2.9092282291857643], [-1.4408179668516061, -0.1961423694228361, -1.225547631365735], [1.9614337489577067, 1.313859167293521, -2.9092282430181697], [2.3753676844865197, -1.6597489297736616, -1.4636832442620338], [1.4408179675280146, 0.19614235542068384, -1.2255476360217377], [1.596889777224325, 3.309565833140311, 1.5036534470995906], [4.552795435819206, 1.8070553508272027, 0.953286474548844], [2.2327573436381787, 0.29407049745491415, 2.846162650561952], [2.50735776808692, 1.465681370697731, 1.147425129204124]]
 1.0 H    H              1.0000    -1.596890    -3.309566     1.503653       1.007825
 1.0 H    H              1.0000    -4.552795    -1.807055     0.953287       1.007825
 1.0 H    H              1.0000    -2.232757    -0.294071     2.846163       1.007825
 6.0 C    C              6.0000    -2.507358    -1.465681     1.147425      12.000000
 1.0 H    H              1.0000    -2.375368     1.659749    -1.463683       1.007825
 1.0 H    H              1.0000    -1.961434    -1.313859    -2.909228       1.007825
 6.0 C    C              6.0000    -1.440818    -0.196142    -1.225548      12.000000
 1.0 H    H              1.0000     1.961434     1.313859    -2.909228       1.007825
 1.0 H    H              1.0000     2.375368    -1.659749    -1.463683       1.007825
 6.0 C    C              6.0000     1.440818     0.196142    -1.225548      12.000000
 1.0 H    H              1.0000     1.596890     3.309566     1.503653       1.007825
 1.0 H    H              1.0000     4.552795     1.807055     0.953286       1.007825
 1.0 H    H              1.0000     2.232757     0.294070     2.846163       1.007825
 6.0 C    C              6.0000     2.507358     1.465681     1.147425      12.000000
---------------------
Energy: -158.4566820631
---------------------
Optimizer: Optimization complete!
-------------------------------------------------------
| Optimized geometry for dihedral 4 7 10 14 320.00000  |
-------------------------------------------------------
[[-1.477721886356978, -3.1910280590986706, 1.7047001151368806], [-4.49045370780509, -1.8906389707110758, 0.9842043150025309], [-2.287944287348241, -0.11381999521314808, 2.787844707327472], [-2.4692109252814984, -1.429389915033515, 1.1852427987338368], [-2.476128187794973, 1.4749431469016798, -1.6518144575534683], [-1.8525104668690522, -1.5599974609228433, -2.8677663651762275], [-1.4279440520241449, -0.2931351862111761, -1.265631088772382], [1.8525104290470127, 1.5599978133332741, -2.8677661934495458], [2.4761281727697217, -1.4749429473928186, -1.6518146643946625], [1.427944035402548, 0.29313533774056205, -1.2656310672661284], [1.4777211253044715, 3.191027239816524, 1.7047011098173692], [4.490453448125564, 1.890639928125907, 0.9842041155100852], [2.2879453740187308, 0.1138192104510965, 2.7878444638266258], [2.469210940803629, 1.4293897714583943, 1.1852429493373677]]
 1.0 H    H              1.0000    -1.477722    -3.191028     1.704700       1.007825
 1.0 H    H              1.0000    -4.490454    -1.890639     0.984204       1.007825
 1.0 H    H              1.0000    -2.287944    -0.113820     2.787845       1.007825
 6.0 C    C              6.0000    -2.469211    -1.429390     1.185243      12.000000
 1.0 H    H              1.0000    -2.476128     1.474943    -1.651814       1.007825
 1.0 H    H              1.0000    -1.852510    -1.559997    -2.867766       1.007825
 6.0 C    C              6.0000    -1.427944    -0.293135    -1.265631      12.000000
 1.0 H    H              1.0000     1.852510     1.559998    -2.867766       1.007825
 1.0 H    H              1.0000     2.476128    -1.474943    -1.651815       1.007825
 6.0 C    C              6.0000     1.427944     0.293135    -1.265631      12.000000
 1.0 H    H              1.0000     1.477721     3.191027     1.704701       1.007825
 1.0 H    H              1.0000     4.490453     1.890640     0.984204       1.007825
 1.0 H    H              1.0000     2.287945     0.113819     2.787844       1.007825
 6.0 C    C              6.0000     2.469211     1.429390     1.185243      12.000000
---------------------
Energy: -158.4553718710
---------------------
Optimizer: Optimization complete!
-------------------------------------------------------
| Optimized geometry for dihedral 4 7 10 14 330.00000  |
-------------------------------------------------------
[[-1.4328930928938057, -3.052172375882893, 1.8851679057558806], [-4.4649387870248685, -1.909118918494648, 1.0062133669330655], [-2.3613197466751625, 0.06886181539184227, 2.7173953462109117], [-2.4645182995419366, -1.3668909149511987, 1.2144309811540628], [-2.5504598273361503, 1.2908914961901334, -1.8386570920833398], [-1.7362367558394491, -1.7846206934863311, -2.800536410093239], [-1.4132254338347092, -0.37727448413494324, -1.2958620856873015], [1.736237051512415, 1.7846205259467678, -2.8005362371867997], [2.5504601237936217, -1.290891620279607, -1.838656710778703], [1.413225611107587, 0.377274345586853, -1.2958619036357488], [1.4328817251079247, 3.05216228384754, 1.8851765288183182], [4.464933793905657, 1.9091352742203813, 1.0062094097992123], [2.361335250615686, -0.0688672871152874, 2.717391323409974], [2.464518144511265, 1.3668910114782005, 1.2144312183256307]]
 1.0 H    H              1.0000    -1.432893    -3.052172     1.885168       1.007825
 1.0 H    H              1.0000    -4.464939    -1.909119     1.006213       1.007825
 1.0 H    H              1.0000    -2.361320     0.068862     2.717395       1.007825
 6.0 C    C              6.0000    -2.464518    -1.366891     1.214431      12.000000
 1.0 H    H              1.0000    -2.550460     1.290891    -1.838657       1.007825
 1.0 H    H              1.0000    -1.736237    -1.784621    -2.800536       1.007825
 6.0 C    C              6.0000    -1.413225    -0.377274    -1.295862      12.000000
 1.0 H    H              1.0000     1.736237     1.784621    -2.800536       1.007825
 1.0 H    H              1.0000     2.550460    -1.290892    -1.838657       1.007825
 6.0 C    C              6.0000     1.413226     0.377274    -1.295862      12.000000
 1.0 H    H              1.0000     1.432882     3.052162     1.885177       1.007825
 1.0 H    H              1.0000     4.464934     1.909135     1.006209       1.007825
 1.0 H    H              1.0000     2.361335    -0.068867     2.717391       1.007825
 6.0 C    C              6.0000     2.464518     1.366891     1.214431      12.000000
---------------------
Energy: -158.4536168771
---------------------
Optimizer: Optimization complete!
-------------------------------------------------------
| Optimized geometry for dihedral 4 7 10 14 340.00000  |
-------------------------------------------------------
[[-1.4189393286565328, -2.8950966873058257, 2.0535919646822434], [-4.455863358012979, -1.9163296683481092, 1.015141350147547], [-2.462157956226822, 0.24606089298692882, 2.632215076161841], [-2.479329346348847, -1.2963149106208383, 1.2351088315147756], [-2.6046797556251597, 1.0928957653267224, -2.0274438120265277], [-1.6050924503832467, -1.999420027286184, -2.702311652452762], [-1.3956762784463554, -0.4557272817361157, -1.3166755177213927], [1.6050931848140897, 1.9994199337106322, -2.7023112812435213], [2.604680313576169, -1.0928958088450356, -2.0274430654233218], [1.3956766258301212, 0.4557272461471864, -1.3166751528325515], [1.41894493899413, 2.8951032799132705, 2.0535875516145303], [4.455866288307137, 1.9163201848645894, 1.0151443348175968], [2.4621480145586485, -0.24605800259260124, 2.632218768075858], [2.4793290080904806, 1.2963149577641133, 1.2351094646721081]]
 1.0 H    H              1.0000    -1.418939    -2.895097     2.053592       1.007825
 1.0 H    H              1.0000    -4.455863    -1.916330     1.015141       1.007825
 1.0 H    H              1.0000    -2.462158     0.246061     2.632215       1.007825
 6.0 C    C              6.0000    -2.479329    -1.296315     1.235109      12.000000
 1.0 H    H              1.0000    -2.604680     1.092896    -2.027444       1.007825
 1.0 H    H              1.0000    -1.605092    -1.999420    -2.702312       1.007825
 6.0 C    C              6.0000    -1.395676    -0.455727    -1.316676      12.000000
 1.0 H    H              1.0000     1.605093     1.999420    -2.702311       1.007825
 1.0 H    H              1.0000     2.604680    -1.092896    -2.027443       1.007825
 6.0 C    C              6.0000     1.395677     0.455727    -1.316675      12.000000
 1.0 H    H              1.0000     1.418945     2.895103     2.053588       1.007825
 1.0 H    H              1.0000     4.455866     1.916320     1.015144       1.007825
 1.0 H    H              1.0000     2.462148    -0.246058     2.632219       1.007825
 6.0 C    C              6.0000     2.479329     1.296315     1.235109      12.000000
---------------------
Energy: -158.4517871573
---------------------
Optimizer: Optimization complete!
-------------------------------------------------------
| Optimized geometry for dihedral 4 7 10 14 350.00000  |
-------------------------------------------------------
[[-1.4079417471197795, -2.707014604589992, 2.218481549367562], [-4.4446600209149, -1.9439225776703735, 1.0150784347070334], [-2.599819298923713, 0.41872313863756855, 2.523848242005188], [-2.5039685719100215, -1.2233340672214261, 1.24797040676466], [-2.638228987058581, 0.8688442289058931, -2.217736341882074], [-1.4510853106633317, -2.2070068954779822, -2.5704867555468507], [-1.372739765647029, -0.533470582493268, -1.3293675522093227], [1.4510864395426282, 2.2070040141830947, -2.5704887536234784], [2.638229773760773, -0.8688467690213064, -2.217734234321252], [1.3727402619210853, 0.5334691609051312, -1.3293676174660067], [1.4079496183485332, 2.7070278093067954, 2.218472506316853], [4.444665170253178, 1.9439092661016502, 1.015079508924949], [2.5998042713505587, -0.4187171051474554, 2.523854971204135], [2.5039680833143017, 1.2233354463777861, 1.247970018932709]]
 1.0 H    H              1.0000    -1.407942    -2.707015     2.218482       1.007825
 1.0 H    H              1.0000    -4.444660    -1.943923     1.015078       1.007825
 1.0 H    H              1.0000    -2.599819     0.418723     2.523848       1.007825
 6.0 C    C              6.0000    -2.503969    -1.223334     1.247970      12.000000
 1.0 H    H              1.0000    -2.638229     0.868844    -2.217736       1.007825
 1.0 H    H              1.0000    -1.451085    -2.207007    -2.570487       1.007825
 6.0 C    C              6.0000    -1.372740    -0.533471    -1.329368      12.000000
 1.0 H    H              1.0000     1.451086     2.207004    -2.570489       1.007825
 1.0 H    H              1.0000     2.638230    -0.868847    -2.217734       1.007825
 6.0 C    C              6.0000     1.372740     0.533469    -1.329368      12.000000
 1.0 H    H              1.0000     1.407950     2.707028     2.218473       1.007825
 1.0 H    H              1.0000     4.444665     1.943909     1.015080       1.007825
 1.0 H    H              1.0000     2.599804    -0.418717     2.523855       1.007825
 6.0 C    C              6.0000     2.503968     1.223335     1.247970      12.000000
---------------------
Energy: -158.4503136854
---------------------
