-------------------------------------------------------
| Optimized geometry for dihedral 4 7 10 14 180.00100  |
-------------------------------------------------------
[[-3.3665238823150165, -2.5303721013306766, -1.7477011282183958], [-5.309478631397212, -0.598095234230694, 0.2018880465892659], [-3.2053000620841234, -2.8204251418839075, 1.595795628407481], [-3.4171544270192924, -1.4518844497712553, 0.036512708144174524], [-1.4766039250292764, 1.6441302766308528, 1.8865624294172623], [-1.6356738874229488, 1.9311872825736263, -1.4320166303804878], [-1.333985639878463, 0.552392583807025, 0.10977709098542118], [1.4779792917384345, -1.6395496893298673, -1.8928716523565958], [1.6336460422972692, -1.9346183388490834, 1.425155663145934], [1.3338015232565092, -0.5520510725274296, -0.11360972420069655], [3.2083226133693565, 2.8230432387957705, -1.590026412201579], [5.309735930031261, 0.5976564128517832, -0.19675895658211448], [3.3640607061466152, 2.526768064712315, 1.7531780740269913], [3.417324753627234, 1.4515660538036537, -0.03294925339219127]]
 1.0 H    H              1.0000    -3.366524    -2.530372    -1.747701       1.007825
 1.0 H    H              1.0000    -5.309479    -0.598095     0.201888       1.007825
 1.0 H    H              1.0000    -3.205300    -2.820425     1.595796       1.007825
 6.0 C    C              6.0000    -3.417154    -1.451884     0.036513      12.000000
 1.0 H    H              1.0000    -1.476604     1.644130     1.886562       1.007825
 1.0 H    H              1.0000    -1.635674     1.931187    -1.432017       1.007825
 6.0 C    C              6.0000    -1.333986     0.552393     0.109777      12.000000
 1.0 H    H              1.0000     1.477979    -1.639550    -1.892872       1.007825
 1.0 H    H              1.0000     1.633646    -1.934618     1.425156       1.007825
 6.0 C    C              6.0000     1.333802    -0.552051    -0.113610      12.000000
 1.0 H    H              1.0000     3.208323     2.823043    -1.590026       1.007825
 1.0 H    H              1.0000     5.309736     0.597656    -0.196759       1.007825
 1.0 H    H              1.0000     3.364061     2.526768     1.753178       1.007825
 6.0 C    C              6.0000     3.417325     1.451566    -0.032949      12.000000
---------------------
Energy: -158.4588878656
---------------------
Optimizer: Optimization complete!
-------------------------------------------------------
| Optimized geometry for dihedral 4 7 10 14 190.00100  |
-------------------------------------------------------
[[-3.383117600868563, -2.6969613251840965, -1.536801792552266], [-5.303611390135759, -0.6096940718231563, 0.269280958904593], [-3.147225778732689, -2.6783129714008607, 1.815449564754175], [-3.4064260964000312, -1.4600763412832622, 0.1429106674821053], [-1.4377682233523426, 1.7600175442773018, 1.7040394183302088], [-1.7069949456077582, 1.836212091213206, -1.6185249860499225], [-1.34178875734965, 0.5596066649804682, -0.005059325039204729], [1.5295400203902558, -1.5084494598619878, -2.0712838795470603], [1.5785506286043347, -2.02003981809875, 1.2231957937158866], [1.330430177037765, -0.5386255532958465, -0.23113038875629996], [3.244106461994978, 2.9537137880034017, -1.353583081692007], [5.310121627161551, 0.5976714432387435, -0.13392633164689755], [3.3283286290849285, 2.343818045269498, 1.9501297380167155], [3.4167827786535976, 1.440944986150262, 0.0724527281710266]]
 1.0 H    H              1.0000    -3.383118    -2.696961    -1.536802       1.007825
 1.0 H    H              1.0000    -5.303611    -0.609694     0.269281       1.007825
 1.0 H    H              1.0000    -3.147226    -2.678313     1.815450       1.007825
 6.0 C    C              6.0000    -3.406426    -1.460076     0.142911      12.000000
 1.0 H    H              1.0000    -1.437768     1.760018     1.704039       1.007825
 1.0 H    H              1.0000    -1.706995     1.836212    -1.618525       1.007825
 6.0 C    C              6.0000    -1.341789     0.559607    -0.005059      12.000000
 1.0 H    H              1.0000     1.529540    -1.508449    -2.071284       1.007825
 1.0 H    H              1.0000     1.578551    -2.020040     1.223196       1.007825
 6.0 C    C              6.0000     1.330430    -0.538626    -0.231130      12.000000
 1.0 H    H              1.0000     3.244106     2.953714    -1.353583       1.007825
 1.0 H    H              1.0000     5.310122     0.597671    -0.133926       1.007825
 1.0 H    H              1.0000     3.328329     2.343818     1.950130       1.007825
 6.0 C    C              6.0000     3.416783     1.440945     0.072453      12.000000
---------------------
Energy: -158.4585586338
---------------------
Optimizer: Optimization complete!
-------------------------------------------------------
| Optimized geometry for dihedral 4 7 10 14 200.00100  |
-------------------------------------------------------
[[-3.4111881995078854, -2.8194202307457843, -1.3316496829753783], [-5.2888385367382975, -0.618069170957769, 0.38102188277385357], [-3.0510981812362443, -2.542811480586701, 1.9983494462053408], [-3.387193386479379, -1.45821562585361, 0.24946093715767445], [-1.412738222629882, 1.879178740810062, 1.4995237445904221], [-1.7859479895349688, 1.7210857620160116, -1.8078921909832366], [-1.3526823846866207, 0.5634898998089807, -0.12422926091857388], [1.5943457516922614, -1.364343914489172, -2.2398317427328998], [1.5315015714164704, -2.1003019545087986, 1.009429089242672], [1.3303810490770562, -0.5219671811242516, -0.3468996083870642], [3.2945122278421466, 3.0366437944823894, -1.1329406957800212], [5.306192391365078, 0.5857625099782102, -0.014423834913912508], [3.245891151146659, 2.1801364295108687, 2.1165357939870075], [3.407593967117443, 1.4202320119641298, 0.18151267148914046]]
 1.0 H    H              1.0000    -3.411188    -2.819420    -1.331650       1.007825
 1.0 H    H              1.0000    -5.288839    -0.618069     0.381022       1.007825
 1.0 H    H              1.0000    -3.051098    -2.542811     1.998349       1.007825
 6.0 C    C              6.0000    -3.387193    -1.458216     0.249461      12.000000
 1.0 H    H              1.0000    -1.412738     1.879179     1.499524       1.007825
 1.0 H    H              1.0000    -1.785948     1.721086    -1.807892       1.007825
 6.0 C    C              6.0000    -1.352682     0.563490    -0.124229      12.000000
 1.0 H    H              1.0000     1.594346    -1.364344    -2.239832       1.007825
 1.0 H    H              1.0000     1.531502    -2.100302     1.009429       1.007825
 6.0 C    C              6.0000     1.330381    -0.521967    -0.346900      12.000000
 1.0 H    H              1.0000     3.294512     3.036644    -1.132941       1.007825
 1.0 H    H              1.0000     5.306192     0.585763    -0.014424       1.007825
 1.0 H    H              1.0000     3.245891     2.180136     2.116536       1.007825
 6.0 C    C              6.0000     3.407594     1.420232     0.181513      12.000000
---------------------
Energy: -158.4576388987
---------------------
Optimizer: Optimization complete!
-------------------------------------------------------
| Optimized geometry for dihedral 4 7 10 14 210.00100  |
-------------------------------------------------------
[[-3.4052479030118943, -2.9364457229024694, -1.1013059223532913], [-5.26984065053793, -0.6219664593399481, 0.46939396862031846], [-2.960160062484707, -2.372334589942285, 2.181338351850728], [-3.3598039696901596, -1.445419047671557, 0.35721198803434756], [-1.39902481471098, 1.9957842957030845, 1.2828421641211418], [-1.8736214035669163, 1.5883206596928676, -1.9869737970801324], [-1.366127985426912, 0.5641067848995888, -0.24002029773379285], [1.6656857812288732, -1.201324855149233, -2.400748606502233], [1.4966665072305236, -2.1775084663130286, 0.777531253176456], [1.3328602637428197, -0.5021910655248255, -0.46197340475559195], [3.311072549829811, 3.111730897428909, -0.8861581613302271], [5.29560018005089, 0.5740166715393417, 0.07419660136413839], [3.1713167222810252, 1.9793371101886317, 2.2745753442675514], [3.3903466243416585, 1.3885752463278989, 0.2872776372298499]]
 1.0 H    H              1.0000    -3.405248    -2.936446    -1.101306       1.007825
 1.0 H    H              1.0000    -5.269841    -0.621966     0.469394       1.007825
 1.0 H    H              1.0000    -2.960160    -2.372335     2.181338       1.007825
 6.0 C    C              6.0000    -3.359804    -1.445419     0.357212      12.000000
 1.0 H    H              1.0000    -1.399025     1.995784     1.282842       1.007825
 1.0 H    H              1.0000    -1.873621     1.588321    -1.986974       1.007825
 6.0 C    C              6.0000    -1.366128     0.564107    -0.240020      12.000000
 1.0 H    H              1.0000     1.665686    -1.201325    -2.400749       1.007825
 1.0 H    H              1.0000     1.496667    -2.177508     0.777531       1.007825
 6.0 C    C              6.0000     1.332860    -0.502191    -0.461973      12.000000
 1.0 H    H              1.0000     3.311073     3.111731    -0.886158       1.007825
 1.0 H    H              1.0000     5.295600     0.574017     0.074197       1.007825
 1.0 H    H              1.0000     3.171317     1.979337     2.274575       1.007825
 6.0 C    C              6.0000     3.390347     1.388575     0.287278      12.000000
---------------------
Energy: -158.4563273398
---------------------
Optimizer: Optimization complete!
-------------------------------------------------------
| Optimized geometry for dihedral 4 7 10 14 220.00100  |
-------------------------------------------------------
[[-3.388653663950445, -3.026976256347004, -0.8766006692282587], [-5.238291927407421, -0.6290995816253796, 0.5838813842970063], [-2.8392153538273757, -2.2110885382987298, 2.336708242060464], [-3.3189434458054716, -1.4300677038855742, 0.4640540101816277], [-1.4028224530274551, 2.1091361345581108, 1.048127129929141], [-1.9693505965818412, 1.4271925167016848, -2.1576384759437004], [-1.3824742168042194, 0.558746765042287, -0.35314180004107015], [1.7438413263252164, -1.0063433343309263, -2.552819477588807], [1.4779290980959139, -2.2493064736331254, 0.5208229937129827], [1.337999960832101, -0.4757489719894276, -0.5758033761512839], [3.3158358231293117, 3.1628771623647562, -0.6445462063553214], [5.275187709919605, 0.5602326943151619, 0.1868239928132751], [3.0665165449913974, 1.7868956546133568, 2.411175281288279], [3.3599762725981317, 1.3534931175247544, 0.39300517371817395]]
 1.0 H    H              1.0000    -3.388654    -3.026976    -0.876601       1.007825
 1.0 H    H              1.0000    -5.238292    -0.629100     0.583881       1.007825
 1.0 H    H              1.0000    -2.839215    -2.211089     2.336708       1.007825
 6.0 C    C              6.0000    -3.318943    -1.430068     0.464054      12.000000
 1.0 H    H              1.0000    -1.402822     2.109136     1.048127       1.007825
 1.0 H    H              1.0000    -1.969351     1.427193    -2.157638       1.007825
 6.0 C    C              6.0000    -1.382474     0.558747    -0.353142      12.000000
 1.0 H    H              1.0000     1.743841    -1.006343    -2.552819       1.007825
 1.0 H    H              1.0000     1.477929    -2.249306     0.520823       1.007825
 6.0 C    C              6.0000     1.338000    -0.475749    -0.575803      12.000000
 1.0 H    H              1.0000     3.315836     3.162877    -0.644546       1.007825
 1.0 H    H              1.0000     5.275188     0.560233     0.186824       1.007825
 1.0 H    H              1.0000     3.066517     1.786896     2.411175       1.007825
 6.0 C    C              6.0000     3.359976     1.353493     0.393005      12.000000
---------------------
Energy: -158.4549170878
---------------------
Optimizer: Optimization complete!
-------------------------------------------------------
| Optimized geometry for dihedral 4 7 10 14 230.00100  |
-------------------------------------------------------
[[-3.335033099054025, -3.111951789085745, -0.6469328263668254], [-5.194021638997043, -0.6519683230259189, 0.6955817328993824], [-2.701383246177854, -2.0461113560714965, 2.4767164905072208], [-3.260808250690874, -1.418268711299403, 0.5683770071237546], [-1.4302046361592198, 2.210296389001211, 0.7929511245362623], [-2.067365693860812, 1.2321133221547713, -2.3189309904634663], [-1.4011416106496706, 0.5434029098953076, -0.465826766527976], [1.827768210896598, -0.7849840695216334, -2.6856299967064547], [1.4801526864671624, -2.3035078817467136, 0.2503324555052392], [1.3460323084889672, -0.4405596738473036, -0.6852614823571623], [3.2849373655902356, 3.2054396043474847, -0.39944657850353865], [5.241899870673269, 0.5626189929479882, 0.3044705973640096], [2.9411891728643926, 1.5985928957193616, 2.5322072020228914], [3.311891376485378, 1.3229389969167584, 0.49861502795042584]]
 1.0 H    H              1.0000    -3.335033    -3.111952    -0.646933       1.007825
 1.0 H    H              1.0000    -5.194022    -0.651968     0.695582       1.007825
 1.0 H    H              1.0000    -2.701383    -2.046111     2.476716       1.007825
 6.0 C    C              6.0000    -3.260808    -1.418269     0.568377      12.000000
 1.0 H    H              1.0000    -1.430205     2.210296     0.792951       1.007825
 1.0 H    H              1.0000    -2.067366     1.232113    -2.318931       1.007825
 6.0 C    C              6.0000    -1.401142     0.543403    -0.465827      12.000000
 1.0 H    H              1.0000     1.827768    -0.784984    -2.685630       1.007825
 1.0 H    H              1.0000     1.480153    -2.303508     0.250332       1.007825
 6.0 C    C              6.0000     1.346032    -0.440560    -0.685261      12.000000
 1.0 H    H              1.0000     3.284937     3.205440    -0.399447       1.007825
 1.0 H    H              1.0000     5.241900     0.562619     0.304471       1.007825
 1.0 H    H              1.0000     2.941189     1.598593     2.532207       1.007825
 6.0 C    C              6.0000     3.311891     1.322939     0.498615      12.000000
---------------------
Energy: -158.4537993481
---------------------
Optimizer: Optimization complete!
-------------------------------------------------------
| Optimized geometry for dihedral 4 7 10 14 240.00100  |
-------------------------------------------------------
[[-3.259557692333934, -3.1795320496955073, -0.41993644110044426], [-5.136175032255694, -0.6742355473183731, 0.8136387693440257], [-2.5484625312315634, -1.8784908404104093, 2.5969408668054434], [-3.188873084900563, -1.4021810698245232, 0.669393357338444], [-1.4734726608933926, 2.297779187223971, 0.5207435976542996], [-2.158610844197301, 1.0077140399367077, -2.463901468001238], [-1.419188255755795, 0.5209661093085921, -0.5750843218629845], [1.90676005734729, -0.5377177551199086, -2.796609465238084], [1.4966843409947554, -2.3410961286567074, -0.03591155517883485], [1.3538320125456988, -0.39900027270710864, -0.7900383678538887], [3.231890466063608, 3.231163800543937, -0.15796057029659327], [5.195693476072347, 0.563164017331661, 0.429547571309138], [2.7989374985245496, 1.4110620704060923, 2.634832759555596], [3.2497203963441215, 1.2886296656819283, 0.6015494214514648]]
 1.0 H    H              1.0000    -3.259558    -3.179532    -0.419936       1.007825
 1.0 H    H              1.0000    -5.136175    -0.674236     0.813639       1.007825
 1.0 H    H              1.0000    -2.548463    -1.878491     2.596941       1.007825
 6.0 C    C              6.0000    -3.188873    -1.402181     0.669393      12.000000
 1.0 H    H              1.0000    -1.473473     2.297779     0.520744       1.007825
 1.0 H    H              1.0000    -2.158611     1.007714    -2.463901       1.007825
 6.0 C    C              6.0000    -1.419188     0.520966    -0.575084      12.000000
 1.0 H    H              1.0000     1.906760    -0.537718    -2.796609       1.007825
 1.0 H    H              1.0000     1.496684    -2.341096    -0.035912       1.007825
 6.0 C    C              6.0000     1.353832    -0.399000    -0.790038      12.000000
 1.0 H    H              1.0000     3.231890     3.231164    -0.157961       1.007825
 1.0 H    H              1.0000     5.195693     0.563164     0.429548       1.007825
 1.0 H    H              1.0000     2.798937     1.411062     2.634833       1.007825
 6.0 C    C              6.0000     3.249720     1.288630     0.601549      12.000000
---------------------
Energy: -158.4533537718
---------------------
Optimizer: Optimization complete!
-------------------------------------------------------
| Optimized geometry for dihedral 4 7 10 14 250.00100  |
-------------------------------------------------------
[[-3.281796039483313, 3.0916311497064473, -0.031862593435852564], [-0.6917863690640297, 5.1065410123030945, 0.7120965329753915], [-1.4539362254715016, 2.527206911535039, 2.7317793811686886], [-1.3439585284478495, 3.127810604807405, 0.7368048117030225], [2.3578578084579886, 1.5589494127936998, -0.04704354336618038], [0.5015723367528414, 2.113764327803191, -2.74850267234754], [0.41232552095857805, 1.4044304755301518, -0.7885790123509013], [-0.5015711738308389, -2.113764051695755, -2.74850309578919], [-2.357857788265128, -1.5589494140397742, -0.047044699066131235], [-0.41232518769602944, -1.4044304001035177, -0.7885793298142356], [3.2817960503252026, -3.091631135285812, -0.031861516152766424], [0.6917860651826188, -5.106541077071676, 0.7120962987725742], [1.453935072461551, -2.527207187463126, 2.7317797445698906], [1.3439582172679736, -3.1278106759159563, 0.7368050651166]]
 1.0 H    H              1.0000    -3.281796     3.091631    -0.031863       1.007825
 1.0 H    H              1.0000    -0.691786     5.106541     0.712097       1.007825
 1.0 H    H              1.0000    -1.453936     2.527207     2.731779       1.007825
 6.0 C    C              6.0000    -1.343959     3.127811     0.736805      12.000000
 1.0 H    H              1.0000     2.357858     1.558949    -0.047044       1.007825
 1.0 H    H              1.0000     0.501572     2.113764    -2.748503       1.007825
 6.0 C    C              6.0000     0.412326     1.404430    -0.788579      12.000000
 1.0 H    H              1.0000    -0.501571    -2.113764    -2.748503       1.007825
 1.0 H    H              1.0000    -2.357858    -1.558949    -0.047045       1.007825
 6.0 C    C              6.0000    -0.412325    -1.404430    -0.788579      12.000000
 1.0 H    H              1.0000     3.281796    -3.091631    -0.031862       1.007825
 1.0 H    H              1.0000     0.691786    -5.106541     0.712096       1.007825
 1.0 H    H              1.0000     1.453935    -2.527207     2.731780       1.007825
 6.0 C    C              6.0000     1.343958    -3.127811     0.736805      12.000000
---------------------
Energy: -158.4536963838
---------------------
Optimizer: Optimization complete!
-------------------------------------------------------
| Optimized geometry for dihedral 4 7 10 14 260.00100  |
-------------------------------------------------------
[[-3.3666629559733314, 2.911451149093624, 0.19023229894320512], [-0.8201919834456998, 5.016026691649199, 0.8311468434466858], [-1.3288806520496226, 2.340404879362683, 2.801742528340753], [-1.3835718780327129, 3.010024087502575, 0.8263451306554465], [2.326571556117482, 1.6731542821282228, -0.32116999273340047], [0.1940149205127654, 2.1713619298088447, -2.8259849342063084], [0.33136260582472077, 1.4225704350157102, -0.8831165968917348], [-0.19401476978150647, -2.171362011466859, -2.8259848810310877], [-2.326571542641144, -1.6731542910121244, -0.32117006549442806], [-0.33136255992036984, -1.422570458597442, -0.8831165711889788], [3.366663035143179, -2.911450679533392, 0.19023290266764542], [0.8201922933291531, -5.016026770224741, 0.8311465794830803], [1.328880057800922, -2.340405160754727, 2.801742773904901], [1.3835718355707398, -3.0100240655208266, 0.8263452890381998]]
 1.0 H    H              1.0000    -3.366663     2.911451     0.190232       1.007825
 1.0 H    H              1.0000    -0.820192     5.016027     0.831147       1.007825
 1.0 H    H              1.0000    -1.328881     2.340405     2.801743       1.007825
 6.0 C    C              6.0000    -1.383572     3.010024     0.826345      12.000000
 1.0 H    H              1.0000     2.326572     1.673154    -0.321170       1.007825
 1.0 H    H              1.0000     0.194015     2.171362    -2.825985       1.007825
 6.0 C    C              6.0000     0.331363     1.422570    -0.883117      12.000000
 1.0 H    H              1.0000    -0.194015    -2.171362    -2.825985       1.007825
 1.0 H    H              1.0000    -2.326572    -1.673154    -0.321170       1.007825
 6.0 C    C              6.0000    -0.331363    -1.422570    -0.883117      12.000000
 1.0 H    H              1.0000     3.366663    -2.911451     0.190233       1.007825
 1.0 H    H              1.0000     0.820192    -5.016027     0.831147       1.007825
 1.0 H    H              1.0000     1.328880    -2.340405     2.801743       1.007825
 6.0 C    C              6.0000     1.383572    -3.010024     0.826345      12.000000
---------------------
Energy: -158.4546399265
---------------------
Optimizer: Optimization complete!
-------------------------------------------------------
| Optimized geometry for dihedral 4 7 10 14 270.00100  |
-------------------------------------------------------
[[-3.447102909690025, 2.662419468835285, 0.44135063817259484], [-0.9964370274485963, 4.9205916788085995, 0.9058605868039462], [-1.161912257337798, 2.1940477872174164, 2.8610254074429475], [-1.4275139924586338, 2.8823787357867836, 0.91001171069037], [2.2502867658245083, 1.8155070117534169, -0.586152569193617], [-0.13182645200068413, 2.195164766385558, -2.882699925617515], [0.23259073996268964, 1.4382967043088408, -0.9721091221094976], [0.13182715230093908, -2.195164496020089, -2.8827001013173725], [-2.250286618751087, -1.8155069459582251, -0.5861532834828946], [-0.23259049770463885, -1.4382966095235608, -0.9721093151313531], [3.447102741743237, -2.662420641220946, 0.44135042152471626], [0.9964358475622, -4.920591573717624, 0.9058613445558457], [1.1619125651892313, -2.1940471420342496, 2.861025308682655], [1.4275137663768525, -2.8823788233534446, 0.9100117904466364]]
 1.0 H    H              1.0000    -3.447103     2.662419     0.441351       1.007825
 1.0 H    H              1.0000    -0.996437     4.920592     0.905861       1.007825
 1.0 H    H              1.0000    -1.161912     2.194048     2.861025       1.007825
 6.0 C    C              6.0000    -1.427514     2.882379     0.910012      12.000000
 1.0 H    H              1.0000     2.250287     1.815507    -0.586153       1.007825
 1.0 H    H              1.0000    -0.131826     2.195165    -2.882700       1.007825
 6.0 C    C              6.0000     0.232591     1.438297    -0.972109      12.000000
 1.0 H    H              1.0000     0.131827    -2.195164    -2.882700       1.007825
 1.0 H    H              1.0000    -2.250287    -1.815507    -0.586153       1.007825
 6.0 C    C              6.0000    -0.232590    -1.438297    -0.972109      12.000000
 1.0 H    H              1.0000     3.447103    -2.662421     0.441350       1.007825
 1.0 H    H              1.0000     0.996436    -4.920592     0.905861       1.007825
 1.0 H    H              1.0000     1.161913    -2.194047     2.861025       1.007825
 6.0 C    C              6.0000     1.427514    -2.882379     0.910012      12.000000
---------------------
Energy: -158.4558602315
---------------------
Optimizer: Optimization complete!
-------------------------------------------------------
| Optimized geometry for dihedral 4 7 10 14 280.00100  |
-------------------------------------------------------
[[-3.48570008329297, 2.3845747617870225, 0.7094183804812819], [-1.1933714461037856, 4.836861494052857, 0.9261470699803653], [-0.9505701619068427, 2.1340823098087593, 2.901718756571041], [-1.454707478309996, 2.7709641690549756, 0.9816921959192066], [2.144538480057703, 1.9591252611176986, -0.8269538934395877], [-0.44236668531471773, 2.1812722850001434, -2.9169865872645193], [0.13067810260563156, 1.4481228261810484, -1.0483212996186444], [0.4423665703058462, -2.1812720776414327, -2.916986774719756], [-2.144538483397609, -1.9591251580076412, -0.8269539494302588], [-0.13067810358939888, -1.448122739178963, -1.0483214031356765], [3.4857001446188116, -2.384575434929626, 0.7094177346342917], [1.1933708830483603, -4.836861510870856, 0.9261471717960785], [0.9505707059277909, -2.13408200970493, 2.9017185539341472], [1.454707485681477, -2.770964249389626, 0.9816919789186541]]
 1.0 H    H              1.0000    -3.485700     2.384575     0.709418       1.007825
 1.0 H    H              1.0000    -1.193371     4.836861     0.926147       1.007825
 1.0 H    H              1.0000    -0.950570     2.134082     2.901719       1.007825
 6.0 C    C              6.0000    -1.454707     2.770964     0.981692      12.000000
 1.0 H    H              1.0000     2.144538     1.959125    -0.826954       1.007825
 1.0 H    H              1.0000    -0.442367     2.181272    -2.916987       1.007825
 6.0 C    C              6.0000     0.130678     1.448123    -1.048321      12.000000
 1.0 H    H              1.0000     0.442367    -2.181272    -2.916987       1.007825
 1.0 H    H              1.0000    -2.144538    -1.959125    -0.826954       1.007825
 6.0 C    C              6.0000    -0.130678    -1.448123    -1.048321      12.000000
 1.0 H    H              1.0000     3.485700    -2.384575     0.709418       1.007825
 1.0 H    H              1.0000     1.193371    -4.836862     0.926147       1.007825
 1.0 H    H              1.0000     0.950571    -2.134082     2.901719       1.007825
 6.0 C    C              6.0000     1.454707    -2.770964     0.981692      12.000000
---------------------
Energy: -158.4568635227
---------------------
Optimizer: Optimization complete!
-------------------------------------------------------
| Optimized geometry for dihedral 4 7 10 14 290.00100  |
-------------------------------------------------------
[[-3.4691848876104925, 2.0861184704473326, 0.9976473763031665], [-1.417224950713494, 4.749701906670342, 0.9194545567854224], [-0.707742063639296, 2.146418319413577, 2.913280165549717], [-1.4674685447839162, 2.671122921648314, 1.0454093356987122], [2.0089617421207935, 2.1049731119134125, -1.0566366665266884], [-0.7483235132388077, 2.1339966864203777, -2.9318543328314504], [0.024004445176189475, 1.4521154926292064, -1.1161157539951616], [0.7483236314076418, -2.1339964647295644, -2.9318544627847323], [-2.0089617000719167, -2.104973030476253, -1.0566369048404491], [-0.024004399460310036, -1.4521154075434184, -1.1161158633146466], [3.469184865151188, -2.0861186128584586, 0.9976473130527674], [1.4172248432981935, -4.7497019778437854, 0.9194543059744669], [0.707741996760011, -2.146418474373757, 2.9132800356530137], [1.467468502136543, -2.671123001240047, 1.0454091958042477]]
 1.0 H    H              1.0000    -3.469185     2.086118     0.997647       1.007825
 1.0 H    H              1.0000    -1.417225     4.749702     0.919455       1.007825
 1.0 H    H              1.0000    -0.707742     2.146418     2.913280       1.007825
 6.0 C    C              6.0000    -1.467469     2.671123     1.045409      12.000000
 1.0 H    H              1.0000     2.008962     2.104973    -1.056637       1.007825
 1.0 H    H              1.0000    -0.748324     2.133997    -2.931854       1.007825
 6.0 C    C              6.0000     0.024004     1.452115    -1.116116      12.000000
 1.0 H    H              1.0000     0.748324    -2.133996    -2.931854       1.007825
 1.0 H    H              1.0000    -2.008962    -2.104973    -1.056637       1.007825
 6.0 C    C              6.0000    -0.024004    -1.452115    -1.116116      12.000000
 1.0 H    H              1.0000     3.469185    -2.086119     0.997647       1.007825
 1.0 H    H              1.0000     1.417225    -4.749702     0.919454       1.007825
 1.0 H    H              1.0000     0.707742    -2.146418     2.913280       1.007825
 6.0 C    C              6.0000     1.467469    -2.671123     1.045409      12.000000
---------------------
Energy: -158.4574147085
---------------------
Optimizer: Optimization complete!
-------------------------------------------------------
| Optimized geometry for dihedral 4 7 10 14 300.00100  |
-------------------------------------------------------
[[-3.407402557741298, 1.8100836693386049, 1.2666021846536792], [-1.6371378525737765, 4.6487754289211445, 0.9278161929564277], [-0.488282308864648, 2.183721760745827, 2.8914839752892716], [-1.474838841157302, 2.5794017554013635, 1.1005621079669352], [1.8432269932070644, 2.247971243884197, -1.2666462072605953], [-1.0404577036732519, 2.0585209022209674, -2.929777879338066], [-0.08740165486613102, 1.4496458685712885, -1.175265134025994], [1.0404571426392104, -2.058520902104935, -2.9297780766400265], [-1.843227238163866, -2.2479712438632156, -1.266645849646833], [0.08740142924404003, -1.4496458672689772, -1.175265146924109], [3.4074028369559874, -1.8100837411373198, 1.266601487662806], [1.6371379471186918, -4.648775444866853, 0.927815939335496], [0.4882829118871975, -2.1837216783863633, 2.891483902639531], [1.4748390524354131, -2.5794017562629237, 1.100561835081683]]
 1.0 H    H              1.0000    -3.407403     1.810084     1.266602       1.007825
 1.0 H    H              1.0000    -1.637138     4.648775     0.927816       1.007825
 1.0 H    H              1.0000    -0.488282     2.183722     2.891484       1.007825
 6.0 C    C              6.0000    -1.474839     2.579402     1.100562      12.000000
 1.0 H    H              1.0000     1.843227     2.247971    -1.266646       1.007825
 1.0 H    H              1.0000    -1.040458     2.058521    -2.929778       1.007825
 6.0 C    C              6.0000    -0.087402     1.449646    -1.175265      12.000000
 1.0 H    H              1.0000     1.040457    -2.058521    -2.929778       1.007825
 1.0 H    H              1.0000    -1.843227    -2.247971    -1.266646       1.007825
 6.0 C    C              6.0000     0.087401    -1.449646    -1.175265      12.000000
 1.0 H    H              1.0000     3.407403    -1.810084     1.266601       1.007825
 1.0 H    H              1.0000     1.637138    -4.648775     0.927816       1.007825
 1.0 H    H              1.0000     0.488283    -2.183722     2.891484       1.007825
 6.0 C    C              6.0000     1.474839    -2.579402     1.100562      12.000000
---------------------
Energy: -158.4573807077
---------------------
Optimizer: Optimization complete!
-------------------------------------------------------
| Optimized geometry for dihedral 4 7 10 14 310.00100  |
-------------------------------------------------------
[[1.598709247679045, 3.308786805719511, 1.5036163623065235], [4.553737395226789, 1.8045225981915989, 0.9533989718884025], [2.2327201946305664, 0.29293401435939764, 2.8461729183326807], [2.508093762669706, 1.464363672495053, 1.1474430563048192], [2.374545126329166, -1.6609136071081714, -1.4637735562698009], [1.9620712629557113, 1.3129500710655864, -2.9092107079262184], [1.4409144049535019, 0.19543147425878757, -1.2255666496658988], [-1.9620712963105968, -1.3129500570348303, -2.909210692764545], [-2.3745451445052694, 1.6609136145883885, -1.4637735221743624], [-1.4409144211953502, -0.19543146785457485, -1.2255666341406477], [-1.598709176900447, -3.308786777528411, 1.5036163984245918], [-4.553737366689319, -1.8045226698183578, 0.9533989869798846], [-2.2327202227984326, -0.2929339988456512, 2.846172925172531], [-2.5080937480754173, -1.4643636783608405, 1.1474430744275577]]
 1.0 H    H              1.0000     1.598709     3.308787     1.503616       1.007825
 1.0 H    H              1.0000     4.553737     1.804523     0.953399       1.007825
 1.0 H    H              1.0000     2.232720     0.292934     2.846173       1.007825
 6.0 C    C              6.0000     2.508094     1.464364     1.147443      12.000000
 1.0 H    H              1.0000     2.374545    -1.660914    -1.463774       1.007825
 1.0 H    H              1.0000     1.962071     1.312950    -2.909211       1.007825
 6.0 C    C              6.0000     1.440914     0.195431    -1.225567      12.000000
 1.0 H    H              1.0000    -1.962071    -1.312950    -2.909211       1.007825
 1.0 H    H              1.0000    -2.374545     1.660914    -1.463774       1.007825
 6.0 C    C              6.0000    -1.440914    -0.195431    -1.225567      12.000000
 1.0 H    H              1.0000    -1.598709    -3.308787     1.503616       1.007825
 1.0 H    H              1.0000    -4.553737    -1.804523     0.953399       1.007825
 1.0 H    H              1.0000    -2.232720    -0.292934     2.846173       1.007825
 6.0 C    C              6.0000    -2.508094    -1.464364     1.147443      12.000000
---------------------
Energy: -158.4566816577
---------------------
Optimizer: Optimization complete!
-------------------------------------------------------
| Optimized geometry for dihedral 4 7 10 14 320.00100  |
-------------------------------------------------------
[[3.1900957397191956, -1.4804908556216785, 1.7045408237722373], [1.8866370664967516, -4.4921037776362756, 0.9843639430253353], [0.11204205086826684, -2.287608181882694, 2.787961183302011], [1.4274024945256232, -2.4703280644448613, 1.1852658280824484], [-1.4768029506945364, -2.475039944221756, -1.6517725993790693], [1.5585525628110946, -1.8536596678879746, -2.8678461072094037], [0.29206801062325444, -1.4281626809361443, -1.2656608893374637], [-1.558552838489545, 1.853659829829222, -2.8678458537047007], [1.4768027948055873, 2.4750400458201014, -1.6517725965811154], [-0.2920681305675865, 1.428162753151429, -1.2656607783440856], [-3.190095649878859, 1.4804908450800804, 1.7045411481611892], [-1.8866368505483777, 4.492103757113271, 0.9843644371614572], [-0.11204183534272315, 2.287607897916002, 2.7879613591919465], [-1.427402382118718, 2.470327996554129, 1.1852661122419692]]
 1.0 H    H              1.0000     3.190096    -1.480491     1.704541       1.007825
 1.0 H    H              1.0000     1.886637    -4.492104     0.984364       1.007825
 1.0 H    H              1.0000     0.112042    -2.287608     2.787961       1.007825
 6.0 C    C              6.0000     1.427402    -2.470328     1.185266      12.000000
 1.0 H    H              1.0000    -1.476803    -2.475040    -1.651773       1.007825
 1.0 H    H              1.0000     1.558553    -1.853660    -2.867846       1.007825
 6.0 C    C              6.0000     0.292068    -1.428163    -1.265661      12.000000
 1.0 H    H              1.0000    -1.558553     1.853660    -2.867846       1.007825
 1.0 H    H              1.0000     1.476803     2.475040    -1.651773       1.007825
 6.0 C    C              6.0000    -0.292068     1.428163    -1.265661      12.000000
 1.0 H    H              1.0000    -3.190096     1.480491     1.704541       1.007825
 1.0 H    H              1.0000    -1.886637     4.492104     0.984364       1.007825
 1.0 H    H              1.0000    -0.112042     2.287608     2.787961       1.007825
 6.0 C    C              6.0000    -1.427402     2.470328     1.185266      12.000000
---------------------
Energy: -158.4553707510
---------------------
Optimizer: Optimization complete!
-------------------------------------------------------
| Optimized geometry for dihedral 4 7 10 14 330.00100  |
-------------------------------------------------------
[[3.050994903887104, -1.435215477193082, 1.8852649483038402], [1.905755593807828, -4.466410901264449, 1.0061749339788137], [-0.07075490627157185, -2.3613970891963216, 2.717357298462051], [1.3649780009961265, -2.465592699254163, 1.2144316086550055], [-1.2928511941954257, -2.5494616768629412, -1.838625752013135], [1.7832684581816705, -1.7376133357751784, -2.800566850727232], [0.37620516055295083, -1.4135138137769463, -1.2958644509846227], [-1.7832688449656278, 1.7376134193632657, -2.800566590066923], [1.2928509319650254, 2.549461690459016, -1.8386258705612046], [-0.37620536297835644, 1.4135138356382109, -1.295864380488021], [-3.050998401210345, 1.435219545300524, 1.885262221459], [-1.905749444179409, 4.4664126682638345, 1.0061769109006664], [0.07075320208925334, 2.3613911940937014, 2.7173589273207925], [-1.3649778236914738, 2.4655926742696175, 1.2144318429107541]]
 1.0 H    H              1.0000     3.050995    -1.435215     1.885265       1.007825
 1.0 H    H              1.0000     1.905756    -4.466411     1.006175       1.007825
 1.0 H    H              1.0000    -0.070755    -2.361397     2.717357       1.007825
 6.0 C    C              6.0000     1.364978    -2.465593     1.214432      12.000000
 1.0 H    H              1.0000    -1.292851    -2.549462    -1.838626       1.007825
 1.0 H    H              1.0000     1.783268    -1.737613    -2.800567       1.007825
 6.0 C    C              6.0000     0.376205    -1.413514    -1.295864      12.000000
 1.0 H    H              1.0000    -1.783269     1.737613    -2.800567       1.007825
 1.0 H    H              1.0000     1.292851     2.549462    -1.838626       1.007825
 6.0 C    C              6.0000    -0.376205     1.413514    -1.295864      12.000000
 1.0 H    H              1.0000    -3.050998     1.435220     1.885262       1.007825
 1.0 H    H              1.0000    -1.905749     4.466413     1.006177       1.007825
 1.0 H    H              1.0000     0.070753     2.361391     2.717359       1.007825
 6.0 C    C              6.0000    -1.364978     2.465593     1.214432      12.000000
---------------------
Energy: -158.4536164284
---------------------
Optimizer: Optimization complete!
-------------------------------------------------------
| Optimized geometry for dihedral 4 7 10 14 340.00100  |
-------------------------------------------------------
[[2.8969573309744554, -1.4140584506179024, 2.0536856126726133], [1.9239209491577254, -4.452350436070473, 1.0150768805728116], [-0.24200243156947854, -2.462876611229014, 2.6318289226187455], [1.3003675955523832, -2.4771922038366276, 1.2351082544516014], [-1.0885513541539233, -2.6064722743239144, -2.0274377221736466], [2.002083802610369, -1.6017579320638908, -2.7022374775851747], [0.45802988131188854, -1.3949117035059047, -1.316651688296841], [-2.0020846092722797, 1.601758270880753, -2.702236679090364], [1.0885507472754632, 2.6064725187136464, -2.0274377326700606], [-0.4580302736956955, 1.3949118693314273, -1.3166513826363369], [-2.896954554412763, 1.4140561023683007, 2.0536882618523684], [-1.9239238704635728, 4.452349271988141, 1.0150773529726658], [0.24200420241370174, 2.462879405870934, 2.6318281747705634], [-1.3003672210204922, 2.4771920493057524, 1.2351089398367618]]
 1.0 H    H              1.0000     2.896957    -1.414058     2.053686       1.007825
 1.0 H    H              1.0000     1.923921    -4.452350     1.015077       1.007825
 1.0 H    H              1.0000    -0.242002    -2.462877     2.631829       1.007825
 6.0 C    C              6.0000     1.300368    -2.477192     1.235108      12.000000
 1.0 H    H              1.0000    -1.088551    -2.606472    -2.027438       1.007825
 1.0 H    H              1.0000     2.002084    -1.601758    -2.702237       1.007825
 6.0 C    C              6.0000     0.458030    -1.394912    -1.316652      12.000000
 1.0 H    H              1.0000    -2.002085     1.601758    -2.702237       1.007825
 1.0 H    H              1.0000     1.088551     2.606473    -2.027438       1.007825
 6.0 C    C              6.0000    -0.458030     1.394912    -1.316651      12.000000
 1.0 H    H              1.0000    -2.896955     1.414056     2.053688       1.007825
 1.0 H    H              1.0000    -1.923924     4.452349     1.015077       1.007825
 1.0 H    H              1.0000     0.242004     2.462879     2.631828       1.007825
 6.0 C    C              6.0000    -1.300367     2.477192     1.235109      12.000000
---------------------
Energy: -158.4517868071
---------------------
Optimizer: Optimization complete!
-------------------------------------------------------
| Optimized geometry for dihedral 4 7 10 14 350.00100  |
-------------------------------------------------------
[[2.7093311690316386, -1.4035185332238145, 2.2184762361782155], [1.9511786619080858, -4.44147792704638, 1.015080023951662], [-0.41446348923280263, -2.6004808375644846, 2.523852124842551], [1.2274334676221705, -2.501960638920002, 1.24797029258031], [-0.8645078445279294, -2.639650838378789, -2.217746110130815], [2.209390989424217, -1.447456203433102, -2.5704803291953686], [0.5357229637824827, -1.3718619711077957, -1.3293683987024338], [-2.20939282106296, 1.447456340434058, -2.570478631559898], [0.8645062483436816, 2.6396510053861033, -2.2177465797316933], [-0.5357238926220008, 1.3718620655533829, -1.3293679254588235], [-2.709326773192027, 1.403516098875796, 2.218479977342436], [-1.95118172606146, 4.4414763975123694, 1.0150813039432165], [0.4144661204643221, 2.600484356285416, 2.523850623512132], [-1.2274325837228102, 2.501960556329194, 1.2479713285878398]]
 1.0 H    H              1.0000     2.709331    -1.403519     2.218476       1.007825
 1.0 H    H              1.0000     1.951179    -4.441478     1.015080       1.007825
 1.0 H    H              1.0000    -0.414463    -2.600481     2.523852       1.007825
 6.0 C    C              6.0000     1.227433    -2.501961     1.247970      12.000000
 1.0 H    H              1.0000    -0.864508    -2.639651    -2.217746       1.007825
 1.0 H    H              1.0000     2.209391    -1.447456    -2.570480       1.007825
 6.0 C    C              6.0000     0.535723    -1.371862    -1.329368      12.000000
 1.0 H    H              1.0000    -2.209393     1.447456    -2.570479       1.007825
 1.0 H    H              1.0000     0.864506     2.639651    -2.217747       1.007825
 6.0 C    C              6.0000    -0.535724     1.371862    -1.329368      12.000000
 1.0 H    H              1.0000    -2.709327     1.403516     2.218480       1.007825
 1.0 H    H              1.0000    -1.951182     4.441476     1.015081       1.007825
 1.0 H    H              1.0000     0.414466     2.600484     2.523851       1.007825
 6.0 C    C              6.0000    -1.227433     2.501961     1.247971      12.000000
---------------------
Energy: -158.4503136238
---------------------
Optimizer: Optimization complete!
-------------------------------------------------------
| Optimized geometry for dihedral 4 7 10 14 360.00100  |
-------------------------------------------------------
[[2.4808582719493772, -1.4008423548206952, 2.372131107672559], [2.009154331880278, -4.421936094418816, 0.9921397293359826], [-0.5767959313367318, -2.7903326312325447, 2.3720141697341317], [1.1535059366698455, -2.538880222428912, 1.2403818809804272], [-0.6236222656349361, -2.634090768820835, -2.4138781936429177], [2.3942280685552646, -1.26322735420249, -2.413842771212813], [0.6075247540595207, -1.3371909023223294, -1.3400895580351442], [-2.4028367130448536, 1.2821559655117323, -2.395246471568548], [0.6150113442024092, 2.6530245620181594, -2.395271526584123], [-0.6123056175845821, 1.3476889289087284, -1.327336744982858], [-2.4724905719424948, 1.382207340881564, 2.391877730176899], [-2.005324435771826, 4.414051084583104, 1.0341100440748734], [0.5853072665319377, 2.7713795703226607, 2.3919038719975565], [-1.1490181289601584, 2.529021382008732, 1.2644538833298045]]
 1.0 H    H              1.0000     2.480858    -1.400842     2.372131       1.007825
 1.0 H    H              1.0000     2.009154    -4.421936     0.992140       1.007825
 1.0 H    H              1.0000    -0.576796    -2.790333     2.372014       1.007825
 6.0 C    C              6.0000     1.153506    -2.538880     1.240382      12.000000
 1.0 H    H              1.0000    -0.623622    -2.634091    -2.413878       1.007825
 1.0 H    H              1.0000     2.394228    -1.263227    -2.413843       1.007825
 6.0 C    C              6.0000     0.607525    -1.337191    -1.340090      12.000000
 1.0 H    H              1.0000    -2.402837     1.282156    -2.395246       1.007825
 1.0 H    H              1.0000     0.615011     2.653025    -2.395272       1.007825
 6.0 C    C              6.0000    -0.612306     1.347689    -1.327337      12.000000
 1.0 H    H              1.0000    -2.472491     1.382207     2.391878       1.007825
 1.0 H    H              1.0000    -2.005324     4.414051     1.034110       1.007825
 1.0 H    H              1.0000     0.585307     2.771380     2.391904       1.007825
 6.0 C    C              6.0000    -1.149018     2.529021     1.264454      12.000000
---------------------
Energy: -158.4497346990
---------------------
Optimizer: Optimization complete!
-------------------------------------------------------
| Optimized geometry for dihedral 4 7 10 14 370.00100  |
-------------------------------------------------------
[[2.221288790251272, -1.4268689095417055, 2.5134436949386756], [2.023336156150108, -4.413035213538159, 0.9948790092871607], [-0.7488192862214743, -2.966310488004199, 2.209015178208635], [1.054582918903493, -2.584625148385501, 1.2360818565867469], [-0.39206204975964115, -2.602083543239218, -2.582468330205431], [2.5426659652407895, -1.1005410591319387, -2.224215426927652], [0.6649324532624973, -1.307566342711, -1.3359764200881499], [-2.5507020180779176, 1.117943035045615, -2.20623233266156], [0.38270821050962345, 2.6223275370976435, -2.563350989855017], [-0.6697474626359216, 1.3180273608300659, -1.32323305930656], [-2.2085967145530505, 1.405094716096576, 2.5340766248317586], [-2.02348116531047, 4.403058545605838, 1.037287096378442], [0.7570505424075561, 2.95272148497521, 2.227701314171239], [-1.0500524882980014, 2.574810305233652, 1.2601845008646249]]
 1.0 H    H              1.0000     2.221289    -1.426869     2.513444       1.007825
 1.0 H    H              1.0000     2.023336    -4.413035     0.994879       1.007825
 1.0 H    H              1.0000    -0.748819    -2.966310     2.209015       1.007825
 6.0 C    C              6.0000     1.054583    -2.584625     1.236082      12.000000
 1.0 H    H              1.0000    -0.392062    -2.602084    -2.582468       1.007825
 1.0 H    H              1.0000     2.542666    -1.100541    -2.224215       1.007825
 6.0 C    C              6.0000     0.664932    -1.307566    -1.335976      12.000000
 1.0 H    H              1.0000    -2.550702     1.117943    -2.206232       1.007825
 1.0 H    H              1.0000     0.382708     2.622328    -2.563351       1.007825
 6.0 C    C              6.0000    -0.669747     1.318027    -1.323233      12.000000
 1.0 H    H              1.0000    -2.208597     1.405095     2.534077       1.007825
 1.0 H    H              1.0000    -2.023481     4.403059     1.037287       1.007825
 1.0 H    H              1.0000     0.757051     2.952721     2.227701       1.007825
 6.0 C    C              6.0000    -1.050052     2.574810     1.260185      12.000000
---------------------
Energy: -158.4503018896
---------------------
Optimizer: Optimization complete!
-------------------------------------------------------
| Optimized geometry for dihedral 4 7 10 14 380.00100  |
-------------------------------------------------------
[[1.9925338357730464, -1.4780437297395828, 2.623070229092164], [2.020163118648217, -4.413428251257045, 0.9955718659894464], [-0.8879127310567284, -3.107659905097599, 2.042775700006709], [0.9694476316798538, -2.629221489192982, 1.2233783542896683], [-0.1581272215364726, -2.5490424636010554, -2.712846731258911], [2.659933447796077, -0.9316549583502246, -2.0352055756200373], [0.7251251183711075, -1.270099725798146, -1.3232480485864606], [-2.6676949516173294, 0.9472369554059366, -2.0177968771259462], [0.1477874085873953, 2.569814367620181, -2.6937520624135654], [-0.730172252113986, 1.2802178555627606, -1.3106607637044994], [-1.9847521664501953, 1.4589028040605374, 2.6411878874299655], [-2.013967374996095, 4.406915465154906, 1.0367184106053213], [0.8958268378925031, 3.0895281685136715, 2.064416528558454], [-0.9647188197287055, 2.6197275010438803, 1.2472510973159927]]
 1.0 H    H              1.0000     1.992534    -1.478044     2.623070       1.007825
 1.0 H    H              1.0000     2.020163    -4.413428     0.995572       1.007825
 1.0 H    H              1.0000    -0.887913    -3.107660     2.042776       1.007825
 6.0 C    C              6.0000     0.969448    -2.629221     1.223378      12.000000
 1.0 H    H              1.0000    -0.158127    -2.549042    -2.712847       1.007825
 1.0 H    H              1.0000     2.659933    -0.931655    -2.035206       1.007825
 6.0 C    C              6.0000     0.725125    -1.270100    -1.323248      12.000000
 1.0 H    H              1.0000    -2.667695     0.947237    -2.017797       1.007825
 1.0 H    H              1.0000     0.147787     2.569814    -2.693752       1.007825
 6.0 C    C              6.0000    -0.730172     1.280218    -1.310661      12.000000
 1.0 H    H              1.0000    -1.984752     1.458903     2.641188       1.007825
 1.0 H    H              1.0000    -2.013967     4.406915     1.036718       1.007825
 1.0 H    H              1.0000     0.895827     3.089528     2.064417       1.007825
 6.0 C    C              6.0000    -0.964719     2.619728     1.247251      12.000000
---------------------
Energy: -158.4517723474
---------------------
Optimizer: Optimization complete!
-------------------------------------------------------
| Optimized geometry for dihedral 4 7 10 14 390.00100  |
-------------------------------------------------------
[[1.7938711082049401, -1.5577211121572478, 2.709282940690568], [1.9994870333933437, -4.430459776052664, 0.9856738201941415], [-1.004151387063868, -3.221980331197901, 1.8744381750068428], [0.8951162806171816, -2.677681897141425, 1.202998524495811], [0.07425197394205017, -2.476597206457526, -2.8108716317080154], [2.75314124691276, -0.7644742096764048, -1.8434866869853674], [0.7878364390187018, -1.2272829603873074, -1.3011719372137809], [-2.7494790800008975, 0.7819743008888441, -1.8416908914623722], [-0.06862190730022012, 2.5031322319299285, -2.7873623212051157], [-0.7852712632748915, 1.2395637839871476, -1.2910366061376644], [-1.7989106545083782, 1.5318624594132233, 2.720447750665579], [-2.0018102620291915, 4.420737047091687, 1.0237529017001206], [1.0003698036047637, 3.204400489548553, 1.9067017704528881], [-0.8975259048792416, 2.6661675334371573, 1.2265398504336165]]
 1.0 H    H              1.0000     1.793871    -1.557721     2.709283       1.007825
 1.0 H    H              1.0000     1.999487    -4.430460     0.985674       1.007825
 1.0 H    H              1.0000    -1.004151    -3.221980     1.874438       1.007825
 6.0 C    C              6.0000     0.895116    -2.677682     1.202999      12.000000
 1.0 H    H              1.0000     0.074252    -2.476597    -2.810872       1.007825
 1.0 H    H              1.0000     2.753141    -0.764474    -1.843487       1.007825
 6.0 C    C              6.0000     0.787836    -1.227283    -1.301172      12.000000
 1.0 H    H              1.0000    -2.749479     0.781974    -1.841691       1.007825
 1.0 H    H              1.0000    -0.068622     2.503132    -2.787362       1.007825
 6.0 C    C              6.0000    -0.785271     1.239564    -1.291037      12.000000
 1.0 H    H              1.0000    -1.798911     1.531862     2.720448       1.007825
 1.0 H    H              1.0000    -2.001810     4.420737     1.023753       1.007825
 1.0 H    H              1.0000     1.000370     3.204400     1.906702       1.007825
 6.0 C    C              6.0000    -0.897526     2.666168     1.226540      12.000000
---------------------
Energy: -158.4535829487
---------------------
Optimizer: Optimization complete!
-------------------------------------------------------
| Optimized geometry for dihedral 4 7 10 14 400.00100  |
-------------------------------------------------------
[[1.5939034922429922, -1.655364616970752, 2.7812667315759154], [1.994162737957158, -4.44930261253696, 0.9656608549019156], [-1.096866460892484, -3.3488762229665623, 1.689234982566664], [0.8301192109144758, -2.7343745463647195, 1.1734944515386867], [0.29113535240026633, -2.3914011633505914, -2.8786179030788683], [2.8178024841309344, -0.6042390872601551, -1.653580512473128], [0.8448409281321275, -1.1828570330375143, -1.2708326499392477], [-2.814590556821135, 0.6198995504680586, -1.6532551383843694], [-0.28556300091044784, 2.4185611383937826, -2.8563981699719143], [-0.8423815173573558, 1.1948478838945007, -1.2612110975857784], [-1.5996097143996455, 1.6290736893799815, 2.7936502225011024], [-1.9958177935140098, 4.440135026032152, 1.003779669135461], [1.0935881441850395, 3.332447206515012, 1.7231719175159754], [-0.8324228022287835, 2.723145199056402, 1.1977245537180217]]
 1.0 H    H              1.0000     1.593903    -1.655365     2.781267       1.007825
 1.0 H    H              1.0000     1.994163    -4.449303     0.965661       1.007825
 1.0 H    H              1.0000    -1.096866    -3.348876     1.689235       1.007825
 6.0 C    C              6.0000     0.830119    -2.734375     1.173494      12.000000
 1.0 H    H              1.0000     0.291135    -2.391401    -2.878618       1.007825
 1.0 H    H              1.0000     2.817802    -0.604239    -1.653581       1.007825
 6.0 C    C              6.0000     0.844841    -1.182857    -1.270833      12.000000
 1.0 H    H              1.0000    -2.814591     0.619900    -1.653255       1.007825
 1.0 H    H              1.0000    -0.285563     2.418561    -2.856398       1.007825
 6.0 C    C              6.0000    -0.842382     1.194848    -1.261211      12.000000
 1.0 H    H              1.0000    -1.599610     1.629074     2.793650       1.007825
 1.0 H    H              1.0000    -1.995818     4.440135     1.003780       1.007825
 1.0 H    H              1.0000     1.093588     3.332447     1.723172       1.007825
 6.0 C    C              6.0000    -0.832423     2.723145     1.197725      12.000000
---------------------
Energy: -158.4553540141
---------------------
Optimizer: Optimization complete!
-------------------------------------------------------
| Optimized geometry for dihedral 4 7 10 14 410.00100  |
-------------------------------------------------------
[[1.3995890329362757, -1.7758950393684523, 2.8387676677388414], [2.016473362637108, -4.46802060690004, 0.9340616969447922], [-1.1533366740037563, -3.4956215034756832, 1.48726758760844], [0.783277205005407, -2.8014951861724513, 1.1350941810491606], [0.49964845351068915, -2.2942067389183562, -2.9197616967335187], [2.8627804799817107, -0.4508596298150027, -1.4633785758537852], [0.9006493070373368, -1.1367126912284669, -1.2302859781558624], [-2.8599985553258773, 0.4647095804226192, -1.4644850488283734], [-0.4941206393174624, 2.3217294507829793, -2.8988723288120957], [-0.8983199232941788, 1.1483089567709586, -1.2211866599590069], [-1.404572917092322, 1.7488392811495876, 2.852850553358627], [-2.018628304179807, 4.45876813478269, 0.9726349118365347], [1.1503927934731548, 3.481752443621825, 1.5222106087886174], [-0.785457685339657, 2.790638380980967, 1.1600567843942584]]
 1.0 H    H              1.0000     1.399589    -1.775895     2.838768       1.007825
 1.0 H    H              1.0000     2.016473    -4.468021     0.934062       1.007825
 1.0 H    H              1.0000    -1.153337    -3.495622     1.487268       1.007825
 6.0 C    C              6.0000     0.783277    -2.801495     1.135094      12.000000
 1.0 H    H              1.0000     0.499648    -2.294207    -2.919762       1.007825
 1.0 H    H              1.0000     2.862780    -0.450860    -1.463379       1.007825
 6.0 C    C              6.0000     0.900649    -1.136713    -1.230286      12.000000
 1.0 H    H              1.0000    -2.859999     0.464710    -1.464485       1.007825
 1.0 H    H              1.0000    -0.494121     2.321729    -2.898872       1.007825
 6.0 C    C              6.0000    -0.898320     1.148309    -1.221187      12.000000
 1.0 H    H              1.0000    -1.404573     1.748839     2.852851       1.007825
 1.0 H    H              1.0000    -2.018628     4.458768     0.972635       1.007825
 1.0 H    H              1.0000     1.150393     3.481752     1.522211       1.007825
 6.0 C    C              6.0000    -0.785458     2.790638     1.160057      12.000000
---------------------
Energy: -158.4566782618
---------------------
Optimizer: Optimization complete!
-------------------------------------------------------
| Optimized geometry for dihedral 4 7 10 14 420.00100  |
-------------------------------------------------------
[[1.204042376453462, -1.9176811148259618, 2.8809391081090756], [2.0806196762642104, -4.477190092234881, 0.8973851171652918], [-1.1639849402701314, -3.6712089664610152, 1.2615802002665721], [0.7587047251180118, -2.878445955636413, 1.0874698471370388], [0.7072655999388375, -2.1821611323915917, -2.9398410383218105], [2.8921846680037526, -0.3022253708827448, -1.2637313754944555], [0.9560964170851206, -1.0887661725962383, -1.179392027286345], [-2.889775932364663, 0.31420354263864125, -1.2663169566321713], [-0.7016874706722147, 2.2099018895515306, -2.9203910235525616], [-0.9538585952878196, 1.0998925343268549, -1.170848936594145], [-1.2091974500394989, 1.890253059400543, 2.8967047641775], [-2.0826095041096915, 4.468315155219646, 0.9359438550218873], [1.1614439373840708, 3.6593649398978525, 1.2982931341966113], [-0.7607998523778332, 2.8680274305860647, 1.113229552634634]]
 1.0 H    H              1.0000     1.204042    -1.917681     2.880939       1.007825
 1.0 H    H              1.0000     2.080620    -4.477190     0.897385       1.007825
 1.0 H    H              1.0000    -1.163985    -3.671209     1.261580       1.007825
 6.0 C    C              6.0000     0.758705    -2.878446     1.087470      12.000000
 1.0 H    H              1.0000     0.707266    -2.182161    -2.939841       1.007825
 1.0 H    H              1.0000     2.892185    -0.302225    -1.263731       1.007825
 6.0 C    C              6.0000     0.956096    -1.088766    -1.179392      12.000000
 1.0 H    H              1.0000    -2.889776     0.314204    -1.266317       1.007825
 1.0 H    H              1.0000    -0.701687     2.209902    -2.920391       1.007825
 6.0 C    C              6.0000    -0.953859     1.099893    -1.170849      12.000000
 1.0 H    H              1.0000    -1.209197     1.890253     2.896705       1.007825
 1.0 H    H              1.0000    -2.082610     4.468315     0.935944       1.007825
 1.0 H    H              1.0000     1.161444     3.659365     1.298293       1.007825
 6.0 C    C              6.0000    -0.760800     2.868027     1.113230      12.000000
---------------------
Energy: -158.4573768175
---------------------
Optimizer: Optimization complete!
-------------------------------------------------------
| Optimized geometry for dihedral 4 7 10 14 430.00100  |
-------------------------------------------------------
[[0.9244469819773196, -2.072858422628352, 2.9043349847712125], [2.166317716078158, -4.4611496794335554, 0.9019035870682619], [-1.1469106395944866, -3.8883917671363735, 0.9776052922502738], [0.7228177342864553, -2.9650912702703094, 1.0322608002044762], [0.8929749926264173, -2.0649701952501216, -2.940932761154486], [2.904291360696187, -0.18904733382280173, -1.055371449642316], [0.9999601947257588, -1.0488991467229452, -1.1203897532220686], [-2.9023130894259386, 0.1990600124262783, -1.0589667526240738], [-0.8874882461089028, 2.0927388763893418, -2.922909547984019], [-0.9978711645485899, 1.0594721197278665, -1.112274741410391], [-0.9298788232510863, 2.0452633343509388, 2.9221020727300724], [-2.1680536409160043, 4.452415767180334, 0.9400703673201524], [1.1450373242784158, 3.878962945384655, 1.0165208599347946], [-0.7247743980979203, 2.9551882038166233, 1.0589422946367892]]
 1.0 H    H              1.0000     0.924447    -2.072858     2.904335       1.007825
 1.0 H    H              1.0000     2.166318    -4.461150     0.901904       1.007825
 1.0 H    H              1.0000    -1.146911    -3.888392     0.977605       1.007825
 6.0 C    C              6.0000     0.722818    -2.965091     1.032261      12.000000
 1.0 H    H              1.0000     0.892975    -2.064970    -2.940933       1.007825
 1.0 H    H              1.0000     2.904291    -0.189047    -1.055371       1.007825
 6.0 C    C              6.0000     0.999960    -1.048899    -1.120390      12.000000
 1.0 H    H              1.0000    -2.902313     0.199060    -1.058967       1.007825
 1.0 H    H              1.0000    -0.887488     2.092739    -2.922910       1.007825
 6.0 C    C              6.0000    -0.997871     1.059472    -1.112275      12.000000
 1.0 H    H              1.0000    -0.929879     2.045263     2.922102       1.007825
 1.0 H    H              1.0000    -2.168054     4.452416     0.940070       1.007825
 1.0 H    H              1.0000     1.145037     3.878963     1.016521       1.007825
 6.0 C    C              6.0000    -0.724774     2.955188     1.058942      12.000000
---------------------
Energy: -158.4574158176
---------------------
Optimizer: Optimization complete!
-------------------------------------------------------
| Optimized geometry for dihedral 4 7 10 14 440.00100  |
-------------------------------------------------------
[[0.7382695768004875, -2.2291538332346383, 2.892117523463282], [2.3685738669332563, -4.387322196163515, 0.9040798972575512], [-0.9772432027112007, -4.107637032365989, 0.6956035615119381], [0.7881194990179484, -3.031817981058985, 0.9686780649900132], [1.1398784396865105, -1.8995082589254326, -2.925243231641198], [2.905320343263392, -0.0027677118495105435, -0.8284328587047174], [1.0713389332088958, -0.978572870449168, -1.0531379935858294], [-2.9046206030799215, 0.010448108452049727, -0.8308231891496838], [-1.1374168567792426, 1.9265110613247665, -2.908494440205295], [-1.070453933678093, 0.988284245096782, -1.0449376088068603], [-0.7407709528354247, 2.202291540758805, 2.912008173686461], [-2.3693248392806328, 4.378805629477717, 0.9426245781975294], [0.9766656934489304, 4.100983440262157, 0.7344558180818105], [-0.788948351393904, 3.022723836444557, 0.9960374400434439]]
 1.0 H    H              1.0000     0.738270    -2.229154     2.892118       1.007825
 1.0 H    H              1.0000     2.368574    -4.387322     0.904080       1.007825
 1.0 H    H              1.0000    -0.977243    -4.107637     0.695604       1.007825
 6.0 C    C              6.0000     0.788119    -3.031818     0.968678      12.000000
 1.0 H    H              1.0000     1.139878    -1.899508    -2.925243       1.007825
 1.0 H    H              1.0000     2.905320    -0.002768    -0.828433       1.007825
 6.0 C    C              6.0000     1.071339    -0.978573    -1.053138      12.000000
 1.0 H    H              1.0000    -2.904621     0.010448    -0.830823       1.007825
 1.0 H    H              1.0000    -1.137417     1.926511    -2.908494       1.007825
 6.0 C    C              6.0000    -1.070454     0.988284    -1.044938      12.000000
 1.0 H    H              1.0000    -0.740771     2.202292     2.912008       1.007825
 1.0 H    H              1.0000    -2.369325     4.378806     0.942625       1.007825
 1.0 H    H              1.0000     0.976666     4.100983     0.734456       1.007825
 6.0 C    C              6.0000    -0.788948     3.022724     0.996037      12.000000
---------------------
Energy: -158.4568711577
---------------------
Optimizer: Optimization complete!
-------------------------------------------------------
| Optimized geometry for dihedral 4 7 10 14 450.00100  |
-------------------------------------------------------
[[0.6214269179276127, -2.421598104182832, 2.85225497753498], [2.5466842238571896, -4.335857135611665, 0.8742887024981604], [-0.7879927518082968, -4.277669128111591, 0.4307566580429641], [0.8689948433070449, -3.101081665964239, 0.8958748402658092], [1.3737979672382996, -1.7045926726631129, -2.8901437144632407], [2.8869164992767415, 0.16100590778881585, -0.5829456666297541], [1.136142490448596, -0.9080186664620616, -0.9757020132274236], [-2.8864210104622674, -0.155590543515084, -0.5868580188713713], [-1.371354563667822, 1.731282763930481, -2.8754014861038018], [-1.1353188320021657, 0.9170174606289907, -0.9682160291701748], [-0.6238734170227281, 2.3950898879607125, 2.874027094655942], [-2.5474325671788045, 4.327598277206853, 0.9122207492198041], [0.7876221873450829, 4.273482756705498, 0.4710214148053784], [-0.8697658836708911, 3.092658003150405, 0.9238102304493883]]
 1.0 H    H              1.0000     0.621427    -2.421598     2.852255       1.007825
 1.0 H    H              1.0000     2.546684    -4.335857     0.874289       1.007825
 1.0 H    H              1.0000    -0.787993    -4.277669     0.430757       1.007825
 6.0 C    C              6.0000     0.868995    -3.101082     0.895875      12.000000
 1.0 H    H              1.0000     1.373798    -1.704593    -2.890144       1.007825
 1.0 H    H              1.0000     2.886916     0.161006    -0.582946       1.007825
 6.0 C    C              6.0000     1.136142    -0.908019    -0.975702      12.000000
 1.0 H    H              1.0000    -2.886421    -0.155591    -0.586858       1.007825
 1.0 H    H              1.0000    -1.371355     1.731283    -2.875401       1.007825
 6.0 C    C              6.0000    -1.135319     0.917017    -0.968216      12.000000
 1.0 H    H              1.0000    -0.623873     2.395090     2.874027       1.007825
 1.0 H    H              1.0000    -2.547433     4.327598     0.912221       1.007825
 1.0 H    H              1.0000     0.787622     4.273483     0.471021       1.007825
 6.0 C    C              6.0000    -0.869766     3.092658     0.923810      12.000000
---------------------
Energy: -158.4558581564
---------------------
Optimizer: Optimization complete!
-------------------------------------------------------
| Optimized geometry for dihedral 4 7 10 14 460.00100  |
-------------------------------------------------------
[[0.5889058898415592, -2.6365585050184137, 2.793121555926584], [2.738470891403172, -4.288024997902065, 0.8043798396636362], [-0.5665879030930963, -4.409123841319458, 0.18100673136455275], [0.9829386991101163, -3.1654367565390324, 0.8133848998047853], [1.5960334208390468, -1.4737260383483053, -2.833281496468508], [2.849227487104235, 0.3124092211009516, -0.3214591961365665], [1.1975823402307506, -0.832556532799557, -0.8879657819786905], [-2.8489580411291766, -0.3094091174297847, -0.3267216947588429], [-1.5936669975076156, 1.4998926976355869, -2.820854341713667], [-1.1968429222585797, 0.8407438033373889, -0.8812233359430129], [-0.5913233288524615, 2.6105894338188134, 2.8169265520455355], [-2.739136412426623, 4.280449040484905, 0.8416864855711935], [0.5664696135485855, 4.407222219959761, 0.22232372097347894], [-0.9836306333830263, 3.157776904945811, 0.8418252407990137]]
 1.0 H    H              1.0000     0.588906    -2.636559     2.793122       1.007825
 1.0 H    H              1.0000     2.738471    -4.288025     0.804380       1.007825
 1.0 H    H              1.0000    -0.566588    -4.409124     0.181007       1.007825
 6.0 C    C              6.0000     0.982939    -3.165437     0.813385      12.000000
 1.0 H    H              1.0000     1.596033    -1.473726    -2.833281       1.007825
 1.0 H    H              1.0000     2.849227     0.312409    -0.321459       1.007825
 6.0 C    C              6.0000     1.197582    -0.832557    -0.887966      12.000000
 1.0 H    H              1.0000    -2.848958    -0.309409    -0.326722       1.007825
 1.0 H    H              1.0000    -1.593667     1.499893    -2.820854       1.007825
 6.0 C    C              6.0000    -1.196843     0.840744    -0.881223      12.000000
 1.0 H    H              1.0000    -0.591323     2.610589     2.816927       1.007825
 1.0 H    H              1.0000    -2.739136     4.280449     0.841686       1.007825
 1.0 H    H              1.0000     0.566470     4.407222     0.222324       1.007825
 6.0 C    C              6.0000    -0.983631     3.157777     0.841825      12.000000
---------------------
Energy: -158.4546556910
---------------------
Optimizer: Optimization complete!
-------------------------------------------------------
| Optimized geometry for dihedral 4 7 10 14 470.00100  |
-------------------------------------------------------
[[0.5803794506463454, -2.8670549066632063, 2.714761415387049], [2.8928418894965304, -4.262211061436151, 0.7095411777031144], [-0.3733751020914765, -4.5004443123777635, -0.06400347487960688], [1.0821054903083338, -3.2310305836372404, 0.7223987417885924], [1.7842781045849818, -1.2294733265302933, -2.753312862589339], [2.796476892910136, 0.4095292814058902, -0.0441398762423532], [1.2435470306742862, -0.7688375180667638, -0.791764640494112], [-2.7964368481309374, -0.40909224520490683, -0.05029048855840157], [-1.7819567459425452, 1.254911154754748, -2.7433217567302894], [-1.2428807494023388, 0.7761377612625746, -0.7856649559218596], [-0.5826742665484159, 2.8418087564312544, 2.7406875378094915], [-2.893459265503138, 4.255467414006032, 0.7465240652918353], [0.373404348454093, 4.500846269856827, -0.022036809115594195], [-1.0827279696462582, 3.2242101471061044, 0.7513585031669129]]
 1.0 H    H              1.0000     0.580379    -2.867055     2.714761       1.007825
 1.0 H    H              1.0000     2.892842    -4.262211     0.709541       1.007825
 1.0 H    H              1.0000    -0.373375    -4.500444    -0.064003       1.007825
 6.0 C    C              6.0000     1.082105    -3.231031     0.722399      12.000000
 1.0 H    H              1.0000     1.784278    -1.229473    -2.753313       1.007825
 1.0 H    H              1.0000     2.796477     0.409529    -0.044140       1.007825
 6.0 C    C              6.0000     1.243547    -0.768838    -0.791765      12.000000
 1.0 H    H              1.0000    -2.796437    -0.409092    -0.050290       1.007825
 1.0 H    H              1.0000    -1.781957     1.254911    -2.743322       1.007825
 6.0 C    C              6.0000    -1.242881     0.776138    -0.785665      12.000000
 1.0 H    H              1.0000    -0.582674     2.841809     2.740688       1.007825
 1.0 H    H              1.0000    -2.893459     4.255467     0.746524       1.007825
 1.0 H    H              1.0000     0.373404     4.500846    -0.022037       1.007825
 6.0 C    C              6.0000    -1.082728     3.224210     0.751359      12.000000
---------------------
Energy: -158.4537033079
---------------------
Optimizer: Optimization complete!
-------------------------------------------------------
| Optimized geometry for dihedral 4 7 10 14 480.00100  |
-------------------------------------------------------
[[0.592750914731274, -3.0932951594732283, 2.6153375428324352], [3.045661150176425, -4.22473259083883, 0.6078496403150438], [-0.17358537897153808, -4.55928497658453, -0.31104698748359616], [1.1862515534370137, -3.2839608627113543, 0.6243874410064896], [1.9523576209194529, -0.962932668185229, -2.647597842474458], [2.7268185444738005, 0.47690381768294166, 0.24525013285398117], [1.2817968622363014, -0.7062743866097044, -0.6891445505761296], [-2.7270224263725025, -0.47914258161530054, 0.23852712324625613], [-1.950128850716561, 0.9874028607957429, -2.640217225752884], [-1.2812182236102476, 0.7126272531840208, -0.6836586568367562], [-0.5949669974114554, 3.0689597455792383, 2.6433536888395377], [-3.0461891356767183, 4.218937616887289, 0.6443567478502887], [0.17382945077220202, 4.56196799449912, -0.2686908050919552], [-1.186790289912105, 3.278046059150402, 0.6537539513189062]]
 1.0 H    H              1.0000     0.592751    -3.093295     2.615338       1.007825
 1.0 H    H              1.0000     3.045661    -4.224733     0.607850       1.007825
 1.0 H    H              1.0000    -0.173585    -4.559285    -0.311047       1.007825
 6.0 C    C              6.0000     1.186252    -3.283961     0.624387      12.000000
 1.0 H    H              1.0000     1.952358    -0.962933    -2.647598       1.007825
 1.0 H    H              1.0000     2.726819     0.476904     0.245250       1.007825
 6.0 C    C              6.0000     1.281797    -0.706274    -0.689145      12.000000
 1.0 H    H              1.0000    -2.727022    -0.479143     0.238527       1.007825
 1.0 H    H              1.0000    -1.950129     0.987403    -2.640217       1.007825
 6.0 C    C              6.0000    -1.281218     0.712627    -0.683659      12.000000
 1.0 H    H              1.0000    -0.594967     3.068960     2.643354       1.007825
 1.0 H    H              1.0000    -3.046189     4.218938     0.644357       1.007825
 1.0 H    H              1.0000     0.173829     4.561968    -0.268691       1.007825
 6.0 C    C              6.0000    -1.186790     3.278046     0.653754      12.000000
---------------------
Energy: -158.4533537479
---------------------
Optimizer: Optimization complete!
-------------------------------------------------------
| Optimized geometry for dihedral 4 7 10 14 490.00100  |
-------------------------------------------------------
[[0.6169168220364177, -3.311112241427186, 2.502014733709917], [3.1646963542529027, -4.198275631178047, 0.48925641655011287], [-0.012178699763127318, -4.575459521327944, -0.5476768505706704], [1.2721196792580052, -3.327711655208389, 0.5222625542541899], [2.0814900243809222, -0.7049766713287968, -2.5188013747327904], [2.652146856685493, 0.502107384006567, 0.5248807962855317], [1.3084771707543101, -0.6526674986662183, -0.5818356464844272], [-2.6525864076656447, -0.5069334094387051, 0.5179753811478038], [-2.0793687971858787, 0.7282666143845412, -2.5139224998990124], [-1.3079887908669503, 0.6580296562701996, -0.5768729376577002], [-0.6190385681869544, 3.287816183402766, 2.532031649742813], [-3.1651240344829588, 4.193579979531437, 0.5254235172844547], [0.012622483227542221, 4.580332376201766, -0.5052961522431202], [-1.2725724521241715, 3.3227404444549307, 0.5519663045138571]]
 1.0 H    H              1.0000     0.616917    -3.311112     2.502015       1.007825
 1.0 H    H              1.0000     3.164696    -4.198276     0.489256       1.007825
 1.0 H    H              1.0000    -0.012179    -4.575460    -0.547677       1.007825
 6.0 C    C              6.0000     1.272120    -3.327712     0.522263      12.000000
 1.0 H    H              1.0000     2.081490    -0.704977    -2.518801       1.007825
 1.0 H    H              1.0000     2.652147     0.502107     0.524881       1.007825
 6.0 C    C              6.0000     1.308477    -0.652667    -0.581836      12.000000
 1.0 H    H              1.0000    -2.652586    -0.506933     0.517975       1.007825
 1.0 H    H              1.0000    -2.079369     0.728267    -2.513922       1.007825
 6.0 C    C              6.0000    -1.307989     0.658030    -0.576873      12.000000
 1.0 H    H              1.0000    -0.619039     3.287816     2.532032       1.007825
 1.0 H    H              1.0000    -3.165124     4.193580     0.525424       1.007825
 1.0 H    H              1.0000     0.012622     4.580332    -0.505296       1.007825
 6.0 C    C              6.0000    -1.272572     3.322740     0.551966      12.000000
---------------------
Energy: -158.4537926564
---------------------
Optimizer: Optimization complete!
-------------------------------------------------------
| Optimized geometry for dihedral 4 7 10 14 500.00100  |
-------------------------------------------------------
[[0.6052211345907716, -3.528989657164299, 2.363251767148423], [3.232830024177799, -4.194294956937114, 0.36668108460124405], [0.09862493474106052, -4.557477161502539, -0.7958465904186652], [1.3193502573641789, -3.3712497451307546, 0.4106137043165238], [2.1813842552541995, -0.46994404190422756, -2.3657094594032575], [2.5791309321166036, 0.4743261288574921, 0.7983217491464254], [1.3236799850175762, -0.6144301435073833, -0.468884996510293], [-2.583749814960303, -0.4860499521133565, 0.7760753422823956], [-2.167561267487594, 0.5051953847758276, -2.371164023480775], [-1.3209562201691034, 0.6213907496127018, -0.467421571388392], [-0.6192456234944749, 3.49343873667067, 2.4119610385585353], [-3.2350432575322703, 4.188614928890526, 0.4101102827489833], [-0.0940901182259597, 4.568813693682214, -0.7284251682238815], [-1.321864159377925, 3.3648238655184373, 0.45302397365817415]]
 1.0 H    H              1.0000     0.605221    -3.528990     2.363252       1.007825
 1.0 H    H              1.0000     3.232830    -4.194295     0.366681       1.007825
 1.0 H    H              1.0000     0.098625    -4.557477    -0.795847       1.007825
 6.0 C    C              6.0000     1.319350    -3.371250     0.410614      12.000000
 1.0 H    H              1.0000     2.181384    -0.469944    -2.365709       1.007825
 1.0 H    H              1.0000     2.579131     0.474326     0.798322       1.007825
 6.0 C    C              6.0000     1.323680    -0.614430    -0.468885      12.000000
 1.0 H    H              1.0000    -2.583750    -0.486050     0.776075       1.007825
 1.0 H    H              1.0000    -2.167561     0.505195    -2.371164       1.007825
 6.0 C    C              6.0000    -1.320956     0.621391    -0.467422      12.000000
 1.0 H    H              1.0000    -0.619246     3.493439     2.411961       1.007825
 1.0 H    H              1.0000    -3.235043     4.188615     0.410110       1.007825
 1.0 H    H              1.0000    -0.094090     4.568814    -0.728425       1.007825
 6.0 C    C              6.0000    -1.321864     3.364824     0.453024      12.000000
---------------------
Energy: -158.4549024951
---------------------
Optimizer: Optimization complete!
-------------------------------------------------------
| Optimized geometry for dihedral 4 7 10 14 510.00100  |
-------------------------------------------------------
[[0.576618924336558, -3.7294179485553833, 2.211479567628921], [3.2783481996536152, -4.190448599822513, 0.2575276737084479], [0.19109022031860148, -4.510490906998271, -1.0341770815234623], [1.3497501917184136, -3.404508475433163, 0.30274556218537757], [2.253121027358093, -0.26752698363727473, -2.1999238253068554], [2.5110055714067943, 0.4200691345828994, 1.0477768194381594], [1.3314162934317215, -0.5869825776748744, -0.3539749287574739], [-2.5170748861816468, -0.4355527530429491, 1.0266809734886293], [-2.2402267671490423, 0.30043912305974996, -2.2088289052840344], [-1.329349166584057, 0.592260441179074, -0.35295645329399883], [-0.5895162817152405, 3.6960300831336506, 2.2634219005534364], [-3.2800043897492914, 4.186231397218217, 0.3010800808930468], [-0.1853986320586154, 4.52546418074935, -0.9679418751821389], [-1.3516462391095505, 3.3996676110200514, 0.3456399763898587]]
 1.0 H    H              1.0000     0.576619    -3.729418     2.211480       1.007825
 1.0 H    H              1.0000     3.278348    -4.190449     0.257528       1.007825
 1.0 H    H              1.0000     0.191090    -4.510491    -1.034177       1.007825
 6.0 C    C              6.0000     1.349750    -3.404508     0.302746      12.000000
 1.0 H    H              1.0000     2.253121    -0.267527    -2.199924       1.007825
 1.0 H    H              1.0000     2.511006     0.420069     1.047777       1.007825
 6.0 C    C              6.0000     1.331416    -0.586983    -0.353975      12.000000
 1.0 H    H              1.0000    -2.517075    -0.435553     1.026681       1.007825
 1.0 H    H              1.0000    -2.240227     0.300439    -2.208829       1.007825
 6.0 C    C              6.0000    -1.329349     0.592260    -0.352956      12.000000
 1.0 H    H              1.0000    -0.589516     3.696030     2.263422       1.007825
 1.0 H    H              1.0000    -3.280004     4.186231     0.301080       1.007825
 1.0 H    H              1.0000    -0.185399     4.525464    -0.967942       1.007825
 6.0 C    C              6.0000    -1.351646     3.399668     0.345640      12.000000
---------------------
Energy: -158.4563201368
---------------------
Optimizer: Optimization complete!
-------------------------------------------------------
| Optimized geometry for dihedral 4 7 10 14 520.00100  |
-------------------------------------------------------
[[0.5366648108305001, -3.9133802663910346, 2.0536248803039556], [3.2962144879823176, -4.197647471037325, 0.148740203641214], [0.2500503935635228, -4.434655726538865, -1.2536702093199017], [1.360184133536216, -3.4311751493719083, 0.19994308193348592], [2.3035022881185756, -0.10540496755357301, -2.024767846919981], [2.457352230832463, 0.3433728089867636, 1.2734883098789587], [1.3344578741949369, -0.5716621724048399, -0.2341700381130148], [-2.4672846417902767, -0.35899832443819957, 1.2497489872496952], [-2.2874747770176507, 0.1305791157296187, -2.0413843423080595], [-1.3325934640042412, 0.5745842861242608, -0.23757064904939273], [-0.5540021009760088, 3.8875778631797195, 2.098079614250163], [-3.297396804817856, 4.195813363002034, 0.17367586811517383], [-0.23950822540497005, 4.449739792740375, -1.199985783657925], [-1.3618904547235855, 3.428505312089839, 0.23169039499525806]]
 1.0 H    H              1.0000     0.536665    -3.913380     2.053625       1.007825
 1.0 H    H              1.0000     3.296214    -4.197647     0.148740       1.007825
 1.0 H    H              1.0000     0.250050    -4.434656    -1.253670       1.007825
 6.0 C    C              6.0000     1.360184    -3.431175     0.199943      12.000000
 1.0 H    H              1.0000     2.303502    -0.105405    -2.024768       1.007825
 1.0 H    H              1.0000     2.457352     0.343373     1.273488       1.007825
 6.0 C    C              6.0000     1.334458    -0.571662    -0.234170      12.000000
 1.0 H    H              1.0000    -2.467285    -0.358998     1.249749       1.007825
 1.0 H    H              1.0000    -2.287475     0.130579    -2.041384       1.007825
 6.0 C    C              6.0000    -1.332593     0.574584    -0.237571      12.000000
 1.0 H    H              1.0000    -0.554002     3.887578     2.098080       1.007825
 1.0 H    H              1.0000    -3.297397     4.195813     0.173676       1.007825
 1.0 H    H              1.0000    -0.239508     4.449740    -1.199986       1.007825
 6.0 C    C              6.0000    -1.361890     3.428505     0.231690      12.000000
---------------------
Energy: -158.4576476330
---------------------
Optimizer: Optimization complete!
-------------------------------------------------------
| Optimized geometry for dihedral 4 7 10 14 530.00100  |
-------------------------------------------------------
[[0.4625247448671501, -4.080903772844276, 1.8594187530203319], [3.313096695585248, -4.1933987589238155, 0.07616485080642356], [0.34074429570732145, -4.335668436423252, -1.4890375392885364], [1.3692847986882033, -3.445526441714666, 0.09244427832841995], [2.3459048017481665, 0.04071188289644443, -1.8442272624811407], [2.409276106136295, 0.25097825073036717, 1.4827935137782278], [1.3359640800249073, -0.5613205624010585, -0.11696539798671587], [-2.4212241257686338, -0.2692972240030546, 1.459938902397167], [-2.3308492433149386, -0.01763052829948043, -1.8635820398004357], [-1.3349982168216987, 0.562800677100334, -0.12081451833709936], [-0.4775955862859357, 4.0574737197922115, 1.906154115020042], [-3.31383328099823, 4.192273195601499, 0.10170359166768361], [-0.329065968370897, 4.353897770192654, -1.4377978886617362], [-1.3701648656881087, 3.4441776719202557, 0.12421086975190818]]
 1.0 H    H              1.0000     0.462525    -4.080904     1.859419       1.007825
 1.0 H    H              1.0000     3.313097    -4.193399     0.076165       1.007825
 1.0 H    H              1.0000     0.340744    -4.335668    -1.489038       1.007825
 6.0 C    C              6.0000     1.369285    -3.445526     0.092444      12.000000
 1.0 H    H              1.0000     2.345905     0.040712    -1.844227       1.007825
 1.0 H    H              1.0000     2.409276     0.250978     1.482794       1.007825
 6.0 C    C              6.0000     1.335964    -0.561321    -0.116965      12.000000
 1.0 H    H              1.0000    -2.421224    -0.269297     1.459939       1.007825
 1.0 H    H              1.0000    -2.330849    -0.017631    -1.863582       1.007825
 6.0 C    C              6.0000    -1.334998     0.562801    -0.120815      12.000000
 1.0 H    H              1.0000    -0.477596     4.057474     1.906154       1.007825
 1.0 H    H              1.0000    -3.313833     4.192273     0.101704       1.007825
 1.0 H    H              1.0000    -0.329066     4.353898    -1.437798       1.007825
 6.0 C    C              6.0000    -1.370165     3.444178     0.124211      12.000000
---------------------
Energy: -158.4585588293
---------------------
------------------------
    Table of Energies   
------------------------
         D          E(SCF)
   180.001 -158.4588878656
   190.001 -158.4585586338
   200.001 -158.4576388987
   210.001 -158.4563273398
   220.001 -158.4549170878
   230.001 -158.4537993481
   240.001 -158.4533537718
   250.001 -158.4536963838
   260.001 -158.4546399265
   270.001 -158.4558602315
   280.001 -158.4568635227
   290.001 -158.4574147085
   300.001 -158.4573807077
   310.001 -158.4566816577
   320.001 -158.4553707510
   330.001 -158.4536164284
   340.001 -158.4517868071
   350.001 -158.4503136238
   360.001 -158.4497346990
   370.001 -158.4503018896
   380.001 -158.4517723474
   390.001 -158.4535829487
   400.001 -158.4553540141
   410.001 -158.4566782618
   420.001 -158.4573768175
   430.001 -158.4574158176
   440.001 -158.4568711577
   450.001 -158.4558581564
   460.001 -158.4546556910
   470.001 -158.4537033079
   480.001 -158.4533537479
   490.001 -158.4537926564
   500.001 -158.4549024951
   510.001 -158.4563201368
   520.001 -158.4576476330
   530.001 -158.4585588293

Relative table (KJ/mol)
         D          E(SCF)
   180.001    0.0000000000
   190.001    0.8643978591
   200.001    3.2791625162
   210.001    6.7226603012
   220.001   10.4252769087
   230.001   13.3599024829
   240.001   14.5297631566
   250.001   13.6302353469
   260.001   11.1529638955
   270.001    7.9490531978
   280.001    5.3149121222
   290.001    3.8677738704
   300.001    3.9570429286
   310.001    5.7923987633
   320.001    9.2341842681
   330.001   13.8401583453
   340.001   18.6438288579
   350.001   22.5116718338
   360.001   24.0316387195
   370.001   22.5424798043
   380.001   18.6817928983
   390.001   13.9280592795
   400.001    9.2781268908
   410.001    5.8013146693
   420.001    3.9672566866
   430.001    3.8648619943
   440.001    5.2948665483
   450.001    7.9545012584
   460.001   11.1115744157
   470.001   13.6120561164
   480.001   14.5298260098
   490.001   13.3774717285
   500.001   10.4635900424
   510.001    6.7415718889
   520.001    3.2562306032
   530.001    0.8638847175

