-------------------------------------------------------
| Optimized geometry for dihedral 4 7 10 14 180.00000  |
-------------------------------------------------------
[[-3.3665238823150165, -2.5303721013306766, -1.7477011282183958], [-5.309478631397212, -0.598095234230694, 0.2018880465892659], [-3.2053000620841234, -2.8204251418839075, 1.595795628407481], [-3.4171544270192924, -1.4518844497712553, 0.036512708144174524], [-1.4766039250292764, 1.6441302766308528, 1.8865624294172623], [-1.6356738874229488, 1.9311872825736263, -1.4320166303804878], [-1.333985639878463, 0.552392583807025, 0.10977709098542118], [1.4779792917384345, -1.6395496893298673, -1.8928716523565958], [1.6336460422972692, -1.9346183388490834, 1.425155663145934], [1.3338015232565092, -0.5520510725274296, -0.11360972420069655], [3.2083226133693565, 2.8230432387957705, -1.590026412201579], [5.309735930031261, 0.5976564128517832, -0.19675895658211448], [3.3640607061466152, 2.526768064712315, 1.7531780740269913], [3.417324753627234, 1.4515660538036537, -0.03294925339219127]]
 1.0 H    H              1.0000    -3.366524    -2.530372    -1.747701       1.007825
 1.0 H    H              1.0000    -5.309479    -0.598095     0.201888       1.007825
 1.0 H    H              1.0000    -3.205300    -2.820425     1.595796       1.007825
 6.0 C    C              6.0000    -3.417154    -1.451884     0.036513      12.000000
 1.0 H    H              1.0000    -1.476604     1.644130     1.886562       1.007825
 1.0 H    H              1.0000    -1.635674     1.931187    -1.432017       1.007825
 6.0 C    C              6.0000    -1.333986     0.552393     0.109777      12.000000
 1.0 H    H              1.0000     1.477979    -1.639550    -1.892872       1.007825
 1.0 H    H              1.0000     1.633646    -1.934618     1.425156       1.007825
 6.0 C    C              6.0000     1.333802    -0.552051    -0.113610      12.000000
 1.0 H    H              1.0000     3.208323     2.823043    -1.590026       1.007825
 1.0 H    H              1.0000     5.309736     0.597656    -0.196759       1.007825
 1.0 H    H              1.0000     3.364061     2.526768     1.753178       1.007825
 6.0 C    C              6.0000     3.417325     1.451566    -0.032949      12.000000
---------------------
Energy: -158.4588878656
---------------------
Optimizer: Optimization complete!
-------------------------------------------------------
| Optimized geometry for dihedral 4 7 10 14 190.00000  |
-------------------------------------------------------
[[-3.3830888560729417, -2.6969837372035177, -1.5367648544144785], [-5.303619407813343, -0.6096646366035939, 0.2692195153954142], [-3.147279900828645, -2.6782548399461175, 1.8154925463903742], [-3.4064340992075555, -1.4600577346004402, 0.14291685742071228], [-1.4377642756141666, 1.7600268662490095, 1.7040401305861117], [-1.7069780932955596, 1.8362175122843478, -1.6185253760455531], [-1.3417854042766084, 0.5596130320858003, -0.005055840218582421], [1.529526902043519, -1.5084968826696692, -2.071250244426911], [1.578547101580314, -2.0200220958709365, 1.2232393660647656], [1.3304278656053, -0.53863609808077, -0.23111495803935284], [3.244080234897088, 2.9537038037281884, -1.3535982278427812], [5.310123088753076, 0.5976553118044585, -0.13399917224877358], [3.3283818695183243, 2.343797377417758, 1.9501113079898704], [3.416789804100572, 1.4409302704580462, 0.07242849704902661]]
 1.0 H    H              1.0000    -3.383089    -2.696984    -1.536765       1.007825
 1.0 H    H              1.0000    -5.303619    -0.609665     0.269220       1.007825
 1.0 H    H              1.0000    -3.147280    -2.678255     1.815493       1.007825
 6.0 C    C              6.0000    -3.406434    -1.460058     0.142917      12.000000
 1.0 H    H              1.0000    -1.437764     1.760027     1.704040       1.007825
 1.0 H    H              1.0000    -1.706978     1.836218    -1.618525       1.007825
 6.0 C    C              6.0000    -1.341785     0.559613    -0.005056      12.000000
 1.0 H    H              1.0000     1.529527    -1.508497    -2.071250       1.007825
 1.0 H    H              1.0000     1.578547    -2.020022     1.223239       1.007825
 6.0 C    C              6.0000     1.330428    -0.538636    -0.231115      12.000000
 1.0 H    H              1.0000     3.244080     2.953704    -1.353598       1.007825
 1.0 H    H              1.0000     5.310123     0.597655    -0.133999       1.007825
 1.0 H    H              1.0000     3.328382     2.343797     1.950111       1.007825
 6.0 C    C              6.0000     3.416790     1.440930     0.072428      12.000000
---------------------
Energy: -158.4585586757
---------------------
Optimizer: Optimization complete!
-------------------------------------------------------
| Optimized geometry for dihedral 4 7 10 14 200.00000  |
-------------------------------------------------------
[[-3.408867815578014, -2.8220812303611402, -1.3320899172773535], [-5.288360127510788, -0.6223771624565747, 0.3807211902945349], [-3.049110043896812, -2.545469896214378, 1.9979685480239198], [-3.386024884487522, -1.46098839063347, 0.24915076669845188], [-1.4143871340178387, 1.8779739070571748, 1.4994905036382717], [-1.787201459975098, 1.7196889626133123, -1.80796122723508], [-1.3531303104907673, 0.562388784788973, -0.12430208234060303], [1.5956203666179143, -1.3630098735425384, -2.2397189462366316], [1.5331417147543782, -2.0990663071481697, 1.0095270363363977], [1.330832768818544, -0.5208758628722148, -0.3467933571234977], [3.292191049072242, 3.0392912343266603, -1.1327463257655708], [5.305723293976153, 0.5900555699183102, -0.01389059119615163], [3.243877962021167, 2.182865846759464, 2.116780492390815], [3.4064220204291837, 1.4230136861688165, 0.18179285940935994]]
 1.0 H    H              1.0000    -3.408868    -2.822081    -1.332090       1.007825
 1.0 H    H              1.0000    -5.288360    -0.622377     0.380721       1.007825
 1.0 H    H              1.0000    -3.049110    -2.545470     1.997969       1.007825
 6.0 C    C              6.0000    -3.386025    -1.460988     0.249151      12.000000
 1.0 H    H              1.0000    -1.414387     1.877974     1.499491       1.007825
 1.0 H    H              1.0000    -1.787201     1.719689    -1.807961       1.007825
 6.0 C    C              6.0000    -1.353130     0.562389    -0.124302      12.000000
 1.0 H    H              1.0000     1.595620    -1.363010    -2.239719       1.007825
 1.0 H    H              1.0000     1.533142    -2.099066     1.009527       1.007825
 6.0 C    C              6.0000     1.330833    -0.520876    -0.346793      12.000000
 1.0 H    H              1.0000     3.292191     3.039291    -1.132746       1.007825
 1.0 H    H              1.0000     5.305723     0.590056    -0.013891       1.007825
 1.0 H    H              1.0000     3.243878     2.182866     2.116780       1.007825
 6.0 C    C              6.0000     3.406422     1.423014     0.181793      12.000000
---------------------
Energy: -158.4576390389
---------------------
Optimizer: Optimization complete!
-------------------------------------------------------
| Optimized geometry for dihedral 4 7 10 14 210.00000  |
-------------------------------------------------------
[[-3.402631822180667, -2.939284117401089, -1.1015429688834415], [-5.2694356121110815, -0.6261676127787144, 0.4685500583375085], [-2.958677018025097, -2.3744878166664294, 2.1811431661818452], [-3.3587034105150444, -1.4480764454718886, 0.356840809153129], [-1.4007593237161993, 1.9946881156687144, 1.2826609985516577], [-1.874633322496716, 1.5868035890134429, -1.987208619692574], [-1.3665448801654287, 0.5630163451690694, -0.24017795436061923], [1.6669085268604007, -1.200102381993918, -2.4004924903207074], [1.4983072015641676, -2.176283660227287, 0.7778116371997641], [1.3333122251018292, -0.5011502864673613, -0.4617842123065424], [3.3085616353680996, 3.1144205525910196, -0.88574879312549], [5.295146771957255, 0.5782955434057347, 0.07456872223353811], [3.169627189988951, 1.9817749232298971, 2.274936857828012], [3.389213743113931, 1.391278307604655, 0.2876183408419675]]
 1.0 H    H              1.0000    -3.402632    -2.939284    -1.101543       1.007825
 1.0 H    H              1.0000    -5.269436    -0.626168     0.468550       1.007825
 1.0 H    H              1.0000    -2.958677    -2.374488     2.181143       1.007825
 6.0 C    C              6.0000    -3.358703    -1.448076     0.356841      12.000000
 1.0 H    H              1.0000    -1.400759     1.994688     1.282661       1.007825
 1.0 H    H              1.0000    -1.874633     1.586804    -1.987209       1.007825
 6.0 C    C              6.0000    -1.366545     0.563016    -0.240178      12.000000
 1.0 H    H              1.0000     1.666909    -1.200102    -2.400492       1.007825
 1.0 H    H              1.0000     1.498307    -2.176284     0.777812       1.007825
 6.0 C    C              6.0000     1.333312    -0.501150    -0.461784      12.000000
 1.0 H    H              1.0000     3.308562     3.114421    -0.885749       1.007825
 1.0 H    H              1.0000     5.295147     0.578296     0.074569       1.007825
 1.0 H    H              1.0000     3.169627     1.981775     2.274937       1.007825
 6.0 C    C              6.0000     3.389214     1.391278     0.287618      12.000000
---------------------
Energy: -158.4563275743
---------------------
Optimizer: Optimization complete!
-------------------------------------------------------
| Optimized geometry for dihedral 4 7 10 14 220.00000  |
-------------------------------------------------------
[[-3.386149935527241, -3.0296748504696573, -0.8769269296697277], [-5.237869865752593, -0.6332234470929307, 0.5832462765660495], [-2.837774978282111, -2.2132647929741456, 2.3364261697535498], [-3.3178753264704826, -1.43267573041564, 0.4636903330223594], [-1.404609165703316, 2.108051017570124, 1.0479258050748572], [-1.970214290188178, 1.4255887857223195, -2.157892754655196], [-1.3828716163130728, 0.5576464073097621, -0.3533056211780054], [1.7449297414916989, -1.005054580754389, -2.552568748564355], [1.4796438455981666, -2.248121843566946, 0.5210860847823238], [1.3384427650274677, -0.4747127531200908, -0.5756175342394273], [3.3134032975644416, 3.1654771002760347, -0.644257923611007], [5.2747257698203205, 0.5644136275554292, 0.18739547381719682], [3.0648498853224635, 1.789388747092317, 2.4114728455001053], [3.358866293040429, 1.356160261846332, 0.3933491729590451]]
 1.0 H    H              1.0000    -3.386150    -3.029675    -0.876927       1.007825
 1.0 H    H              1.0000    -5.237870    -0.633223     0.583246       1.007825
 1.0 H    H              1.0000    -2.837775    -2.213265     2.336426       1.007825
 6.0 C    C              6.0000    -3.317875    -1.432676     0.463690      12.000000
 1.0 H    H              1.0000    -1.404609     2.108051     1.047926       1.007825
 1.0 H    H              1.0000    -1.970214     1.425589    -2.157893       1.007825
 6.0 C    C              6.0000    -1.382872     0.557646    -0.353306      12.000000
 1.0 H    H              1.0000     1.744930    -1.005055    -2.552569       1.007825
 1.0 H    H              1.0000     1.479644    -2.248122     0.521086       1.007825
 6.0 C    C              6.0000     1.338443    -0.474713    -0.575618      12.000000
 1.0 H    H              1.0000     3.313403     3.165477    -0.644258       1.007825
 1.0 H    H              1.0000     5.274726     0.564414     0.187395       1.007825
 1.0 H    H              1.0000     3.064850     1.789389     2.411473       1.007825
 6.0 C    C              6.0000     3.358866     1.356160     0.393349      12.000000
---------------------
Energy: -158.4549172548
---------------------
Optimizer: Optimization complete!
-------------------------------------------------------
| Optimized geometry for dihedral 4 7 10 14 230.00000  |
-------------------------------------------------------
[[-3.3324906410367627, -3.1146070926127765, -0.6472596000047394], [-5.193592659290919, -0.6560647680176318, 0.6949657482874582], [-2.700074641913739, -2.0481939746251148, 2.4764439837827776], [-3.2597577639552675, -1.4208379824572654, 0.5680203739311658], [-1.432045741727974, 2.2091736641356574, 0.7927490488094365], [-2.0680562743789532, 1.2304325991195872, -2.319193181083787], [-1.4015146429669292, 0.5422811106914253, -0.4659954518549474], [1.8286978567952714, -0.7836388260523703, -2.685377537472574], [1.4819472548717578, -2.302321358354065, 0.2506053138830944], [1.3464611635802233, -0.439516593411907, -0.6850776336423481], [3.2824425364996546, 3.2080292110841944, -0.39917197199940835], [5.241421434982361, 0.5667855691734339, 0.3050536220540261], [2.939641667171168, 1.6010105696015111, 2.532498146106633], [3.3107891150957327, 1.325581291898221, 0.4989569713012311]]
 1.0 H    H              1.0000    -3.332491    -3.114607    -0.647260       1.007825
 1.0 H    H              1.0000    -5.193593    -0.656065     0.694966       1.007825
 1.0 H    H              1.0000    -2.700075    -2.048194     2.476444       1.007825
 6.0 C    C              6.0000    -3.259758    -1.420838     0.568020      12.000000
 1.0 H    H              1.0000    -1.432046     2.209174     0.792749       1.007825
 1.0 H    H              1.0000    -2.068056     1.230433    -2.319193       1.007825
 6.0 C    C              6.0000    -1.401515     0.542281    -0.465995      12.000000
 1.0 H    H              1.0000     1.828698    -0.783639    -2.685378       1.007825
 1.0 H    H              1.0000     1.481947    -2.302321     0.250605       1.007825
 6.0 C    C              6.0000     1.346461    -0.439517    -0.685078      12.000000
 1.0 H    H              1.0000     3.282443     3.208029    -0.399172       1.007825
 1.0 H    H              1.0000     5.241421     0.566786     0.305054       1.007825
 1.0 H    H              1.0000     2.939642     1.601011     2.532498       1.007825
 6.0 C    C              6.0000     3.310789     1.325581     0.498957      12.000000
---------------------
Energy: -158.4537994414
---------------------
Optimizer: Optimization complete!
-------------------------------------------------------
| Optimized geometry for dihedral 4 7 10 14 240.00000  |
-------------------------------------------------------
[[-3.256999363602581, -3.182118435101638, -0.42025810700477034], [-5.135742088932329, -0.6782789037885866, 0.813039705529146], [-2.547296643514475, -1.880457277232309, 2.5966796104681404], [-3.187848987786282, -1.4046907824161903, 0.6690451351996822], [-1.4753487592607306, 2.2966163767369037, 0.5205361466400742], [-2.1591076034579113, 1.0059606634653708, -2.464169849308304], [-1.4195306811204869, 0.5198278756753718, -0.5752547275669669], [1.907507667015105, -0.5363162901582821, -2.7963574315818676], [1.498540610743533, -2.339907022274038, -0.03563385802432445], [1.3542403443071322, -0.397954872850362, -0.7898552904717233], [3.2293568438056433, 3.2337168243094627, -0.15769998109167319], [5.195200434738965, 0.5672920775033894, 0.4301333922805023], [2.7975222284414896, 1.4133783209080526, 2.635112118115452], [3.2486349072269265, 1.2912258677808375, 0.6018851666600321]]
 1.0 H    H              1.0000    -3.256999    -3.182118    -0.420258       1.007825
 1.0 H    H              1.0000    -5.135742    -0.678279     0.813040       1.007825
 1.0 H    H              1.0000    -2.547297    -1.880457     2.596680       1.007825
 6.0 C    C              6.0000    -3.187849    -1.404691     0.669045      12.000000
 1.0 H    H              1.0000    -1.475349     2.296616     0.520536       1.007825
 1.0 H    H              1.0000    -2.159108     1.005961    -2.464170       1.007825
 6.0 C    C              6.0000    -1.419531     0.519828    -0.575255      12.000000
 1.0 H    H              1.0000     1.907508    -0.536316    -2.796357       1.007825
 1.0 H    H              1.0000     1.498541    -2.339907    -0.035634       1.007825
 6.0 C    C              6.0000     1.354240    -0.397955    -0.789855      12.000000
 1.0 H    H              1.0000     3.229357     3.233717    -0.157700       1.007825
 1.0 H    H              1.0000     5.195200     0.567292     0.430133       1.007825
 1.0 H    H              1.0000     2.797522     1.413378     2.635112       1.007825
 6.0 C    C              6.0000     3.248635     1.291226     0.601885      12.000000
---------------------
Energy: -158.4533537763
---------------------
Optimizer: Optimization complete!
-------------------------------------------------------
| Optimized geometry for dihedral 4 7 10 14 250.00000  |
-------------------------------------------------------
[[-3.0941114397935885, -3.275290434512076, -0.1766337486724334], [-5.068230574242629, -0.7669456054193488, 0.8896767689060336], [-2.3962788937278474, -1.6983016596234233, 2.7091943162626286], [-3.091028400166158, -1.4131204103085193, 0.7622310940984828], [-1.5562460921902739, 2.3482228684313475, 0.2368128228619401], [-2.2414664803511184, 0.7376552492544096, -2.5895242059830967], [-1.4398073624934604, 0.4766904464059474, -0.6811944217271132], [1.9798924660719541, -0.24939297291328738, -2.8795436842891506], [1.5517711572550057, -2.3398698043265806, -0.33037621614894336], [1.3647589970590894, -0.33660280457324016, -0.8879393586847542], [3.0910615829719688, 3.2809833282753633, 0.11286727236894774], [5.136000517918433, 0.6404441360985832, 0.5272774297118035], [2.6563020164410305, 1.2129343345584875, 2.7274465789093365], [3.1611473035319864, 1.2822342580652717, 0.7038360036116124]]
 1.0 H    H              1.0000    -3.094111    -3.275290    -0.176634       1.007825
 1.0 H    H              1.0000    -5.068231    -0.766946     0.889677       1.007825
 1.0 H    H              1.0000    -2.396279    -1.698302     2.709194       1.007825
 6.0 C    C              6.0000    -3.091028    -1.413120     0.762231      12.000000
 1.0 H    H              1.0000    -1.556246     2.348223     0.236813       1.007825
 1.0 H    H              1.0000    -2.241466     0.737655    -2.589524       1.007825
 6.0 C    C              6.0000    -1.439807     0.476690    -0.681194      12.000000
 1.0 H    H              1.0000     1.979892    -0.249393    -2.879544       1.007825
 1.0 H    H              1.0000     1.551771    -2.339870    -0.330376       1.007825
 6.0 C    C              6.0000     1.364759    -0.336603    -0.887939      12.000000
 1.0 H    H              1.0000     3.091062     3.280983     0.112867       1.007825
 1.0 H    H              1.0000     5.136001     0.640444     0.527277       1.007825
 1.0 H    H              1.0000     2.656302     1.212934     2.727447       1.007825
 6.0 C    C              6.0000     3.161147     1.282234     0.703836      12.000000
---------------------
Energy: -158.4536960872
---------------------
Optimizer: Optimization complete!
-------------------------------------------------------
| Optimized geometry for dihedral 4 7 10 14 260.00000  |
-------------------------------------------------------
[[-3.362809541414991, 2.9158302639572935, 0.1902996283174678], [-0.8136048748701177, 5.017130329577973, 0.8310550729644616], [-1.32568683790916, 2.3422435006068976, 2.8017580185303474], [-1.3795750028977307, 3.0118606349556205, 0.8263420210346613], [2.3287830406763996, 1.6700659846939483, -0.32113476793226975], [0.19693623321228595, 2.1710990343226313, -2.825987090312367], [0.33325249932749945, 1.4221298338931978, -0.8831149732908757], [-0.19693676903778537, -2.1710987360542378, -2.825987277310037], [-2.3287830654996275, -1.6700659501539317, -0.3211345503828901], [-0.33325267330486014, -1.4221297483550133, -0.8831150837885092], [3.3628093396830256, -2.915831849635009, 0.1902975503425214], [0.8136038277256974, -5.017130098541406, 0.83105591317113], [1.3256888507003528, -2.3422425671708584, 2.801757203438353], [1.3795751598037043, -3.011860713069772, 0.8263414539327508]]
 1.0 H    H              1.0000    -3.362810     2.915830     0.190300       1.007825
 1.0 H    H              1.0000    -0.813605     5.017130     0.831055       1.007825
 1.0 H    H              1.0000    -1.325687     2.342244     2.801758       1.007825
 6.0 C    C              6.0000    -1.379575     3.011861     0.826342      12.000000
 1.0 H    H              1.0000     2.328783     1.670066    -0.321135       1.007825
 1.0 H    H              1.0000     0.196936     2.171099    -2.825987       1.007825
 6.0 C    C              6.0000     0.333252     1.422130    -0.883115      12.000000
 1.0 H    H              1.0000    -0.196937    -2.171099    -2.825987       1.007825
 1.0 H    H              1.0000    -2.328783    -1.670066    -0.321135       1.007825
 6.0 C    C              6.0000    -0.333253    -1.422130    -0.883115      12.000000
 1.0 H    H              1.0000     3.362809    -2.915832     0.190298       1.007825
 1.0 H    H              1.0000     0.813604    -5.017130     0.831056       1.007825
 1.0 H    H              1.0000     1.325689    -2.342243     2.801757       1.007825
 6.0 C    C              6.0000     1.379575    -3.011861     0.826341      12.000000
---------------------
Energy: -158.4546399037
---------------------
Optimizer: Optimization complete!
-------------------------------------------------------
| Optimized geometry for dihedral 4 7 10 14 270.00000  |
-------------------------------------------------------
[[-3.443587815702092, 2.66721095531982, 0.44115665154385636], [-0.9897496402825748, 4.9218556361659385, 0.9060764825204696], [-1.159260087642196, 2.195362732502032, 2.860975674290344], [-1.423724948677283, 2.884255788008399, 0.9100041252260056], [2.252680288384513, 1.8125441737281824, -0.5861275352575167], [-0.12891234589966527, 2.195337382248593, -2.8826935959978504], [0.23449010531832573, 1.4379894068767196, -0.972102107216421], [0.1289100783313856, -2.195338187393356, -2.88269307380999], [-2.2526807700060205, -1.8125443588743855, -0.5861252611616328], [-0.2344908891161056, -1.4379896840770832, -0.9721015096508224], [3.443588365351395, -2.66720738305208, 0.44115717813472655], [0.9897532827125496, -4.921855980046175, 0.9060741145921783], [1.1592592610761143, -2.195364725307983, 2.860975935429946], [1.423725680712883, -2.88425553140887, 0.9100038212769566]]
 1.0 H    H              1.0000    -3.443588     2.667211     0.441157       1.007825
 1.0 H    H              1.0000    -0.989750     4.921856     0.906076       1.007825
 1.0 H    H              1.0000    -1.159260     2.195363     2.860976       1.007825
 6.0 C    C              6.0000    -1.423725     2.884256     0.910004      12.000000
 1.0 H    H              1.0000     2.252680     1.812544    -0.586128       1.007825
 1.0 H    H              1.0000    -0.128912     2.195337    -2.882694       1.007825
 6.0 C    C              6.0000     0.234490     1.437989    -0.972102      12.000000
 1.0 H    H              1.0000     0.128910    -2.195338    -2.882693       1.007825
 1.0 H    H              1.0000    -2.252681    -1.812544    -0.586125       1.007825
 6.0 C    C              6.0000    -0.234491    -1.437990    -0.972102      12.000000
 1.0 H    H              1.0000     3.443588    -2.667207     0.441157       1.007825
 1.0 H    H              1.0000     0.989753    -4.921856     0.906074       1.007825
 1.0 H    H              1.0000     1.159259    -2.195365     2.860976       1.007825
 6.0 C    C              6.0000     1.423726    -2.884256     0.910004      12.000000
---------------------
Energy: -158.4558600726
---------------------
Optimizer: Optimization complete!
-------------------------------------------------------
| Optimized geometry for dihedral 4 7 10 14 280.00000  |
-------------------------------------------------------
[[-3.4901981718741775, 2.3772346619813463, 0.7102438195644051], [-1.2027547296202332, 4.834218216891394, 0.926439112182982], [-0.9538496121375749, 2.1317720568168603, 2.9018080131530355], [-1.4598882910370725, 2.767770544662072, 0.9819698965179774], [2.1407822195590054, 1.9636693028981926, -0.8294614344691172], [-0.4491442703926619, 2.1801092411095535, -2.916549945276636], [0.12774254648659594, 1.4483656907843596, -1.0485264386307842], [0.4491427647759332, -2.1801095139493682, -2.916549986888393], [-2.140782627776094, -1.9636693770867946, -0.8294601352261678], [-0.12774307130886284, -1.4483657875794047, -1.0485262472883814], [3.4901985317493387, -2.377234694313068, 0.7102421920638186], [1.2027551006531627, -4.83421811433271, 0.9264390045940604], [0.9538511545205666, -2.131771702100235, 2.9018076980986733], [1.45988878567017, -2.7677704544107655, 0.981969398766227]]
 1.0 H    H              1.0000    -3.490198     2.377235     0.710244       1.007825
 1.0 H    H              1.0000    -1.202755     4.834218     0.926439       1.007825
 1.0 H    H              1.0000    -0.953850     2.131772     2.901808       1.007825
 6.0 C    C              6.0000    -1.459888     2.767771     0.981970      12.000000
 1.0 H    H              1.0000     2.140782     1.963669    -0.829461       1.007825
 1.0 H    H              1.0000    -0.449144     2.180109    -2.916550       1.007825
 6.0 C    C              6.0000     0.127743     1.448366    -1.048526      12.000000
 1.0 H    H              1.0000     0.449143    -2.180110    -2.916550       1.007825
 1.0 H    H              1.0000    -2.140783    -1.963669    -0.829460       1.007825
 6.0 C    C              6.0000    -0.127743    -1.448366    -1.048526      12.000000
 1.0 H    H              1.0000     3.490199    -2.377235     0.710242       1.007825
 1.0 H    H              1.0000     1.202755    -4.834218     0.926439       1.007825
 1.0 H    H              1.0000     0.953851    -2.131772     2.901808       1.007825
 6.0 C    C              6.0000     1.459889    -2.767770     0.981969      12.000000
---------------------
Energy: -158.4568658858
---------------------
Optimizer: Optimization complete!
-------------------------------------------------------
| Optimized geometry for dihedral 4 7 10 14 290.00000  |
-------------------------------------------------------
[[-3.4773121968374014, 2.0682085011663376, 0.9998763678266837], [-1.44084429650469, 4.7436026041563, 0.9171576030559291], [-0.7146733807356078, 2.146579852293744, 2.9132457007578525], [-1.4789399305562572, 2.6648613311279865, 1.0453784847610015], [1.9999579263803928, 2.1134985310433, -1.0566419141838344], [-0.7574641033367762, 2.130743740064156, -2.9318266861255675], [0.017802253237871102, 1.4521968021064227, -1.1160780782283224], [0.7574628110917605, -2.130743901020258, -2.931826903184122], [-1.9999583918361725, -2.11349859069021, -1.0566409174412055], [-0.01780274549313513, -1.4521968645382992, -1.1160779912344498], [3.477312615904234, -2.068208368646206, 0.9998750002463783], [1.4408447813169538, -4.743602550572606, 0.9171571707042782], [0.714674607223867, -2.1465797671850106, 2.913245497010831], [1.4789403915129637, -2.664861272946575, 1.0453779758393111]]
 1.0 H    H              1.0000    -3.477312     2.068209     0.999876       1.007825
 1.0 H    H              1.0000    -1.440844     4.743603     0.917158       1.007825
 1.0 H    H              1.0000    -0.714673     2.146580     2.913246       1.007825
 6.0 C    C              6.0000    -1.478940     2.664861     1.045378      12.000000
 1.0 H    H              1.0000     1.999958     2.113499    -1.056642       1.007825
 1.0 H    H              1.0000    -0.757464     2.130744    -2.931827       1.007825
 6.0 C    C              6.0000     0.017802     1.452197    -1.116078      12.000000
 1.0 H    H              1.0000     0.757463    -2.130744    -2.931827       1.007825
 1.0 H    H              1.0000    -1.999958    -2.113499    -1.056641       1.007825
 6.0 C    C              6.0000    -0.017803    -1.452197    -1.116078      12.000000
 1.0 H    H              1.0000     3.477313    -2.068208     0.999875       1.007825
 1.0 H    H              1.0000     1.440845    -4.743603     0.917157       1.007825
 1.0 H    H              1.0000     0.714675    -2.146580     2.913245       1.007825
 6.0 C    C              6.0000     1.478940    -2.664861     1.045378      12.000000
---------------------
Energy: -158.4574142997
---------------------
Optimizer: Optimization complete!
-------------------------------------------------------
| Optimized geometry for dihedral 4 7 10 14 300.00000  |
-------------------------------------------------------
[[-3.408090080159432, 1.8083570536048357, 1.2668316034444607], [-1.6394496304656063, 4.648044753796178, 0.9276842726892994], [-0.48903611548177117, 2.1837833956883164, 2.8914667027755607], [-1.4759498903470787, 2.578756369752883, 1.100561322423878], [1.8422708292880206, 2.2487430583856742, -1.2666434470036965], [-1.0413283572430712, 2.058101393948287, -2.9297818552737547], [-0.08802933910825067, 1.449610760934228, -1.1752711597005083], [1.04132836048528, -2.058101387866704, -2.9297818585417033], [-1.8422708278738071, -2.248743055107148, -1.2666434531004491], [0.08802934095280356, -1.4496107575940276, -1.175271162599509], [3.408090055698198, -1.8083570086363299, 1.2668316431621613], [1.6394496866483206, -4.648044750219143, 0.9276842343756425], [0.48903607628003043, -2.183783457375859, 2.891466692860625], [1.475949888739687, -2.5787563727754597, 1.1005613195691595]]
 1.0 H    H              1.0000    -3.408090     1.808357     1.266832       1.007825
 1.0 H    H              1.0000    -1.639450     4.648045     0.927684       1.007825
 1.0 H    H              1.0000    -0.489036     2.183783     2.891467       1.007825
 6.0 C    C              6.0000    -1.475950     2.578756     1.100561      12.000000
 1.0 H    H              1.0000     1.842271     2.248743    -1.266643       1.007825
 1.0 H    H              1.0000    -1.041328     2.058101    -2.929782       1.007825
 6.0 C    C              6.0000    -0.088029     1.449611    -1.175271      12.000000
 1.0 H    H              1.0000     1.041328    -2.058101    -2.929782       1.007825
 1.0 H    H              1.0000    -1.842271    -2.248743    -1.266643       1.007825
 6.0 C    C              6.0000     0.088029    -1.449611    -1.175271      12.000000
 1.0 H    H              1.0000     3.408090    -1.808357     1.266832       1.007825
 1.0 H    H              1.0000     1.639450    -4.648045     0.927684       1.007825
 1.0 H    H              1.0000     0.489036    -2.183783     2.891467       1.007825
 6.0 C    C              6.0000     1.475950    -2.578756     1.100561      12.000000
---------------------
Energy: -158.4573806943
---------------------
Optimizer: Optimization complete!
-------------------------------------------------------
| Optimized geometry for dihedral 4 7 10 14 310.00000  |
-------------------------------------------------------
[[-3.3093924026478274, 1.5972649267175096, 1.5036505518311614], [-1.806538063385122, 4.552996018250848, 0.9532945979713361], [-0.293825237643711, 2.232776383008208, 2.8461632082069683], [-1.4654023096213313, 2.507518706917031, 1.1474263499690998], [1.6600075055093124, 2.3751862419856997, -1.4636902180322244], [-1.313649905668771, 1.9615762419651424, -2.9092265146742915], [-0.1959851743973618, 1.4408393361508502, -1.225548837977304], [1.31364988889183, -1.9615761926021702, -2.9092265552940293], [-1.6600075136323498, -2.375186218397916, -1.4636902485953436], [0.19598516773520966, -1.4408393160215556, -1.2255488625122906], [3.3093924825783976, -1.5972650642121478, 1.5036504197081348], [1.8065379243862891, -4.552996063903004, 0.9532945837142052], [0.29382532485921486, -2.232776286657909, 2.8461631955747158], [1.465402316010761, -2.507518725883486, 1.1474263024198423]]
 1.0 H    H              1.0000    -3.309392     1.597265     1.503651       1.007825
 1.0 H    H              1.0000    -1.806538     4.552996     0.953295       1.007825
 1.0 H    H              1.0000    -0.293825     2.232776     2.846163       1.007825
 6.0 C    C              6.0000    -1.465402     2.507519     1.147426      12.000000
 1.0 H    H              1.0000     1.660008     2.375186    -1.463690       1.007825
 1.0 H    H              1.0000    -1.313650     1.961576    -2.909227       1.007825
 6.0 C    C              6.0000    -0.195985     1.440839    -1.225549      12.000000
 1.0 H    H              1.0000     1.313650    -1.961576    -2.909227       1.007825
 1.0 H    H              1.0000    -1.660008    -2.375186    -1.463690       1.007825
 6.0 C    C              6.0000     0.195985    -1.440839    -1.225549      12.000000
 1.0 H    H              1.0000     3.309392    -1.597265     1.503650       1.007825
 1.0 H    H              1.0000     1.806538    -4.552996     0.953295       1.007825
 1.0 H    H              1.0000     0.293825    -2.232776     2.846163       1.007825
 6.0 C    C              6.0000     1.465402    -2.507519     1.147426      12.000000
---------------------
Energy: -158.4566820353
---------------------
Optimizer: Optimization complete!
-------------------------------------------------------
| Optimized geometry for dihedral 4 7 10 14 320.00000  |
-------------------------------------------------------
[[-3.1905542389969286, 1.4795622439839933, 1.704494391443249], [-1.8880724553158423, 4.491543521796934, 0.9842999863441614], [-0.11284297011713282, 2.287704487984122, 2.787957864482765], [-1.4281893779670676, 2.4699438572680905, 1.1852367665416432], [1.4761194471568935, 2.4754784779155776, -1.6516003731130269], [-1.558964318268989, 1.8532338645096476, -2.8679041781343457], [-0.2924737018079106, 1.4280832430508321, -1.265631581164108], [1.5589644410148473, -1.8532337782245742, -2.8679041695699112], [-1.476119373585608, -2.4754784226256508, -1.6516005161552376], [0.2924737581488603, -1.428083203896805, -1.2656316154110159], [3.190554526296186, -1.4795627558599762, 1.704494119669186], [1.8880717797718178, -4.491543714086433, 0.9843001440365216], [0.1128431088120748, -2.2877039598499964, 2.7879579345250662], [1.428189326096887, -2.4699438935282862, 1.1852367475423224]]
 1.0 H    H              1.0000    -3.190554     1.479562     1.704494       1.007825
 1.0 H    H              1.0000    -1.888072     4.491544     0.984300       1.007825
 1.0 H    H              1.0000    -0.112843     2.287704     2.787958       1.007825
 6.0 C    C              6.0000    -1.428189     2.469944     1.185237      12.000000
 1.0 H    H              1.0000     1.476119     2.475478    -1.651600       1.007825
 1.0 H    H              1.0000    -1.558964     1.853234    -2.867904       1.007825
 6.0 C    C              6.0000    -0.292474     1.428083    -1.265632      12.000000
 1.0 H    H              1.0000     1.558964    -1.853234    -2.867904       1.007825
 1.0 H    H              1.0000    -1.476119    -2.475478    -1.651601       1.007825
 6.0 C    C              6.0000     0.292474    -1.428083    -1.265632      12.000000
 1.0 H    H              1.0000     3.190555    -1.479563     1.704494       1.007825
 1.0 H    H              1.0000     1.888072    -4.491544     0.984300       1.007825
 1.0 H    H              1.0000     0.112843    -2.287704     2.787958       1.007825
 6.0 C    C              6.0000     1.428189    -2.469944     1.185237      12.000000
---------------------
Energy: -158.4553714205
---------------------
Optimizer: Optimization complete!
-------------------------------------------------------
| Optimized geometry for dihedral 4 7 10 14 330.00000  |
-------------------------------------------------------
[[-3.054995427272944, 1.434947370434447, 1.883880254978973], [-1.9060165364319988, 4.466302471746179, 1.0067311637268725], [0.06792029174769067, 2.358073419363313, 2.7183655744100244], [-1.3672283238694705, 2.4643673902865983, 1.214340821113815], [1.2931758043281958, 2.549526226692978, -1.8336980761578117], [-1.780410742233693, 1.737697487000131, -2.8041346557770113], [-0.37733756847719574, 1.4130520668373852, -1.2959026853825235], [1.7804110284343946, -1.7376972425090733, -2.804134612864248], [-1.2931756127659892, -2.549526054897886, -1.8336984329048618], [0.3773376996725728, -1.4130519529094503, -1.2959027647784673], [3.0549943435060314, -1.4349465415985314, 1.8838812358603818], [1.9060178851287308, -4.466302152822867, 1.0067305868270207], [-0.06792109227328937, -2.3580750697684745, 2.718365003852441], [1.3672281975312115, -2.4643674969615703, 1.2143407533664072]]
 1.0 H    H              1.0000    -3.054995     1.434947     1.883880       1.007825
 1.0 H    H              1.0000    -1.906017     4.466302     1.006731       1.007825
 1.0 H    H              1.0000     0.067920     2.358073     2.718366       1.007825
 6.0 C    C              6.0000    -1.367228     2.464367     1.214341      12.000000
 1.0 H    H              1.0000     1.293176     2.549526    -1.833698       1.007825
 1.0 H    H              1.0000    -1.780411     1.737697    -2.804135       1.007825
 6.0 C    C              6.0000    -0.377338     1.413052    -1.295903      12.000000
 1.0 H    H              1.0000     1.780411    -1.737697    -2.804135       1.007825
 1.0 H    H              1.0000    -1.293176    -2.549526    -1.833698       1.007825
 6.0 C    C              6.0000     0.377338    -1.413052    -1.295903      12.000000
 1.0 H    H              1.0000     3.054994    -1.434947     1.883881       1.007825
 1.0 H    H              1.0000     1.906018    -4.466302     1.006731       1.007825
 1.0 H    H              1.0000    -0.067921    -2.358075     2.718365       1.007825
 6.0 C    C              6.0000     1.367228    -2.464367     1.214341      12.000000
---------------------
Energy: -158.4536166499
---------------------
Optimizer: Optimization complete!
-------------------------------------------------------
| Optimized geometry for dihedral 4 7 10 14 340.00000  |
-------------------------------------------------------
[[-2.903556506275867, 1.4173492019476355, 2.0491600883342644], [-1.9159818047071486, 4.453890792796278, 1.0180122983109237], [0.23905359353181985, 2.451911885337964, 2.6349465633824845], [-1.3009943564745237, 2.4755046769450195, 1.2353191520868576], [1.0891444791676934, 2.606561415108957, -2.0242118890238285], [-2.000470800470084, 1.6025276664760744, -2.705074712599831], [-0.4587222119664092, 1.3945584769218917, -1.3170228625079394], [2.0004711738415035, -1.6025274860572882, -2.705074556180717], [-1.0891442018497153, -2.606561264608067, -2.0242122179231563], [0.4587223985988311, -1.3945583823237695, -1.3170228998533575], [2.9035561857444208, -1.417349322236535, 2.0491604169878537], [1.9159817093229314, -4.45389084811754, 1.0180122391582285], [-0.23905397636433548, -2.451912121042879, 2.634946339505106], [1.3009941822768807, -2.4755047647911006, 1.2353191554737177]]
 1.0 H    H              1.0000    -2.903557     1.417349     2.049160       1.007825
 1.0 H    H              1.0000    -1.915982     4.453891     1.018012       1.007825
 1.0 H    H              1.0000     0.239054     2.451912     2.634947       1.007825
 6.0 C    C              6.0000    -1.300994     2.475505     1.235319      12.000000
 1.0 H    H              1.0000     1.089144     2.606561    -2.024212       1.007825
 1.0 H    H              1.0000    -2.000471     1.602528    -2.705075       1.007825
 6.0 C    C              6.0000    -0.458722     1.394558    -1.317023      12.000000
 1.0 H    H              1.0000     2.000471    -1.602527    -2.705075       1.007825
 1.0 H    H              1.0000    -1.089144    -2.606561    -2.024212       1.007825
 6.0 C    C              6.0000     0.458722    -1.394558    -1.317023      12.000000
 1.0 H    H              1.0000     2.903556    -1.417349     2.049160       1.007825
 1.0 H    H              1.0000     1.915982    -4.453891     1.018012       1.007825
 1.0 H    H              1.0000    -0.239054    -2.451912     2.634946       1.007825
 6.0 C    C              6.0000     1.300994    -2.475505     1.235319      12.000000
---------------------
Energy: -158.4517832266
---------------------
Optimizer: Optimization complete!
-------------------------------------------------------
| Optimized geometry for dihedral 4 7 10 14 350.00000  |
-------------------------------------------------------
[[-2.7089431182067445, 1.4025358764803704, 2.2188219102293654], [-1.952749562899981, 4.44079857982313, 1.0150357256389495], [0.4141834427812184, 2.6013136017296365, 2.5235679394273194], [-1.2278544981031774, 2.5017319844772747, 1.2479745292008815], [0.8639824618172742, 2.639794581145282, -2.2179075698665787], [-2.20973874892993, 1.4470174678672936, -2.5703274979347537], [-0.5359372494921114, 1.3717803126975963, -1.3293724142012189], [2.2097387799979935, -1.4470174660578043, -2.570327476435058], [-0.8639824369871745, -2.639794583179264, -2.217907579021935], [0.5359372652538317, -1.3717803097326327, -1.3293724092632921], [2.708943276702497, -1.4025360266965037, 2.2188218351259823], [1.952749307777825, -4.440798678836815, 1.0150357735642468], [-0.4141834203020879, -2.601313367360705, 2.523568026010763], [1.227854483874116, -2.5017319861752867, 1.2479745458548044]]
 1.0 H    H              1.0000    -2.708943     1.402536     2.218822       1.007825
 1.0 H    H              1.0000    -1.952750     4.440799     1.015036       1.007825
 1.0 H    H              1.0000     0.414183     2.601314     2.523568       1.007825
 6.0 C    C              6.0000    -1.227854     2.501732     1.247975      12.000000
 1.0 H    H              1.0000     0.863982     2.639795    -2.217908       1.007825
 1.0 H    H              1.0000    -2.209739     1.447017    -2.570327       1.007825
 6.0 C    C              6.0000    -0.535937     1.371780    -1.329372      12.000000
 1.0 H    H              1.0000     2.209739    -1.447017    -2.570327       1.007825
 1.0 H    H              1.0000    -0.863982    -2.639795    -2.217908       1.007825
 6.0 C    C              6.0000     0.535937    -1.371780    -1.329372      12.000000
 1.0 H    H              1.0000     2.708943    -1.402536     2.218822       1.007825
 1.0 H    H              1.0000     1.952749    -4.440799     1.015036       1.007825
 1.0 H    H              1.0000    -0.414183    -2.601313     2.523568       1.007825
 6.0 C    C              6.0000     1.227854    -2.501732     1.247975      12.000000
---------------------
Energy: -158.4503137866
---------------------
------------------------
    Table of Energies   
------------------------
         D          E(SCF)
     180.0 -158.4588878656
     190.0 -158.4585586757
     200.0 -158.4576390389
     210.0 -158.4563275743
     220.0 -158.4549172548
     230.0 -158.4537994414
     240.0 -158.4533537763
     250.0 -158.4536960872
     260.0 -158.4546399037
     270.0 -158.4558600726
     280.0 -158.4568658858
     290.0 -158.4574142997
     300.0 -158.4573806943
     310.0 -158.4566820353
     320.0 -158.4553714205
     330.0 -158.4536166499
     340.0 -158.4517832266
     350.0 -158.4503137866

Relative table (KJ/mol)
         D          E(SCF)
     180.0    0.0000000000
     190.0    0.8642880648
     200.0    3.2787945061
     210.0    6.7220445852
     220.0   10.4248386722
     230.0   13.3596575160
     240.0   14.5297514639
     250.0   13.6310141028
     260.0   11.1530239323
     270.0    7.9494703056
     280.0    5.3087077509
     290.0    3.8688472218
     300.0    3.9570781363
     310.0    5.7914073627
     320.0    9.2324265541
     330.0   13.8395766862
     340.0   18.6532296160
     350.0   22.5112444170

